<?xml version="1.0" encoding="UTF-8"?>
<testsuite xmlns:xsi="http://www.w3.org/2001/XMLSchema-instance" xsi:noNamespaceSchemaLocation="https://maven.apache.org/surefire/maven-surefire-plugin/xsd/surefire-test-report-3.0.xsd" version="3.0" name="runner.TestRunner" time="73.625" tests="9" errors="0" skipped="0" failures="0">
  <properties>
    <property name="java.specification.version" value="21"/>
    <property name="webdriver.chrome.driver" value="C:\Users\maximiliano.nabarro\.cache\selenium\chromedriver\win64\121.0.6167.184\chromedriver.exe"/>
    <property name="sun.cpu.isalist" value="amd64"/>
    <property name="sun.jnu.encoding" value="Cp1252"/>
    <property name="java.class.path" value="C:\Users\maximiliano.nabarro\IdeaProjects\MiCorreoBDD-Cucumber-Jenkins\target\test-classes;C:\Users\maximiliano.nabarro\IdeaProjects\MiCorreoBDD-Cucumber-Jenkins\target\classes;C:\Users\maximiliano.nabarro\.m2\repository\org\seleniumhq\selenium\selenium-java\4.16.1\selenium-java-4.16.1.jar;C:\Users\maximiliano.nabarro\.m2\repository\org\seleniumhq\selenium\selenium-api\4.16.1\selenium-api-4.16.1.jar;C:\Users\maximiliano.nabarro\.m2\repository\org\seleniumhq\selenium\selenium-chrome-driver\4.16.1\selenium-chrome-driver-4.16.1.jar;C:\Users\maximiliano.nabarro\.m2\repository\com\google\auto\service\auto-service-annotations\1.1.1\auto-service-annotations-1.1.1.jar;C:\Users\maximiliano.nabarro\.m2\repository\org\seleniumhq\selenium\selenium-chromium-driver\4.16.1\selenium-chromium-driver-4.16.1.jar;C:\Users\maximiliano.nabarro\.m2\repository\org\seleniumhq\selenium\selenium-json\4.16.1\selenium-json-4.16.1.jar;C:\Users\maximiliano.nabarro\.m2\repository\org\seleniumhq\selenium\selenium-manager\4.16.1\selenium-manager-4.16.1.jar;C:\Users\maximiliano.nabarro\.m2\repository\org\seleniumhq\selenium\selenium-devtools-v118\4.16.1\selenium-devtools-v118-4.16.1.jar;C:\Users\maximiliano.nabarro\.m2\repository\org\seleniumhq\selenium\selenium-devtools-v119\4.16.1\selenium-devtools-v119-4.16.1.jar;C:\Users\maximiliano.nabarro\.m2\repository\org\seleniumhq\selenium\selenium-devtools-v120\4.16.1\selenium-devtools-v120-4.16.1.jar;C:\Users\maximiliano.nabarro\.m2\repository\org\seleniumhq\selenium\selenium-devtools-v85\4.16.1\selenium-devtools-v85-4.16.1.jar;C:\Users\maximiliano.nabarro\.m2\repository\org\seleniumhq\selenium\selenium-edge-driver\4.16.1\selenium-edge-driver-4.16.1.jar;C:\Users\maximiliano.nabarro\.m2\repository\org\seleniumhq\selenium\selenium-firefox-driver\4.16.1\selenium-firefox-driver-4.16.1.jar;C:\Users\maximiliano.nabarro\.m2\repository\org\seleniumhq\selenium\selenium-http\4.16.1\selenium-http-4.16.1.jar;C:\Users\maximiliano.nabarro\.m2\repository\dev\failsafe\failsafe\3.3.2\failsafe-3.3.2.jar;C:\Users\maximiliano.nabarro\.m2\repository\org\seleniumhq\selenium\selenium-ie-driver\4.16.1\selenium-ie-driver-4.16.1.jar;C:\Users\maximiliano.nabarro\.m2\repository\org\seleniumhq\selenium\selenium-remote-driver\4.16.1\selenium-remote-driver-4.16.1.jar;C:\Users\maximiliano.nabarro\.m2\repository\com\google\guava\guava\32.1.2-jre\guava-32.1.2-jre.jar;C:\Users\maximiliano.nabarro\.m2\repository\com\google\guava\failureaccess\1.0.1\failureaccess-1.0.1.jar;C:\Users\maximiliano.nabarro\.m2\repository\com\google\guava\listenablefuture\9999.0-empty-to-avoid-conflict-with-guava\listenablefuture-9999.0-empty-to-avoid-conflict-with-guava.jar;C:\Users\maximiliano.nabarro\.m2\repository\com\google\code\findbugs\jsr305\3.0.2\jsr305-3.0.2.jar;C:\Users\maximiliano.nabarro\.m2\repository\org\checkerframework\checker-qual\3.33.0\checker-qual-3.33.0.jar;C:\Users\maximiliano.nabarro\.m2\repository\com\google\errorprone\error_prone_annotations\2.18.0\error_prone_annotations-2.18.0.jar;C:\Users\maximiliano.nabarro\.m2\repository\com\google\j2objc\j2objc-annotations\2.8\j2objc-annotations-2.8.jar;C:\Users\maximiliano.nabarro\.m2\repository\io\opentelemetry\opentelemetry-api\1.28.0\opentelemetry-api-1.28.0.jar;C:\Users\maximiliano.nabarro\.m2\repository\io\opentelemetry\opentelemetry-context\1.28.0\opentelemetry-context-1.28.0.jar;C:\Users\maximiliano.nabarro\.m2\repository\io\opentelemetry\opentelemetry-exporter-logging\1.28.0\opentelemetry-exporter-logging-1.28.0.jar;C:\Users\maximiliano.nabarro\.m2\repository\io\opentelemetry\opentelemetry-sdk-metrics\1.28.0\opentelemetry-sdk-metrics-1.28.0.jar;C:\Users\maximiliano.nabarro\.m2\repository\io\opentelemetry\opentelemetry-extension-incubator\1.28.0-alpha\opentelemetry-extension-incubator-1.28.0-alpha.jar;C:\Users\maximiliano.nabarro\.m2\repository\io\opentelemetry\opentelemetry-sdk-logs\1.28.0\opentelemetry-sdk-logs-1.28.0.jar;C:\Users\maximiliano.nabarro\.m2\repository\io\opentelemetry\opentelemetry-sdk-common\1.28.0\opentelemetry-sdk-common-1.28.0.jar;C:\Users\maximiliano.nabarro\.m2\repository\io\opentelemetry\opentelemetry-sdk-extension-autoconfigure-spi\1.28.0\opentelemetry-sdk-extension-autoconfigure-spi-1.28.0.jar;C:\Users\maximiliano.nabarro\.m2\repository\io\opentelemetry\opentelemetry-sdk-extension-autoconfigure\1.28.0\opentelemetry-sdk-extension-autoconfigure-1.28.0.jar;C:\Users\maximiliano.nabarro\.m2\repository\io\opentelemetry\opentelemetry-api-events\1.28.0-alpha\opentelemetry-api-events-1.28.0-alpha.jar;C:\Users\maximiliano.nabarro\.m2\repository\io\opentelemetry\opentelemetry-sdk-trace\1.28.0\opentelemetry-sdk-trace-1.28.0.jar;C:\Users\maximiliano.nabarro\.m2\repository\io\opentelemetry\opentelemetry-sdk\1.28.0\opentelemetry-sdk-1.28.0.jar;C:\Users\maximiliano.nabarro\.m2\repository\io\opentelemetry\opentelemetry-semconv\1.28.0-alpha\opentelemetry-semconv-1.28.0-alpha.jar;C:\Users\maximiliano.nabarro\.m2\repository\net\bytebuddy\byte-buddy\1.14.5\byte-buddy-1.14.5.jar;C:\Users\maximiliano.nabarro\.m2\repository\org\seleniumhq\selenium\selenium-os\4.16.1\selenium-os-4.16.1.jar;C:\Users\maximiliano.nabarro\.m2\repository\org\apache\commons\commons-exec\1.3\commons-exec-1.3.jar;C:\Users\maximiliano.nabarro\.m2\repository\org\seleniumhq\selenium\selenium-safari-driver\4.16.1\selenium-safari-driver-4.16.1.jar;C:\Users\maximiliano.nabarro\.m2\repository\org\seleniumhq\selenium\selenium-support\4.16.1\selenium-support-4.16.1.jar;C:\Users\maximiliano.nabarro\.m2\repository\org\junit\jupiter\junit-jupiter-api\5.10.0\junit-jupiter-api-5.10.0.jar;C:\Users\maximiliano.nabarro\.m2\repository\org\opentest4j\opentest4j\1.3.0\opentest4j-1.3.0.jar;C:\Users\maximiliano.nabarro\.m2\repository\org\junit\platform\junit-platform-commons\1.10.0\junit-platform-commons-1.10.0.jar;C:\Users\maximiliano.nabarro\.m2\repository\org\apiguardian\apiguardian-api\1.1.2\apiguardian-api-1.1.2.jar;C:\Users\maximiliano.nabarro\.m2\repository\io\cucumber\cucumber-java\7.15.0\cucumber-java-7.15.0.jar;C:\Users\maximiliano.nabarro\.m2\repository\io\cucumber\cucumber-junit\7.15.0\cucumber-junit-7.15.0.jar;C:\Users\maximiliano.nabarro\.m2\repository\junit\junit\4.13.2\junit-4.13.2.jar;C:\Users\maximiliano.nabarro\.m2\repository\org\hamcrest\hamcrest-core\1.3\hamcrest-core-1.3.jar;C:\Users\maximiliano.nabarro\.m2\repository\io\cucumber\cucumber-core\7.15.0\cucumber-core-7.15.0.jar;C:\Users\maximiliano.nabarro\.m2\repository\io\cucumber\cucumber-gherkin\7.15.0\cucumber-gherkin-7.15.0.jar;C:\Users\maximiliano.nabarro\.m2\repository\io\cucumber\cucumber-gherkin-messages\7.15.0\cucumber-gherkin-messages-7.15.0.jar;C:\Users\maximiliano.nabarro\.m2\repository\io\cucumber\gherkin\26.2.0\gherkin-26.2.0.jar;C:\Users\maximiliano.nabarro\.m2\repository\io\cucumber\messages\22.0.0\messages-22.0.0.jar;C:\Users\maximiliano.nabarro\.m2\repository\io\cucumber\tag-expressions\6.0.0\tag-expressions-6.0.0.jar;C:\Users\maximiliano.nabarro\.m2\repository\io\cucumber\cucumber-expressions\17.0.1\cucumber-expressions-17.0.1.jar;C:\Users\maximiliano.nabarro\.m2\repository\io\cucumber\datatable\7.15.0\datatable-7.15.0.jar;C:\Users\maximiliano.nabarro\.m2\repository\io\cucumber\cucumber-plugin\7.15.0\cucumber-plugin-7.15.0.jar;C:\Users\maximiliano.nabarro\.m2\repository\io\cucumber\docstring\7.15.0\docstring-7.15.0.jar;C:\Users\maximiliano.nabarro\.m2\repository\io\cucumber\html-formatter\20.4.0\html-formatter-20.4.0.jar;C:\Users\maximiliano.nabarro\.m2\repository\io\cucumber\junit-xml-formatter\0.2.0\junit-xml-formatter-0.2.0.jar;C:\Users\maximiliano.nabarro\.m2\repository\io\cucumber\ci-environment\10.0.0\ci-environment-10.0.0.jar;C:\Users\maximiliano.nabarro\.m2\repository\tech\grasshopper\extentreports-cucumber6-adapter\2.16.0\extentreports-cucumber6-adapter-2.16.0.jar;C:\Users\maximiliano.nabarro\.m2\repository\com\aventstack\extentreports\5.0.9\extentreports-5.0.9.jar;C:\Users\maximiliano.nabarro\.m2\repository\io\reactivex\rxjava3\rxjava\3.0.4\rxjava-3.0.4.jar;C:\Users\maximiliano.nabarro\.m2\repository\org\reactivestreams\reactive-streams\1.0.3\reactive-streams-1.0.3.jar;C:\Users\maximiliano.nabarro\.m2\repository\org\freemarker\freemarker\2.3.30\freemarker-2.3.30.jar;C:\Users\maximiliano.nabarro\.m2\repository\tech\grasshopper\extent-pdf-report\2.9.1\extent-pdf-report-2.9.1.jar;C:\Users\maximiliano.nabarro\.m2\repository\tech\grasshopper\cucumber-pdf-report\2.11.1\cucumber-pdf-report-2.11.1.jar;C:\Users\maximiliano.nabarro\.m2\repository\org\apache\pdfbox\pdfbox\2.0.26\pdfbox-2.0.26.jar;C:\Users\maximiliano.nabarro\.m2\repository\org\apache\pdfbox\fontbox\2.0.26\fontbox-2.0.26.jar;C:\Users\maximiliano.nabarro\.m2\repository\org\knowm\xchart\xchart\3.8.0\xchart-3.8.0.jar;C:\Users\maximiliano.nabarro\.m2\repository\de\erichseifert\vectorgraphics2d\VectorGraphics2D\0.13\VectorGraphics2D-0.13.jar;C:\Users\maximiliano.nabarro\.m2\repository\de\rototor\pdfbox\graphics2d\0.30\graphics2d-0.30.jar;C:\Users\maximiliano.nabarro\.m2\repository\com\madgag\animated-gif-lib\1.4\animated-gif-lib-1.4.jar;C:\Users\maximiliano.nabarro\.m2\repository\org\yaml\snakeyaml\1.28\snakeyaml-1.28.jar;C:\Users\maximiliano.nabarro\.m2\repository\tech\grasshopper\table-layout\1.5.1\table-layout-1.5.1.jar;C:\Users\maximiliano.nabarro\.m2\repository\tech\grasshopper\rest-assured-cucumber-pdf-report\1.4.1\rest-assured-cucumber-pdf-report-1.4.1.jar;C:\Users\maximiliano.nabarro\.m2\repository\org\jsoup\jsoup\1.15.3\jsoup-1.15.3.jar;C:\Users\maximiliano.nabarro\.m2\repository\com\aventstack\klov-reporter\5.0.9\klov-reporter-5.0.9.jar;C:\Users\maximiliano.nabarro\.m2\repository\org\mongodb\bson\3.6.4\bson-3.6.4.jar;C:\Users\maximiliano.nabarro\.m2\repository\org\apache\httpcomponents\httpclient\4.5.13\httpclient-4.5.13.jar;C:\Users\maximiliano.nabarro\.m2\repository\org\apache\httpcomponents\httpcore\4.4.13\httpcore-4.4.13.jar;C:\Users\maximiliano.nabarro\.m2\repository\commons-logging\commons-logging\1.2\commons-logging-1.2.jar;C:\Users\maximiliano.nabarro\.m2\repository\commons-codec\commons-codec\1.11\commons-codec-1.11.jar;C:\Users\maximiliano.nabarro\.m2\repository\org\apache\httpcomponents\httpmime\4.5.13\httpmime-4.5.13.jar;C:\Users\maximiliano.nabarro\.m2\repository\tech\grasshopper\htmlextentreporter\1.0.1\htmlextentreporter-1.0.1.jar;C:\Users\maximiliano.nabarro\.m2\repository\tech\grasshopper\extent-excel-report\1.3.0\extent-excel-report-1.3.0.jar;C:\Users\maximiliano.nabarro\.m2\repository\org\apache\poi\poi\5.2.3\poi-5.2.3.jar;C:\Users\maximiliano.nabarro\.m2\repository\org\apache\commons\commons-collections4\4.4\commons-collections4-4.4.jar;C:\Users\maximiliano.nabarro\.m2\repository\org\apache\commons\commons-math3\3.6.1\commons-math3-3.6.1.jar;C:\Users\maximiliano.nabarro\.m2\repository\commons-io\commons-io\2.11.0\commons-io-2.11.0.jar;C:\Users\maximiliano.nabarro\.m2\repository\com\zaxxer\SparseBitSet\1.2\SparseBitSet-1.2.jar;C:\Users\maximiliano.nabarro\.m2\repository\org\apache\logging\log4j\log4j-api\2.18.0\log4j-api-2.18.0.jar;C:\Users\maximiliano.nabarro\.m2\repository\org\apache\poi\poi-ooxml\5.2.3\poi-ooxml-5.2.3.jar;C:\Users\maximiliano.nabarro\.m2\repository\org\apache\poi\poi-ooxml-lite\5.2.3\poi-ooxml-lite-5.2.3.jar;C:\Users\maximiliano.nabarro\.m2\repository\org\apache\xmlbeans\xmlbeans\5.1.1\xmlbeans-5.1.1.jar;C:\Users\maximiliano.nabarro\.m2\repository\com\github\virtuald\curvesapi\1.07\curvesapi-1.07.jar;C:\Users\maximiliano.nabarro\.m2\repository\org\mongodb\mongodb-driver\3.3.0\mongodb-driver-3.3.0.jar;C:\Users\maximiliano.nabarro\.m2\repository\org\mongodb\mongodb-driver-core\3.3.0\mongodb-driver-core-3.3.0.jar;C:\Users\maximiliano.nabarro\.m2\repository\org\projectlombok\lombok\1.18.20\lombok-1.18.20.jar;C:\Users\maximiliano.nabarro\.m2\repository\io\github\bonigarcia\webdrivermanager\5.6.3\webdrivermanager-5.6.3.jar;C:\Users\maximiliano.nabarro\.m2\repository\com\google\code\gson\gson\2.10.1\gson-2.10.1.jar;C:\Users\maximiliano.nabarro\.m2\repository\com\github\docker-java\docker-java\3.3.4\docker-java-3.3.4.jar;C:\Users\maximiliano.nabarro\.m2\repository\com\github\docker-java\docker-java-core\3.3.4\docker-java-core-3.3.4.jar;C:\Users\maximiliano.nabarro\.m2\repository\com\github\docker-java\docker-java-api\3.3.4\docker-java-api-3.3.4.jar;C:\Users\maximiliano.nabarro\.m2\repository\com\fasterxml\jackson\core\jackson-annotations\2.10.3\jackson-annotations-2.10.3.jar;C:\Users\maximiliano.nabarro\.m2\repository\com\fasterxml\jackson\core\jackson-databind\2.10.3\jackson-databind-2.10.3.jar;C:\Users\maximiliano.nabarro\.m2\repository\com\fasterxml\jackson\core\jackson-core\2.10.3\jackson-core-2.10.3.jar;C:\Users\maximiliano.nabarro\.m2\repository\org\bouncycastle\bcpkix-jdk18on\1.76\bcpkix-jdk18on-1.76.jar;C:\Users\maximiliano.nabarro\.m2\repository\org\bouncycastle\bcprov-jdk18on\1.76\bcprov-jdk18on-1.76.jar;C:\Users\maximiliano.nabarro\.m2\repository\org\bouncycastle\bcutil-jdk18on\1.76\bcutil-jdk18on-1.76.jar;C:\Users\maximiliano.nabarro\.m2\repository\org\slf4j\jcl-over-slf4j\1.7.30\jcl-over-slf4j-1.7.30.jar;C:\Users\maximiliano.nabarro\.m2\repository\com\github\docker-java\docker-java-transport-httpclient5\3.3.4\docker-java-transport-httpclient5-3.3.4.jar;C:\Users\maximiliano.nabarro\.m2\repository\com\github\docker-java\docker-java-transport\3.3.4\docker-java-transport-3.3.4.jar;C:\Users\maximiliano.nabarro\.m2\repository\net\java\dev\jna\jna\5.13.0\jna-5.13.0.jar;C:\Users\maximiliano.nabarro\.m2\repository\org\brotli\dec\0.1.2\dec-0.1.2.jar;C:\Users\maximiliano.nabarro\.m2\repository\org\apache\commons\commons-lang3\3.14.0\commons-lang3-3.14.0.jar;C:\Users\maximiliano.nabarro\.m2\repository\org\apache\commons\commons-compress\1.25.0\commons-compress-1.25.0.jar;C:\Users\maximiliano.nabarro\.m2\repository\org\apache\httpcomponents\client5\httpclient5\5.2.1\httpclient5-5.2.1.jar;C:\Users\maximiliano.nabarro\.m2\repository\org\apache\httpcomponents\core5\httpcore5\5.2\httpcore5-5.2.jar;C:\Users\maximiliano.nabarro\.m2\repository\org\apache\httpcomponents\core5\httpcore5-h2\5.2\httpcore5-h2-5.2.jar;C:\Users\maximiliano.nabarro\.m2\repository\org\slf4j\slf4j-api\2.0.10\slf4j-api-2.0.10.jar;C:\Users\maximiliano.nabarro\.m2\repository\ch\qos\logback\logback-classic\1.4.14\logback-classic-1.4.14.jar;C:\Users\maximiliano.nabarro\.m2\repository\ch\qos\logback\logback-core\1.4.14\logback-core-1.4.14.jar;"/>
    <property name="java.vm.vendor" value="Oracle Corporation"/>
    <property name="sun.arch.data.model" value="64"/>
    <property name="user.variant" value=""/>
    <property name="java.vendor.url" value="https://java.oracle.com/"/>
    <property name="user.timezone" value="America/Buenos_Aires"/>
    <property name="os.name" value="Windows 10"/>
    <property name="java.vm.specification.version" value="21"/>
    <property name="sun.java.launcher" value="SUN_STANDARD"/>
    <property name="user.country" value="MX"/>
    <property name="sun.boot.library.path" value="C:\Program Files\Java\jdk-21\bin"/>
    <property name="sun.java.command" value="C:\Users\maximiliano.nabarro\AppData\Local\Temp\surefire9724204389245568824\surefirebooter-20240226113844233_3.jar C:\Users\maximiliano.nabarro\AppData\Local\Temp\surefire9724204389245568824 2024-02-26T11-38-43_938-jvmRun1 surefire-20240226113844233_1tmp surefire_0-20240226113844233_2tmp"/>
    <property name="jdk.debug" value="release"/>
    <property name="surefire.test.class.path" value="C:\Users\maximiliano.nabarro\IdeaProjects\MiCorreoBDD-Cucumber-Jenkins\target\test-classes;C:\Users\maximiliano.nabarro\IdeaProjects\MiCorreoBDD-Cucumber-Jenkins\target\classes;C:\Users\maximiliano.nabarro\.m2\repository\org\seleniumhq\selenium\selenium-java\4.16.1\selenium-java-4.16.1.jar;C:\Users\maximiliano.nabarro\.m2\repository\org\seleniumhq\selenium\selenium-api\4.16.1\selenium-api-4.16.1.jar;C:\Users\maximiliano.nabarro\.m2\repository\org\seleniumhq\selenium\selenium-chrome-driver\4.16.1\selenium-chrome-driver-4.16.1.jar;C:\Users\maximiliano.nabarro\.m2\repository\com\google\auto\service\auto-service-annotations\1.1.1\auto-service-annotations-1.1.1.jar;C:\Users\maximiliano.nabarro\.m2\repository\org\seleniumhq\selenium\selenium-chromium-driver\4.16.1\selenium-chromium-driver-4.16.1.jar;C:\Users\maximiliano.nabarro\.m2\repository\org\seleniumhq\selenium\selenium-json\4.16.1\selenium-json-4.16.1.jar;C:\Users\maximiliano.nabarro\.m2\repository\org\seleniumhq\selenium\selenium-manager\4.16.1\selenium-manager-4.16.1.jar;C:\Users\maximiliano.nabarro\.m2\repository\org\seleniumhq\selenium\selenium-devtools-v118\4.16.1\selenium-devtools-v118-4.16.1.jar;C:\Users\maximiliano.nabarro\.m2\repository\org\seleniumhq\selenium\selenium-devtools-v119\4.16.1\selenium-devtools-v119-4.16.1.jar;C:\Users\maximiliano.nabarro\.m2\repository\org\seleniumhq\selenium\selenium-devtools-v120\4.16.1\selenium-devtools-v120-4.16.1.jar;C:\Users\maximiliano.nabarro\.m2\repository\org\seleniumhq\selenium\selenium-devtools-v85\4.16.1\selenium-devtools-v85-4.16.1.jar;C:\Users\maximiliano.nabarro\.m2\repository\org\seleniumhq\selenium\selenium-edge-driver\4.16.1\selenium-edge-driver-4.16.1.jar;C:\Users\maximiliano.nabarro\.m2\repository\org\seleniumhq\selenium\selenium-firefox-driver\4.16.1\selenium-firefox-driver-4.16.1.jar;C:\Users\maximiliano.nabarro\.m2\repository\org\seleniumhq\selenium\selenium-http\4.16.1\selenium-http-4.16.1.jar;C:\Users\maximiliano.nabarro\.m2\repository\dev\failsafe\failsafe\3.3.2\failsafe-3.3.2.jar;C:\Users\maximiliano.nabarro\.m2\repository\org\seleniumhq\selenium\selenium-ie-driver\4.16.1\selenium-ie-driver-4.16.1.jar;C:\Users\maximiliano.nabarro\.m2\repository\org\seleniumhq\selenium\selenium-remote-driver\4.16.1\selenium-remote-driver-4.16.1.jar;C:\Users\maximiliano.nabarro\.m2\repository\com\google\guava\guava\32.1.2-jre\guava-32.1.2-jre.jar;C:\Users\maximiliano.nabarro\.m2\repository\com\google\guava\failureaccess\1.0.1\failureaccess-1.0.1.jar;C:\Users\maximiliano.nabarro\.m2\repository\com\google\guava\listenablefuture\9999.0-empty-to-avoid-conflict-with-guava\listenablefuture-9999.0-empty-to-avoid-conflict-with-guava.jar;C:\Users\maximiliano.nabarro\.m2\repository\com\google\code\findbugs\jsr305\3.0.2\jsr305-3.0.2.jar;C:\Users\maximiliano.nabarro\.m2\repository\org\checkerframework\checker-qual\3.33.0\checker-qual-3.33.0.jar;C:\Users\maximiliano.nabarro\.m2\repository\com\google\errorprone\error_prone_annotations\2.18.0\error_prone_annotations-2.18.0.jar;C:\Users\maximiliano.nabarro\.m2\repository\com\google\j2objc\j2objc-annotations\2.8\j2objc-annotations-2.8.jar;C:\Users\maximiliano.nabarro\.m2\repository\io\opentelemetry\opentelemetry-api\1.28.0\opentelemetry-api-1.28.0.jar;C:\Users\maximiliano.nabarro\.m2\repository\io\opentelemetry\opentelemetry-context\1.28.0\opentelemetry-context-1.28.0.jar;C:\Users\maximiliano.nabarro\.m2\repository\io\opentelemetry\opentelemetry-exporter-logging\1.28.0\opentelemetry-exporter-logging-1.28.0.jar;C:\Users\maximiliano.nabarro\.m2\repository\io\opentelemetry\opentelemetry-sdk-metrics\1.28.0\opentelemetry-sdk-metrics-1.28.0.jar;C:\Users\maximiliano.nabarro\.m2\repository\io\opentelemetry\opentelemetry-extension-incubator\1.28.0-alpha\opentelemetry-extension-incubator-1.28.0-alpha.jar;C:\Users\maximiliano.nabarro\.m2\repository\io\opentelemetry\opentelemetry-sdk-logs\1.28.0\opentelemetry-sdk-logs-1.28.0.jar;C:\Users\maximiliano.nabarro\.m2\repository\io\opentelemetry\opentelemetry-sdk-common\1.28.0\opentelemetry-sdk-common-1.28.0.jar;C:\Users\maximiliano.nabarro\.m2\repository\io\opentelemetry\opentelemetry-sdk-extension-autoconfigure-spi\1.28.0\opentelemetry-sdk-extension-autoconfigure-spi-1.28.0.jar;C:\Users\maximiliano.nabarro\.m2\repository\io\opentelemetry\opentelemetry-sdk-extension-autoconfigure\1.28.0\opentelemetry-sdk-extension-autoconfigure-1.28.0.jar;C:\Users\maximiliano.nabarro\.m2\repository\io\opentelemetry\opentelemetry-api-events\1.28.0-alpha\opentelemetry-api-events-1.28.0-alpha.jar;C:\Users\maximiliano.nabarro\.m2\repository\io\opentelemetry\opentelemetry-sdk-trace\1.28.0\opentelemetry-sdk-trace-1.28.0.jar;C:\Users\maximiliano.nabarro\.m2\repository\io\opentelemetry\opentelemetry-sdk\1.28.0\opentelemetry-sdk-1.28.0.jar;C:\Users\maximiliano.nabarro\.m2\repository\io\opentelemetry\opentelemetry-semconv\1.28.0-alpha\opentelemetry-semconv-1.28.0-alpha.jar;C:\Users\maximiliano.nabarro\.m2\repository\net\bytebuddy\byte-buddy\1.14.5\byte-buddy-1.14.5.jar;C:\Users\maximiliano.nabarro\.m2\repository\org\seleniumhq\selenium\selenium-os\4.16.1\selenium-os-4.16.1.jar;C:\Users\maximiliano.nabarro\.m2\repository\org\apache\commons\commons-exec\1.3\commons-exec-1.3.jar;C:\Users\maximiliano.nabarro\.m2\repository\org\seleniumhq\selenium\selenium-safari-driver\4.16.1\selenium-safari-driver-4.16.1.jar;C:\Users\maximiliano.nabarro\.m2\repository\org\seleniumhq\selenium\selenium-support\4.16.1\selenium-support-4.16.1.jar;C:\Users\maximiliano.nabarro\.m2\repository\org\junit\jupiter\junit-jupiter-api\5.10.0\junit-jupiter-api-5.10.0.jar;C:\Users\maximiliano.nabarro\.m2\repository\org\opentest4j\opentest4j\1.3.0\opentest4j-1.3.0.jar;C:\Users\maximiliano.nabarro\.m2\repository\org\junit\platform\junit-platform-commons\1.10.0\junit-platform-commons-1.10.0.jar;C:\Users\maximiliano.nabarro\.m2\repository\org\apiguardian\apiguardian-api\1.1.2\apiguardian-api-1.1.2.jar;C:\Users\maximiliano.nabarro\.m2\repository\io\cucumber\cucumber-java\7.15.0\cucumber-java-7.15.0.jar;C:\Users\maximiliano.nabarro\.m2\repository\io\cucumber\cucumber-junit\7.15.0\cucumber-junit-7.15.0.jar;C:\Users\maximiliano.nabarro\.m2\repository\junit\junit\4.13.2\junit-4.13.2.jar;C:\Users\maximiliano.nabarro\.m2\repository\org\hamcrest\hamcrest-core\1.3\hamcrest-core-1.3.jar;C:\Users\maximiliano.nabarro\.m2\repository\io\cucumber\cucumber-core\7.15.0\cucumber-core-7.15.0.jar;C:\Users\maximiliano.nabarro\.m2\repository\io\cucumber\cucumber-gherkin\7.15.0\cucumber-gherkin-7.15.0.jar;C:\Users\maximiliano.nabarro\.m2\repository\io\cucumber\cucumber-gherkin-messages\7.15.0\cucumber-gherkin-messages-7.15.0.jar;C:\Users\maximiliano.nabarro\.m2\repository\io\cucumber\gherkin\26.2.0\gherkin-26.2.0.jar;C:\Users\maximiliano.nabarro\.m2\repository\io\cucumber\messages\22.0.0\messages-22.0.0.jar;C:\Users\maximiliano.nabarro\.m2\repository\io\cucumber\tag-expressions\6.0.0\tag-expressions-6.0.0.jar;C:\Users\maximiliano.nabarro\.m2\repository\io\cucumber\cucumber-expressions\17.0.1\cucumber-expressions-17.0.1.jar;C:\Users\maximiliano.nabarro\.m2\repository\io\cucumber\datatable\7.15.0\datatable-7.15.0.jar;C:\Users\maximiliano.nabarro\.m2\repository\io\cucumber\cucumber-plugin\7.15.0\cucumber-plugin-7.15.0.jar;C:\Users\maximiliano.nabarro\.m2\repository\io\cucumber\docstring\7.15.0\docstring-7.15.0.jar;C:\Users\maximiliano.nabarro\.m2\repository\io\cucumber\html-formatter\20.4.0\html-formatter-20.4.0.jar;C:\Users\maximiliano.nabarro\.m2\repository\io\cucumber\junit-xml-formatter\0.2.0\junit-xml-formatter-0.2.0.jar;C:\Users\maximiliano.nabarro\.m2\repository\io\cucumber\ci-environment\10.0.0\ci-environment-10.0.0.jar;C:\Users\maximiliano.nabarro\.m2\repository\tech\grasshopper\extentreports-cucumber6-adapter\2.16.0\extentreports-cucumber6-adapter-2.16.0.jar;C:\Users\maximiliano.nabarro\.m2\repository\com\aventstack\extentreports\5.0.9\extentreports-5.0.9.jar;C:\Users\maximiliano.nabarro\.m2\repository\io\reactivex\rxjava3\rxjava\3.0.4\rxjava-3.0.4.jar;C:\Users\maximiliano.nabarro\.m2\repository\org\reactivestreams\reactive-streams\1.0.3\reactive-streams-1.0.3.jar;C:\Users\maximiliano.nabarro\.m2\repository\org\freemarker\freemarker\2.3.30\freemarker-2.3.30.jar;C:\Users\maximiliano.nabarro\.m2\repository\tech\grasshopper\extent-pdf-report\2.9.1\extent-pdf-report-2.9.1.jar;C:\Users\maximiliano.nabarro\.m2\repository\tech\grasshopper\cucumber-pdf-report\2.11.1\cucumber-pdf-report-2.11.1.jar;C:\Users\maximiliano.nabarro\.m2\repository\org\apache\pdfbox\pdfbox\2.0.26\pdfbox-2.0.26.jar;C:\Users\maximiliano.nabarro\.m2\repository\org\apache\pdfbox\fontbox\2.0.26\fontbox-2.0.26.jar;C:\Users\maximiliano.nabarro\.m2\repository\org\knowm\xchart\xchart\3.8.0\xchart-3.8.0.jar;C:\Users\maximiliano.nabarro\.m2\repository\de\erichseifert\vectorgraphics2d\VectorGraphics2D\0.13\VectorGraphics2D-0.13.jar;C:\Users\maximiliano.nabarro\.m2\repository\de\rototor\pdfbox\graphics2d\0.30\graphics2d-0.30.jar;C:\Users\maximiliano.nabarro\.m2\repository\com\madgag\animated-gif-lib\1.4\animated-gif-lib-1.4.jar;C:\Users\maximiliano.nabarro\.m2\repository\org\yaml\snakeyaml\1.28\snakeyaml-1.28.jar;C:\Users\maximiliano.nabarro\.m2\repository\tech\grasshopper\table-layout\1.5.1\table-layout-1.5.1.jar;C:\Users\maximiliano.nabarro\.m2\repository\tech\grasshopper\rest-assured-cucumber-pdf-report\1.4.1\rest-assured-cucumber-pdf-report-1.4.1.jar;C:\Users\maximiliano.nabarro\.m2\repository\org\jsoup\jsoup\1.15.3\jsoup-1.15.3.jar;C:\Users\maximiliano.nabarro\.m2\repository\com\aventstack\klov-reporter\5.0.9\klov-reporter-5.0.9.jar;C:\Users\maximiliano.nabarro\.m2\repository\org\mongodb\bson\3.6.4\bson-3.6.4.jar;C:\Users\maximiliano.nabarro\.m2\repository\org\apache\httpcomponents\httpclient\4.5.13\httpclient-4.5.13.jar;C:\Users\maximiliano.nabarro\.m2\repository\org\apache\httpcomponents\httpcore\4.4.13\httpcore-4.4.13.jar;C:\Users\maximiliano.nabarro\.m2\repository\commons-logging\commons-logging\1.2\commons-logging-1.2.jar;C:\Users\maximiliano.nabarro\.m2\repository\commons-codec\commons-codec\1.11\commons-codec-1.11.jar;C:\Users\maximiliano.nabarro\.m2\repository\org\apache\httpcomponents\httpmime\4.5.13\httpmime-4.5.13.jar;C:\Users\maximiliano.nabarro\.m2\repository\tech\grasshopper\htmlextentreporter\1.0.1\htmlextentreporter-1.0.1.jar;C:\Users\maximiliano.nabarro\.m2\repository\tech\grasshopper\extent-excel-report\1.3.0\extent-excel-report-1.3.0.jar;C:\Users\maximiliano.nabarro\.m2\repository\org\apache\poi\poi\5.2.3\poi-5.2.3.jar;C:\Users\maximiliano.nabarro\.m2\repository\org\apache\commons\commons-collections4\4.4\commons-collections4-4.4.jar;C:\Users\maximiliano.nabarro\.m2\repository\org\apache\commons\commons-math3\3.6.1\commons-math3-3.6.1.jar;C:\Users\maximiliano.nabarro\.m2\repository\commons-io\commons-io\2.11.0\commons-io-2.11.0.jar;C:\Users\maximiliano.nabarro\.m2\repository\com\zaxxer\SparseBitSet\1.2\SparseBitSet-1.2.jar;C:\Users\maximiliano.nabarro\.m2\repository\org\apache\logging\log4j\log4j-api\2.18.0\log4j-api-2.18.0.jar;C:\Users\maximiliano.nabarro\.m2\repository\org\apache\poi\poi-ooxml\5.2.3\poi-ooxml-5.2.3.jar;C:\Users\maximiliano.nabarro\.m2\repository\org\apache\poi\poi-ooxml-lite\5.2.3\poi-ooxml-lite-5.2.3.jar;C:\Users\maximiliano.nabarro\.m2\repository\org\apache\xmlbeans\xmlbeans\5.1.1\xmlbeans-5.1.1.jar;C:\Users\maximiliano.nabarro\.m2\repository\com\github\virtuald\curvesapi\1.07\curvesapi-1.07.jar;C:\Users\maximiliano.nabarro\.m2\repository\org\mongodb\mongodb-driver\3.3.0\mongodb-driver-3.3.0.jar;C:\Users\maximiliano.nabarro\.m2\repository\org\mongodb\mongodb-driver-core\3.3.0\mongodb-driver-core-3.3.0.jar;C:\Users\maximiliano.nabarro\.m2\repository\org\projectlombok\lombok\1.18.20\lombok-1.18.20.jar;C:\Users\maximiliano.nabarro\.m2\repository\io\github\bonigarcia\webdrivermanager\5.6.3\webdrivermanager-5.6.3.jar;C:\Users\maximiliano.nabarro\.m2\repository\com\google\code\gson\gson\2.10.1\gson-2.10.1.jar;C:\Users\maximiliano.nabarro\.m2\repository\com\github\docker-java\docker-java\3.3.4\docker-java-3.3.4.jar;C:\Users\maximiliano.nabarro\.m2\repository\com\github\docker-java\docker-java-core\3.3.4\docker-java-core-3.3.4.jar;C:\Users\maximiliano.nabarro\.m2\repository\com\github\docker-java\docker-java-api\3.3.4\docker-java-api-3.3.4.jar;C:\Users\maximiliano.nabarro\.m2\repository\com\fasterxml\jackson\core\jackson-annotations\2.10.3\jackson-annotations-2.10.3.jar;C:\Users\maximiliano.nabarro\.m2\repository\com\fasterxml\jackson\core\jackson-databind\2.10.3\jackson-databind-2.10.3.jar;C:\Users\maximiliano.nabarro\.m2\repository\com\fasterxml\jackson\core\jackson-core\2.10.3\jackson-core-2.10.3.jar;C:\Users\maximiliano.nabarro\.m2\repository\org\bouncycastle\bcpkix-jdk18on\1.76\bcpkix-jdk18on-1.76.jar;C:\Users\maximiliano.nabarro\.m2\repository\org\bouncycastle\bcprov-jdk18on\1.76\bcprov-jdk18on-1.76.jar;C:\Users\maximiliano.nabarro\.m2\repository\org\bouncycastle\bcutil-jdk18on\1.76\bcutil-jdk18on-1.76.jar;C:\Users\maximiliano.nabarro\.m2\repository\org\slf4j\jcl-over-slf4j\1.7.30\jcl-over-slf4j-1.7.30.jar;C:\Users\maximiliano.nabarro\.m2\repository\com\github\docker-java\docker-java-transport-httpclient5\3.3.4\docker-java-transport-httpclient5-3.3.4.jar;C:\Users\maximiliano.nabarro\.m2\repository\com\github\docker-java\docker-java-transport\3.3.4\docker-java-transport-3.3.4.jar;C:\Users\maximiliano.nabarro\.m2\repository\net\java\dev\jna\jna\5.13.0\jna-5.13.0.jar;C:\Users\maximiliano.nabarro\.m2\repository\org\brotli\dec\0.1.2\dec-0.1.2.jar;C:\Users\maximiliano.nabarro\.m2\repository\org\apache\commons\commons-lang3\3.14.0\commons-lang3-3.14.0.jar;C:\Users\maximiliano.nabarro\.m2\repository\org\apache\commons\commons-compress\1.25.0\commons-compress-1.25.0.jar;C:\Users\maximiliano.nabarro\.m2\repository\org\apache\httpcomponents\client5\httpclient5\5.2.1\httpclient5-5.2.1.jar;C:\Users\maximiliano.nabarro\.m2\repository\org\apache\httpcomponents\core5\httpcore5\5.2\httpcore5-5.2.jar;C:\Users\maximiliano.nabarro\.m2\repository\org\apache\httpcomponents\core5\httpcore5-h2\5.2\httpcore5-h2-5.2.jar;C:\Users\maximiliano.nabarro\.m2\repository\org\slf4j\slf4j-api\2.0.10\slf4j-api-2.0.10.jar;C:\Users\maximiliano.nabarro\.m2\repository\ch\qos\logback\logback-classic\1.4.14\logback-classic-1.4.14.jar;C:\Users\maximiliano.nabarro\.m2\repository\ch\qos\logback\logback-core\1.4.14\logback-core-1.4.14.jar;"/>
    <property name="sun.cpu.endian" value="little"/>
    <property name="user.home" value="C:\Users\maximiliano.nabarro"/>
    <property name="user.language" value="es"/>
    <property name="java.specification.vendor" value="Oracle Corporation"/>
    <property name="java.version.date" value="2023-10-17"/>
    <property name="java.home" value="C:\Program Files\Java\jdk-21"/>
    <property name="file.separator" value="\"/>
    <property name="basedir" value="C:\Users\maximiliano.nabarro\IdeaProjects\MiCorreoBDD-Cucumber-Jenkins"/>
    <property name="java.vm.compressedOopsMode" value="Zero based"/>
    <property name="line.separator" value="&#10;"/>
    <property name="java.vm.specification.vendor" value="Oracle Corporation"/>
    <property name="java.specification.name" value="Java Platform API Specification"/>
    <property name="surefire.real.class.path" value="C:\Users\maximiliano.nabarro\AppData\Local\Temp\surefire9724204389245568824\surefirebooter-20240226113844233_3.jar"/>
    <property name="user.script" value=""/>
    <property name="sun.management.compiler" value="HotSpot 64-Bit Tiered Compilers"/>
    <property name="java.runtime.version" value="21.0.1+12-LTS-29"/>
    <property name="user.name" value="maximiliano.nabarro"/>
    <property name="stdout.encoding" value="Cp1252"/>
    <property name="path.separator" value=";"/>
    <property name="os.version" value="10.0"/>
    <property name="java.runtime.name" value="Java(TM) SE Runtime Environment"/>
    <property name="file.encoding" value="UTF-8"/>
    <property name="java.vm.name" value="Java HotSpot(TM) 64-Bit Server VM"/>
    <property name="localRepository" value="C:\Users\maximiliano.nabarro\.m2\repository"/>
    <property name="java.vendor.url.bug" value="https://bugreport.java.com/bugreport/"/>
    <property name="java.io.tmpdir" value="C:\Users\MAXIMI~1.NAB\AppData\Local\Temp\"/>
    <property name="java.version" value="21.0.1"/>
    <property name="user.dir" value="C:\Users\maximiliano.nabarro\IdeaProjects\MiCorreoBDD-Cucumber-Jenkins"/>
    <property name="os.arch" value="amd64"/>
    <property name="java.vm.specification.name" value="Java Virtual Machine Specification"/>
    <property name="sun.os.patch.level" value=""/>
    <property name="native.encoding" value="Cp1252"/>
    <property name="java.library.path" value="C:\Program Files\Java\jdk-21\bin;C:\Windows\Sun\Java\bin;C:\Windows\system32;C:\Windows;C:\Program Files\Common Files\Oracle\Java\javapath;C:\Windows\system32;C:\Windows;C:\Windows\System32\Wbem;C:\Windows\System32\WindowsPowerShell\v1.0\;C:\Windows\System32\OpenSSH\;C:\allure\bin;C:\Program Files\Git\cmd;C:\Program Files\Java\jdk-21\bin;C:\apache-maven-3.9.6\bin;C:\gradle-8.5\bin;C:\Users\maximiliano.nabarro\AppData\Local\Microsoft\WindowsApps;C:\Users\maximiliano.nabarro\AppData\Local\JetBrains\IntelliJ IDEA 2022.2.2\bin;;C:\Users\maximiliano.nabarro\AppData\Local\JetBrains\IntelliJ IDEA Community Edition 2023.1.1\bin;;C:\Users\maximiliano.nabarro\AppData\Local\GitHubDesktop\bin;C:\Users\maximiliano.nabarro\AppData\Local\Programs\Microsoft VS Code\bin;C:\Users\maximiliano.nabarro\AppData\Local\Pandoc\;."/>
    <property name="java.vm.info" value="mixed mode, sharing"/>
    <property name="stderr.encoding" value="Cp1252"/>
    <property name="java.vendor" value="Oracle Corporation"/>
    <property name="java.vm.version" value="21.0.1+12-LTS-29"/>
    <property name="sun.io.unicode.encoding" value="UnicodeLittle"/>
    <property name="java.class.version" value="65.0"/>
  </properties>
  <testcase name="el usuario consumidor final está logueado y en la page home" classname="Carga de nuevo envío individual" time="9.863">
    <system-out><![CDATA[
@E2E
Scenario: Carga de nuevo envío individual                           # src/main/resources/features/NuevoEnvioIndividual.feature:4
11:38:46.106 [main] DEBUG io.github.bonigarcia.wdm.WebDriverManager -- Using WebDriverManager 5.6.3
11:38:46.461 [main] DEBUG io.github.bonigarcia.wdm.cache.ResolutionCache -- Removing resolution chrome=121 from cache (expired on Fri Feb 23 12:41:10 ART 2024)
11:38:46.488 [main] DEBUG org.apache.hc.client5.http.impl.classic.InternalHttpClient -- ex-0000000001 preparing request execution
11:38:46.499 [main] DEBUG org.apache.hc.client5.http.impl.classic.ProtocolExec -- ex-0000000001 target auth state: UNCHALLENGED
11:38:46.500 [main] DEBUG org.apache.hc.client5.http.impl.classic.ProtocolExec -- ex-0000000001 proxy auth state: UNCHALLENGED
11:38:46.500 [main] DEBUG org.apache.hc.client5.http.impl.classic.ConnectExec -- ex-0000000001 acquiring connection with route {s}->https://raw.githubusercontent.com:443
11:38:46.500 [main] DEBUG org.apache.hc.client5.http.impl.classic.InternalHttpClient -- ex-0000000001 acquiring endpoint (3 MINUTES)
11:38:46.502 [main] DEBUG org.apache.hc.client5.http.impl.io.PoolingHttpClientConnectionManager -- ex-0000000001 endpoint lease request (3 MINUTES) [route: {s}->https://raw.githubusercontent.com:443][total available: 0; route allocated: 0 of 5; total allocated: 0 of 25]
11:38:46.506 [main] DEBUG org.apache.hc.client5.http.impl.io.PoolingHttpClientConnectionManager -- ex-0000000001 endpoint leased [route: {s}->https://raw.githubusercontent.com:443][total available: 0; route allocated: 1 of 5; total allocated: 1 of 25]
11:38:46.519 [main] DEBUG org.apache.hc.client5.http.impl.io.PoolingHttpClientConnectionManager -- ex-0000000001 acquired ep-0000000001
11:38:46.519 [main] DEBUG org.apache.hc.client5.http.impl.classic.InternalHttpClient -- ex-0000000001 acquired endpoint ep-0000000001
11:38:46.519 [main] DEBUG org.apache.hc.client5.http.impl.classic.ConnectExec -- ex-0000000001 opening connection {s}->https://raw.githubusercontent.com:443
11:38:46.520 [main] DEBUG org.apache.hc.client5.http.impl.classic.InternalHttpClient -- ep-0000000001 connecting endpoint (null)
11:38:46.523 [main] DEBUG org.apache.hc.client5.http.impl.io.PoolingHttpClientConnectionManager -- ep-0000000001 connecting endpoint to https://raw.githubusercontent.com:443 (30 SECONDS)
11:38:46.523 [main] DEBUG org.apache.hc.client5.http.impl.io.DefaultHttpClientConnectionOperator -- raw.githubusercontent.com resolving remote address
11:38:46.534 [main] DEBUG org.apache.hc.client5.http.impl.io.DefaultHttpClientConnectionOperator -- raw.githubusercontent.com resolved to [raw.githubusercontent.com/185.199.110.133, raw.githubusercontent.com/185.199.111.133, raw.githubusercontent.com/185.199.108.133, raw.githubusercontent.com/185.199.109.133]
11:38:46.543 [main] DEBUG org.apache.hc.client5.http.impl.io.DefaultHttpClientConnectionOperator -- raw.githubusercontent.com:443 connecting null->raw.githubusercontent.com/185.199.110.133:443 (30 SECONDS)
11:38:46.543 [main] DEBUG org.apache.hc.client5.http.ssl.SSLConnectionSocketFactory -- Connecting socket to raw.githubusercontent.com/185.199.110.133:443 with timeout 30 SECONDS
11:38:46.620 [main] DEBUG org.apache.hc.client5.http.ssl.SSLConnectionSocketFactory -- Enabled protocols: [TLSv1.3, TLSv1.2]
11:38:46.620 [main] DEBUG org.apache.hc.client5.http.ssl.SSLConnectionSocketFactory -- Enabled cipher suites: [TLS_AES_256_GCM_SHA384, TLS_AES_128_GCM_SHA256, TLS_CHACHA20_POLY1305_SHA256, TLS_ECDHE_ECDSA_WITH_AES_256_GCM_SHA384, TLS_ECDHE_ECDSA_WITH_AES_128_GCM_SHA256, TLS_ECDHE_ECDSA_WITH_CHACHA20_POLY1305_SHA256, TLS_ECDHE_RSA_WITH_AES_256_GCM_SHA384, TLS_ECDHE_RSA_WITH_CHACHA20_POLY1305_SHA256, TLS_ECDHE_RSA_WITH_AES_128_GCM_SHA256, TLS_DHE_RSA_WITH_AES_256_GCM_SHA384, TLS_DHE_RSA_WITH_CHACHA20_POLY1305_SHA256, TLS_DHE_DSS_WITH_AES_256_GCM_SHA384, TLS_DHE_RSA_WITH_AES_128_GCM_SHA256, TLS_DHE_DSS_WITH_AES_128_GCM_SHA256, TLS_ECDHE_ECDSA_WITH_AES_256_CBC_SHA384, TLS_ECDHE_RSA_WITH_AES_256_CBC_SHA384, TLS_ECDHE_ECDSA_WITH_AES_128_CBC_SHA256, TLS_ECDHE_RSA_WITH_AES_128_CBC_SHA256, TLS_DHE_RSA_WITH_AES_256_CBC_SHA256, TLS_DHE_DSS_WITH_AES_256_CBC_SHA256, TLS_DHE_RSA_WITH_AES_128_CBC_SHA256, TLS_DHE_DSS_WITH_AES_128_CBC_SHA256, TLS_ECDHE_ECDSA_WITH_AES_256_CBC_SHA, TLS_ECDHE_RSA_WITH_AES_256_CBC_SHA, TLS_ECDHE_ECDSA_WITH_AES_128_CBC_SHA, TLS_ECDHE_RSA_WITH_AES_128_CBC_SHA, TLS_DHE_RSA_WITH_AES_256_CBC_SHA, TLS_DHE_DSS_WITH_AES_256_CBC_SHA, TLS_DHE_RSA_WITH_AES_128_CBC_SHA, TLS_DHE_DSS_WITH_AES_128_CBC_SHA, TLS_RSA_WITH_AES_256_GCM_SHA384, TLS_RSA_WITH_AES_128_GCM_SHA256, TLS_RSA_WITH_AES_256_CBC_SHA256, TLS_RSA_WITH_AES_128_CBC_SHA256, TLS_RSA_WITH_AES_256_CBC_SHA, TLS_RSA_WITH_AES_128_CBC_SHA, TLS_EMPTY_RENEGOTIATION_INFO_SCSV]
11:38:46.620 [main] DEBUG org.apache.hc.client5.http.ssl.SSLConnectionSocketFactory -- Starting handshake (null)
11:38:46.741 [main] DEBUG org.apache.hc.client5.http.ssl.SSLConnectionSocketFactory -- Secure session established
11:38:46.741 [main] DEBUG org.apache.hc.client5.http.ssl.SSLConnectionSocketFactory --  negotiated protocol: TLSv1.3
11:38:46.741 [main] DEBUG org.apache.hc.client5.http.ssl.SSLConnectionSocketFactory --  negotiated cipher suite: TLS_AES_128_GCM_SHA256
11:38:46.741 [main] DEBUG org.apache.hc.client5.http.ssl.SSLConnectionSocketFactory --  peer principal: CN=*.github.io, O="GitHub, Inc.", L=San Francisco, ST=California, C=US
11:38:46.743 [main] DEBUG org.apache.hc.client5.http.ssl.SSLConnectionSocketFactory --  peer alternative names: [*.github.io, github.io, *.github.com, github.com, www.github.com, *.githubusercontent.com, githubusercontent.com]
11:38:46.743 [main] DEBUG org.apache.hc.client5.http.ssl.SSLConnectionSocketFactory --  issuer principal: CN=DigiCert TLS RSA SHA256 2020 CA1, O=DigiCert Inc, C=US
11:38:46.744 [main] DEBUG org.apache.hc.client5.http.impl.io.DefaultManagedHttpClientConnection -- http-outgoing-0 set socket timeout to 3 MINUTES
11:38:46.744 [main] DEBUG org.apache.hc.client5.http.impl.io.DefaultHttpClientConnectionOperator -- raw.githubusercontent.com:443 connected null->raw.githubusercontent.com/185.199.110.133:443 as http-outgoing-0
11:38:46.744 [main] DEBUG org.apache.hc.client5.http.impl.io.PoolingHttpClientConnectionManager -- ep-0000000001 connected http-outgoing-0
11:38:46.744 [main] DEBUG org.apache.hc.client5.http.impl.classic.InternalHttpClient -- ep-0000000001 endpoint connected
11:38:46.745 [main] DEBUG org.apache.hc.client5.http.impl.classic.MainClientExec -- ex-0000000001 executing GET /bonigarcia/webdrivermanager/master/src/main/resources/commands.properties HTTP/1.1
11:38:46.745 [main] DEBUG org.apache.hc.client5.http.protocol.RequestAddCookies -- ex-0000000001 Cookie spec selected: strict
11:38:46.754 [main] DEBUG org.apache.hc.client5.http.impl.classic.InternalHttpClient -- ep-0000000001 start execution ex-0000000001
11:38:46.755 [main] DEBUG org.apache.hc.client5.http.impl.io.PoolingHttpClientConnectionManager -- ep-0000000001 executing exchange ex-0000000001 over http-outgoing-0
11:38:46.755 [main] DEBUG org.apache.hc.client5.http.headers -- http-outgoing-0 >> GET /bonigarcia/webdrivermanager/master/src/main/resources/commands.properties HTTP/1.1
11:38:46.755 [main] DEBUG org.apache.hc.client5.http.headers -- http-outgoing-0 >> user-agent: Apache-HttpClient/5.0
11:38:46.755 [main] DEBUG org.apache.hc.client5.http.headers -- http-outgoing-0 >> accept-encoding: gzip, deflate, br
11:38:46.755 [main] DEBUG org.apache.hc.client5.http.headers -- http-outgoing-0 >> cache-control: max-age=0
11:38:46.755 [main] DEBUG org.apache.hc.client5.http.headers -- http-outgoing-0 >> connection: keep-alive
11:38:46.755 [main] DEBUG org.apache.hc.client5.http.headers -- http-outgoing-0 >> Host: raw.githubusercontent.com
11:38:46.756 [main] DEBUG org.apache.hc.client5.http.wire -- http-outgoing-0 >> "GET /bonigarcia/webdrivermanager/master/src/main/resources/commands.properties HTTP/1.1[\r][\n]"
11:38:46.756 [main] DEBUG org.apache.hc.client5.http.wire -- http-outgoing-0 >> "user-agent: Apache-HttpClient/5.0[\r][\n]"
11:38:46.756 [main] DEBUG org.apache.hc.client5.http.wire -- http-outgoing-0 >> "accept-encoding: gzip, deflate, br[\r][\n]"
11:38:46.756 [main] DEBUG org.apache.hc.client5.http.wire -- http-outgoing-0 >> "cache-control: max-age=0[\r][\n]"
11:38:46.756 [main] DEBUG org.apache.hc.client5.http.wire -- http-outgoing-0 >> "connection: keep-alive[\r][\n]"
11:38:46.756 [main] DEBUG org.apache.hc.client5.http.wire -- http-outgoing-0 >> "Host: raw.githubusercontent.com[\r][\n]"
11:38:46.756 [main] DEBUG org.apache.hc.client5.http.wire -- http-outgoing-0 >> "[\r][\n]"
11:38:46.782 [main] DEBUG org.apache.hc.client5.http.wire -- http-outgoing-0 << "HTTP/1.1 200 OK[\r][\n]"
11:38:46.782 [main] DEBUG org.apache.hc.client5.http.wire -- http-outgoing-0 << "Connection: keep-alive[\r][\n]"
11:38:46.782 [main] DEBUG org.apache.hc.client5.http.wire -- http-outgoing-0 << "Content-Length: 745[\r][\n]"
11:38:46.782 [main] DEBUG org.apache.hc.client5.http.wire -- http-outgoing-0 << "Cache-Control: max-age=300[\r][\n]"
11:38:46.782 [main] DEBUG org.apache.hc.client5.http.wire -- http-outgoing-0 << "Content-Security-Policy: default-src 'none'; style-src 'unsafe-inline'; sandbox[\r][\n]"
11:38:46.782 [main] DEBUG org.apache.hc.client5.http.wire -- http-outgoing-0 << "Content-Type: text/plain; charset=utf-8[\r][\n]"
11:38:46.782 [main] DEBUG org.apache.hc.client5.http.wire -- http-outgoing-0 << "ETag: W/"dd41edff335272162022217759820159dac501cff56850e2510f504462cd9b5f"[\r][\n]"
11:38:46.783 [main] DEBUG org.apache.hc.client5.http.wire -- http-outgoing-0 << "Strict-Transport-Security: max-age=31536000[\r][\n]"
11:38:46.783 [main] DEBUG org.apache.hc.client5.http.wire -- http-outgoing-0 << "X-Content-Type-Options: nosniff[\r][\n]"
11:38:46.783 [main] DEBUG org.apache.hc.client5.http.wire -- http-outgoing-0 << "X-Frame-Options: deny[\r][\n]"
11:38:46.783 [main] DEBUG org.apache.hc.client5.http.wire -- http-outgoing-0 << "X-XSS-Protection: 1; mode=block[\r][\n]"
11:38:46.783 [main] DEBUG org.apache.hc.client5.http.wire -- http-outgoing-0 << "X-GitHub-Request-Id: 45F2:2A560E:558B07:6205BF:65D7477E[\r][\n]"
11:38:46.783 [main] DEBUG org.apache.hc.client5.http.wire -- http-outgoing-0 << "Content-Encoding: gzip[\r][\n]"
11:38:46.783 [main] DEBUG org.apache.hc.client5.http.wire -- http-outgoing-0 << "Accept-Ranges: bytes[\r][\n]"
11:38:46.783 [main] DEBUG org.apache.hc.client5.http.wire -- http-outgoing-0 << "Date: Mon, 26 Feb 2024 14:38:46 GMT[\r][\n]"
11:38:46.783 [main] DEBUG org.apache.hc.client5.http.wire -- http-outgoing-0 << "Via: 1.1 varnish[\r][\n]"
11:38:46.783 [main] DEBUG org.apache.hc.client5.http.wire -- http-outgoing-0 << "X-Served-By: cache-eze2230023-EZE[\r][\n]"
11:38:46.783 [main] DEBUG org.apache.hc.client5.http.wire -- http-outgoing-0 << "X-Cache: HIT[\r][\n]"
11:38:46.783 [main] DEBUG org.apache.hc.client5.http.wire -- http-outgoing-0 << "X-Cache-Hits: 1[\r][\n]"
11:38:46.783 [main] DEBUG org.apache.hc.client5.http.wire -- http-outgoing-0 << "X-Timer: S1708958327.774324,VS0,VE1[\r][\n]"
11:38:46.783 [main] DEBUG org.apache.hc.client5.http.wire -- http-outgoing-0 << "Vary: Authorization,Accept-Encoding,Origin[\r][\n]"
11:38:46.783 [main] DEBUG org.apache.hc.client5.http.wire -- http-outgoing-0 << "Access-Control-Allow-Origin: *[\r][\n]"
11:38:46.783 [main] DEBUG org.apache.hc.client5.http.wire -- http-outgoing-0 << "Cross-Origin-Resource-Policy: cross-origin[\r][\n]"
11:38:46.783 [main] DEBUG org.apache.hc.client5.http.wire -- http-outgoing-0 << "X-Fastly-Request-ID: 29cb2fda50154434359b6ce772952c0e0dd1e017[\r][\n]"
11:38:46.783 [main] DEBUG org.apache.hc.client5.http.wire -- http-outgoing-0 << "Expires: Mon, 26 Feb 2024 14:43:46 GMT[\r][\n]"
11:38:46.784 [main] DEBUG org.apache.hc.client5.http.wire -- http-outgoing-0 << "Source-Age: 238[\r][\n]"
11:38:46.784 [main] DEBUG org.apache.hc.client5.http.wire -- http-outgoing-0 << "[\r][\n]"
11:38:46.786 [main] DEBUG org.apache.hc.client5.http.headers -- http-outgoing-0 << HTTP/1.1 200 OK
11:38:46.786 [main] DEBUG org.apache.hc.client5.http.headers -- http-outgoing-0 << Connection: keep-alive
11:38:46.786 [main] DEBUG org.apache.hc.client5.http.headers -- http-outgoing-0 << Content-Length: 745
11:38:46.786 [main] DEBUG org.apache.hc.client5.http.headers -- http-outgoing-0 << Cache-Control: max-age=300
11:38:46.786 [main] DEBUG org.apache.hc.client5.http.headers -- http-outgoing-0 << Content-Security-Policy: default-src 'none'; style-src 'unsafe-inline'; sandbox
11:38:46.786 [main] DEBUG org.apache.hc.client5.http.headers -- http-outgoing-0 << Content-Type: text/plain; charset=utf-8
11:38:46.786 [main] DEBUG org.apache.hc.client5.http.headers -- http-outgoing-0 << ETag: W/"dd41edff335272162022217759820159dac501cff56850e2510f504462cd9b5f"
11:38:46.786 [main] DEBUG org.apache.hc.client5.http.headers -- http-outgoing-0 << Strict-Transport-Security: max-age=31536000
11:38:46.786 [main] DEBUG org.apache.hc.client5.http.headers -- http-outgoing-0 << X-Content-Type-Options: nosniff
11:38:46.786 [main] DEBUG org.apache.hc.client5.http.headers -- http-outgoing-0 << X-Frame-Options: deny
11:38:46.786 [main] DEBUG org.apache.hc.client5.http.headers -- http-outgoing-0 << X-XSS-Protection: 1; mode=block
11:38:46.786 [main] DEBUG org.apache.hc.client5.http.headers -- http-outgoing-0 << X-GitHub-Request-Id: 45F2:2A560E:558B07:6205BF:65D7477E
11:38:46.786 [main] DEBUG org.apache.hc.client5.http.headers -- http-outgoing-0 << Content-Encoding: gzip
11:38:46.786 [main] DEBUG org.apache.hc.client5.http.headers -- http-outgoing-0 << Accept-Ranges: bytes
11:38:46.786 [main] DEBUG org.apache.hc.client5.http.headers -- http-outgoing-0 << Date: Mon, 26 Feb 2024 14:38:46 GMT
11:38:46.786 [main] DEBUG org.apache.hc.client5.http.headers -- http-outgoing-0 << Via: 1.1 varnish
11:38:46.786 [main] DEBUG org.apache.hc.client5.http.headers -- http-outgoing-0 << X-Served-By: cache-eze2230023-EZE
11:38:46.786 [main] DEBUG org.apache.hc.client5.http.headers -- http-outgoing-0 << X-Cache: HIT
11:38:46.786 [main] DEBUG org.apache.hc.client5.http.headers -- http-outgoing-0 << X-Cache-Hits: 1
11:38:46.787 [main] DEBUG org.apache.hc.client5.http.headers -- http-outgoing-0 << X-Timer: S1708958327.774324,VS0,VE1
11:38:46.787 [main] DEBUG org.apache.hc.client5.http.headers -- http-outgoing-0 << Vary: Authorization,Accept-Encoding,Origin
11:38:46.787 [main] DEBUG org.apache.hc.client5.http.headers -- http-outgoing-0 << Access-Control-Allow-Origin: *
11:38:46.787 [main] DEBUG org.apache.hc.client5.http.headers -- http-outgoing-0 << Cross-Origin-Resource-Policy: cross-origin
11:38:46.787 [main] DEBUG org.apache.hc.client5.http.headers -- http-outgoing-0 << X-Fastly-Request-ID: 29cb2fda50154434359b6ce772952c0e0dd1e017
11:38:46.787 [main] DEBUG org.apache.hc.client5.http.headers -- http-outgoing-0 << Expires: Mon, 26 Feb 2024 14:43:46 GMT
11:38:46.787 [main] DEBUG org.apache.hc.client5.http.headers -- http-outgoing-0 << Source-Age: 238
11:38:46.790 [main] DEBUG org.apache.hc.client5.http.impl.classic.MainClientExec -- ex-0000000001 connection can be kept alive for 3 MINUTES
11:38:46.800 [main] DEBUG org.apache.hc.client5.http.wire -- http-outgoing-0 << "[0x1f][0xffffff8b][0x8][0x0][0x0][0x0][0x0][0x0][0x0][0x3][0xffffffb5]W]o[0xffffffda]0[0x14]}[0xffffffe7]W\QUj% [0x1b][0xffffffad][0xffffffa6]i[0x12][0xf]4c[0xffffffdd]4*[0x18][0xffffffb4][0xffffffdd]&[0xfffffff9][0xffffffc5]$N[0xffffffb0][0xffffff94][0xffffffd8][0xffffffc8]NJ[0xffffffb7]_?[0xffffffdb][0xfffffff9]X[0xffffff92]:[0xffffffa3]k[0xffffffe8][0x1b][0xffffffb6][0xffffffef]=[0xffffffe7][0xffffffd8][0xfffffff7][0xffffffe4][0xffffffda][0xffffff9c][0xffffff80][0xffffffcb][0xffffffe3][0x18]3_[0xffffff82][0xffffff8f][0x13][0xffffffbc][0xffffffc1][0xffffff92][0xfffffff4]N[0xffffffe0]vK%[0x4]4"[0xffffffe0]q[0xffffff96]`[0xffffffca]$$[=[0xffffffc8]C[0x13][0xe][0x1b][0x2][0xffffffe4][0xffffff91]xiB|[0xffffffa0][0xffffffcc],[0xffffffcb]-[0xffffff89]"=[0xffffffe0][0xffffffc2]'B[0x7][0xfffffff9]$!^b[0x16][0x1f][0xffffff88][0xffffff90][0xffffff94][0xffffffab][0xffffffb5][0x0][0xffffff88][0xfffffffa][0x1d][\n]"
11:38:46.800 [main] DEBUG org.apache.hc.client5.http.wire -- http-outgoing-0 << "B[0x18]l[0x4][0xffffffdf]K[0xffffffb5][0xffffffa0]([0xffffffcf][0xffffffdc][0xffffffad][0xffffffe0]1[0x19][0xffffffc0]'*H[0xffffffc0][0x1f][0x7][0xffffffb0][0xffffffd8][0x11][0xffffff81][0x7]0[0xfffffff3]C5kVi[0x1a][0xffffff9f]k|[0xffffff9f][0x6][0x1][0x11][0xffffff84]%[0xffffffc0]uLBY[0x8][0xfffffff2][0xffffff97]LH,[0xffffffe1][0xffffffec];e[0xffffffbe]B[0x1d][0xffffffc0][0xffffff9c][0xffffffb2]T[0xffffffc1][0xffffffdc]`[0xf][0x16][0xffffffeb][0xfffffff3][0xffffff9e][0xffffffe2][0xffffffc8](z[0xfffffff9]6F[0xffffff9e][0x19][0xffffff8e][0xfffffff6]Y[0xffffffc2][0xffffffe8][0xffffffcd][0xffffffdb][0xffffff89][0x17][0xfffffffb]#[0xffffffb5]+p\[0xffffffd8][0xffffffc7][0xffffffd4]3Gb[0xffffff8e]a[0xffffffbf]U|[0xffffffc0]pL&[0xfffffffd][0xffffffd3][0xffffffe5]jq[0xffffffbd][0xffffff9a][0xffffffde]|[0xfffffffa]2[0xffffff9f][0xffffffad]?[0xffffffa0][0x9]B[0xffffffa7][0x8]]s[0x1e]F[0x4][0xffffffa1][0xffffff8c][0x2][0xffffffa1][0xffffffe9]n[0x17]QOI[0xffffffe3][0xc][0xffffffa1][0xffffff9c]H![0xfffffff7]!$[0x9][0xffffffdc][0xffffffe7]g[0xffffffe1]<[0xffffffe0](m[0xffffffd7]3~[0xffffff81][0xffffff9e][0xffffffb3][0x1f][0xffffffef][0xffffffdf][0xffffff9d][0xffffffbf][0xffffffa6][0xffffffa8][0xffffff8b]g[0xffffff8a][0xffffff9a]/[0xffffffdc][0xffffffe9]|[0xffffffba]\~[0xffffff9c][0xffffffde]N_S[0xffffffcf][0xffffffe5]d5[0xffffffbb][0xffffff86]ow[0xffffffb3][0xffffffd5]O[0xfffffff8][0xfffffffc][0xffffffd5][0xffffffbd]Ck[0x1e]${,H[0xffffffc1][0xffffff96][0xffffff93]][0xffffffcd][0xffffffaf][0x8][0xfffffff6][0xc]^[0xffffffe1][0xffffffc5]^[0x13]4[0xffffffd2][0xffffff8e][0xffffffd1]>pR)[0xffffff9c][\r]eNh0[0xffffff86][0xffffffd9]:[0xc][0xffffff87]E[0xffffffa6]=q<i[0xffffff8b]o&[0xffffffc4][0xffffffd8]3<[0xffffff95][0x13][0xffffff90]N&8w[0xffffffe9][0x8][0xffffffef]v[0xffffff8e][0xffffffab][0xffffffbe]>es[0xffffffe9]([0x13]/[0xffffffd6][0xfffffff5][0xffffff80]*[0xffffffba][0xfffffff2]v[0xfffffffe][0xffffffd9][0xffffff94]DA6>[0xffffff8e][0xffffffbb]o[0xfffffff8]o[0x1a]E[0xffffffb8] A[0xffffffa8]@?T[0xffffffad]'*:{[0xfffffffa]xR.*[0xffffffce][0xffffffe9][0xffffffd7][0xffffffad][0xffffff93][0xffffff93]4[0xffffffc9][0xfffffffa][0xffffffda]<n*t[0xffffffeb][0xffffffb9]oV[0xffffffb6][0xffffffc0]/M[0xffffff94]O[0xffffffc0][0xfffffff0][0xffffffe1]i[0xffffff90][0xffffffb5][0xfffffffe]9[0xffffff8b][0xffffffad][0xfffffff2]U,Ul[0xffffffdd][0x13]KL[0xffffffa2][0x6][0xffffffdd][0xffffffca]\?`[0xffffffea][0x9].[0xffffffd5]I [0xffffffa4]i[0x1a]_i,[\r][0xffffffdd][0xffffffa1][0xffffffc3][0xffffffae]kzI[0xffffffd1]_Q[0xffffffce]Ek[0xffffffcb][0xfffffff8]Kf[0xffffffb8][0xfffffffe][0xffffffd9]3[0xc][0xffffffe6][0xffffffd3][0xffffff8e][0x11][0x17][0x10]C[0x1d]`i[0x19][0xffffffd5][0xffffffbc][0xfffffff1][0xffffffa4]5[0xffffffbc][0x1e]o[0xfffffff5]K[0xffffffa9][0xffffffd6][0xfffffff8][0xffffffc1]f[0xffffff9b]z[0x4][0xffffffd4][0x1a][0xffffff86][0xffffffb9]^K[0x16]s[0xffffff91][0xfffffffe][0xffffffbf][0xffffff8b]l]~)x(p,[0x11]2[0x14][0x8]E8e[0xffffff9e][0xffffffca]:X[0xffffffa6][0xffffff86][0xffffff88].[0xffffffb6]9[0xffffff9a][0xffffff88].[0xfffffff7]]G[0xffffffea][0xffffffcb][0xe][0xfffffffb][0x7f].u[0xffffff83][0xffffffbb][0xfffffff4][0xffffffb3][0x19][0xffffffda][0xffffffec][0xffffff98][0xffffffc5]Y[0xfffffffd]h8m6\4[0xffffffc1][0xffffff8a][0xffffffb7][0xffffff98]z[0xffffffd0][0xffffffd5]oF5q[0x1c][0x13][0x16][0xfffffff0][0x1d][0x1e][0x19]5-[0xffffff9d][0xffffffef][0xffffffad]c[0xb]z[0xffffffae]/m[0xffffffe6]8[0xffffffb6][0xffffff96][0xfffffff6]7X[0xffffffc9]t[0xfffffff8][0xfffffff9][0xffffffa5][0x11]K[0xfffffffb][0x15]3[0xffffffc3][0xfffffffc][0x1f]B[0xffffffdb][0xffffffd3][0xffffffab][0xffffff92]4.[0xffffff93]Z[0xffffffdf]]:[0xffffffda][0xffffffea][0xffffffdc]B[0xffffffa6][0xffffffcd][0xffffffbc][0xffffffae][0x5][0xfffffff5][0x4][0xffffffd6]8[0xffffffc0][0xffffff82][0xffffff96][0xfffffff0][0xffffffd2][0xc][0xffffffed][0xffffffe0]Y[0xffffffa8][\r]:[[0xffffffa9][0x0][0xffffffff][0x1][0xfffffff8][0x15][0xffffffb4][0xffffffee][0xffffff8e][\r][0x0][0x0]"
11:38:46.801 [main] DEBUG org.apache.hc.client5.http.impl.classic.InternalHttpClient -- ep-0000000001 releasing valid endpoint
11:38:46.801 [main] DEBUG org.apache.hc.client5.http.impl.io.PoolingHttpClientConnectionManager -- ep-0000000001 releasing endpoint
11:38:46.802 [main] DEBUG org.apache.hc.client5.http.impl.io.PoolingHttpClientConnectionManager -- ep-0000000001 connection http-outgoing-0 can be kept alive for 3 MINUTES
11:38:46.802 [main] DEBUG org.apache.hc.client5.http.impl.io.PoolingHttpClientConnectionManager -- ep-0000000001 connection released [route: {s}->https://raw.githubusercontent.com:443][total available: 1; route allocated: 1 of 5; total allocated: 1 of 25]
11:38:46.802 [main] DEBUG io.github.bonigarcia.wdm.versions.VersionDetector -- Detecting chrome version using online commands.properties
11:38:46.805 [main] DEBUG io.github.bonigarcia.wdm.versions.Shell -- Running command on the shell: [cmd.exe, /C, wmic, datafile, where, name="%PROGRAMFILES:\=\\%\\Google\\Chrome\\Application\\chrome.exe", get, Version, /value]
11:38:47.146 [main] DEBUG io.github.bonigarcia.wdm.versions.Shell -- Result: 
11:38:47.147 [main] DEBUG io.github.bonigarcia.wdm.versions.Shell -- Running command on the shell: [cmd.exe, /C, wmic, datafile, where, name="%PROGRAMFILES(X86):\=\\%\\Google\\Chrome\\Application\\chrome.exe", get, Version, /value]
11:38:47.348 [main] DEBUG io.github.bonigarcia.wdm.versions.Shell -- Result: 
11:38:47.349 [main] DEBUG io.github.bonigarcia.wdm.versions.Shell -- Running command on the shell: [cmd.exe, /C, wmic, datafile, where, name="%LOCALAPPDATA:\=\\%\\Google\\Chrome\\Application\\chrome.exe", get, Version, /value]
11:38:47.547 [main] DEBUG io.github.bonigarcia.wdm.versions.Shell -- Result: Version=121.0.6167.189
11:38:47.548 [main] DEBUG io.github.bonigarcia.wdm.cache.ResolutionCache -- Removing resolution chrome121=121.0.6167.184 from cache (expired on Sat Feb 24 11:41:10 ART 2024)
11:38:47.559 [main] DEBUG org.apache.hc.client5.http.impl.classic.InternalHttpClient -- ex-0000000002 preparing request execution
11:38:47.559 [main] DEBUG org.apache.hc.client5.http.impl.classic.ProtocolExec -- ex-0000000002 target auth state: UNCHALLENGED
11:38:47.559 [main] DEBUG org.apache.hc.client5.http.impl.classic.ProtocolExec -- ex-0000000002 proxy auth state: UNCHALLENGED
11:38:47.559 [main] DEBUG org.apache.hc.client5.http.impl.classic.ConnectExec -- ex-0000000002 acquiring connection with route {s}->https://googlechromelabs.github.io:443
11:38:47.559 [main] DEBUG org.apache.hc.client5.http.impl.classic.InternalHttpClient -- ex-0000000002 acquiring endpoint (3 MINUTES)
11:38:47.559 [main] DEBUG org.apache.hc.client5.http.impl.io.PoolingHttpClientConnectionManager -- ex-0000000002 endpoint lease request (3 MINUTES) [route: {s}->https://googlechromelabs.github.io:443][total available: 1; route allocated: 0 of 5; total allocated: 1 of 25]
11:38:47.559 [main] DEBUG org.apache.hc.client5.http.impl.io.PoolingHttpClientConnectionManager -- ex-0000000002 endpoint leased [route: {s}->https://googlechromelabs.github.io:443][total available: 1; route allocated: 1 of 5; total allocated: 2 of 25]
11:38:47.559 [main] DEBUG org.apache.hc.client5.http.impl.io.PoolingHttpClientConnectionManager -- ex-0000000002 acquired ep-0000000002
11:38:47.559 [main] DEBUG org.apache.hc.client5.http.impl.classic.InternalHttpClient -- ex-0000000002 acquired endpoint ep-0000000002
11:38:47.559 [main] DEBUG org.apache.hc.client5.http.impl.classic.ConnectExec -- ex-0000000002 opening connection {s}->https://googlechromelabs.github.io:443
11:38:47.559 [main] DEBUG org.apache.hc.client5.http.impl.classic.InternalHttpClient -- ep-0000000002 connecting endpoint (null)
11:38:47.559 [main] DEBUG org.apache.hc.client5.http.impl.io.PoolingHttpClientConnectionManager -- ep-0000000002 connecting endpoint to https://googlechromelabs.github.io:443 (30 SECONDS)
11:38:47.559 [main] DEBUG org.apache.hc.client5.http.impl.io.DefaultHttpClientConnectionOperator -- googlechromelabs.github.io resolving remote address
11:38:47.644 [main] DEBUG org.apache.hc.client5.http.impl.io.DefaultHttpClientConnectionOperator -- googlechromelabs.github.io resolved to [googlechromelabs.github.io/185.199.108.153, googlechromelabs.github.io/185.199.111.153, googlechromelabs.github.io/185.199.110.153, googlechromelabs.github.io/185.199.109.153]
11:38:47.645 [main] DEBUG org.apache.hc.client5.http.impl.io.DefaultHttpClientConnectionOperator -- googlechromelabs.github.io:443 connecting null->googlechromelabs.github.io/185.199.108.153:443 (30 SECONDS)
11:38:47.645 [main] DEBUG org.apache.hc.client5.http.ssl.SSLConnectionSocketFactory -- Connecting socket to googlechromelabs.github.io/185.199.108.153:443 with timeout 30 SECONDS
11:38:47.671 [main] DEBUG org.apache.hc.client5.http.ssl.SSLConnectionSocketFactory -- Enabled protocols: [TLSv1.3, TLSv1.2]
11:38:47.671 [main] DEBUG org.apache.hc.client5.http.ssl.SSLConnectionSocketFactory -- Enabled cipher suites: [TLS_AES_256_GCM_SHA384, TLS_AES_128_GCM_SHA256, TLS_CHACHA20_POLY1305_SHA256, TLS_ECDHE_ECDSA_WITH_AES_256_GCM_SHA384, TLS_ECDHE_ECDSA_WITH_AES_128_GCM_SHA256, TLS_ECDHE_ECDSA_WITH_CHACHA20_POLY1305_SHA256, TLS_ECDHE_RSA_WITH_AES_256_GCM_SHA384, TLS_ECDHE_RSA_WITH_CHACHA20_POLY1305_SHA256, TLS_ECDHE_RSA_WITH_AES_128_GCM_SHA256, TLS_DHE_RSA_WITH_AES_256_GCM_SHA384, TLS_DHE_RSA_WITH_CHACHA20_POLY1305_SHA256, TLS_DHE_DSS_WITH_AES_256_GCM_SHA384, TLS_DHE_RSA_WITH_AES_128_GCM_SHA256, TLS_DHE_DSS_WITH_AES_128_GCM_SHA256, TLS_ECDHE_ECDSA_WITH_AES_256_CBC_SHA384, TLS_ECDHE_RSA_WITH_AES_256_CBC_SHA384, TLS_ECDHE_ECDSA_WITH_AES_128_CBC_SHA256, TLS_ECDHE_RSA_WITH_AES_128_CBC_SHA256, TLS_DHE_RSA_WITH_AES_256_CBC_SHA256, TLS_DHE_DSS_WITH_AES_256_CBC_SHA256, TLS_DHE_RSA_WITH_AES_128_CBC_SHA256, TLS_DHE_DSS_WITH_AES_128_CBC_SHA256, TLS_ECDHE_ECDSA_WITH_AES_256_CBC_SHA, TLS_ECDHE_RSA_WITH_AES_256_CBC_SHA, TLS_ECDHE_ECDSA_WITH_AES_128_CBC_SHA, TLS_ECDHE_RSA_WITH_AES_128_CBC_SHA, TLS_DHE_RSA_WITH_AES_256_CBC_SHA, TLS_DHE_DSS_WITH_AES_256_CBC_SHA, TLS_DHE_RSA_WITH_AES_128_CBC_SHA, TLS_DHE_DSS_WITH_AES_128_CBC_SHA, TLS_RSA_WITH_AES_256_GCM_SHA384, TLS_RSA_WITH_AES_128_GCM_SHA256, TLS_RSA_WITH_AES_256_CBC_SHA256, TLS_RSA_WITH_AES_128_CBC_SHA256, TLS_RSA_WITH_AES_256_CBC_SHA, TLS_RSA_WITH_AES_128_CBC_SHA, TLS_EMPTY_RENEGOTIATION_INFO_SCSV]
11:38:47.671 [main] DEBUG org.apache.hc.client5.http.ssl.SSLConnectionSocketFactory -- Starting handshake (null)
11:38:47.703 [main] DEBUG org.apache.hc.client5.http.ssl.SSLConnectionSocketFactory -- Secure session established
11:38:47.703 [main] DEBUG org.apache.hc.client5.http.ssl.SSLConnectionSocketFactory --  negotiated protocol: TLSv1.3
11:38:47.703 [main] DEBUG org.apache.hc.client5.http.ssl.SSLConnectionSocketFactory --  negotiated cipher suite: TLS_AES_128_GCM_SHA256
11:38:47.703 [main] DEBUG org.apache.hc.client5.http.ssl.SSLConnectionSocketFactory --  peer principal: CN=*.github.io, O="GitHub, Inc.", L=San Francisco, ST=California, C=US
11:38:47.703 [main] DEBUG org.apache.hc.client5.http.ssl.SSLConnectionSocketFactory --  peer alternative names: [*.github.io, github.io, *.github.com, github.com, www.github.com, *.githubusercontent.com, githubusercontent.com]
11:38:47.703 [main] DEBUG org.apache.hc.client5.http.ssl.SSLConnectionSocketFactory --  issuer principal: CN=DigiCert TLS RSA SHA256 2020 CA1, O=DigiCert Inc, C=US
11:38:47.703 [main] DEBUG org.apache.hc.client5.http.impl.io.DefaultManagedHttpClientConnection -- http-outgoing-1 set socket timeout to 3 MINUTES
11:38:47.703 [main] DEBUG org.apache.hc.client5.http.impl.io.DefaultHttpClientConnectionOperator -- googlechromelabs.github.io:443 connected null->googlechromelabs.github.io/185.199.108.153:443 as http-outgoing-1
11:38:47.703 [main] DEBUG org.apache.hc.client5.http.impl.io.PoolingHttpClientConnectionManager -- ep-0000000002 connected http-outgoing-1
11:38:47.703 [main] DEBUG org.apache.hc.client5.http.impl.classic.InternalHttpClient -- ep-0000000002 endpoint connected
11:38:47.703 [main] DEBUG org.apache.hc.client5.http.impl.classic.MainClientExec -- ex-0000000002 executing GET /chrome-for-testing/known-good-versions-with-downloads.json HTTP/1.1
11:38:47.704 [main] DEBUG org.apache.hc.client5.http.protocol.RequestAddCookies -- ex-0000000002 Cookie spec selected: strict
11:38:47.704 [main] DEBUG org.apache.hc.client5.http.impl.classic.InternalHttpClient -- ep-0000000002 start execution ex-0000000002
11:38:47.704 [main] DEBUG org.apache.hc.client5.http.impl.io.PoolingHttpClientConnectionManager -- ep-0000000002 executing exchange ex-0000000002 over http-outgoing-1
11:38:47.704 [main] DEBUG org.apache.hc.client5.http.headers -- http-outgoing-1 >> GET /chrome-for-testing/known-good-versions-with-downloads.json HTTP/1.1
11:38:47.704 [main] DEBUG org.apache.hc.client5.http.headers -- http-outgoing-1 >> user-agent: Apache-HttpClient/5.0
11:38:47.704 [main] DEBUG org.apache.hc.client5.http.headers -- http-outgoing-1 >> accept-encoding: gzip, deflate, br
11:38:47.704 [main] DEBUG org.apache.hc.client5.http.headers -- http-outgoing-1 >> cache-control: max-age=0
11:38:47.704 [main] DEBUG org.apache.hc.client5.http.headers -- http-outgoing-1 >> connection: keep-alive
11:38:47.704 [main] DEBUG org.apache.hc.client5.http.headers -- http-outgoing-1 >> Host: googlechromelabs.github.io
11:38:47.704 [main] DEBUG org.apache.hc.client5.http.wire -- http-outgoing-1 >> "GET /chrome-for-testing/known-good-versions-with-downloads.json HTTP/1.1[\r][\n]"
11:38:47.704 [main] DEBUG org.apache.hc.client5.http.wire -- http-outgoing-1 >> "user-agent: Apache-HttpClient/5.0[\r][\n]"
11:38:47.704 [main] DEBUG org.apache.hc.client5.http.wire -- http-outgoing-1 >> "accept-encoding: gzip, deflate, br[\r][\n]"
11:38:47.704 [main] DEBUG org.apache.hc.client5.http.wire -- http-outgoing-1 >> "cache-control: max-age=0[\r][\n]"
11:38:47.704 [main] DEBUG org.apache.hc.client5.http.wire -- http-outgoing-1 >> "connection: keep-alive[\r][\n]"
11:38:47.704 [main] DEBUG org.apache.hc.client5.http.wire -- http-outgoing-1 >> "Host: googlechromelabs.github.io[\r][\n]"
11:38:47.704 [main] DEBUG org.apache.hc.client5.http.wire -- http-outgoing-1 >> "[\r][\n]"
11:38:47.731 [main] DEBUG org.apache.hc.client5.http.wire -- http-outgoing-1 << "HTTP/1.1 200 OK[\r][\n]"
11:38:47.731 [main] DEBUG org.apache.hc.client5.http.wire -- http-outgoing-1 << "Connection: keep-alive[\r][\n]"
11:38:47.731 [main] DEBUG org.apache.hc.client5.http.wire -- http-outgoing-1 << "Content-Length: 29416[\r][\n]"
11:38:47.731 [main] DEBUG org.apache.hc.client5.http.wire -- http-outgoing-1 << "Server: GitHub.com[\r][\n]"
11:38:47.731 [main] DEBUG org.apache.hc.client5.http.wire -- http-outgoing-1 << "Content-Type: application/json; charset=utf-8[\r][\n]"
11:38:47.731 [main] DEBUG org.apache.hc.client5.http.wire -- http-outgoing-1 << "permissions-policy: interest-cohort=()[\r][\n]"
11:38:47.731 [main] DEBUG org.apache.hc.client5.http.wire -- http-outgoing-1 << "x-origin-cache: HIT[\r][\n]"
11:38:47.731 [main] DEBUG org.apache.hc.client5.http.wire -- http-outgoing-1 << "Last-Modified: Mon, 26 Feb 2024 14:09:45 GMT[\r][\n]"
11:38:47.732 [main] DEBUG org.apache.hc.client5.http.wire -- http-outgoing-1 << "Access-Control-Allow-Origin: *[\r][\n]"
11:38:47.732 [main] DEBUG org.apache.hc.client5.http.wire -- http-outgoing-1 << "Strict-Transport-Security: max-age=31556952[\r][\n]"
11:38:47.732 [main] DEBUG org.apache.hc.client5.http.wire -- http-outgoing-1 << "ETag: W/"65dc9ba9-d95d8"[\r][\n]"
11:38:47.732 [main] DEBUG org.apache.hc.client5.http.wire -- http-outgoing-1 << "expires: Mon, 26 Feb 2024 14:22:48 GMT[\r][\n]"
11:38:47.732 [main] DEBUG org.apache.hc.client5.http.wire -- http-outgoing-1 << "Cache-Control: max-age=600[\r][\n]"
11:38:47.732 [main] DEBUG org.apache.hc.client5.http.wire -- http-outgoing-1 << "Content-Encoding: gzip[\r][\n]"
11:38:47.732 [main] DEBUG org.apache.hc.client5.http.wire -- http-outgoing-1 << "x-proxy-cache: HIT[\r][\n]"
11:38:47.732 [main] DEBUG org.apache.hc.client5.http.wire -- http-outgoing-1 << "X-GitHub-Request-Id: ADE8:140B4E:16166DA:16DDDD6:65DC9C5F[\r][\n]"
11:38:47.732 [main] DEBUG org.apache.hc.client5.http.wire -- http-outgoing-1 << "Accept-Ranges: bytes[\r][\n]"
11:38:47.732 [main] DEBUG org.apache.hc.client5.http.wire -- http-outgoing-1 << "Date: Mon, 26 Feb 2024 14:38:47 GMT[\r][\n]"
11:38:47.732 [main] DEBUG org.apache.hc.client5.http.wire -- http-outgoing-1 << "Via: 1.1 varnish[\r][\n]"
11:38:47.732 [main] DEBUG org.apache.hc.client5.http.wire -- http-outgoing-1 << "Age: 257[\r][\n]"
11:38:47.732 [main] DEBUG org.apache.hc.client5.http.wire -- http-outgoing-1 << "X-Served-By: cache-eze2230064-EZE[\r][\n]"
11:38:47.732 [main] DEBUG org.apache.hc.client5.http.wire -- http-outgoing-1 << "X-Cache: HIT[\r][\n]"
11:38:47.732 [main] DEBUG org.apache.hc.client5.http.wire -- http-outgoing-1 << "X-Cache-Hits: 1[\r][\n]"
11:38:47.732 [main] DEBUG org.apache.hc.client5.http.wire -- http-outgoing-1 << "X-Timer: S1708958328.718843,VS0,VE1[\r][\n]"
11:38:47.732 [main] DEBUG org.apache.hc.client5.http.wire -- http-outgoing-1 << "Vary: Accept-Encoding[\r][\n]"
11:38:47.732 [main] DEBUG org.apache.hc.client5.http.wire -- http-outgoing-1 << "X-Fastly-Request-ID: e6da98fae317d9754b2e8b43fc2e5cfbdbd016f4[\r][\n]"
11:38:47.732 [main] DEBUG org.apache.hc.client5.http.wire -- http-outgoing-1 << "[\r][\n]"
11:38:47.732 [main] DEBUG org.apache.hc.client5.http.headers -- http-outgoing-1 << HTTP/1.1 200 OK
11:38:47.732 [main] DEBUG org.apache.hc.client5.http.headers -- http-outgoing-1 << Connection: keep-alive
11:38:47.733 [main] DEBUG org.apache.hc.client5.http.headers -- http-outgoing-1 << Content-Length: 29416
11:38:47.733 [main] DEBUG org.apache.hc.client5.http.headers -- http-outgoing-1 << Server: GitHub.com
11:38:47.733 [main] DEBUG org.apache.hc.client5.http.headers -- http-outgoing-1 << Content-Type: application/json; charset=utf-8
11:38:47.733 [main] DEBUG org.apache.hc.client5.http.headers -- http-outgoing-1 << permissions-policy: interest-cohort=()
11:38:47.733 [main] DEBUG org.apache.hc.client5.http.headers -- http-outgoing-1 << x-origin-cache: HIT
11:38:47.733 [main] DEBUG org.apache.hc.client5.http.headers -- http-outgoing-1 << Last-Modified: Mon, 26 Feb 2024 14:09:45 GMT
11:38:47.733 [main] DEBUG org.apache.hc.client5.http.headers -- http-outgoing-1 << Access-Control-Allow-Origin: *
11:38:47.733 [main] DEBUG org.apache.hc.client5.http.headers -- http-outgoing-1 << Strict-Transport-Security: max-age=31556952
11:38:47.733 [main] DEBUG org.apache.hc.client5.http.headers -- http-outgoing-1 << ETag: W/"65dc9ba9-d95d8"
11:38:47.733 [main] DEBUG org.apache.hc.client5.http.headers -- http-outgoing-1 << expires: Mon, 26 Feb 2024 14:22:48 GMT
11:38:47.733 [main] DEBUG org.apache.hc.client5.http.headers -- http-outgoing-1 << Cache-Control: max-age=600
11:38:47.733 [main] DEBUG org.apache.hc.client5.http.headers -- http-outgoing-1 << Content-Encoding: gzip
11:38:47.733 [main] DEBUG org.apache.hc.client5.http.headers -- http-outgoing-1 << x-proxy-cache: HIT
11:38:47.733 [main] DEBUG org.apache.hc.client5.http.headers -- http-outgoing-1 << X-GitHub-Request-Id: ADE8:140B4E:16166DA:16DDDD6:65DC9C5F
11:38:47.733 [main] DEBUG org.apache.hc.client5.http.headers -- http-outgoing-1 << Accept-Ranges: bytes
11:38:47.733 [main] DEBUG org.apache.hc.client5.http.headers -- http-outgoing-1 << Date: Mon, 26 Feb 2024 14:38:47 GMT
11:38:47.733 [main] DEBUG org.apache.hc.client5.http.headers -- http-outgoing-1 << Via: 1.1 varnish
11:38:47.733 [main] DEBUG org.apache.hc.client5.http.headers -- http-outgoing-1 << Age: 257
11:38:47.733 [main] DEBUG org.apache.hc.client5.http.headers -- http-outgoing-1 << X-Served-By: cache-eze2230064-EZE
11:38:47.733 [main] DEBUG org.apache.hc.client5.http.headers -- http-outgoing-1 << X-Cache: HIT
11:38:47.733 [main] DEBUG org.apache.hc.client5.http.headers -- http-outgoing-1 << X-Cache-Hits: 1
11:38:47.733 [main] DEBUG org.apache.hc.client5.http.headers -- http-outgoing-1 << X-Timer: S1708958328.718843,VS0,VE1
11:38:47.733 [main] DEBUG org.apache.hc.client5.http.headers -- http-outgoing-1 << Vary: Accept-Encoding
11:38:47.733 [main] DEBUG org.apache.hc.client5.http.headers -- http-outgoing-1 << X-Fastly-Request-ID: e6da98fae317d9754b2e8b43fc2e5cfbdbd016f4
11:38:47.733 [main] DEBUG org.apache.hc.client5.http.impl.classic.MainClientExec -- ex-0000000002 connection can be kept alive for 3 MINUTES
11:38:47.735 [main] DEBUG org.apache.hc.client5.http.wire -- http-outgoing-1 << "[0x1f][0xffffff8b][0x8][0x0][0x0][0x0][0x0][0x0][0x0][0x3][0xffffffcd][0xffffffbd][0xffffffcd][0xffffff8e],[0xffffffcb]uf9[0xffffffef][0xffffffc7][0xffffffe0][0xffffffb8]x[0x15]n[0xffffffe6][0xfffffff6][0xffffffa7][0xffffffe7][0xffffffe8]Q7j[0xffffffc0][0xffffff96][0xffffffd8][0x12][0x1]J[0x14]HUU[0xffffffa3][0xb][0xfffffff5][0xffffffee][0x1d][0x19][0xffffff99][0xffffffe7]d^[0xffffffdb]_[0xffffff9c][0xffffffbe][0xffffffe1][0xffffff87][0xffffffd8][0xffffffeb][0x1b][0x14][\n]"
11:38:47.735 [main] DEBUG org.apache.hc.client5.http.wire -- http-outgoing-1 << "R)[0xffffff8f]{[0x9][0xb][0xb][0xffffff8b][0x1e][0xffffffb6][0xffffffb7][0xfffffffd][0xffffffcf][0xffffffdf][0xfffffffd][0xffffffe7][0xffffff9f][0xfffffffe][0xffffffed][0xffffff8f][0x7f][0xfffffffb][0xffffffcf]?[0xfffffffc][0xffffffdb][0x7f][0xfffffffc][0xffffffee][0x1f][0x7f]Wn[0xffffffe5][0xfffffffc][0xfffffffd][0xffffffad][0xfffffffc][0xffffffbe][0xffffff94][0xffffffff][0xffffffbd][0x1c][0xffffffff]x[0xffffff9b][0xffffffff][0xffffffd8][0xffffffe6]/[0xffffffb7]9[0xffffffff][0xffffff8f][0xffffffdf][0xfffffffd][0xffffff97][0xffffffdf][0xfffffffd][0xfffffff7]?[0xfffffffe][0xfffffff5]o[0x7f][0xfffffffa][0xffffffcb][0xffffffbf][0xffffffff][0xffffffed]w[0xffffffff][0xfffffff8][0x7f][0xfffffffe][0xffffffcf]o[0xffffffff][0xffffffc5][0xfffffffd]/[0xffffff8e][0xffffffa3][0xfffffffe]r[0xfffffffb][0xffffffa5][0xfffffff5]Q~[0xffffffb9][0xffffffdd][0xffffffff][0xffffffa7][0xfffffffe][0xfffffffa][0xffffffc7][0xffffffff][0xfffffffe][0xffffffa7][0xffffffef][0xffffffff]/[0xffffffe5]8[[0xffffffbb][0xffffffff]7[0xffffffff][0xfffffff9]/[0xffffffff][0xffffffe3][0xffffffdf][0xffffffff][0xfffffffc][0xffffff97]?[0xfffffffc][0xfffffff3][0xfffffffd]o[0xffffffff][0xffffffe7][0xffffffef][0xfffffffe][0xffffffe9]_[0xffffffff][0xfffffffa][0xffffff97][0x7f][0xfffffffb][0xffffffe3][0xffffffe3]_[0xfffffff9][0xffffff8f]?[0xffffffff][0xffffffe1]?[0xffffffff][0xffffffef][0xffffffbf][0xfffffffc][0xfffffff5][0xffffffdf][0xffffffee][0xffffffff][0xffffffc3][0x7f][0xfffffffe][0xffffffd3][0xffffffbf][0xffffffff][0xffffffb7][0xffffffff][0xffffffa7][0xffffff9f][0xfffffff7][0xffffffff][0xffffffe1][0xffffffff][0xfffffff6][0xffffffd7]?[0xffffffdf][0xffffffff][0xffffffeb][0x7f][0xfffffffd][0xffffffcf][0xffffffff][0xfffffffc][0xffffff8f][0xffffffbf][0xfffffffd][0xffffffe3]?[0xfffffffc][0xffffffc3][0xffffffdf][0xfffffffe][0xfffffff3]/[0x7f][0xfffffffd][0xffffffc3][0xffffffbf][0xfffffffc][0xfffffff1][0xffffff97][0x7f][0xfffffff9][0xffffffcb]_[0xfffffffe][0xffffffe5][0xffffffcf][0x7f][0xfffffffc][0xffffffc3][0x7f][0xfffffffc][0xffffffe9]o[0xffffffbf][0xfffffffc][0xffffffd3]_[0xfffffffe][0xffffffed][0x1f][0xffffffde][0xffffffff][0xffffff91][0xffffffdf][0xffffffdf][0xffffffff][0xfffffff8][0xfffffff7][0xffffffff]y[0x7f][0xfffffff9]?[0xfffffffd][0xfffffffb][0xffffffbf][0xfffffffc][0xfffffffe]?[0xfffffffe][0xffffffdb][0xffffffff][0xfffffff5][0xffffffe7]?[0xfffffffd][0xffffffd3]?|}[0xffffff9f][0x7f][0xfffffff8][0xfffffff8]W[0xffffffbf][0xfffffffd][0xffffff8f][0x7f][0xfffffffc][0xffffff97][0xffffffbf][0xfffffffc][0xffffffbf][0x7f][0xfffffffa][0xffffff8f][0xffffffdf][0xfffffffd][0xffffffaf][0xffffffff][0xfffffff2][0xffffffab][0xffffffe7][0xffffffff][0xffffffdb][0x1f][0xfffffffe][0xffffffe9][0xfffffff7][0x7f][0xfffffff8][0xffffffeb][0xffffffbf][0xfffffffd][0xffffffdd][0xffffffdf][0xffffffe0][0xfffffffb][0xffffffbf][0xfffffffb][0xffffffed][0xf][0xffffffbe][0xffffffff]7[0xffffff9e][0xffffffbd][0xffffffc5][0xffffffdf][0xffffffff][0x7f][0xb][0x1f][0xffffffff][0xffffffea][0xffffffd7]7x[0xfffffff2][0xffffffbf][0xffffff85][0xffffffff][0xfffffff1][0xffffffa7][0x7f][0xffffffaf][0xffffffe5][0xffffffef][0xfffffffc][0xfffffff4][0xffffffc7][0xffffffbf][0xfffffff9][0xffffffed][0x7f][0xfffffff8][0xfffffff1]_<y[0xfffffff2][0xffffffdf][0xfffffffd][0xffffffff][0xffffffdf][0xffffff8f][0x7f][0xfffffff3][0xffffffcb][0xffffff93][0xffffffbf][0xfffffffd][0xffffffff][0xfffffff9][0xffffffbf][0xfffffffe][0xffffffaf][0xffffffb7][0xffffff87]K[0xffffff84]k3c[0xffffffb8]6[0x1c][0xffffffe2][0xfffffffb]+[0xfffffff0][0x14][0x7f][0xffffffbc][0x4][0xffffff85][0xfffffff1][0xfffffffd][0xfffffff1][0x14][0xffffffc7][0xffffffef][0xffffff8f]~[0x15][0xffffffe4]^[0xffffffcd]@[0xffffffee][0x15][0x7][0xfffffff9][0xfffffffe][\n]"
11:38:47.735 [main] DEBUG org.apache.hc.client5.http.wire -- http-outgoing-1 << "<[0xffffffc8][0x1f]/A[0xffffff81]|[0x7f]<[0x5][0xfffffff2][0xfffffffb][0xffffffa3][0x7f]#[0xffffffc8][0xffffffe7][0xffffffe3][0xffffffaf]V[0x17]Q[0xffffffd1]K_[0xffffffe9][0x1c][0x7f][0xffffffbe][0xf][0xffffff85][0xfffffff1][0xffffff97]7[0xffffffc0]([0xffffffde][0xffffffde]![0x19][0xffffffe2]/OOf[0xfffffff8][0xffffffd7]O~[0x5][0xffffffe1]q[0xffffff9b][0x2][0xffffffe1]Y[0xffffffdb][0xffffffc1] [0xfffffffc]x[0x1f][0x14][0xffffffe1][0xfffffff7]7`[0x11][0xfffffffe]|[0x7][0x2][0xffffffe1][0xfffffff7][0xffffffa7][0x13][0x8][0x7f][0x7f][0xfffffff2]k[0x8]/[0xffffff85]p;O[\n]"
11:38:47.735 [main] DEBUG org.apache.hc.client5.http.wire -- http-outgoing-1 << "[0xffffffe1][0xffffff85]#[0xffffffbc][0xc][0x10]^([0xffffffc2][0xb]Cx]@[0xfffffff8][0xffffffb8])[0xffffff84]g[0xffffff9d][0x10][0xffffffc2]o[0xffffffef][0xffffffc3]"[0xfffffffc]x[0x3][0x18][0xffffffe1][0xffffffef][0xffffffef][0xffffff80] [0xfffffffc]x:[0xffffff82][0xfffffff0][0xffffffb7]'[0xffffffbf][0xffffff86][0xfffffff0][0xfffffff1]K[0xfffffffc][0xffffffcf]t[0xffffffeb][0xffffffe8]7[\n]"
11:38:47.735 [main] DEBUG org.apache.hc.client5.http.wire -- http-outgoing-1 << "[0xffffffe1][0xfffffffb][0xfffffffb][0xffffffc0][0x8][0xffffffbf][0xffffffbd][0x1][0xffffff8d][0xfffffff0][0xffffffb7]w`[0x10]~{:[0xffffff83][0xfffffff0][0xffffffc7][0xffffff93]_C[0xffffffb8][\n]"
11:38:47.735 [main] DEBUG org.apache.hc.client5.http.wire -- http-outgoing-1 << "[0xb][0xffffffaf][0xffffffd1][0xffffffa9][0xffffff90]x{[0x1f][0x18][0xffffffe1]j`[0xffffffe1][0xffffff8a]Z[0xffffffb8]b[0x16][0xffffffae]W,[0xffffffdc]"[0xffffffc2][0xfffffff5]Vg[0xffffffa5][0x10]n8[0xffffffc2][0xffffffcd][0x0][0xffffffe1][0xffffff86]"[0xffffffdc]0[0xffffff84][0xffffffdb][0x15][0xffffff84][0xffffffc5][0x17][0xffffff89]z[0x14][0xffffffe0][0xffffffe3][0xfffffff0][0xffffffe7][0xfffffffb][0xffffffc0][0x8][0x1b]|[0xffffff91]8[0xffffffd0]/[0x12][0x7][0xfffffff6]E[0xffffffe2][0xffffffb8][0xfffffff2]E[0xffffffa2][0xffffffdc]~9#[0xffffffc2][0xfffffff3][0xffffffd6]![0xffffff84][0xffffffdf][0xffffffde][0xffffff87]E[0xfffffff8][0xfffffff1][0x6]0[0xffffffc2][0xffffffdf][0xffffffdf][0x1]A[0xfffffff8][0xfffffff1]t[0x4][0xffffffe1]oO~[\r]aq^[0xffffffa2][0xffffff96][0xffffff93]C[0x18]</[0xfffffff1][0xffffffe5][\r]h[0xffffff84][0xffffffa1][0xfffffff3][0x12]_[0xffffff9e][0xffffffce] [0xfffffffc][0xffffffda]y[0xffffff89][0xffffff8f]?:[0x5][0xffffffc2][0xfffffff5]vP_$[0xffffffde][0xffffffde][0x7]F[0xfffffff8]4@[0xfffffff8]D[0x11]>1[0xffffff84][0xffffffcf]+[0x8][0xffffffab][0x16]>[0xffffffcb]A[0xfffffffd]:W[0xfffffff0][0x16].[0x6]-\[0xffffffd0][0x16].X[0xb][0xffffff97]+-\UH[0xffffff9c][0xffffffe7]*[0x10][0xffffffc2][0x15][0xf][0xffffff89]j[0x10][0x12][0x15][\r][0xffffff89][0xffffff8a][0xffffff85]D[0xffffffbd][0x12][0x12]U|[0x17][0xffffffae][0xffffffe7][0x1c][0xffffffd4][0x17][0xffffff89][0xffffff8a][0x7f][0x17][0xffffffae][0x6][0xffffffdf][0xffffff85]+[0xfffffffa]][0xffffffb8]b[0xffffffdf][0xffffff85][0xffffffeb][0xffffff95][0xffffffef][0xffffffc2]U[0xffffffb5]p;n[0x18][0xffffffc2]x[0xb]W[0xffffff83][0x16][0xfffffffe][0xfffffffe][0xe][0xc][0xffffffc2]X[0xb][0x7f]{[0xfffffff2]k[0x8][0xffffffab][0xffffff9f]6Z[0x1b][0xffffffd4][0x7f][0xffffff9c][0xffffffab][0xfffffff8]O[0x1b][0xffffffd5][0xffffffe0][0xffffffa7][0xffffff8d][0xffffff8a][0xfffffffe][0xffffffb4]Q[0xffffffb1][0xffffff9f]6[0xffffffea][0xffffff95][0xffffff9f]6[0xffffffee][0x7f]T[0xffffffcc][0x10].8[0xffffffc2][0xffffffc5][0x0][0xffffffe1][0xffffff82]"\0[0xffffff84][0xffffffcb][0x15][0xffffff84][0xffffffc3]1[0x1f][0x18]a[0xfffffff8][0xffffff98][0xffffffcf][0xffffffe3][\r]x[0xffffff84][0xffffffc1]c>[0xffffff8f][0xffffffa7]S[0x8][0xffffffbf]~[0xffffffcc][0xffffffe7][0xfffffffe]G[0xffffffdd][0xc][0xffffffe1][0xffffff8e]#[0xffffffdc][\r][0x10][0xffffffee]([0xffffffc2][0x1d]C[0xffffffb8]_A[0xfffffff8]pc[0xfffffff8][0xffffffe0]!>[0x1c](>X[0xffffff8c][0xf][0xffffff8e][0xffffffe3][0xffffffe3][0x12][0xffffffc8][0xffffffc5][\r][0xffffffe4][0xffffffc2][0xffffff83]\[0x1c]@.,[0xffffffc8][0xffffff85][0x3][0xffffffb9]\[0x2]9[0xe][0xffffffe7][0xffffffc3] s[0xffffffc3][0xfffffff9]__[0xffffff81][0x7][0xffffff99][0x19][0xffffffce][0xffffffff][0xfffffffa]x[\n]"
11:38:47.735 [main] DEBUG org.apache.hc.client5.http.wire -- http-outgoing-1 << "[0xffffffe4][0xffffff97][0xffffff86][0xfffffff3][0xffffffbf][0xffffffff][0xffffffd5][0xffffffe9][0x6][0xfffffff2][0xffffffc9][0xffffff83]|:[0xffffff80]|[0xffffffb2] [0xffffff9f][0x1c][0xffffffc8][0xffffffe7]%[0xffffff90][0xffffff97][0xffffffdb][0x7][0xffffffe3][0xffffffc5][0x7f]1[0xffffffbe][0xffffffbf][0x2][0xf][0xfffffff2][0xffffffc7]KP /[0xffffffee][0xffffffa3][0xfffffff1][0xffffffba][0xfffffff4][0xffffffd5][0xfffffff8][0xffffffa8]n[0x1f][0xffffffdd][0xffffffee]o[0xffffff84][0xffffffa3][0xfffffffc][0xfffffff6][0xe]<[0xffffffcb][0xffffffdf][0xffffffde][0xffffff82][0xffffff82][0xfffffff9][0xffffffed][0xfffffff9][0x14][0xffffffcd][0x1f][0xffffffcf][0xfffffffe][0xffffff8d]8[0xffffffb7][0xfffffff7]?[0x13][0xffffffe3][0xfffffffa]u[0xffffffdc]z[0xfffffffe][0xffffff81][0xffffffa0][0xffffffcf][0xfffffff7][0xffffffa1]P[0xfffffffe][0xfffffff2][0x6][0x18][0xffffffc8][0xffffffdb];$c[0xfffffffc][0xffffffe5][0xffffffe9][0xffffffc9][0x10][0xffffffff][0xfffffffa][0xffffffc9]/!|[0xffffff8a]q[0xfffffffd]:[0xffffffea][0xffffffcc]?[0xffffff96][0xfffffff9][0xfffffff9]>,[0xffffffc2]':[0xffffffae][0xffffffbf][0xffffffbd][0x3][0xffffff82][0xfffffff0][0x9][0xffffff8c][0xffffffeb][0xffffffff][0xfffffffa][0xffffffc9][0xffffffaf]!|([0xffffff84][0xffffffdb][0xffffff99][0xffffff9f][0x14][0xffffff9f][0xffffffef][0x3]#|[0x18] |[0xffffffa0][0x8][0x1f][0x18][0xffffffc2][0xffffffc7][0x15][0xffffff84][0xffffffd5][0xffffffc9][0xffffffe2][0xffffffd1][0xffffffd6][0xffffffa0][0x10][0x6]O[0x16][0x7f]y[0x3][0x1a]a[0xffffffe8]d[0xfffffff1][0xffffff97][0xffffffa7]3[0x8][0xffffffbf]v[0xffffffb2][0xfffffff8][0xffffffe3][0xffffff8f][0xffffffd4][0xffffffc9][0xffffffe2][0xffffffd1][0xffffffcf][0xfffffffc][0x5][0xffffff82][0xffffff9f][0xffffffef][0x3]#[0xffffff8c][0xffffff9e],[0xffffffde][0xffffffde][0xffffff81]A[0x18]8Y[0xfffffffc][0xffffffeb]'[0xffffffbf][0xffffff86][0xfffffff0])[0x11]^[0xfffffff9][0x1b]'>[0xffffffdf][0x7]F[0xfffffff8]4@[0xfffffff8]D[0x11]>1[0xffffff84][0xffffffcf]+[0x8][0xf][0xffffff81][0xfffffff0],[0x5][0xb][0xffffff89][0xffffff81]#<[0xc][0x10][0x1e]([0xffffffc2][0x3]Cx\AX}T[0xffffff9b][0xffffffb3]a[0x16][0xffffffc6]?[0xffffffaa][0xffffff9d][0x6][0x1f][0xffffffd5]N[0xfffffff4][0xffffffa3][0xffffffda][0xffffff89]}T;[0xffffffaf]|Tk[0xffffffea][0xffffffa3][0xffffffda]*[0x7][0xffffff85]p[0xffffffc3]?[0xffffffaa]5[0xffffff83][0xffffff8f]j[\r][0xfffffffd][0xffffffa8][0xffffffd6][0xffffffb0][0xffffff8f]j[0xffffffed][0xffffffca]G[0xffffffb5][0xffffffa6]>[0xffffffaa][0xffffffad][0xffffffb3]P[0x1f][0xffffffd5][0x1a][0xfffffffe]Q[0xffffffad][0x19]|Tk[0xffffffe8]G[0xffffffb5][0xffffff86]}TkW>[0xffffffaa][0xffffffdd][0xffffffff]([0xffffff8e]([0xffffffb1][0x8]c#J_[0xffffffde][0xffffff80]G[0x18][0x19]Q[0xfffffffa][0xfffffff2]t[\n]"
11:38:47.735 [main] DEBUG org.apache.hc.client5.http.wire -- http-outgoing-1 << "[0xffffffe1]WF[0xffffff94]>[0xfffffffe][0xffffffa8]([0xffffff84][0xffffffef]]M!\p[0xffffff84][0xffffff8b]"
11:38:47.736 [main] DEBUG org.apache.hc.client5.http.wire -- http-outgoing-1 << "[0x1][0xffffffc2][0x5]E[0xffffffb8]`[0x8][0xffffff97]+[0x8][0xffffff8b][0xffffffef][0xffffffc2][0xffffffe7][0xffffffed]V[0xfffffff2][0xffffffb7][0xffffffaf]}[0xffffffbe][0xf][0xffffff8c][0xffffffb0][0xffffffc1]w[0xffffffe1][0xffffff86]~[0x17]n[0xffffffd8]w[0xffffffe1]v[0xffffffe5][0xffffffbb]pk[\n]"
11:38:47.736 [main] DEBUG org.apache.hc.client5.http.wire -- http-outgoing-1 << "[0xffffffe1][0x6]l[0xffffff9c][0xfffffff8]|[0x1f][0x18][0xffffffe1]f[0xffffff80]pC[0x11]n[0x18][0xffffffc2][0xffffffed][\n]"
11:38:47.736 [main] DEBUG org.apache.hc.client5.http.wire -- http-outgoing-1 << "[0xffffffc2][0xffffffe2]z[0xffffffaf];[0xffffffc2][0xffffffd8]I[0xffffffb5][0x6]^[0xffffffef][0xfffffff5][0xffffffe5][\r]h[0xffffff84][0xffffffa1][0xffffffeb][0xffffffbd][0xffffffbe]<[0xffffff9d]A[0xfffffff8][0xffffffb5][0xffffffeb][0xffffffbd]>[0xfffffffe]H[0xfffffffc][0xffffffb4]q[0xffffffde]:ga[0xfffffffc][0xffffffa7][0xffffff8d]f[0xfffffff0][0xffffffd3]FC[0x7f][0xffffffda]h[0xffffffd8]O[0x1b][0xffffffed][0xffffffca]O[0x1b]M[0xffffffec][0xffffffc0][0xffffffbc]#[0xc]\,[0xfffffff3][0xfffffff9]>0[0xffffffc2][0xffffffe8][0xe][0xffffffcc][0xffffffed][0x1d][0x18][0xffffff84][0xffffff81][0x1d][0xffffff98][0xffffffbf]~[0xfffffff2]k[0x8][0xffffff8b]_[0xffffffe7][0xffffffce][0xffffffdb][0x18][0xffffffd4]y[0xffffffe1][0xffffff86][0xffffffff]:[0xffffffd7][0xc]~[0xffffff9d]k[0xffffffe8][0xffffffaf]s[\r][0xfffffffb]u[0xffffffae]][0xfffffff9]u[0xffffffae][0xffffff8b][0xffffff9f]6N[0xffffffe4]V[0xffffff8e][0xffffffcf][0xfffffff7]a[0x11][0xffffffee][0x6]?mt[0xfffffff4][0xffffffa7][0xffffff8d][0xffffff8e][0xfffffffd][0xffffffb4][0xffffffd1][0xffffffaf][0xfffffffc][0xffffffb4][0xffffffd1][0xffffffc5]y[0xffffffe1][0xfffffff3][0xffffffe8][0xffffff95][0xfffffffa][0xffffffa8][0xffffffd6][0xfffffff1][0xfffffff3][0xffffffc2][0xffffffdd][0xffffffe0][0xffffffbc]pG[0xffffffcf][0xb]w[0xffffffec][0xffffffbc]p[0xffffffbf]r^[0xfffffff8][0xfffffffe]G[0xffffffa7][0x19][0xffffffc2][0xffffffd8][0xffffffc5]2_[0xffffffde][0xffffff80]G[0x18][0xffffffb9]X[0xffffffe6][0xffffffcb][0xffffffd3])[0xffffff84]_[0xffffffb9]X[0xffffffe6][0xffffffe3][0xffffff8f][0xffffffd4]O[0x1b][0xffffffc7][0xffffffea]T[0xb]w[0xfffffffc][0xffffffa7][0xffffff8d]n[0xfffffff0][0xffffffd3]FG[0x7f][0xffffffda][0xffffffe8][0xffffffd8]O[0x1b][0xfffffffd][0xffffff87]?m[0xfffffffc][0xffffff97][0xf][0x8][0xffffffff][0xfffffff9][0xffffffaf][0x7f][0xffffffba][0xffffff83]L[0xffffffa0][0xfffffff8][0xfffffffe]d[0x7] ?[0xffffffde][0x4][0xffffffc7][0xfffffff2][0xffffffcb]{@p~[0xffffffbc][0x1][0xffffff86][0xffffffe8][0xffffffe7][0xfffffff3][0xffffffff][0x7f]][0xffffffdb][0xffffff84]kK[0x7][0xffffffae][0x15][0xffffffff]|[0x1f][0xffffffd8][0xffffffb5][0xffffffcd][0xffffffc0][0xffffffb5]-@[0xffffff9d][0xffffff89]s[0xffffffc3]\[0xffffffdb][0xffffff9c]\[0x1b]Qd\[0xffffffab][0xffffff80]d\[0x1b][0xffffffb1][0xffffffcc]w[0xffffffed][0xe]g[0xffffffb6]kwD_p[0xffffffad][0xfffffffa][0xffffffa5][0xffffffad][0x1e][0x13]s-[0xfffffffe]K[7[0xfffffff8][0xffffffa5][0xffffffad][0xffffffa3][0xffffffbf][0xffffffb4]u[0xffffffec][0xffffff97][0xffffffb6][0xfffffffe][0xffffffc3]_[0xffffffda][0xffffffb2]][0x1b]Qd\[0xffffffab][0xffffff80]d\[0x1b][0xffffffb1][0xffffffcc]w[0xffffffed][0xe]g[0xffffffb6]kwD_p[0xffffffad][0xfffffffa]I[0xffffffb8][0xffffffb6][0xffffff8a][0xfffffffd][0x18][0xffffff81][0xffffffff]$[0xffffffdc][\r]~[0x12][0xffffffee][0xffffffe8]O[0xffffffc2][0x1d][0xfffffffb]I[0xffffffb8][0xffffffff][0xfffffff0]'[0xffffffe1]l[0xffffffd7]F[0x14][0x19][0xffffffd7]* [0x19][0xffffffd7]F,[0xfffffff3]][0xffffffbb][0xffffffc3][0xffffff99][0xffffffed][0xffffffda][0x1d][0xffffffd1][0x17]\[0xffffffab][0xffffffce].[0xffffffd4][0xffffffde][0xffffffa8][0x15]%[0x1d]?[0xffffffbb][0xffffffd0][\r][0xffffffce].t[0xfffffff4][0xffffffec]B[0xffffffc7][0xffffffce].[0xfffffff4][0x1f][0xffffff9e]][0xffffffc8]vmD[0xffffff91]q[0xffffffad][0x2][0xffffff92]qm[0xffffffc4]2[0xffffffdf][0xffffffb5];[0xffffff9c][0xffffffd9][0xffffffae][0xffffffdd][0x11][0xfffffffd][0xffffffed][0xffffffae][0x1d]b[0x4][0xfffffffe][0xffffffac][0xffffffe3][0xffffffa0]&[0xffffffd7][0x6]>[0x2]?[0xc]F[0xffffffe0][0x7]:[0x2]?[0xffffffb0][0x11][0xfffffff8][0xfffffff1][0xffffffc3][0x11][0xfffffff8]d[0xffffffd7][\n]"
11:38:47.736 [main] DEBUG org.apache.hc.client5.http.wire -- http-outgoing-1 << "[0x14][0x11][0xffffffd7]J [0x11][0xffffffd7][\n]"
11:38:47.736 [main] DEBUG org.apache.hc.client5.http.wire -- http-outgoing-1 << ",[0xffffffd3]][0x1b][0xffffffe0]Lvm@[0xfffffff4][0x5][0xffffffd7][0xffffffaa][0x3][0xffffff8d][0xfffffff5]^[0xffffffca][0xffffff94]k[0xfffffff1][0x3][0xffffff8d][0xffffffc3][0xffffffe0]@[0xffffffe3]@[0xf]4[0xe][0xffffffec]@[0xffffffe3][0xfffffff8][0xffffffe1][0xffffff81][0xffffffc6]l[0xffffffd7]F[0x14][0x19][0xffffffd7]* [0x19][0xffffffd7]F,[0xfffffff3]][0xffffffbb][0xffffffc3][0xffffff99][0xffffffed][0xffffffda][0x1d][0xffffffd1][0x17]\[0xffffffab]N[0xffffffde][0xffffffd6]yP[0xffffffc7][0x16][0x7]~[0xfffffff2]v[0x18][0xffffff9c][0xffffffbc][0x1d][0xffffffe8][0xffffffc9][0xffffffdb][0xffffff81][0xffffff9d][0xffffffbc][0x1d]?<y[0xffffff9b][0xffffffed][0xffffffda][0xffffff88]"[0xffffffe3]Z[0x5]$[0xffffffe3][0xffffffda][0xffffff88]e[0xffffffbe]kw8[0xffffffb3]][0xffffffbb]#[0xfffffffa][0xffffff82]k[0xffffffd5][0xfffffff9][0xffffffda][0xffffffba][0xffffff80][0xffffffbb][0xffffff82]>[0xffffffdf][0x7]v[0xffffffad][0xffffffc1][0xfffffff9][0xffffffda][0x11][0xf]2f[0xffffffe2][0xffffff8c][0xffffff9d][0xffffffaf][0x1d][0xfffffffb][0xffffffe1]E[0xffffffd4][0xffffffb5]&[0xffffffe7]k%[0xffffff90][0xffffff8c]k[\r][0xffffffce][0xffffffd7][0x6]8[0xffffffb3]]{[0xfffffffd]|[0xffffffed][0xfffffffd]OO3[0xffffffd7][0xffffffc2][0xffffffe3]8[0xffffff8f]7[0xffffffe0]][0xb][0xffffff8e][0xffffffe3]<[0xffffff9e]N[0xffffffb9][0xfffffff6][0x7][0xffffffe3]8[0xfffffff9][0xffffffae][0xffffffdd]Q[0xffffffa4]\[0x1b][0xffffff81][0xffffffa4]\[0xffffffbb]cI[0xffffffb8][0xfffffff6][0xffffff84]]{^u[0xffffffad]Z[0xffffffc6]t.l=[0xfffffff4][0xffffffc0][0xffffff97]1[\r][0xffffff83]eL[0x3]][0xffffffc6]4[0xffffffb0]eL[0xffffffe3][0xffffff87][0xffffffcb][0xffffff98][0xffffffb2]][0x1b]Qd\[0xffffffab][0xffffff80]d\[0x1b][0xffffffb1][0xffffffcc]w[0xffffffed][0xe]g[0xffffffb6]kwD_p[0xffffffad][0xffffff9a]eh[0x5][0xffffffbb]Mb[0xffffffe0][0xffffffb3][0xc][0xffffffc3]`[0xffffff96]a[0xffffffc4]C[0xffffffe3][0xffffff99]8c[0xffffffb3][0xc]c?([0xffffff8e][0xffffffba][0xffffffd6]d[0xffffff96]A[0x2][0xffffffc9][0xffffffb8][0xffffffd6]`[0xffffff96]![0xffffffc0][0xffffff99][0xffffffed][0xffffffda][0xffffffeb][0xffffffb3][0xc]S[0xffffff9d]C[0xffffffe8]'v[0x5][0xffffffe0][0xffffffc4][0xffffffcf]!L[0xffffff83]s[0x8]3[0xfffffffe][0xffffffe0][0xffffff9b][0xffffff88][0xfffffff3][0xffffffc4][0xffffffce]![0xffffffcc][0xfffffffd]G^[0xffffffd2][0xffffffb5][0x2]E[0xffffffc4][0xffffffb5][0x12]H[0xffffffc4][0xffffffb5][0x2][0xffffffcb]t[0xffffffd7][0x6]8[0xffffff93]][0x1b][0x10]}[0xffffffc1][0xffffffb5]M[0xffffffb9]v[0xffffff95][0xffffff93]rm[0xffffffc3]][0xffffffdb][0xc]\[0xffffffdb][0x2][0xffffffd4][0xffffff99]87[0xffffffcc][0xffffffb5][0xffffffcd][0xffffffc9][0xffffffb5][0x11]E[0xffffffc6][0xffffffb5][\n]"
11:38:47.736 [main] DEBUG org.apache.hc.client5.http.wire -- http-outgoing-1 << "H[0xffffffc6][0xffffffb5][0x11][0xffffffcb]|[0xffffffd7][0xffffffee]pf[0xffffffbb]vG[0xfffffff4][0x5][0xffffffd7][0xffffffaa][0xffffffb9][0xffffffb1]q[0xffffffff][0x17])[0xffffffd7][0xffffffe2]sc[0xffffffd3]`nl[0xffffffc6][0x1][0xffffff9d]L[0xffffff9c][0xffffffb1][0xffffffb9][0xffffffb1][0xffffffb9][0xf][0xffffffe5][0xffffffa0][0xffffffae]5[0xffffff99][0x1b][0xffffff93]@2[0xffffffae]5[0xffffff98][0x1b][0xb]pf[0xffffffbb][0xfffffff6][0xfffffffa][0xffffffdc][0xffffffd8][0xffffffba][0xfffffffd]R[0xffffff83]k[0xffffffe7][0xfffffffd][0xffffffff]@[0xffffffae]}{[0x1f][0xffffffd6][0xffffffb5][0xffffff8f]7[0xffffff80]][0xfffffffb][0xfffffffd][0x1d][0x10][0xffffffd7]>[0xffffff9e][0xffffff8e][0xffffffb8][0xfffffff6][0xffffffdb][0xffffff93]-\+PD\+[0xffffff81]D\+[0xffffffb0]Lwm[0xffffff80]3[0xffffffd9][0xffffffb5][0x1][0xffffffd1][0xffffff97]\{[0xffffffb8][0xffffffc9][0xfffffff6][0xffffffe0]m{8[0xffffffe8][0xfffffff6]`}{p[0xffffffc2]=[0xffffffac][0xffffff8c][0x1b]x[0xffffffa4][0xffffff94]+[0xffffffa8][0xffffffa4][0xffffff9c][0x1b][0xffffffd8]$[0xffffffa4]{[0xffffffd0][0xffffffd6]=~B[0xffffffbb][0xffffff8f][0xffffffcf][0xffffffb4]N[0xffffffda]-[0xfffffff0]a[0xffffffdb][0xfffffff7]W[0xffffffe0][0xffffffb5][[0xffffffc0][0xffffffe3][0xffffffb6][0xffffffef][0xffffff8f][0xffffffa7][0xffffffb4][|[0xe][0xffffffdc]*[0x1e])[0xffffffed][\n]"
11:38:47.737 [main] DEBUG org.apache.hc.client5.http.wire -- http-outgoing-1 << "*)[0xffffffed][0x6]6[0x9][0xffffffed][0x16][0xfffffff4][0xffffffd0]m[0xffffffe4][0xfffffff4]%[0xffffffed][0xffffffb6]n[0xffffffa6][0xffffffdd][0xffffffd6]q[0xffffffed][0xffffffde]_[0xffffff81][0xffffffd7][0xffffffee][0xffffffc7]KP[0xffffffda][0xffffffbd]?[0xffffff9e][0xffffffd2][0xffffffee][0xfffffffb][0xffffffa3]][0xffffffb4][0x1b]x[0xffffffa4][0xffffffb4]+[0xffffffa8][0xffffffa4][0xffffffb4][0x1b][0xffffffd8]$[0xffffffb4][0xffffffbb][0x11][0xffffff9a][0xffffffaf][0xffffffdd][0xffffff8d][0xffffffd3][0xffffff97][0xffffffb4];[0xffffff9a][0xffffff99]vG[0xffffffc3][0xffffffb5]{[0x7f][0x5]^[0xffffffbb][0x1f]/Ai[0xfffffff7][0xfffffffe]xJ[0xffffffbb][0xffffffef][0xffffff8f]v[0xffffffd1]n[0xffffffe0][0xffffff91][0xffffffd2][0xffffffae][0xffffffa0][0xffffff92][0xffffffd2]n`[0xffffff93][0xffffffd0][0xffffffee]Fh[0xffffffbe]v7N_[0xffffffd2][0xffffffee][0xffffff8a][0xffffff87][0x16]X[0xffffffed].[0xfffffff8][0xffffffd4][0xffffffc2][0xfffffffb]+[0xfffffff0][0xffffffda][0xfffffffd]x[0x9]J[0xffffffbb][0xb]:[0xffffffb8][0xfffffff0][0xfffffffd][0xffffffd1].[0xffffffda][\r]<R[0xffffffda][0x15]TR[0xffffffda][\r]l[0x12][0xffffffda]][0xffffffe8][0xffffffe9][0xffffff85][0xffffffc8][0xffffffe9]k[0xffffffda][0xffffff9d]n[0xffffffda][0xffffff9d][0xffffffbc]v[0xffffffa7][0xffffff83]v'[0xffffffab][0xffffffdd][0xffffffc9]iwZiw[0xffffffe7][0x11][0xffffffd3]n[0xffffffa4][0x12][0xffffffd3][0xffffffee][0xffffffce]&[0xffffffa2][0xffffffdd]Ikw^[0xffffffd7][0xffffffee]q+f[0xffffffde][0xffffffbd][0xffffffbf][0x11].[0xffffffde][0xffffffb7]w[0xffffffe0][0xffffffcd][0xfffffffb][0xffffffed]-([0xfffffff5][0xffffffbe]=[0xffffff9f]r[0xffffffef][0xffffffc7][0xffffffb3]][0xffffffe4][0x1b][0xffffffa1][0xffffffa4][0xffffffec][0xffffffab][0xffffffd0][0xffffffa4][0xfffffff4][0x1b][0x1]%[0xfffffffc][0xffffffbb]c[0xffffff9a]/[0xffffffe0][0x1d][0xffffffd6][0xffffffd7][0xc]<[0xffffffdc]>8[0xffffffdc][0xffffffdf][0xffffff88]7[0xfffffff0][0xfffffffd][0x1d][0xc][0xc][0xfffffffc][0xfffffff1][0x16][0xffffff98][0xffffff81][0x7][0xfffffff7][0xffffffd1][0xffffffe1][0xffffffe3][0xffffffd9]6[0x6][0xe]Pb[0x6][0x16]hb[0x6][0xe][0xffffff80]"
11:38:47.737 [main] DEBUG org.apache.hc.client5.http.wire -- http-outgoing-1 << ""[0x6][0x1e][0xfffffff4][0xffffff97][0xffffff87][0x1d][0xffffffd6][0xffffffdf]b[0xffffffe0][0xfffffffe][0xfffffffe][0xffffffc7]j[0xfffffffb][0xffffffc2][0x1c]5[0xffffffdf][0xffffffbf][0xffffff9f][0xffffffef]C[0xffffffd9][0xfffffff7][0xffffffcb][0x1b]`[0xffffffee][0xffffffdd][0xffffffde]![0xffffffd9][0xffffffbc]_[0xffffff9e][0xffffff9e][0xffffffec][0xffffffdd]_?[0x19][0xffffffb6][0xffffffee]S[0x14][0xffffff93][0xffffff9d][0xfffffffb][0x3] [0xffffff93][0xffffff8d][0xfffffffb][0x14][0xffffffcb]D[0xffffffdf]>[0xffffff81]3[0xffffffcd][0xffffffb6]O[0x10]}[0xffffffc1][0xffffffb5]j3[0xfffffff9][0xffffffaa][0xffffffbd]P[0xffffffae][0x5]7[0xffffff93][0x7f]y[0x3][0xffffffda][0xffffffb5][0xffffffd0]f[0xfffffff2]/Og\[0xffffffeb][0xffffffb1][0xffffff99][0xfffffffc])[0xffffff8a][0xffffff8c]k[\r]6[0xffffff93]?[0xffffffc5]2[0xffffffdf][0xffffffb5][0xffffffd8]f[0xfffffff2]'[0xffffff88][0xffffffbe][0xffffffe0][0xffffffda]S[0xffffffb9][0xffffffb6][0xffffffb7][0xfffffffc][0xffffffcd][0xffffffe4][0xffffff9f][0xffffffef][0x3][0xffffffbb][0xfffffff6]4p[0xffffffed][0x19][0xffffffa0][0xffffffce][0xffffffc4][0xfffffff9][0xffffffc4]\{:[0xffffffb9]6[0xffffffa2][0xffffffc8][0xffffffb8]V[0x1][0xffffffc9][0xffffffb8]6b[0xffffff99][0xffffffef][0xffffffda][0x1d][0xffffffce]l[0xffffffd7][0xffffffee][0xffffff88][0xffffffbe][0xffffffe0][0xffffffda][0xffffffa6]\[0xffffffbb][0xe][0xffffffcc][0xffffffb5][\r]wm3pm[0xb]Pg[0xffffffe2][0xffffffdc]0[0xffffffd7]6'[0xffffffd7]F[0x14][0x19][0xffffffd7]* [0x19][0xffffffd7]F,[0xfffffff3]][0xffffffbb][0xffffffc3][0xffffff99][0xffffffed][0xffffffda][0x1d][0xffffffd1][0x17]\[0xffffffdb][0xffffffa3]k[0xffffffdb][0xffffffed][0xffffffd6]1[0xffffffd7]v[0xffffffdc][0xffffffb5][0xffffffdd][0xffffffc0][0xffffffb5]=@[0xffffff9d][0xffffff89]s[0xffffffc7]\[0xffffffdb][0xffffff9d]\[0x1b]Qd\[0xffffffab][0xffffff80]d\[0x1b][0xffffffb1][0xffffffcc]w[0xffffffed][0xe]g[0xffffffb6]kwD_p[0xffffffad][0xffffffb8][0x5][0xffffffe2][0xffffffee][0xffffffda][0xffffff85]}[0xffffffaf][0x5]o[0xffffff81][0xfffffff8][0xfffffff2][0x6][0xffffffb4]k[0xffffffa1][ [0xffffffbe]<[0xffffff9d]q[0xffffffad][0xffffffc7]-[0x10]OQd\kp[0xb][0xffffffc4]S,[0xfffffff3]][0xffffff8b][0xffffffdd][0x2][0xfffffff1][0x4][0xffffffd1][0x17]\;[0xffffff95]k[0xffffff8f]#[0xffffffff][0x16][0xffffff88][0xffffffcf][0xfffffff7][0xffffff81]];[\r]\;[0x3][0xffffffd4][0xffffff99]8O[0xffffffcc][0xffffffb5][0xffffffd3][0xffffffc9][0xffffffb5][0x11]E[0xffffffc6][0xffffffb5][\n]"
11:38:47.738 [main] DEBUG org.apache.hc.client5.http.wire -- http-outgoing-1 << "H[0xffffffc6][0xffffffb5][0x11][0xffffffcb]|[0xffffffd7][0xffffffee]pf[0xffffffbb]vG[0xfffffff4][0x5][0xffffffd7][0xffffff8a][0xffffffcd][0xffffffe4]w[0xffffffd7][0x2][0xffffffb7][0xffffff9b]}[0xffffffbe][0xf][0xffffffec]Zt3[0xfffffff9][0xfffffff6][0xe][0xffffff8c]k[0xffffff81][0xffffffcd][0xffffffe4][0xffffffbf]~[0xffffffb2][0xffffff87]k[0xfffffff1][0xffffffcd][0xffffffe4]?[0x0][0xffffff92]q-[0xffffffba][0xffffff99][0xfffffffc][0x9][0xffffff9c][0xffffffd9][0xffffffae][0xffffffbd][0xffffffb2][0xffffff99][0xfffffffc][0xfffffff1][0xffffffa7][0xfffffff3]vS[0xffffffae]-[0x15]r[0xffffffed][0xffffffe3]}P[0xffffffd7][0xffffffbe][0xffffffbf][0x1][0xffffffeb][0xffffffda][0xffffffcf]w \[0xfffffffb][0xfffffffe]t[0xffffffc2][0xffffffb5][0xffffffdf][0xffffff9f][0xffffffec][0xffffffe0]Z[0xffffff85]"[0xffffffe1]Z[\r]$[0xffffffe1]Z[0xffffff85]e[0xffffffb6]k#[0xffffff9c][0xffffffb9][0xffffffae][0xffffff8d][0xffffff88][0xffffffbe][0xffffffe0]Z1[0xffffffcb][0xffffffd0]n[0xffffffb5]B[0xffffffdf][0x10][0x1e][0xffffffef][0x3][0xffffffbb][0xffffff96][0xffffff9f]e[0xfffffff8]|[0x7][0xffffffc6][0xffffffb5][0xffffffd4],[0xffffffc3][0xfffffff7]'{[0xffffffb8][0xffffffd6]c[0xffffff96]A[0x3][0xffffffc9][0xffffffb8][0xffffff96][0xffffff9f]e[0xffffff88]pf[0xffffffbb][0xfffffff6][0xfffffff2],[0xffffffc3][0xffffffbc][0x15][0xffffffe5][0xffffffda][0xffffffb3][0xf][0xffffffca][0xffffffb5][0x5]wm1pm[0x9]Pg[0xffffffe2]\0[0xffffffd7][0x16]'[0xffffffd7]F[0x14][0x19][0xffffffd7]* [0x19][0xffffffd7]F,[0xfffffff3]][0xffffffbb][0xffffffc3][0xffffff99][0xffffffed][0xffffffda][0x1d][0xffffffd1][0x17]\[[0x7f][0x9][j[0xffffffda]m[0x15][0xffffffcc][0xffffffb5][0xfffffff7][0xfffffff7][0xffffff81]][0xfffffffb][0xfffffff6][0x6][0xffffffb4]k[0xffffffbf][0xffffffbd][0x3][0xffffffe3][0xffffffda][0xffffffb7][0xffffffa7]3[0xffffffae][0xfffffffd]x[0xffffffb2][0xffffff87]k#[0xffffff8a][0xffffff8c]k[0x15][0xffffff90][0xffffff8c]k#[0xffffff96][0xfffffff9][0xffffffae][0xffffffdd][0xffffffe1][0xffffffcc]v[0xffffffed][0xffffff8e][0xffffffe8][0xb][0xffffffae][0x15]sc[0xffffffed]8*[0xffffffe6]Zzn[0xffffffec][0xfffffffd][\r]h[0xffffffd7][0xffffff92]sc[0xffffffef]Og\k47[0xffffffa6]Pd\[0xffffffeb]27[0xffffffa6][0xffffffb0][0xffffffcc]w-;7[0x16][0x11]}[0xffffffc1][0xffffffb5]bn[0xffffffac][0x1d]g[0xffffff9b][0xffffff94]k[0xffffffe9][0xffffffb9][0xffffffb1][0xfffffff7]7[0xffffffa0]]K[0xffffffce][0xffffff8d][0xffffffbd]?[0xffffff9d]q[0xffffffad][0xffffffd1][0xffffffdc][0xffffff98]B[0xffffff91]q[0xffffffad][0xffffffcb][0xffffffdc][0xffffff98][0xffffffc2]2[0xffffffdf][0xffffffb5][0xffffffec][0xffffffdc]XD[0xfffffff4][0x5][0xffffffd7]v[0xffffffe5][0xffffffda]qb][0xffffffdb]q[0xffffffd7]v[0x3][0xffffffd7][0xfffffff6][0x0]u&[0xffffffce][0x1d]smwrmD[0xffffff91]q[0xffffffad][0x2][0xffffff92]qm[0xffffffc4]2[0xffffffdf][0xffffffb5];[0xffffff9c][0xffffffd9][0xffffffae][0xffffffdd][0x11]}[0xffffffc1][0xffffffb5]jn[0xffffffac][0x1c][0x3]s-=7[0xfffffff6][0xfffffffe][0x6][0xffffffb4]k[0xffffffc9][0xffffffb9][0xffffffb1][0xfffffff7][0xffffffa7]3[0xffffffae]5[0xffffff9a][0x1b]S(2[0xffffffae]u[0xffffff99][0x1b]SX[0xffffffe6][0xffffffbb][0xffffff96][0xffffff9d][0x1b][0xffffff8b][0xffffff88][0xffffffbe][0xffffffe0]Z57V[0xffffffce][0x1b][0xfffffff6][\r][0xffffff81][0xffffff9e][0x1b]{[0x7f][0x3][0xffffffda][0xffffffb5][0xffffffe4][0xffffffdc][0xffffffd8][0xfffffffb][0xffffffd3][0x19][0xffffffd7][0x1a][0xffffffcd][0xffffff8d])[0x14][0x19][0xffffffd7][0xffffffba][0xffffffcc][0xffffff8d]),[0xfffffff3]][0xffffffcb][0xffffffce][0xffffff8d]ED_rm<[0xffffff87][0xffffffc0][0xffffffba][0xffffff96]>[0xffffff87]0[\r][0xffffffce]![0xffffffcc][0xfffffff0][0xffffff83]o.[0xffffffce][0xffffffd4]9[0xffffff84][0xffffffe9]t[0xe]![0xffffffa2]H[0xffffffb9][0xffffffd6][0xffffffe5][0x1c]B[0xffffffc4][0xffffff92]p-{[0xe]aG[0xfffffff4][0x5][0xffffffd7][0xffffffaa][0x19][0xffffffdd]2[0x6]6[0xffffffcb]@[0xffffffcf][0xffffffe8][0xffffffbe][0xffffffbf][0x1][0xffffffed]ZrF[0xfffffff7][0xfffffffd][0xffffffe9][0xffffff8c]k[0xffffff8d]ft[0x15][0xffffff8a][0xffffff8c]k]ft[0x15][0xffffff96][0xfffffff9][0xffffffae]egt#[0xffffffa2]/[0xffffffb9]Vt-[0xffffffea]Z[0xffffffba]k[0xffffff97]A[0xffffffd7][0xffffffae][0x10][0x10][0xffffffb9]8S][0xffffffbb][0xffffff9c][0xffffffba]6[0xffffffa2]H[0xffffffb9][0xffffffd6][0xffffffa5]k#[0xffffff96][0xffffff84]k[0xffffffd9][0xffffffae][0xffffffdd][0x11][0xfffffffd][0xffffffed][0xffffffae]=[0xffffffd4]>[0xffffff84][0xffffffb2][0xffffff8e][0x3]r[0xffffffed][0xffffff81][0xffffffef]C8[0xc][0xfffffff6]![0x1c]q[0xfffffff0]<[0x11][0xffffffe7][0x3][0xffffffdb][0xffffff87]p[0xffffffec][0xffffffc3][0xffffffe6][0xffffffa4]k[0x5][0xffffff8a][0xffffff88]k%[0xffffff90][0xffffff88]k[0x5][0xffffff96][0xffffffe9][0xffffffae][\r]p&[0xffffffbb]6 [0xfffffffa][0xffffff82]k[0xffffffd5][0xffffff8c]nY[0xffffffb3]P[0xffffffae][0xffffffc5]gt[0xf][0xffffff83][0x19][0xffffffdd]#[0xe]Cf[0xffffffe2][0xffffff8c][0xffffffcd][0xffffffe8][0x1e][0xfffffffb][0x0]$[0xffffffea]Z[0xffffff93][0x19]][0x9]$[0xffffffe3]Z[0xffffff83][0x19][0xffffffdd][0x0]g[0xffffffb6]k[0xffffffaf][0xffffffcf][0xffffffe8][0x1e]j[0xffffff96][0xffffffa1][0xffffffb6][[0xffffffa3]\[0xffffff8b][0xffffffcf]2[0x1c][0x6][0xffffffb3][0xc]G<4[0xffffff9e][0xffffff89]36[0xffffffcb]p[0xffffffec][0x7][0xffffffc5]Q[0xffffffd7][0xffffff9a][0xffffffcc]2H [0x19][0xffffffd7][0x1a][0xffffffcc]2[0x4]8[0xffffffb3]]{}[0xffffff96][0xffffffe1][0xffffffed][0xffffffff][0xffffff8a][0xffffffae][0x1d][0x13][0xfffffffb][0xffffff86][0xffffffd0]q[0xffffffd7]v[0x3][0xffffffd7][0xfffffff6][0x0]u&[0xffffffce][0x1d]smwrmD[0xffffff91]q[0xffffffad][0x2][0xffffff92]qm[0xffffffc4]2[0xffffffdf][0xffffffb5];[0xffffff9c][0xffffffd9][0xffffffae][0xffffffdd][0x11]}[0xffffffc1][0xffffffb5]j[0xffffff96][0xffffffe1]<N[0xffffffec][0x1b][0x2]>[0xffffffcb]p[0x18][0xffffffcc]2[0x1c][0xfffffff1][0xffffffd0]x&[0xffffffce][0xffffffd8],[0xffffffc3][0xffffffb1][0x1f][0x14]G]k2[0xffffffcb] [0xffffff81]d\k0[0xffffffcb][0x10][0xffffffe0][0xffffffcc]v[0xffffffed][0xfffffff5]Y[0xffffff86]C[0xffffffcd]2[0xffffff9c][0xfffffff5][0xffffffc4][0xffffffba][0x16][0xffffff9f]e8[0xc]f[0x19][0xffffff8e]xh<[0x13]gl[0xffffff96][0xffffffe1][0xffffffd8][0xf][0xffffff8a][0xffffffa3][0xffffffae]5[0xffffff99]e[0xffffff90]@2[0xffffffae]5[0xffffff98]e[0x8]pf[0xffffffbb][0xfffffff6][0xfffffffa],CQ[0xffffffdf]k[0xffffffdb]:[0xffffffa1]{t[0x1f][0xffffffef][0xffffffc3][0xffffffba][0xffffffb6][0x18]|[0xffffffaf]-[0xfffffff1][0xffffffc3]X"[0xffffffce][0x5][0xfffffffb]^[[0xfffffff6][0xffffff8f]a[0xffffffa4]k[0x5][0xffffff8a][0xffffff88]k%[0xffffff90][0xffffff88]k[0x5][0xffffff96][0xffffffe9][0xffffffae][\r]p&[0xffffffbb]6 [0xfffffffa][0xffffff82]k[0xffffffd5]7[0xffffff84]~[0xffffffa3][0xffffffee]v|[0xffffffbc][0xf][0xffffffec]Z[0xffffff83]o[0x8]%[0xfffffffe][0xffffff87][0xffffffb5]L[0xffffff9c][0xffffffb1]o[0x8]e[0xffffffff][0xf]h[0xffffffa8]kM[0xffffffbe]!H [0x19][0xffffffd7][0x1a]|C[0x8]pf[0xffffffbb][0xfffffff6][0xfffffffa]7[0xffffff84][0xffffffa2][0xffffffbe]![0xfffffff4][0x3][0xffffffbb]o[0xffffffac][0xffffffe0][0xffffffdf][0x10][0xffffff8a][0xffffffc1]7[0xffffff84][0x12][0xffffffff][0xffffffc3]Z&[0xffffffce][0xffffffd8]7[0xffffff84][0xffffffb2][0xffffffff][0x7]4[0xffffffd4][0xffffffb5]&[0xffffffdf][0x10]$[0xffffff90][0xffffff8c]k[\r][0xffffffbe]![0x4]8[0xffffffb3]][0xfffffffb][0x13][0xffffffdf][0x10][0xffffffd4][0xffffff8c]n?[0xffffffc7]I[0xffffffb9][0x16][0xffffff9f][0xffffffd1]-[0x6]3[0xffffffba]%[0xe]"
11:38:47.739 [main] DEBUG org.apache.hc.client5.http.wire -- http-outgoing-1 << "Cf[0xffffffe2][0xffffff8c][0xffffffcd][0xffffffe8][0xffffff96]}[0x0][0x12]u[0xffffffad][0xffffffc9][0xffffff8c][0xffffffae][0x4][0xffffff92]q[0xffffffad][0xffffffc1][0xffffff8c]n[0xffffff80]3[0xffffffdb][0xffffffb5][0xffffffd7]gt[0xffffffab][0xffffff9a]e[0x18]g[0xffffffa3]\[[0xfffffff1]Y[0xffffff86]j0[0xffffffcb]P[0xffffffe3][0xffffffa1][0xfffffff1]D[0xffffff9c]+6[0xffffffcb]P[0xfffffff7][0xffffff83][0xffffffe2][0xffffffa4]k[0x5][0xffffff8a][0xffffff88]k%[0xffffff90][0xffffff88]k[0x5][0xffffff96][0xffffffe9][0xffffffae][\r]p&[0xffffffbb]6 [0xfffffffa][0xffffff82]k[0xffffffd5]oc[0xfffffff3][0x1c][0xffffffd4]7[0xffffff84][0xffffff8a][0xffffffff]6V[\r]~[0x1b][0xffffffab][0xfffffff1]G[0xffffff88]L[0xffffff9c][0xffffffb1][0xffffffdf][0xffffffc6][0xffffffea][0xfffffffe][0xffffffc3][0x3][0xffffffea]Z[0xffffff93][0xffffffdf][0xffffffc6]$[0xffffff90][0xffffff8c]k[\r]~[0x1b][0xb]pf[0xffffffbb][0xfffffff6][0xfffffffa]ocU}CX[0xffffffb5]R;[0x15]+[0xfffffffe][\r][0xffffffa1][0x1a]|C[0xffffffa8][0xfffffff1]?[0xffffffac]e[0xffffffe2][0xffffff8c]}C[0xffffffa8][0xfffffffb][0x7f]@C]k[0xfffffff2][\r]A[0x2][0xffffffc9][0xffffffb8][0xffffffd6][0xffffffe0][0x1b]B[0xffffff80]3[0xffffffdb][0xffffffb5][0xffffffd7][0xffffffbf]![0xffffff9c]j[0xfffffff7][0xffffffcc][0xffffffaa][0xffffffd8][0xffffffdc][0xffffffd8][0xffffff89][0xffffffef][0xffffff9e]9[\r]v[0xffffffcf][0xffffff9c]q[0xffffffc9]G"[0xffffffce]'[0xffffffb6]{[0xffffffe6][0xffffffdc][0x17]{[0xffffff90][0xffffffae][0x15]("[0xffffffae][0xffffff95]@"[0xffffffae][0x15]X[0xffffffa6][0xffffffbb]6[0xffffffc0][0xffffff99][0xffffffec][0xffffffda][0xffffff80][0xffffffe8][0xb][0xffffffae]=[0xffffff94]k[0xffffffcf][0xffffff83][0xffffffba][0x3][0xffffffe7][0xffffffed]}`[0xffffffd7][0x1e][0x6][0xffffffae]=[0x2][0xffffffd4][0xffffff99]8[0x1f][0xffffff98]k[0xf]'[0xffffffd7]F[0x14][0x19][0xffffffd7]* [0x19][0xffffffd7]F,[0xfffffff3]][0xffffffbb][0xffffffc3][0xffffff99][0xffffffed][0xffffffda][0x1d][0xffffffd1][0x17]\[0xffffffab]~[0x1b][[0xffffffad]R[0xffffffe7]kO[0xfffffffc][0xffffffb7][0xffffffb1][0xffffffd3][0xffffffe0][0xffffffb7][0xffffffb1]3[0xfffffffe][0x8][0xffffff91][0xffffff89]3[0xfffffff6][0xffffffdb][0xffffffd8][0xffffffb9][0xffffffff][0xfffffff0][0xffffff80][0xffffffba][0xffffffd6][0xffffffe4][0xffffffb7]1[0x9]$[0xffffffe3]Z[0xffffff83][0xffffffdf][0xffffffc6][0x2][0xffffff9c][0xffffffd9][0xffffffae][0xffffffbd][0xfffffffe][0xffffffdb][0xffffffd8]Y[0xffffff95]k[0x7][0xffffffb6][0xf][0xffffffe1][0xffffffed]}`[0xffffffd7]V[0x3][0xffffffd7][0xffffffd6][0x0]u&[0xffffffce][0x15]smurmD[0xffffff91]q[0xffffffad][0x2][0xffffff92]qm[0xffffffc4]2[0xffffffdf][0xffffffb5];[0xffffff9c][0xffffffd9][0xffffffae][0xffffffdd][0x11]}[0xffffffc1][0xffffffb5][0xffffffa7]r[0xffffffed]:[0xffffffb1][0xffffffae]=q[0xffffffd7][0xffffff9e][0x6][0xffffffae]=[0x3][0xffffffd4][0xffffff99]8[0xffffff9f][0xffffff98]kO'[0xffffffd7]F[0x14][0x19][0xffffffd7]* [0x19][0xffffffd7]F,[0xfffffff3]][0xffffffbb][0xffffffc3][0xffffff99][0xffffffed][0xffffffda][0x1d][0xffffffd1][0x17]\+[0xffffffce]|[0xfffffff5][-[0xffffffd8]oc[0xfffffff8][0xffffff99][0xffffffaf][0xffffffd3][0xffffffe0][0xffffffcc][0xffffffd7][0x19][0xf][0xffffffd7]d[0xffffffe2][0xffffff8c][0xffffff9d][0xfffffff9]:[0xfffffff7][0x3]5[0xffffffa8]kM[0xffffffce]|I [0x19][0xffffffd7][0x1a][0xffffff9c][0xfffffff9][\n]"
11:38:47.739 [main] DEBUG org.apache.hc.client5.http.wire -- http-outgoing-1 << "pf[0xffffffbb][0xfffffff6][0xfffffffa][0xffffff99][0xffffffaf][0xfffffffb][0xffffff9f][0x16]3[0xffffffd7][0xffffffc2][0xfffffff7][0xffffff8d]=[0xffffffde][0xffffff80]w-x[0xffffffdf][0xffffffd8][0xffffffe3][0xffffffe9][0xffffff94]k}[0xffffffee][0x1b][0x13](R[0xffffffae]5[0xffffffb9]oL`I[0xffffffb8][0x16][0xffffffbd]o, [0xfffffffa][0xffffff92]k[0xffffffab][0xffffff99]k+[0xffffffee][0xffffffda]j[0xffffffe0][0xffffffda][0xffffff8a][0xffffffba][0xffffffb6]b[0xffffffae][0xffffffad]N[0xffffffae][0xffffffdd]Q[0xffffffa4]\[0x1b][0xffffff81][0xffffffa4]\[0xffffffbb]cI[0xffffffb8][0xffffffb6][0xffffffc2][0xffffffae][0xffffffad][0xffffffd7]]{[0xffffff9a][0xffffffb9][0xfffffff6][0xffffffc4]]{[0x1a][0xffffffb8][0xfffffff6]D]{b[0xffffffae]=[0xffffff9d]\[0xffffffbb][0xffffffa3]H[0xffffffb9]6[0x2]I[0xffffffb9]v[0xffffffc7][0xffffff92]p[0xffffffed][0x9][0xffffffbb][0xfffffff6][0xffffffbc][0xffffffee][0xffffffda][0xffffffc3]M[0xffffffb6][0x7]o[0xffffffdb][0xffffffc3]A[0xffffffb7][0x7][0xffffffeb][0xffffffdb][0xffffff83][0x13][0xffffffee]ae[0xffffffdc][0xffffffc0]#[0xffffffa5]\A%[0xffffffe5][0xffffffdc][0xffffffc0]&![0xffffffdd][0xffffff83][0xffffffb6][0xffffffee][0xfffffff1][0x13][0xffffffda][0xffffffad]n[0xffffffdf]n+[0xffffffff][0xfffffff1][0xffffffb6]:|[0xffffffbd][0xffffffad][0xffffffec][0xffffffe7][0xffffffdb][0xffffffca]}[0xffffffbf][0xffffffad]V[0x1f]p[0x3][0xffffff8f][0xffffff94]v[0x5][0xffffff95][0xffffff94]v[0x3][0xffffff9b][0xffffff84]v+[0xfffffffd][0x11][0xffffffb7][0xfffffffe][0xffffffc4]W[0xffffffdc][0xffffffd3]M[0xffffffbb]'[0xffffffaf][0xffffffdd][0xffffffd3]A[0xffffffbb]'[0xffffffab][0xffffffdd][0xffffff93][0xffffffd3][0xffffffee]i[0xffffffa5][0xffffffdd][0xffffffc0]#[0xffffffa5]]A%[0xffffffa5][0xffffffdd][0xffffffc0]&[0xffffffa1][0xffffffdd][0xffffff93][0xffffffd6][0xffffffee][0xfffffff9]3[0xffffffda]]n[0xffffffda]][0xffffffbc]v[0xffffff97][0xffffff83]v[0x17][0xffffffab][0xffffffdd][0xffffffc5]iwYiw[0xffffffe7][0x11][0xffffffd3]n[0xffffffa4][0x12][0xffffffd3][0xffffffee][0xffffffce]&[0xffffffa2][0xffffffdd]Ekw][0xffffffd7]nw[0xffffffab][0xffffffdd][0xffffffce][0xffffffd7]nw[0xffffffa8][0xffffffdd][0xffffffce][0xffffffd6]n[0xffffffe7]j[0xffffffb7][[0xffffffd5]n[0xffffffe0][0xffffff91][0xffffffd2][0xffffffae][0xffffffa0][0xffffff92][0xffffffd2]n`[0xffffff93][0xffffffd0]n[0xffffffa7]k[0xffffffb7][0xffffffff]D[0xffffffed]N7[0xffffffed]N^[0xffffffbb][0xffffffd3]A[0xffffffbb][0xffffff93][0xffffffd5][0xffffffee][0xffffffe4][0xffffffb4];[0xffffffad][0xffffffb4][0x1b]x[0xffffffa4][0xffffffb4]+[0xffffffa8][0xffffffa4][0xffffffb4][0x1b][0xffffffd8]$[0xffffffb4];i[0xffffffed][0xffffffce][0xffffff9f][0xffffffd0][0xffffffee][0xffffffea]f[0xffffffda]][0x1d][0xffffffd7][0xffffffee][0xfffffffd][0x15]x[0xffffffed]~[0xffffffbc][0x4][0xffffffa5][0xffffffdd][0xfffffffb][0xffffffe3])[0xffffffed][0xffffffbe]?[0xffffffda]E[0xffffffbb][0xffffff81]GJ[0xffffffbb][0xffffff82]JJ[0xffffffbb][0xffffff81]MB[0xffffffbb][0x1b][0xffffffa1][0xfffffff9][0xffffffda][0xffffffdd]8[0xfffffffd]-[0xffffffda][0x1d][0xffffffef][0x7f][0xffffffdb][0xffffffd5][0xffffffc0][0xffffffef]*g[0xffffffba]u?[0xffffffdf][0xffffff87][0xffffff92][0xffffffee][0xffffff97]7[0xffffffc0][0xffffff9c][0xffffffbb][0xffffffbd]C[0xffffffb2]r[0xffffffbf]<=[0xffffffd9][0xffffffb8][0xffffffbf]~2,[0xffffffdc][0xffffffa7](&[0xfffffffb][0xfffffff6][0x7]@&[0xffffffeb][0xfffffff6])[0xffffff96][0xffffff89][0xffffffb6]}[0x2]g[0xffffff9a]l[0xffffff9f] [0xfffffffa][0xffffff82]k[0xffffffc5][0x5][0xffffffe8][0xfffffffd]8[0xffffff80][0x5][0xffffff8d][0xffffff9f][0xffffffef][0x3][0xffffffbb][0x16][0xffffffbd][0x0]}{[0x7][0xffffffc6][0xffffffb5][0xffffffc0][0x5][0xffffffe8][0xffffffbf]~[0xffffffb2][0xffffff87]k[0xfffffff1][0xb][0xffffffd0][0x7f][0x0]$[0xffffffe3]Z[0xfffffff4][0x2][0xfffffff4]'pf[0xffffffbb]vG[0xfffffff4][0x5][0xffffffd7]N[0xffffffb1]\[0xffffffe1]8K[0xfffffffe][0xffffff85]:[0xffffff9f][0xffffffef][0x3][0xffffffbb]v[0xffffff92][0xffffffcb][0x15][0xffffffb6]w`\;[0xfffffff3][0xffffff97]+[0xfffffffc][0xfffffffa][0xffffffc9][0x1e][0xffffffae][0xffffff8d](2[0xffffffae]U@2[0xffffffae][0xffffff8d]X[0xffffffe6][0xffffffbb]v[0xffffff87]3[0xffffffdb][0xffffffb5];[0xffffffa2]/[0xffffffb8]v)[0xffffffd7][0xfffffff6][0xffffff91][0x7f][0xffffffc9][0xffffffc3][0xffffffe7][0xfffffffb][0xffffffc0][0xffffffae]][0x6][0xffffffae]][0x1][0xffffffea]L[0xffffff9c][0x17][0xffffffe6][0xffffffda][0xffffffe5][0xffffffe4][0xffffffda][0xffffff88]"[0xffffffe3]Z[0x5]$[0xffffffe3][0xffffffda][0xffffff88]e[0xffffffbe]kw8[0xffffffb3]][0xffffffbb]#[0xfffffffa][0xffffffdb]][0xffffffdb][0xffffffc4][0xffffff85]:[0xffffffbd][0xffffffdc]V[0xfffffffe][0xffffffaf]d[0xffffff9f][0xffffffef][0xffffffc3][0xffffffba][0xffffffb6][0xffffffa1][0x17][0xffffffea]l[0xffffffef][0xffffff80][0xffffffb8][0xffffffb6][0x1][0x17][0xffffffea][0xfffffffc][0xfffffffa][0xffffffc9][0x16][0xffffffae][0x15]("[0xffffffae][0xffffff95]@"[0xffffffae][0x15]X[0xffffffa6][0xffffffbb]6[0xffffffc0][0xffffff99][0xffffffec][0xffffffda][0xffffff80][0xffffffe8][0xb][0xffffffae][0x15][0xffffff97]<[0xfffffff4]rt[0xffffffea]{m[0x3]/y[0xfffffff8][0xfffffff2][0x6][0xffffffb4]k[0xffffffa1]K[0x1e][0xffffffbe]<[0xffffff9d]q[0xffffffad][0xffffffc7]%[0xf]OQd\kp[0xffffffc9][0xffffffc3]S,[0xfffffff3]][0xffffff8b]][0xfffffff2][0xfffffff0][0x4][0xffffffd1][0x17]\+.y[0xffffffe8][0xffffffa5][0xffffffdc]*[0xffffffe5]Z[0xfffffff0][0xffffff92][0xffffff87]/o@[0xffffffbb][0x16][0xffffffba][0xffffffe4][0xffffffe1][0xffffffcb][0xffffffd3][0x19][0xffffffd7]z\[0xfffffff2][0xfffffff0][0x14]E[0xffffffc6][0xffffffb5][0x6][0xffffff97]<<[0xffffffc5]2[0xffffffdf][0xffffffb5][0xffffffd8]%[0xf]O[0x10]}[0xffffffc1][0xffffffb5][0xffffffea][0xffffff92][0xffffff87]RoX[0xffffffd7][0xffffff82][0xffffff97]<|y[0x3][0xffffffda][0xffffffb5][0xffffffd0]%[0xf]_[0xffffff9e][0xffffffce][0xffffffb8][0xffffffd6][0xffffffe3][0xffffff92][0xffffff87][0xffffffa7](2[0xffffffae]5[0xffffffb8][0xffffffe4][0xffffffe1])[0xffffff96][0xfffffff9][0xffffffae][0xffffffc5].yx[0xffffff82][0xffffffe8][0xb][0xffffffae][0x1d][0xffffffca][0xffffffb5][0xffffffb3]7[0xffffffca][0xffffffb5][0x3]w[0xffffffed]0p[0xffffffed][0x8]Pg[0xffffffe2]<0[0xffffffd7][0xe]'[0xffffffd7]F[0x14][0x19][0xffffffd7]* [0x19][0xffffffd7]F,[0xfffffff3]][0xffffffbb][0xffffffc3][0xffffff99][0xffffffed][0xffffffda][0x1d][0xffffffd1][0xffffff97]\[0x1b][0xffffffcf]![0xffffffb0][0xffffffae][0xffffff85][0xffffffcf]!<[0xffffffde][0xffffff80]w-x[0xe][0xffffffe1][0xfffffff1]t[0xffffffca][0xffffffb5]>[0xffffffe7][0x10][0x4][0xffffff8a][0xffffff94]kM[0xffffffce]![0x8],[0x9][0xffffffd7][0xffffffa2][0xffffffe7][0x10][0x2][0xffffffa2]/[0xffffffb8]v[0xffffff8a][0xffffffae][0xffffffad]e`[0xffffffdf]k'[0xffffffde][0xffffffb5][0xffffffd3][0xffffffa0]kg[0x8][0xffffff88]L[0xffffff9c]'[0xffffffd6][0xffffffb5][0xffffffd3][0xffffffa9]k#[0xffffff8a][0xffffff8c]k[0x15][0xffffff90][0xffffff8c]k#[0xffffff96][0xfffffff9][0xffffffae][0xffffffdd][0xffffffe1][0xffffffcc]v[0xffffffed][0xffffff8e][0xffffffe8][0xb][0xffffffae]][0xffffffca][0xffffffb5][0xffffffe7]([0xffffff94]"
11:38:47.740 [main] DEBUG org.apache.hc.client5.http.wire -- http-outgoing-1 << "k[0x17][0xffffffee][0xffffffda]e[0xffffffe0][0xffffffda][0x15][0xffffffa0][0xffffffce][0xffffffc4]ya[0xffffffae]]N[0xffffffae][0xffffff8d](2[0xffffffae]U@2[0xffffffae][0xffffff8d]X[0xffffffe6][0xffffffbb]v[0xffffff87]3[0xffffffdb][0xffffffb5];[0xffffffa2][0xffffffbf][0xffffffdd][0xffffffb5][0xfffffffd]&[0xffffffbe]![0xffffffd4][0xffffff81][0xffffffcd][0xffffff8d][0xffffffbd][0xffffffbd][0xf][0xffffffeb][0xffffffda][0xffffffc7][0x1b][0xffffffc0][0xffffffae][0xfffffffd][0xfffffffe][0xe][0xffffff88]k[0x1f]OG\[0xfffffffb][0xffffffed][0xffffffc9][0x16][0xffffffae][0x15]("[0xffffffae][0xffffff95]@"[0xffffffae][0x15]X[0xffffffa6][0xffffffbb]6[0xffffffc0][0xffffff99][0xffffffec][0xffffffda][0xffffff80][0xffffffe8][0xb][0xffffffae]U[0xffffffe7]k[0xffffffcf][0xffffff86]um[0xffffffc7][0xffffffcf][0xffffffd7]v[0xffffff83][0xfffffff3][0xffffffb5]=[0x1e]d[0xffffffcc][0xffffffc4][0x19];_[0xffffffdb][0xfffffff7][0xffffffc3][0xffffff8b][0xffffffa8]kM[0xffffffce][0xffffffd7]J [0x19][0xffffffd7][0x1a][0xffffff9c][0xffffffaf][\r]pf[0xffffffbb][0xfffffff6][0xfffffffa][0xfffffff9][0xffffffda][0xffffffae][0xffffffce][0xffffffd7][0xffffff9e][0xffffffab]`[0xffffffae][0xffffffc5][0xffffffcf][0xffffffd7]v[0xffffff83][0xfffffff3][0xffffffb5]=[0x1e]d[0xffffffcc][0xffffffc4][0x19];_[0xffffffdb][0xfffffff7][0xffffffc3][0xffffff8b][0xffffffa8]kM[0xffffffce][0xffffffd7]J [0x19][0xffffffd7][0x1a][0xffffff9c][0xffffffaf][\r]pf[0xffffffbb][0xfffffff6][0xfffffffa][0xfffffff9][0xffffffda][0xffffffae][0xffffffce][0xffffffd7][0xffffffb6][[0xffffffed][0xffffff94]k[0xfffffff1][0xfffffff3][0xffffffb5][0xffffffdd][0xffffffe0]|m[0xffffff8f][0x7][0x19]3q[0xffffffc6][0xffffffce][0xffffffd7][0xfffffff6][0xfffffffd][0xfffffff0]"[0xffffffea]Z[0xffffff93][0xfffffff3][0xffffffb5][0x12]H[0xffffffc6][0xffffffb5][0x6][0xffffffe7]k[0x3][0xffffff9c][0xffffffd9][0xffffffae][0xffffffbd]~[0xffffffbe][0xffffffb6][0xffffffab][0xfffffffd][0xffffffb5][0xffffffed]6[0xffffffa9]}[0x8][0x1d][0xffffffdf]_[0xffffffdb][\r][0xfffffff6][0xffffffd7][0xfffffff6][0xffffffb8](4[0x13]gl[0x7f]m[0xffffffdf][0xffffff97][0xffffff83][0xffffffa2][0xffffffae]5[0xffffffd9]_+[0xffffff81]d\k[0xffffffb0][0xffffffbf]6[0xffffffc0][0xffffff99][0xffffffed][0xffffffda][0xffffffeb][0xfffffffb]k[0xfffffffb]P[0xffffffae]=n[0xffffffd4][0xffffff9e][0xffffffaf][0xffffffb7][0xfffffff7][0xffffff81]];[0xc]\;[0x2][0xffffffd4][0xffffff99]8[0xf][0xffffffcc][0xffffffb5][0xffffffc3][0xffffffc9][0xffffffb5][0x11]E[0xffffffc6][0xffffffb5][\n]"
11:38:47.740 [main] DEBUG org.apache.hc.client5.http.wire -- http-outgoing-1 << "H[0xffffffc6][0xffffffb5][0x11][0xffffffcb]|[0xffffffd7][0xffffffee]pf[0xffffffbb]vG[0xfffffff4][0x5][0xffffffd7][0xffffffaa]3_[0xffffffad]4[0xffffffec][0x1b][0x2]~[0xffffffe6][0xffffffab][0x1b][0xffffff9c][0xfffffff9][0xffffffea][0xfffffff1]pM&[0xffffffce][0xffffffd8][0xffffff99][0xffffffaf][0xffffffbe][0x1f][0xffffffa8]A]kr[0xffffffe6]K[0x2][0xffffffc9][0xffffffb8][0xffffffd6][0xffffffe0][0xffffffcc]W[0xffffff80]3[0xffffffdb][0xffffffb5][0xffffffd7][0xffffffcf]|[0xffffff8d][0xffffff9b]r[0xffffffed][0xffffff89][0xffffffed]Cx{[0x1f][0xffffffd6][0xffffffb5][0xffffff8f]7[0xffffff80]][0xfffffffb][0xfffffffd][0x1d][0x10][0xffffffd7]>[0xffffff9e][0xffffff8e][0xffffffb8][0xfffffff6][0xffffffdb][0xffffff93]-\+PD\+[0xffffff81]D\+[0xffffffb0]Lwm[0xffffff80]3[0xffffffd9][0xffffffb5][0x1][0xffffffd1][0x17]\[0xffffffab][0xfffffff6][0xffffffd7][0xffffffb6]V[0xffffffa9][0xffffffb9][0xffffffb1][0xffffff81][0xffffffef][0xffffffaf][0x1d][0x6][0xfffffffb]kG\[0x14][0xffffff9a][0xffffff89]3[0xffffffb6][0xffffffbf]v[0xffffffec][0xffffffcb]AQ[0xffffffd7][0xffffff9a][0xffffffec][0xffffffaf][0xffffff95]@2[0xffffffae]5[0xffffffd8]_[0x1b][0xffffffe0][0xffffffcc]v[0xffffffed][0xfffffff5][0xfffffffd][0xffffffb5][0xffffffa3]([0xffffffd7][0xffffff8e][0x1b][0xfffffff5][0xffffffdb][0xffffffd8][0xffffffdb][0xfffffffb][0xffffffc0][0xffffffae]-[0x6][0xffffffae]-[0x1][0xffffffea]L[0xffffff9c][0xb][0xffffffe6][0xffffffda][0xffffffe2][0xffffffe4][0xffffffda][0xffffff88]"[0xffffffe3]Z[0x5]$[0xffffffe3][0xffffffda][0xffffff88]e[0xffffffbe]kw8[0xffffffb3]][0xffffffbb]#[0xfffffffa][0xffffff82]k[0xffffffd5],C[0xffffff9b][0x1d][0xffffffeb]Z|[0xffffff96]a[0x18][0xffffffcc]2[0xffffff8c]xh<[0x13]gl[0xffffff96]a[0xffffffec][0x7][0xffffffc5]Q[0xffffffd7][0xffffff9a][0xffffffcc]2H [0x19][0xffffffd7][0x1a][0xffffffcc]2[0x4]8[0xffffffb3]]{}[0xffffff96]a[0xffffffa8]Y[0xffffff86]^[0xffffffce][0x1b][0xffffffe5]Z|[0xffffff96]a[0x18][0xffffffcc]2[0xffffff8c]xh<[0x13]gl[0xffffff96]a[0xffffffec][0x7][0xffffffc5]Q[0xffffffd7][0xffffff9a][0xffffffcc]2H [0x19][0xffffffd7][0x1a][0xffffffcc]2[0x4]8[0xffffffb3]]{}[0xffffff96]a[0xffffffa8]Y[0xffffff86]^'[0xffffffb5][0xf]a[0xffffffe0][0xffffffb3][0xc][0xffffffc3]`[0xffffff96]a[0xffffffc4]C[0xffffffe3][0xffffff99]8c[0xffffffb3][0xc]c?([0xffffff8e][0xffffffba][0xffffffd6]d[0xffffff96]A[0x2][0xffffffc9][0xffffffb8][0xffffffd6]`[0xffffff96]![0xffffffc0][0xffffff99][0xffffffed][0xffffffda][0xffffffeb][0xffffffb3][0xc]C[0xffffffcd]2[0xfffffff4][0xffffffd1][0xffffffa8][0xfffffff3][0xffffffb5][0x3][0xffffff9f]e[0x18][0x6][0xffffffb3][0xc]#[0x1e][0x1a][0xffffffcf][0xffffffc4][0x19][0xffffff9b]e[0x18][0xfffffffb]Aq[0xffffffd4][0xffffffb5]&[0xffffffb3][0xc][0x12]H[0xffffffc6][0xffffffb5][0x6][0xffffffb3][0xc][0x1][0xffffffce]l[0xffffffd7]^[0xffffff9f]e[0x18]C[0xffffffb8]vT[0xffffffce][0xffffffb5][0x3]w[0xffffffed]0p[0xffffffed][0x8]Pg[0xffffffe2]<0[0xffffffd7][0xe]'[0xffffffd7]F[0x14][0x19][0xffffffd7]* [0x19][0xffffffd7]F,[0xfffffff3]][0xffffffbb][0xffffffc3][0xffffff99][0xffffffed][0xffffffda][0x1d][0xffffffd1][0x17]\[0xffffffab]v[0xffffff85][0xffffff8f]~R[0xffffffb3][0xc][0x3][0xffffffdf][0x15]>[0xc]v[0xffffff85][0xffffff8f][0xffffffb8][0xffffff94]9[0x13]glW[0xfffffff8][0xffffffd8][0x17]1[0xffffffa3][0xffffffae]5[0xffffffd9][0x15].[0xffffff81]d\k[0xffffffb0]+<[0xffffffc0][0xffffff99][0xffffffed][0xffffffda][0xffffffeb][0xffffffbb][0xffffffc2][0xffffff87][0xffffff9a][0x1b][0x1b][0xffffffa3]a[0xffffffbf][0xffffff8d][0xffffffe1]sc[0xffffffc3]`nl[0xffffffc4][0x1][0xffffff9d]L[0xffffff9c][0xffffffb1][0xffffffb9][0xffffffb1][0xffffffb1][0xf][0xffffffe5][0xffffffa0][0xffffffae]5[0xffffff99][0x1b][0xffffff93]@2[0xffffffae]5[0xffffff98][0x1b][0xb]pf[0xffffffbb][0xfffffff6][0xfffffffa][0xffffffdc][0xffffffd8][0xffffffbc][0xfffffffd]rF[0xffffffd7]N[0xffffffec]|[0xffffffed][0xffffffdb][0xfffffffb][0xffffffb0][0xffffffae]}[0xffffffbc][0x1][0xffffffec][0xffffffda][0xffffffef][0xffffffef][0xffffff80][0xffffffb8][0xfffffff6][0xfffffff1]t[0xffffffc4][0xffffffb5][0xffffffdf][0xffffff9e]l[0xffffffe1]Z[0xffffff81]"[0xffffffe2]Z[0x9]$[0xffffffe2]Z[0xffffff81]e[0xffffffba]k[0x3][0xffffff9c][0xffffffc9][0xffffffae][\r][0xffffff88][0xffffffbe][0xffffffe0]Z576V[0xffffffc3]\[0xffffff8b][0xffffffcf][0xffffff8d]M[0xffffff83][0xffffffb9][0xffffffb1][0x19][0x7]t2q[0xffffffc6][0xffffffe6][0xffffffc6][0xffffffe6]>[0xffffff94][0xffffff83][0xffffffba][0xffffffd6]dnL[0x2][0xffffffc9][0xffffffb8][0xffffffd6]`n,[0xffffffc0][0xffffff99][0xffffffed][0xffffffda][0xffffffeb]scS[0xffffffcd][0xffffff8d][0xffffffcd]2[0xffffffa9]{t'>76[\r][0xffffffe6][0xffffffc6]f[0x1c][0xffffffd0][0xffffffc9][0xffffffc4][0x19][0xffffff9b][0x1b][0xffffff9b][0xfffffffb]P[0xe][0xffffffea]Z[0xffffff93][0xffffffb9]1[0x9]$[0xffffffe3]Z[0xffffff83][0xffffffb9][0xffffffb1][0x0]g[0xffffffb6]k[0xffffffaf][0xffffffcf][0xffffff8d]M576[0xffffffdb][0xffffffa2]v[0xffffffcf]L|nl[0x1a][0xffffffcc][0xffffff8d][0xffffffcd]8[0xffffffa0][0xffffff93][0xffffff89]3676[0xfffffff7][0xffffffa1][0x1c][0xffffffd4][0xffffffb5]&sc[0x12]H[0xffffffc6][0xffffffb5][0x6]sc[0x1][0xffffffce]l[0xffffffd7]^[0xffffff9f][0x1b][0xffffff9b]jnl[0xffffffae][0xffffff93][0xffffff9a][0xffffffd1][0xffffff9d][0xfffffff8][0xffffffdc][0xffffffd8]4[0xffffff98][0x1b][0xffffff9b]q@'[0x13]glnl[0xffffffee]C9[0xffffffa8]kM[0xffffffe6][0xffffffc6]$[0xffffff90][0xffffff8c]k[\r][0xffffffe6][0xffffffc6][0x2][0xffffff9c][0xffffffd9][0xffffffae][0xffffffbd]>76[0xffffffd5][0xffffffdc][0xffffffd8]*[0x7]576[0xfffffff1][0xffffffb9][0xffffffb1]i076[0xffffffe3][0xffffff80]N&[0xffffffce][0xffffffd8][0xffffffdc][0xffffffd8][0xffffffdc][0xffffff87]rP[0xffffffd7][0xffffff9a][0xffffffcc][0xffffff8d]I [0x19][0xffffffd7][0x1a][0xffffffcc][0xffffff8d][0x5]8[0xffffffb3]]{}nl[0xffffffaa][0xffffffb9][0xffffffb1]ubg[0xffffffbe]&>76[\r][0xffffffe6][0xffffffc6]f[0x1c][0xffffffd0][0xffffffc9][0xffffffc4][0x19][0xffffff9b][0x1b][0xffffff9b][0xfffffffb]P[0xe][0xffffffea]Z[0xffffff93][0xffffffb9]1[0x9]$[0xffffffe3]Z[0xffffff83][0xffffffb9][0xffffffb1][0x0]g[0xffffffb6]k[0xffffffaf][0xffffffcf][0xffffff8d][0xffffffcd][0xffffffa1]\;+57[0xfffffff6][0xfffffff6]>[0xffffffb0]k[0xffffff87][0xffffff81]kG[0xffffff80]:[0x13][0xffffffe7][0xffffff81][0xffffffb9]v8[0xffffffb9]6[0xffffffa2][0xffffffc8][0xffffffb8]V[0x1][0xffffffc9][0xffffffb8]6b[0xffffff99][0xffffffef][0xffffffda][0x1d][0xffffffce]l[0xffffffd7][0xffffffee][0xffffff88][0xffffffbe][0xffffffe0]Z176n[0xffffffb7][0xffffff8e][0xffffff9d][0xfffffff9][0xffffffc2][0xffffffe7][0xffffffc6][0xffffffa6][0xffffffc1][0xffffffdc][0xffffffd8][0xffffff8c][0x3]:[0xffffff99]8cscs[0x1f][0xffffffca]A]k27&[0xffffff81]d\k07[0x16][0xffffffe0][0xffffffcc]v[0xffffffed][0xfffffff5][0xffffffb9][0xffffffb1])[0xffffffe6][0xffffffc6][0xffffffc6][0xffffffad]rg[0xffffffbe][0xfffffff0][0xffffffb9][0xffffffb1]i076[0xffffffe3][0xffffff80]N&[0xffffffce][0xffffffd8][0xffffffdc][0xffffffd8][0xffffffdc][0xffffff87]rP[0xffffffd7][0xffffff9a][0xffffffcc][0xffffff8d]I [0x19][0xffffffd7][0x1a][0xffffffcc][0xffffff8d][0x5]8[0xffffffb3]]{}nl[0xffffff89][0xfffffffb][0xffffffc6][0xffffffc6][0xffffffad]c[0xffffffbb][0xffffffc2][0x17]~[0xffffffdf][0xffffffd8]2[0xffffffb8]ol[0xffffffc5][0xffffff8b][0xffffff9d][0x12]q^[0xffffffd8]}ck[0xffffffbf][0xffffffcc][0xffffff89]t[0xffffffad]@[0x11]q[0xffffffad][0x4][0x12]q[0xffffffad][0xffffffc0]2[0xffffffdd][0xffffffb5][0x1][0xffffffce]d[0xffffffd7][0x6]D_p[0xffffffad][0xffffff98]e[0x18][0xffffffb7]U0[0xffffffd7][0xffffffe2][0xffffffb3][0xc][0xffffffcb]`[0xffffff96]a[0xffffffc5]C[0xffffffe3][0xffffff99]8c[0xffffffb3][0xc]k?("
11:38:47.741 [main] DEBUG org.apache.hc.client5.http.wire -- http-outgoing-1 << "[0xffffff8e][0xffffffba][0xffffffd6]d[0xffffff96]A[0x2][0xffffffc9][0xffffffb8][0xffffffd6]`[0xffffff96]![0xffffffc0][0xffffff99][0xffffffed][0xffffffda][0xffffffeb][0xffffffb3][0xc]K[0xffffffcc]2[0xffffffdc]][0xffffff8b][0xffffffed][\n]"
11:38:47.741 [main] DEBUG org.apache.hc.client5.http.wire -- http-outgoing-1 << "_[0xfffffff8],[0xffffffc3]2[0xffffff98]eX[0xfffffff1][0xffffffd0]x&[0xffffffce][0xffffffd8],[0xffffffc3][0xffffffda][0xf][0xffffff8a][0xffffffa3][0xffffffae]5[0xffffff99]e[0xffffff90]@2[0xffffffae]5[0xffffff98]e[0x8]pf[0xffffffbb][0xfffffff6][0xfffffffa],[0xffffffc3][0x12][0xffffffb3][0xc][0xffffffe3]8n'[0xffffffe5]Z|[0xffffff96]a[0x19][0xffffffcc]2[0xffffffac]xh<[0x13]gl[0xffffff96]a[0xffffffed][0x7][0xffffffc5]Q[0xffffffd7][0xffffff9a][0xffffffcc]2H [0x19][0xffffffd7][0x1a][0xffffffcc]2[0x4]8[0xffffffb3]]{}[0xffffff96]a[0xffffff89]Y[0xffffff86]q[0xffffffd4][0xffffffa3]P[0xffffffae][0xffffffc5]g[0x19][0xffffff96][0xffffffc1],[0xffffffc3][0xffffff8a][0xffffff87][0xffffffc6]3q[0xffffffc6]f[0x19][0xffffffd6]~P[0x1c]u[0xffffffad][0xffffffc9],[0xffffff83][0x4][0xffffff92]q[0xffffffad][0xffffffc1],C[0xffffff80]3[0xffffffdb][0xffffffb5][0xffffffd7]g[0x19][0xffffff96][0xffffff98]e[0x18]G?[0xffffffb1][0xffffffae][0xffffffc5]g[0x19][0xffffff96][0xffffffc1],[0xffffffc3][0xffffff8a][0xffffff87][0xffffffc6]3q[0xffffffc6]f[0x19][0xffffffd6]~P[0x1c]u[0xffffffad][0xffffffc9],[0xffffff83][0x4][0xffffff92]q[0xffffffad][0xffffffc1],C[0xffffff80]3[0xffffffdb][0xffffffb5][0xffffffd7]g[0x19][0xffffffd6]P[0xffffffae]][0x13][0xffffffeb][0xffffffda][0xffffff81][0xffffffbb]v[0x18][0xffffffb8]v[0x4][0xffffffa8]3q[0x1e][0xffffff98]k[0xffffff87][0xffffff93]k#[0xffffff8a][0xffffff8c]k[0x15][0xffffff90][0xffffff8c]k#[0xffffff96][0xfffffff9][0xffffffae][0xffffffdd][0xffffffe1][0xffffffcc]v[0xffffffed][0xffffff8e][0xffffffe8]K[0xffffffae][0xffffffad]f[0xffffffae][0xffffffad][0xffffffb8]k[0xffffffab][0xffffff81]k+[0xffffffea][0xffffffda][0xffffff8a][0xffffffb9][0xffffffb6]:[0xffffffb9]vG[0xffffff91]rm[0x4][0xffffff92]r[0xffffffed][0xffffff8e]%[0xffffffe1][0xffffffda][\n]"
11:38:47.741 [main] DEBUG org.apache.hc.client5.http.wire -- http-outgoing-1 << "[0xffffffbb][0xffffffb6]^u[0xffffffad][0xffffff9a][0x1b]+[0x5][0xffffffdb][0xffffff87][0xffffffb0][0xfffffff0][0xffffffb9][0xffffffb1]e07[0xffffffb6][0xffffffe2][0xffffff80]N&[0xffffffce][0xffffffd8][0xffffffdc][0xffffffd8][0xffffffda][0xffffff87]rP[0xffffffd7][0xffffff9a][0xffffffcc][0xffffff8d]I [0x19][0xffffffd7][0x1a][0xffffffcc][0xffffff8d][0x5]8[0xffffffb3]]{}nl[0xffffffa9][0xffffffb9][0xffffffb1][0xffffffd2]Njnl[0xffffffe1]sc[0xffffffcb]`nl[0xffffffc5][0x1][0xffffff9d]L[0xffffff9c][0xffffffb1][0xffffffb9][0xffffffb1][0xffffffb5][0xf][0xffffffe5][0xffffffa0][0xffffffae]5[0xffffff99][0x1b][0xffffff93]@2[0xffffffae]5[0xffffff98][0x1b][0xb]pf[0xffffffbb][0xfffffff6][0xfffffff2][0xffffffdc][0xffffffd8][0xffffffba][0xffffffa9][0xffffffb9][0xffffffb1]2+t[0xffffffbe][0xfffffff6][0xfffffff1]>[0xffffffa8]k[0xffffffdf][0xffffffdf][0xffffff80]u[0xffffffed][0xffffffe7];[0x10][0xffffffae]}[0x7f]:[0xffffffe1][0xffffffda][0xffffffef]Ovp[0xffffffad]B[0xffffff91]p[0xffffffad][0x6][0xffffff92]p[0xffffffad][0xffffffc2]2[0xffffffdb][0xffffffb5][0x11][0xffffffce]\[0xffffffd7]FD_rm1sm[0xffffffc1]][[0xc]\[P[0xffffffd7][0x16][0xffffffcc][0xffffffb5][0xffffffc5][0xffffffc9][0xffffffb5];[0xffffff8a][0xffffff94]k#[0xffffff90][0xffffff94]kw,[0x9][0xffffffd7][0x16][0xffffffd8][0xffffffb5][0xffffffe5][0xffffffaa]k[0xffffffc5][0xffffffdd][0xffffff8e][0xffffffa3][0x1e][0x13][0xffffffda][0xfffffff3][0xfffffff5]x[0x1f][0xffffffd8][0xffffffb5][0xfffffffc][0xffffffdd][0xffffff8e][0xffffff9f][0xffffffef][0xffffffc0][0xffffffb8][0xffffff96][0xffffffba][0xffffffdb][0xfffffff1][0xfffffffb][0xffffff93]=\[0xffffffeb]q[0xffffffb7][0xffffffa3][0x6][0xffffff92]q-[0x7f][0xffffffb7]c[0xffffff84]3[0xffffffdb][0xffffffb5][0xffffff97][0xffffffef]v\7[0xffffffb5][0xf][0xffffffa1][0xffffffd6][0x1][0xffffffed][0xffffffaf]}[0xffffffbc][0xf][0xffffffec]Z~[0x1f][0xffffffc2][0xffffffe7];0[0xffffffae][0xffffffa5][0xfffffff6]!|[0x7f][0xffffffb2][0xffffff87]k=[0xfffffff6]!h [0x19][0xffffffd7][0xfffffff2][0xfffffffb][0x10]"[0xffffff9c][0xffffffd9][0xffffffae][0xffffffbd][0xffffffbc][0xf][0xffffffe1][0xffffffed]O[0xffffffe3]7[0x4][0xffffffd6][0xffffffb5][0xfffffff4]7[0xffffff84]b[0xfffffff0][\r][0xffffffa1][0xffffff84][0xffffffff][0xffffffb0][0xffffff96][0xffffff8b]3[0xfffffff5][\r][0xffffffa1]8}C[0xffffff88](R[0xffffffae]u[0xfffffff9][0xffffff86][0x10][0xffffffb1]$\[0xffffffcb]~C[0xffffffd8][0x11]}[0xffffffc1][0xffffffb5]U[0xffffffb9][0xffffffb6]/h[0xffffffcf][0xffffffd7][0xffffffe3]}`[0xffffffd7]V[0x3][0xffffffd7][0xffffffd6][0x0]u&[0xffffffce][0x15]smurmD[0xffffff91]q[0xffffffad][0x2][0xffffff92]qm[0xffffffc4]2[0xffffffdf][0xffffffb5];[0xffffff9c][0xffffffd9][0xffffffae][0xffffffdd][0x11]}[0xffffffc1][0xffffffb5]j[0xfffffff7]L[0x5][0x7f][0x1b][0xffffffa3]w[0xffffffcf][0xffffffbc][0xffffffbf][0x1][0xffffffed]Zr[0xfffffff7][0xffffffcc][0xfffffffb][0xffffffd3][0x19][0xffffffd7][0x1a][0xffffffed][0xffffff9e]Q(2[0xffffffae]u[0xffffffd9]=[0xffffffa3][0xffffffb0][0xffffffcc]w-[0xffffffbb]{&"[0xfffffffa][0xffffff82]k[0xffffffd5][0xffffffee][0xffffff99]:[0x17][0xfffffff6][\r][0xffffff81][0xffffffde]=[0xfffffff3][0xfffffffe][0x6][0xffffffb4]k[0xffffffc9][0xffffffdd]3[0xffffffef]Og\k[0xffffffb4]{F[0xffffffa1][0xffffffc8][0xffffffb8][0xffffffd6]e[0xfffffff7][0xffffff8c][0xffffffc2]2[0xffffffdf][0xffffffb5][0xffffffec][0xffffffee][0xffffff99][0xffffff88][0xffffffe8][0xb][0xffffffae]U[0xffffffbb]g[0xffffffea]:[0xffffffa1][0x19][0xffffffdd][0xffffffc7][0xfffffffb][0xffffffc0][0xffffffae][0xffffffe5]w[0xffffffcf]|[0xffffffbe][0x3][0xffffffe3]Zj[0xfffffff7][0xffffffcc][0xfffffff7]'{[0xffffffb8][0xffffffd6]c[0xfffffff7][0xffffff8c][0x6][0xffffff92]q-[0xffffffbf]{&[0xffffffc2][0xffffff99][0xffffffed][0xffffffda][0xffffffcb][0xffffffbb]g[0xffffffd6]m[0x8][0xffffffd7][0xffffff9e][0xffffffb7][0x1b]4[0xffffffa3][0xfffffffb]x[0x1f][0xffffffd8][0xffffffb5][0xffffffc3][0xffffffc0][0xffffffb5]#@[0xffffff9d][0xffffff89][0xfffffff3][0xffffffc0]\;[0xffffff9c]\[0x1b]Qd\[0xffffffab][0xffffff80]d\[0x1b][0xffffffb1][0xffffffcc]w[0xffffffed][0xe]g[0xffffffb6]kwD_p[0xffffffad][0xffffffda][0xffffff87]p[0x1e][0xffffffe5][0xffffffa4]\K[0xffffffef]Cx[0x7f][0x3][0xffffffda][0xffffffb5][0xffffffe4]>[0xffffff84][0xfffffff7][0xffffffa7]3[0xffffffae]5[0xffffffda][0xffffff87][0xffffffa0]Pd\[0xffffffeb][0xffffffb2][0xf]Aa[0xffffff99][0xffffffef]Zv[0x1f]BD[0xfffffff4][0xffffffb7][0xffffffbb][0xfffffff6]P3[0xffffffba][0xffffffe7][0xffffffa0][0xfffffff6][0xffffffd7]>[0xffffffde][0xffffff87]u[0xffffffed]a0[0xffffffa3]{[0xffffffc4]a[0xffffffc8]D[0xffffff9c][0xf]lF[0xfffffff7][0xffffffd8][0x7] I[0xffffffd7][\n]"
11:38:47.741 [main] DEBUG org.apache.hc.client5.http.wire -- http-outgoing-1 << "[0x14][0x11][0xffffffd7]J [0x11][0xffffffd7][\n]"
11:38:47.741 [main] DEBUG org.apache.hc.client5.http.wire -- http-outgoing-1 << ",[0xffffffd3]][0x1b][0xffffffe0]Lvm@[0xfffffff4][0x5][0xffffffd7][0xffffffaa][0xffffffb9][0xffffffb1]v[0x1b][0xffffffd4]9[0xffffff84][0x3][0xffffff9f][0x1b];[0xc][0xffffffe6][0xffffffc6][0xffffff8e]8[0xffffffa0][0xffffff93][0xffffff89]367v[0xffffffec]C9[0xffffffa8]kM[0xffffffe6][0xffffffc6]$[0xffffff90][0xffffff8c]k[\r][0xffffffe6][0xffffffc6][0x2][0xffffff9c][0xffffffd9][0xffffffae][0xffffffbd]>7v[0xffffffff][0xffffffd3]x[0xffffffbe][0xffffff96]u-|[0xffffffbe][0xfffffff6][0xfffffff1][0x6][0xffffffbc]k[0xffffffc1][0xfffffff3][0xffffffb5][0xffffff8f][0xffffffa7]S[0xffffffae][0xfffffff5]9_+P[0xffffffa4]\kr[0xffffffbe]V`I[0xffffffb8][0x16]=_[0x1b][0x10]}[0xffffffc1][0xffffffb5]jF[0xffffffb7][0xffffffd5]N[0xffffffcd]2[0x1c][0xfffffff8][0xffffff8c][0xffffffee]a0[0xffffffa3]{[0xffffffc4]a[0xffffffc8]L[0xffffff9c][0xffffffb1][0x19][0xffffffdd]c[0x1f][0xffffff80]D]k2[0xffffffa3]+[0xffffff81]d\k0[0xffffffa3][0x1b][0xffffffe0][0xffffffcc]v[0xffffffed][0xfffffff5][0x19][0xffffffdd]C[0xffffffcd]2[0xffffffb4]5[0xffffffa8]s[0x8][0x7]>[0xffffffcb]p[0x18][0xffffffcc]2[0x1c][0xfffffff1][0xffffffd0]x&[0xffffffce][0xffffffd8],[0xffffffc3][0xffffffb1][0x1f][0x14]G]k2[0xffffffcb] [0xffffff81]d\k0[0xffffffcb][0x10][0xffffffe0][0xffffffcc]v[0xffffffed][0xfffffff5]Y[0xffffff86]C[0xffffffcd]2[0xfffffff4]J[0xffffffdd]Y[0xfffffffe]x[0x1f][0xffffffd8][0xffffffb5][0x6][0xffffffb3][0xc]G<4[0xffffff9e][0xffffff89]36[0xffffffcb]p[0xffffffec][0x7][0xffffffc5]Q[0xffffffd7][0xffffff9a][0xffffffcc]2H [0x19][0xffffffd7][0x1a][0xffffffcc]2[0x4]8[0xffffffb3]]{}[0xffffff96][0xffffffe1]P[0xffffffb3][0xc][0xffffffbd][0xffffff95]N[0xffffffb9][0x16][0xffffff9f]e8[0xc]f[0x19][0xffffff8e]xh<[0x13]gl[0xffffff96][0xffffffe1][0xffffffd8][0xf][0xffffff8a][0xffffffa3][0xffffffae]5[0xffffff99]e[0xffffff90]@2[0xffffffae]5[0xffffff98]e[0x8]pf[0xffffffbb][0xfffffff6][0xfffffffa],[0xffffffc3][0xffffffdb][0xffffffff][0x15]];:[0xffffffd6][0xffffffb5][0x3]w[0xffffffed]0p[0xffffffed][0x8]Pg[0xffffffe2]<0[0xffffffd7][0xe]'[0xffffffd7]F[0x14][0x19][0xffffffd7]* [0x19][0xffffffd7]F,[0xfffffff3]][0xffffffbb][0xffffffc3][0xffffff99][0xffffffed][0xffffffda][0x1d][0xffffffd1][0x17]\[0xffffffab]f[0x19][0xfffffffa][0xffffffc2]v[0xffffffcf][0x1c][0xfffffff8],[0xffffffc3]a0[0xffffffcb]p[0xffffffc4]C[0xffffffe3][0xffffff99]8c[0xffffffb3][0xc][0xffffffc7]~P[0x1c]u[0xffffffad][0xffffffc9],[0xffffff83][0x4][0xffffff92]q[0xffffffad][0xffffffc1],C[0xffffff80]3[0xffffffdb][0xffffffb5][0xffffffd7]g[0x19][0xffffff8a][0xffffff9a]e[0x18][0xffffffb7]B[0xfffffffd]6V[0xfffffff0]Y[0xffffff86]b0[0xffffffcb]P[0xffffffe2][0xffffffa1][0xfffffff1]D[0xffffff9c][0xb]6[0xffffffcb]P[0xfffffff6][0xffffff83][0xffffffe2][0xffffffa4]k[0x5][0xffffff8a][0xffffff88]k%[0xffffff90][0xffffff88]k[0x5][0xffffff96][0xffffffe9][0xffffffae][\r]p&[0xffffffbb]6 [0xfffffffa][0xffffff82]k[0xffffffd5][0xffffff99][0xffffffaf]q4j[0xfffffff7]L[0xffffffc1][0xffffffcf]|[0x15][0xffffff83]3_%[0x1e][0xffffffae][0xffffffc9][0xffffffc4][0x19];[0xfffffff3]U[0xfffffff6][0x3]5[0xffffffa8]kM[0xffffffce]|I "
11:38:47.742 [main] DEBUG org.apache.hc.client5.http.wire -- http-outgoing-1 << "[0x19][0xffffffd7][0x1a][0xffffff9c][0xfffffff9][\n]"
11:38:47.742 [main] DEBUG org.apache.hc.client5.http.wire -- http-outgoing-1 << "pf[0xffffffbb][0xfffffff6][0xfffffffa][0xffffff99][0xffffffaf][0xffffffa2][0xffffffee]e`][0xb][0xffffffcf]2[0x14][0xffffff83]{[0x19]J\[0xffffff80][0xffffff9f][0xffffff8b]34[0xffffffcb]P[0xfffffff6][0xffffffa5][0xfffffff7][0xffffffb0]k-f[0x19]$[0xffffff90][0xffffff94]k[0xfffffff1]Y[0xffffff86][0x0]g[0xffffffbe]k[0xffffffaf][0xffffffce]2[0xffffff94][0xffffffaa][0xffffffba][0xfffffff6]l[0xffffffd4],[0xffffffc3][0xffffffdb][0xfffffffb][0xffffffc0][0xffffffae][0xffffffad][0x6]][C@d[0xffffffe2]\[0xffffffb1][0xffffffae][0xffffffad]N][0x1b]Qd\[0xffffffab][0xffffff80]d\[0x1b][0xffffffb1][0xffffffcc]w[0xffffffed][0xe]g[0xffffffb6]kwD_p[0xffffffed][0xffffffa9][0xffffffba][0xffffffb6]O[0xffffffac]kO[0xffffffbc]kO[0xffffff83][0xffffffae]=C@d[0xffffffe2]|b]{:umD[0xffffff91]q[0xffffffad][0x2][0xffffff92]qm[0xffffffc4]2[0xffffffdf][0xffffffb5];[0xffffff9c][0xffffffd9][0xffffffae][0xffffffdd][0x11]}[0xffffffc1][0xffffffb5]j[0xffffff96]a[0xffffffde]z[0xffffffa3]\[0xffffff8b][0xffffffcf]2[0x14][0xffffff83]Y[0xffffff86][0x12][0xf][0xffffff8d]g[0xffffffe2][0xffffff8c][0xffffffcd]2[0xffffff94][0xfffffffd][0xffffffa0]8[0xffffffea]Z[0xffffff93]Y[0x6][0x9]$[0xffffffe3]Z[0xffffff83]Y[0xffffff86][0x0]g[0xffffffb6]k[0xffffffaf][0xffffffcf]2[0x14]5[0xffffffcb]0[0xffffffeb][0xffffffb9]([0xffffffd7][0xffffffe2][0xffffffb3][0xc][0xffffffc5]`[0xffffff96][0xffffffa1][0xffffffc4]C[0xffffffe3][0xffffff99]8c[0xffffffb3][0xc]e?([0xffffff8e][0xffffffba][0xffffffd6]d[0xffffff96]A[0x2][0xffffffc9][0xffffffb8][0xffffffd6]`[0xffffff96]![0xffffffc0][0xffffff99][0xffffffed][0xffffffda][0xffffffeb][0xffffffb3][0xc]e([0xffffffd7][0xfffffff6][0xffffff82][0xffffffb9]v[0xffffffe0][0xffffffae][0x1d][0x6][0xffffffae][0x1d][0x1][0xffffffea]L[0xffffff9c][0x7][0xffffffe6][0xffffffda][0xffffffe1][0xffffffe4][0xffffffda][0xffffff88]"[0xffffffe3]Z[0x5]$[0xffffffe3][0xffffffda][0xffffff88]e[0xffffffbe]kw8[0xffffffb3]][0xffffffbb]#[0xfffffffa][0xffffff82]k[0xffffffd5],[0xffffffc3][0xffffffe4][0xffffffee][0x1b]+[0xfffffff8],C1[0xffffff98]e([0xfffffff1][0xffffffd0]x&[0xffffffce][0xffffffd8],C[0xffffffd9][0xf][0xffffff8a][0xffffffa3][0xffffffae]5[0xffffff99]e[0xffffff90]@2[0xffffffae]5[0xffffff98]e[0x8]pf[0xffffffbb][0xfffffff6]'f[0x19][0xffffff96]p[0xffffffed]*[0xffffff8d][0xffffffda][0xffffff87][0xfffffff0][0xfffffff6]>[0xffffffb0]k[0xffffff97][0xffffff81]kW[0xffffff80]:[0x13][0xffffffe7][0xffffff85][0xffffffb9]v9[0xffffffb9]6[0xffffffa2][0xffffffc8][0xffffffb8]V[0x1][0xffffffc9][0xffffffb8]6b[0xffffff99][0xffffffef][0xffffffda][0x1d][0xffffffce]l[0xffffffd7][0xffffffee][0xffffff88][0xfffffffe]v[0xffffffd7]V57[0xffffffb6][0xffffffce]yB[0xffffffae][0xffffffad][0xfffffff8][0xffffffdc]X5[0xffffff98][0x1b][0xffffffab]q@'[0x11][0xffffffe7][0xffffff8a][0xffffffcd][0xffffff8d][0xffffffd5]}([0xffffff87]t[0xffffffad]@[0x11]q[0xffffffad][0x4][0x12]q[0xffffffad][0xffffffc0]2[0xffffffdd][0xffffffb5][0x1][0xffffffce]d[0xffffffd7][0x6]D_p[0xffffffad][0xffffffba][0x3]g[\r][0xffffffec][0x1b]B[0xffffffc5][0xffffffef][0xffffffc0][0xffffffa9][0x6]w[0xffffffe0][0xffffffd4]x[0xffffffd9]H&[0xffffffce][0xffffffd8][0x1d]8u[0xffffffbf]`[0x4]u[0xffffffad][0xffffffc9][0x1d]8[0x12]H[0xffffffc6][0xffffffb5][0x6]w[0xffffffe0][0x4]8[0xffffffb3]]{[0xfffffffd][0xe][0xffffff9c]*ft[0xffffffe7][0xffffffed]V[0xe][0xffffffca][0xffffffb5][0xfffffff8][0xffffff8c]n5[0xffffff98][0xffffffd1][0xffffffad]q[0x18]2[0x13]glF[0xffffffb7][0xffffffee][0x3][0xffffff90][0xffffffa8]kMft%[0xffffff90][0xffffff8c]k[\r]ft[0x3][0xffffff9c][0xffffffd9][0xffffffae][0xffffffbd]>[0xffffffa3][[0xffffffc5][0xffffffdc][0xffffffd8][0xffffffdd][0xffffffb5]\[0xffffffd7][0xffffffe2]sc[0xffffffd5]`n[0xffffffac][0xffffffc6][0x1][0xffffff9d]L[0xffffff9c][0xffffffb1][0xffffffb9][0xffffffb1][0xffffffba][0xf][0xffffffe5][0xffffffa0][0xffffffae]5[0xffffff99][0x1b][0xffffff93]@2[0xffffffae]5[0xffffff98][0x1b][0xb]pf[0xffffffbb][0xfffffff6][0xfffffffa][0xffffffdc]X[0x15]w[0xffffffe0][0xffffffdc]];[0xffffffa9]=_[0x15][0xffffffbf][0x3][0xffffffa7][0x1a][0xffffffdc][0xffffff81]S[0xffffffe3]e#[0xffffff99]8cw[0xffffffe0][0xffffffd4][0xfffffffd][0xffffff82][0x11][0xffffffd4][0xffffffb5]&w[0xffffffe0]H [0x19][0xffffffd7][0x1a][0xffffffdc][0xffffff81][0x13][0xffffffe0][0xffffffcc]v[0xffffffed][0xfffffff5];p[0xffffffaa][0xffffff98][0x1b][0xffffff9b][0xffffffb7]r[0xffffffa3][0xffffffce]!T|n[0xffffffac][0x1a][0xffffffcc][0xffffff8d][0xffffffd5]8[0xffffffa0][0xffffff93][0xffffff89]367V[0xfffffff7][0xffffffa1][0x1c][0xffffffd4][0xffffffb5]&sc[0x12]H[0xffffffc6][0xffffffb5][0x6]sc[0x1][0xffffffce]l[0xffffffd7]^[0xffffff9f][0x1b][0xffffffab]bnl[0xffffffde]Z[0xffffffc5][0xffffffba][0x16][0xffffff9f][0x1b][0xffffffab][0x6]sc5[0xe][0xffffffe8]d[0xffffffe2][0xffffff8c][0xffffffcd][0xffffff8d][0xffffffd5]}([0x7]u[0xffffffad][0xffffffc9][0xffffffdc][0xffffff98][0x4][0xffffff92]q[0xffffffad][0xffffffc1][0xffffffdc]X[0xffffff80]3[0xffffffdb][0xffffffb5][0xffffffd7][0xffffffe7][0xffffffc6][0xffffffea]P[0xffffffae][0xffffff9d][0x7][0xfffffff6][0xffffffdb][0xffffffd8][0xffffffc0]];[0xc]\;[0x2][0xffffffd4][0xffffff99]8[0xf][0xffffffcc][0xffffffb5][0xffffffc3][0xffffffc9][0xffffffb5][0x11]E[0xffffffc6][0xffffffb5][\n]"
11:38:47.743 [main] DEBUG org.apache.hc.client5.http.wire -- http-outgoing-1 << "H[0xffffffc6][0xffffffb5][0x11][0xffffffcb]|[0xffffffd7][0xffffffee]pf[0xffffffbb]vG[0xfffffff4][0x5][0xffffffd7][0xffffff8a][0xffffffb9][0xffffffb1]y[0xffffff94][0x1b][0xffffffb5]{[0xffffffa6][0xffffffe2]sc[0xffffffd5]`n[0xffffffac][0xffffffc6][0x1][0xffffff9d]L[0xffffff9c][0xffffffb1][0xffffffb9][0xffffffb1][0xffffffba][0xf][0xffffffe5][0xffffffa0][0xffffffae]5[0xffffff99][0x1b][0xffffff93]@2[0xffffffae]5[0xffffff98][0x1b][0xb]pf[0xffffffbb][0xfffffff6][0xfffffffa][0xffffffdc][0xffffffd8][0xfffffffd]O[0xffffff8b][0xffffff99]k[0xffffffe1][0xffffff9d][0xffffff8a][0xffffff8f]7[0xffffffe0]][0xb][0xffffffee]T|<[0xffffff9d]r[0xffffffad][0xffffffcf]NE[0xffffff81]"[0xffffffe5]Z[0xffffff93][0xffffff9d][0xffffff8a][0x2]K[0xffffffc2][0xffffffb5][0xffffffe8]N[0xffffffc5][0xffffff80][0xffffffe8]K[0xffffffae]=[0xffffffcd]\{[0xffffffe2][0xffffffae]=[\r]\{[0xffffffa2][0xffffffae]=1[0xffffffd7][0xffffff9e]N[0xffffffae][0xffffffdd]Q[0xffffffa4]\[0x1b][0xffffff81][0xffffffa4]\[0xffffffbb]cI[0xffffffb8][0xfffffff6][0xffffff84]]{^w[0xffffffed][0xffffffe3][0xffffffdb][0xffffffac][0xffffff93]l[0xffffff8f][0x3][0xffffffb7][0xffffffed][0xfffffffd][0x15]x[0xffffffdd]~[0xffffffbc][0x4][0xffffffe5][0xffffffdb][0xfffffffb][0xffffffe3])[0xffffffe1][0xffffffbe]?[0xffffffda][0xffffffc5][0xffffffb8][0xffffff81]GJ[0xffffffb9][0xffffff82]J[0xffffffca][0xffffffb9][0xffffff81]MB[0xffffffba][0x1b][0xffffffa1][0xfffffff9][0xffffffd6][0xffffffdd]8}I[0xffffffbb][0xffffffc5][0xffffffee]{[0xffffff82][0xffffffc1][0x7][0x5][0xffffff8b]/[\n]"
11:38:47.743 [main] DEBUG org.apache.hc.client5.http.wire -- http-outgoing-1 << "[0xfffffff0]'[0x5][0xfffffff0][0xffffff9b][0xffffff82][0xffffffd7]G[0x5][0xffffff9b][0xffffffaf][\n]"
11:38:47.743 [main] DEBUG org.apache.hc.client5.http.wire -- http-outgoing-1 << "F[0xffffff9f][0x15],[0xffffffbe]+[0xffffffe0][0x1f][0x16]~[0xffffffe2][0xffffffcb]Bmf[0xffffffda][0xffffffad][\r][0xffffffd7][0xffffffee][0xfffffffd][0x15]x[0xffffffed]~[0xffffffbc][0x4][0xffffffa5][0xffffffdd][0xfffffffb][0xffffffe3])[0xffffffed][0xffffffbe]?[0xffffffda]E[0xffffffbb][0xffffff81]GJ[0xffffffbb][0xffffff82]JJ[0xffffffbb][0xffffff81]MB[0xffffffbb][0x1b][0xffffffa1][0xfffffff9][0xffffffda][0xffffffdd]8}I[0xffffffbb][0xffffffe7]4[0xffffffd3][0xffffffee]9q[0xffffffed][0xffffffde]_[0xffffff81][0xffffffd7][0xffffffee][0xffffffc7]KP[0xffffffda][0xffffffbd]?[0xffffff9e][0xffffffd2][0xffffffee][0xfffffffb][0xffffffa3]][0xffffffb4][0x1b]x[0xffffffa4][0xffffffb4]+[0xffffffa8][0xffffffa4][0xffffffb4][0x1b][0xffffffd8]$[0xffffffb4][0xffffffbb][0x11][0xffffff9a][0xffffffaf][0xffffffdd][0xffffff8d][0xffffffd3][0xffffff97][0xffffffb4][0xffffffdb][0xffffffdd]>2t[0xfffffffe]#Cw[0xfffffff8][0xffffffc8][0xffffffd0][0xffffffd9][0xffffff8f][0xc][0xffffff9d][0xfffffffb][0xffffffc8][0xffffffd0][0xffffffad]>2[0x4][0x1e])[0xffffffed][\n]"
11:38:47.743 [main] DEBUG org.apache.hc.client5.http.wire -- http-outgoing-1 << "*)[0xffffffed][0x6]6[0x9][0xffffffed]v[0xfffffffa]#C[0xffffffff][0xffffff89][0xffffff8f][0xc][0xffffffd3][0xffffffad]v'_[0xffffffbb][0xffffffd3][0xffffffa1]v'[[0xffffffbb][0xffffff93][0xffffffab][0xffffffdd]iU[0xffffffbb][0xffffff81]GJ[0xffffffbb][0xffffff82]JJ[0xffffffbb][0xffffff81]MB[0xffffffbb][0xffffff93][0xffffffae][0xffffffdd][0xfffffff9][0x13][0xffffffb5][0xffffffbb][0xffffffdc]jw[0xfffffff1][0xffffffb5][0xffffffbb][0x1c]jw[0xffffffb1][0xffffffb5][0xffffffbb][0xffffffb8][0xffffffda]]V[0xffffffb5][0x1b]x[0xffffffa4][0xffffffb4]+[0xffffffa8][0xffffffa4][0xffffffb4][0x1b][0xffffffd8]$[0xffffffb4][0xffffffbb][0xffffffe8][0xffffffda]]?Q[0xffffffbb][0xffffffc7][0xffffffe3][0x6]^'[0xffffffef][0xffffffde][0xffffffdf][0x8][0x17][0xffffffef][0xffffffdb];[0xfffffff0][0xffffffe6][0xfffffffd][0xfffffff6][0x16][0xffffff94]z[0xffffffdf][0xffffff9e]O[0xffffffb9][0xfffffff7][0xffffffe3][0xffffffd9].[0xfffffff2][0xffffff8d]PR[0xfffffff6]UhR[0xfffffffa][0xffffff8d][0xffffff80][0x12][0xfffffffe][0xffffffdd]1[0xffffffcd][0x17][0xfffffff0][0xe][0xffffffeb]o1[0xfffffff0]|[0xffffffff]cq[0xffffffa5][0xffffffd9]<[0xfffffffa][0xffffffca][0xffffffbf][0xffffffaa][0xfffffff7][0xfffffff3]}([0xfffffffb]~y[0x3][0xffffffcc][0xffffffbd][0xffffffdb];$[0xffffff9b][0xfffffff7][0xffffffcb][0xffffffd3][0xffffff93][0xffffffbd][0xfffffffb][0xffffffeb]'[0xffffffc3][0xffffffd6]}[0xffffff8a]b[0xffffffb2]s[0x7f][0x0]d[0xffffffb2]q[0xffffff9f]b[0xffffff99][0xffffffe8][0xffffffdb]'p[0xffffffa6][0xffffffd9][0xfffffff6][0x9][0xffffffa2][0xffffffbf][0xffffffdd][0xffffffb5][0xffffffa7][0xffffffb8][0xffffffd2]l[0x1e]k[0xffffffe5][0xffffffaf][0x12][0xfffffffb]|[0x1f][0xffffffd6][0xffffffb5]'z[0xffffffa5][0xffffffd9][0xfffffff6][0xe][0xffffff88]kO[0xffffffe0]J[0xffffffb3]_?[0xffffffd9][0xffffffc2][0xffffffb5][0x2]E[0xffffffc4][0xffffffb5][0x12]H[0xffffffc4][0xffffffb5][0x2][0xffffffcb]t[0xffffffd7][0x6]8[0xffffff93]][0x1b][0x10]}[0xffffffc1][0xffffffb5][0xffffffe2]J[0xffffffb3]Y[0xffffffea][0xffffff89][0xffffffb9][0x16][0xffffffbc][0xffffffd2][0xffffffec][0xffffffcb][0x1b][0xffffffd0][0xffffffae][0xffffff85][0xffffffae]4[0xfffffffb][0xfffffff2]t[0xffffffc6][0xffffffb5][0x1e]W[0xffffff9a]=E[0xffffff91]q[0xffffffad][0xffffffc1][0xffffff95]fO[0xffffffb1][0xffffffcc]w-v[0xffffffa5][0xffffffd9][0x13]D_p[0xffffffad]"
11:38:47.744 [main] DEBUG org.apache.hc.client5.http.wire -- http-outgoing-1 << "[0xffffffba][0xffffffd2][0xffffffac]4`m[0xffffffe3][0xffffffe7][0xfffffffb][0xffffffc0][0xffffffae]E[0xffffffaf]4[0xffffffdb][0xffffffde][0xffffff81]q-p[0xffffffa5][0xffffffd9][0xffffffaf][0xffffff9f][0xffffffec][0xffffffe1]Z[0xfffffffc]J[0xffffffb3][0x1f][0x0][0xffffffc9][0xffffffb8][0x16][0xffffffbd][0xffffffd2][0xffffffec][0x9][0xffffff9c][0xffffffd9][0xffffffae][0xffffffbd]r[0xffffffa5][0xffffffd9][0xffffffc7][0xffffff9f][0xffffffaa]+[0xffffffcd][0xffffffca]X[0xffffff95]r-x[0xffffffa5][0xffffffd9][0xffffff97]7[0xffffffa0]][0xb]]i[0xfffffff6][0xffffffe5][0xffffffe9][0xffffff8c]k=[0xffffffae]4{[0xffffff8a]"[0xffffffe3]Z[0xffffff83]+[0xffffffcd][0xffffff9e]b[0xffffff99][0xffffffef]Z[0xffffffec]J[0xffffffb3]'[0xffffff88][0xfffffffe]v[0xffffffd7]6[0xfffffff5][0xffffffbd][0xffffffb6][0xffffffb6]3[0xffffffff][0xffffff9a][0xffffff9d][0xffffffcf][0xfffffff7]a][0xffffffdb][0xc][0xffffffbe][0xffffffd7][0xffffffb6][0xfffffff8]a,[0x11][0xffffffe7][0xffffff86]}[0xffffffaf]m[0xfffffffb][0xffffffc7]0[0xffffffd2][0xffffffb5][0x2]E[0xffffffc4][0xffffffb5][0x12]H[0xffffffc4][0xffffffb5][0x2][0xffffffcb]t[0xffffffd7][0x6]8[0xffffff93]][0x1b][0x10]}[0xffffffc1][0xffffffb5][0xffffffea]{m[0x1d][0xffffff9d][0xffffffea][0xffffffda][0xffffff86][0x7f][0xffffffaf]m[0x6][0xffffffdf]k[[0xfffffffc]0[0xffffff96][0xffffff89]3[0xfffffff6][0xffffffbd][0xffffffb6][0xffffffed][0x1f][0xffffffc3]P[0xffffffd7][0xffffff9a]|[0xffffffaf][0xffffff95]@2[0xffffffae]5[0xfffffff8]^[0x1b][0xffffffe0][0xffffffcc]v[0xffffffed][0xfffffff5][0xffffffef][0xffffffb5][0xffffffad][0xffffff88]u[0xffffffe4][0xffffffe7]m[0xffffffe6][0xffffff9f][0xffffffb9][0xfffffffd]|[0x1f][0xffffffd8][0xffffffb5][0xffffff85]\G[0xffffffbe][0xffffffbd][0x3][0xffffffe3][0xffffffda][0xffffff92][0xffffffbf][0xffffff8e][0xfffffffc][0xffffffd7]O[0xfffffff6]pmD[0xffffff91]q[0xffffffad][0x2][0xffffff92]qm[0xffffffc4]2[0xffffffdf][0xffffffb5];[0xffffff9c][0xffffffd9][0xffffffae][0xffffffdd][0x11]}[0xffffffc1][0xffffffb5][0xffffffea]{[0xffffffed]Y[0x16][0xfffffff6][\r][0x1][0xffffffff]^[0xffffffdb][0xc][0xffffffbe][0xffffffd7][0xffffffb6][0xfffffff8]a,[0x13]g[0xffffffec]{m[0xffffffdb]?[0xffffff86][0xffffffa1][0xffffffae]5[0xfffffff9]^+[0xffffff81]d\k[0xfffffff0][0xffffffbd]6[0xffffffc0][0xffffff99][0xffffffed][0xffffffda][0xffffff9f][0xfffffff8]^{*[0xffffffd7][0xfffffff6][0x1b][0xfffffff6][\r][0xffffffe1][0xffffffc4]]{[0x1a][0xffffffb8][0xfffffff6][0xc]Pg[0xffffffe2]|b[0xffffffae]=[0xffffff9d]\[0x1b]Qd\[0xffffffab][0xffffff80]d\[0x1b][0xffffffb1][0xffffffcc]w[0xffffffed][0xe]g[0xffffffb6]kwD_pmS[0xffffffae][0xffffff9d][0xffffffdc][0xfffffff7][0xffffffda][0xffffff86][0xffffffbb][0xffffffb6][0x19][0xffffffb8][0xffffffb6][0x5][0xffffffa8]3qn[0xffffff98]k[0xffffff9b][0xffffff93]k#[0xffffff8a][0xffffff8c]k[0x15][0xffffff90][0xffffff8c]k#[0xffffff96][0xfffffff9][0xffffffae][0xffffffdd][0xffffffe1][0xffffffcc]v[0xffffffed][0xffffff8e][0xffffffe8][0xb][0xffffffae][0xffffffed][0xffffffe2]J[0xffffffb3]v[0x1c][0xffffffd8][0xfffffff7][0xffffffda][0xffffffce]]i[0xfffffff6][0xffffffe5][\r]h[0xffffffd7][0xfffffff6]pwT&[0xffffffce]=[0xffffffff]J[0xffffffb3]_?[0xffffffd9][0xffffffc3][0xffffffb5][0x11]E[0xffffffc6][0xffffffb5][\n]"
11:38:47.744 [main] DEBUG org.apache.hc.client5.http.wire -- http-outgoing-1 << "H[0xffffffc6][0xffffffb5][0x11][0xffffffcb]|[0xffffffd7][0xffffffee]pf[0xffffffbb]vG[0xfffffff4][0x5][0xffffffd7][0xe][0xffffffd1][0xffffffb5][0xffffffed][0xffffffbc][\r][0xffffffca][0xffffffb5][0x3][0xffffffef][0xffffffda]a[0xffffffd0][0xffffffb5]#[0x4]D&[0xffffffce][0x3][0xffffffeb][0xffffffda][0xffffffe1][0xffffffd4][0xffffffb5][0x11]E[0xffffffc6][0xffffffb5][\n]"
11:38:47.744 [main] DEBUG org.apache.hc.client5.http.wire -- http-outgoing-1 << "H[0xffffffc6][0xffffffb5][0x11][0xffffffcb]|[0xffffffd7][0xffffffee]pf[0xffffffbb]vG[0xfffffff4][0x5][0xffffffd7]N[0xffffffe5][0xffffffda]VN[0xffffffca][0xffffffb5][0x13]w[0xffffffed]4p[0xffffffed][0xc]Pg[0xffffffe2]<1[0xffffffd7]N'[0xffffffd7]F[0x14][0x19][0xffffffd7]* [0x19][0xffffffd7]F,[0xfffffff3]][0xffffffbb][0xffffffc3][0xffffff99][0xffffffed][0xffffffda][0x1d][0xffffffd1][0x17]\[0xffffffab][0xfffffff6]|[0xffffffb5][0xfffffff6][0xffffffb8][0xffffffe2][0x1]q-[0xffffffbe][0xffffffe7][0xffffffab][0x19][0xffffffec][0xfffffff9]jq[0xffffffa1]R&[0xffffffce][0xffffffd8][0xffffff9e][0xffffffaf][0xffffffb6]/QB]k[0xffffffb2][0xffffffe7]K[0x2][0xffffffc9][0xffffffb8][0xffffffd6]`[0xffffffcf]W[0xffffff80]3[0xffffffdb][0xffffffb5][0xffffffd7][0xfffffff7]|u57[0xffffffd6][0xfffffffa]1![0xffffffd7]v|n[0xffffffac][0x1b][0xffffffcc][0xffffff8d][0xfffffff5]8[0xffffffa0][0xffffff93][0xffffff88]s[0xffffffc7][0xffffffe6][0xffffffc6][0xfffffffa]>[0xffffff94]C[0xffffffba]V[0xffffffa0][0xffffff88][0xffffffb8]V[0x2][0xffffff89][0xffffffb8]V`[0xffffff99][0xffffffee][0xffffffda][0x0]g[0xffffffb2]k[0x3][0xffffffa2]/[0xffffffb8]V[0xffffffcd][0xffffff8d][0xffffffb5][0xffffffde][0xffffffa8]s[0x8][0x1d][0xffffff9f][0x1b][0xffffffeb][0x6]sc=[0xe][0xffffffe8]d[0xffffffe2][0xffffff8c][0xffffffcd][0xffffff8d][0xfffffff5]}([0x7]u[0xffffffad][0xffffffc9][0xffffffdc][0xffffff98][0x4][0xffffff92]q[0xffffffad][0xffffffc1][0xffffffdc]X[0xffffff80]3[0xffffffdb][0xffffffb5][0xffffffd7][0xffffffe7][0xffffffc6][0xffffffba][0xffffffda][0xfffffff3][0xffffffd5]F[0xffffffa7]v[0xffffff85]w|[0xffffffcf]W7[0xffffffd8][0xfffffff3][0xffffffd5][0xffffffe3]B[0xffffffa5]L[0xffffff9c][0xffffffb1]=_}_[0xffffffa2][0xffffff84][0xffffffba][0xffffffd6]d[0xffffffcf][0xffffff97][0x4][0xffffff92]q[0xffffffad][0xffffffc1][0xffffff9e][0xffffffaf][0x0]g[0xffffffb6]k[0xffffffaf][0xffffffef][0xfffffff9][0xffffffea]j[0xffffff96][0xffffffa1][0xffffffd7]N[0xffffffcd][0xffffff8d]u|[0xffffff96][0xffffffa1][0x1b][0xffffffcc]2[0xfffffff4]xh<[0x13]gl[0xffffff96][0xffffffa1][0xffffffef][0x7][0xffffffc5]Q[0xffffffd7][0xffffff9a][0xffffffcc]2H [0x19][0xffffffd7][0x1a][0xffffffcc]2[0x4]8[0xffffffb3]]{}[0xffffff96][0xffffffa1]w[0xffffffe1][0xffffffda]q4j[0x7f][0xffffffed][0xffffffdb][0xfffffffb][0xffffffc0][0xffffffae][0xffffffed][0x6][0xffffffae][0xffffffed][0x1][0xffffffea]L[0xffffff9c];[0xffffffe6][0xffffffda][0xffffffee][0xffffffe4][0xffffffda][0xffffff88]"[0xffffffe3]Z[0x5]$[0xffffffe3][0xffffffda][0xffffff88]e[0xffffffbe]kw8[0xffffffb3]][0xffffffbb]#[0xfffffffa][0xffffff82]k[0xffffffa7]r[0xffffffed][0xffffffc0][0xffffffce][0xffffffd7][0xffffffbe][0xffffffbd][0xf][0xffffffec][0xffffffda]i[0xffffffe0][0xffffffda][0x19][0xffffffa0][0xffffffce][0xffffffc4]yb[0xffffffae][0xffffff9d]N[0xffffffae][0xffffff8d](2[0xffffffae]U@2[0xffffffae][0xffffff8d]X[0xffffffe6][0xffffffbb]v[0xffffff87]3[0xffffffdb][0xffffffb5];[0xffffffa2]/[0xffffffb8]V[0xffffff9d][0xfffffff9][0xffffff9a][0xffffffb7][0xffffff8e][0xffffff9d]C[0xffffffc0][0xffffffcf]|u[0xffffff83]3_=[0x1e][0xffffffae][0xffffffc9][0xffffffc4][0x19];[0xfffffff3][0xffffffd5][0xfffffff7][0x3]5[0xffffffa8]kM[0xffffffce]|I [0x19][0xffffffd7][0x1a][0xffffff9c][0xfffffff9][\n]"
11:38:47.745 [main] DEBUG org.apache.hc.client5.http.wire -- http-outgoing-1 << "pf[0xffffffbb][0xfffffff6][0xfffffffa][0xffffff99][0xffffffaf][0xffffffa1][0xffffffce]|[0xffffffcd]r[0xffffff9e][0xffffff90]k[0x7]~[0xffffffe6]k[0x18][0xffffff9c][0xfffffff9][0x1a][0xfffffff1]pM"[0xffffffce][0x3];[0xfffffff3]5[0xfffffff6][0x3]5[0xffffffa4]k[0x5][0xffffff8a][0xffffff88]k%[0xffffff90][0xffffff88]k[0x5][0xffffff96][0xffffffe9][0xffffffae][\r]p&[0xffffffbb]6 [0xfffffffa][0xffffff82]k[0xffffffd5][0xffffff99][0xffffffaf][0xffffffd9]Nj[0x1f][0xffffffc2][0xffffffc0][0xffffffcf]|[\r][0xffffff83]3_#[0x1e][0xffffffae][0xffffffc9][0xffffffc4][0x19];[0xfffffff3]5[0xfffffff6][0x3]5[0xffffffa8]kM[0xffffffce]|I [0x19][0xffffffd7][0x1a][0xffffff9c][0xfffffff9][\n]"
11:38:47.745 [main] DEBUG org.apache.hc.client5.http.wire -- http-outgoing-1 << "pf[0xffffffbb][0xfffffff6][0xfffffffa][0xffffff99][0xffffffaf][0xffffffa1][0xffffffce]|[0xffffffcd]>[0xffffffa8]3_[0x3]?[0xfffffff3]5[0xc][0xffffffce]|[0xffffff8d]x[0xffffffb8]&[0x13]g[0xffffffec][0xffffffcc][0xffffffd7][0xffffffd8][0xf][0xffffffd4][0xffffffa0][0xffffffae]59[0xfffffff3]%[0xffffff81]d\kp[0xffffffe6]+[0xffffffc0][0xffffff99][0xffffffed][0xffffffda][0xffffffeb]g[0xffffffbe][0xffffff86][0xffffffda][0x15]>G[0xffffffa1]f[0x19][0x6][0xffffffbe]+|[0x18][0xffffffec][\n]"
11:38:47.745 [main] DEBUG org.apache.hc.client5.http.wire -- http-outgoing-1 << "[0x1f]q)s&[0xffffffce][0xffffffd8][0xffffffae][0xfffffff0][0xffffffb1]/bF]k[0xffffffb2]+\[0x2][0xffffffc9][0xffffffb8][0xffffffd6]`Wx[0xffffff80]3[0xffffffdb][0xffffffb5][0xffffffd7]w[0xffffff85][0xf]u[0xffffffbe]v[0xffffff8e][0xffffffc7][0xffffffdb]![0xffffffae][0xffffffc5][0xffffffcf][0xffffffd7][0xe][0xffffff83][0xfffffff3][0xffffffb5]#[0x1e]d[0xffffffcc][0xffffffc4][0x19];_;[0xfffffff6][0xffffffc3][0xffffff8b][0xffffffa8]kM[0xffffffce][0xffffffd7]J [0x19][0xffffffd7][0x1a][0xffffff9c][0xffffffaf][\r]pf[0xffffffbb][0xfffffff6][0xfffffffa][0xfffffff9][0xffffffda][0xffffffa1]v[0xffffff85][0xffffffcf][0xffffffb1][0xffffffb0]o[0x8][0xfffffff8][0xffffffae][0xfffffff0]a[0xffffffb0]+|[0xffffffc4][0xffffffa5][0xffffffcc][0xffffff99]8c[0xffffffbb][0xffffffc2][0xffffffc7][0xffffffbe][0xffffff88][0x19]u[0xffffffad][0xffffffc9][0xffffffae]p[0x9]$[0xffffffe3]Z[0xffffff83]][0xffffffe1][0x1][0xffffffce]l[0xffffffd7]^[0xffffffdf][0x15]>[0xffffffd4],[0xffffffc3]\7[0xffffffec][0xffffffb7]1|[0xffffff96]a[0x18][0xffffffcc]2[0xffffff8c]xh<[0x13]gl[0xffffff96]a[0xffffffec][0x7][0xffffffc5]Q[0xffffffd7][0xffffff9a][0xffffffcc]2H [0x19][0xffffffd7][0x1a][0xffffffcc]2[0x4]8[0xffffffb3]]{}[0xffffff96]a[0xffffffa8]][0xffffffe1][0xffffffab][0x1c][0xffffffd4],[0xffffffc3][0xffffffc0]w[0xffffff85][0xf][0xffffff83]][0xffffffe1]#.e[0xffffffce][0xffffffc4][0x19][0xffffffdb][0x15]>[0xfffffff6]E[0xffffffcc][0xffffffa8]kMv[0xffffff85]K [0x19][0xffffffd7][0x1a][0xffffffec][\n]"
11:38:47.745 [main] DEBUG org.apache.hc.client5.http.wire -- http-outgoing-1 << "[0xf]pf[0xffffffbb][0xfffffff6][0xfffffffa][0xffffffae][0xfffffff0]1[0xffffff95]kOl[0xffffffa7][0xffffffe2][0xffffffdb][0xfffffffb][0xffffffc0][0xffffffae][0xffffff9d][0x6][0xffffffae][0xffffff9d][0x1][0xffffffea]L[0xffffff9c]'[0xffffffe6][0xffffffda][0xffffffe9][0xffffffe4][0xffffffda][0xffffff88]"[0xffffffe3]Z[0x5]$[0xffffffe3][0xffffffda][0xffffff88]e[0xffffffbe]kw8[0xffffffb3]][0xffffffbb]#[0xfffffffa][0xffffff82]k[0xffffffd5][0xffffffdc][0xffffffd8][0x1a][\r][0xffffffeb]Z|nl[0x18][0xffffffcc][0xffffff8d][0xffffff8d]8[0xffffffa0][0xffffff93][0xffffff89]3676[0xfffffff6][0xffffffa1][0x1c][0xffffffd4][0xffffffb5]&sc[0x12]H[0xffffffc6][0xffffffb5][0x6]sc[0x1][0xffffffce]l[0xffffffd7]^[0xffffff9f][0x1b][0xffffff9b]jnl-[0xffffffec][0xffffffb7]"
11:38:47.746 [main] DEBUG org.apache.hc.client5.http.wire -- http-outgoing-1 << "[0xffffffb1][0xffffff89][0xffffffcf][0xffffff8d]M[0xffffff83][0xffffffb9][0xffffffb1][0x19][0x7]t[0x12]q[0xffffff9e][0xffffffd8][0xffffffdc][0xffffffd8][0xffffffdc][0xffffff87]rH[0xffffffd7][\n]"
11:38:47.746 [main] DEBUG org.apache.hc.client5.http.wire -- http-outgoing-1 << "[0x14][0x11][0xffffffd7]J [0x11][0xffffffd7][\n]"
11:38:47.746 [main] DEBUG org.apache.hc.client5.http.wire -- http-outgoing-1 << ",[0xffffffd3]][0x1b][0xffffffe0]Lvm@[0xfffffff4][0x5][0xffffffd7][0xffffff8a][0xffffffb9][0xffffffb1]u[0xffffffab][0xffffffb3]P[0xffffffae][0xffffffc5][0xffffffe7][0xffffffc6][0xffffffa6][0xffffffc1][0xffffffdc][0xffffffd8][0xffffff8c][0x3]:[0xffffff99]8cscs[0x1f][0xffffffca]A]k27&[0xffffff81]d\k07[0x16][0xffffffe0][0xffffffcc]v[0xffffffed][0xfffffff5][0xffffffb9][0xffffffb1])[0xffffffe6][0xffffffc6][0xffffffd6][0xffffffad][0xffffff9f][0xffffffd4][0xfffffffe][0xffffffda][0xffffff89][0xffffffcf][0xffffff8d]M[0xffffff83][0xffffffb9][0xffffffb1][0x19][0x7]t2q[0xffffffc6][0xffffffe6][0xffffffc6][0xffffffe6]>[0xffffff94][0xffffff83][0xffffffba][0xffffffd6]dnL[0x2][0xffffffc9][0xffffffb8][0xffffffd6]`n,[0xffffffc0][0xffffff99][0xffffffed][0xffffffda][0xffffffeb]scK[0xffffffcc][0xffffff8d][0xffffffad][0xffffffd2][0xffffffd6][0x9][0xffffffb9]v[0xffffffe1]sc[0xffffffcb]`nl[0xffffffc5][0x1][0xffffff9d]D[0xffffff9c][0x17]67[0xffffffb6][0xfffffff6][0xffffffa1][0x1c][0xffffffd2][0xffffffb5][0x2]E[0xffffffc4][0xffffffb5][0x12]H[0xffffffc4][0xffffffb5][0x2][0xffffffcb]t[0xffffffd7][0x6]8[0xffffff93]][0x1b][0x10]}[0xffffffc9][0xffffffb5][0xffffffd5][0xffffffcc][0xffffffb5][0x15]wm5pmE][1[0xffffffd7]V'[0xffffffd7][0xffffffee](R[0xffffffae][0xffffff8d]@R[0xffffffae][0xffffffdd][0xffffffb1]$\[a[0xffffffd7][0xffffffd6][0xffffffeb][0xffffffae]}[0xffffff9c][0xffffffef]r[0xffffff92][0xffffffed]1q[0xffffffdb][0xffffffde]_[0xffffff81][0xffffffd7][0xffffffed][0xffffffc7]KP[0xffffffbe][0xffffffbd]?[0xffffff9e][0x12][0xffffffee][0xfffffffb][0xffffffa3]][0xffffff8c][0x1b]x[0xffffffa4][0xffffff94]+[0xffffffa8][0xffffffa4][0xffffff9c][0x1b][0xffffffd8]$[0xffffffa4][0xffffffbb][0x11][0xffffff9a]o[0xffffffdd][0xffffff8d][0xffffffd3][0xffffff97][0xffffffb4][0xfffffffb][0xfffffff8][0xffffffdf][0xffffff85][0xffffff93]v[0xffffffef][0xffffffff]{[0xffffffa4][0xffffffb5]{[0x7f][0x5]^[0xffffffbb][0x1f]/Ai[0xfffffff7][0xfffffffe]xJ[0xffffffbb][0xffffffef][0xffffff8f]v[0xffffffd1]n[0xffffffe0][0xffffff91][0xffffffd2][0xffffffae][0xffffffa0][0xffffff92][0xffffffd2]n`[0xffffff93][0xffffffd0][0xffffffee]Fh[0xffffffbe]v7N_[0xffffffd2]n;[0xffffffcd][0xffffffb4][0xffffffdb]N\[0xffffffbb][0xfffffff7]W[0xffffffe0][0xffffffb5][0xfffffffb][0xfffffff1][0x12][0xffffff94]v[0xffffffef][0xffffff8f][0xffffffa7][0xffffffb4][0xfffffffb][0xfffffffe]h[0x17][0xffffffed][0x6][0x1e])[0xffffffed][\n]"
11:38:47.746 [main] DEBUG org.apache.hc.client5.http.wire -- http-outgoing-1 << "*)[0xffffffed][0x6]6[0x9][0xffffffed]n[0xffffff84][0xffffffe6]kw[0xffffffe3][0xfffffff4]%[0xffffffed][0xe][0xffffffb7]_[0xffffffcf][0x6][0xffffffff][0xfffffff3][0xffffffd9][0xfffffffd][0x15]x[0xffffffed]~[0xffffffbc][0x4][0xffffffa5][0xffffffdd][0xffffffc1][0xfffffffd][0xffffff82]6[0xffffffac]~B[0xb]<R[0xffffffda][0x15]TR[0xffffffda][\r]l[0x12][0xffffffda][0x1d][0xfffffff4][0xffffffcf]h[0xffffffe3][0xfffffff5][0xffffffdf][0xffffffd1][0xffffffd6][0xfffffffb][0xffffffdf][0xffffff8a][0xffffffdd][0x9][0xffffffab][0x12]s[0xf][0xffffff9f][0xffffffef]CI[0xfffffff7][0xffffffcb][0x1b]`[0xffffffce][0xffffffdd][0xffffffde]!Y[0xffffffb9]_[0xffffff9e][0xffffff9e]l[0xffffffdc]_?[0x19][0x16][0xffffffee]S[0x14][0xffffff93]}[0xfffffffb][0x3] [0xffffff93]u[0xfffffffb][0x14][0xffffffcb]D[0xffffffdb]>[0xffffff81]3M[0xffffffb6]O[0x10]}[0xffffffc1][0xffffffb5]b[0xffffff9e]w[0xffffff9d]g[0xffffffcf][0xffffff9f]{[0xfffffff8]|[0x1f][0xffffffd8][0xffffffb5][0xffffffe8]<[0xffffffef][0xfffffff6][0xe][0xffffff8c]k[0xffffff81]y[0xffffffde]_?[0xffffffd9][0xffffffc3][0xffffffb5][0xfffffff8]<[0xffffffef][0xf][0xffffff80]d\[0xffffff8b][0xffffffce][0xfffffff3]>[0xffffff81]3[0xffffffdb][0xffffffb5];[0xffffffa2][0xffffffbf][0xffffffd5][0xffffffb5][0xfffffffd]v[0x13][0xfffffff3][0xffffffbc][0xffffffeb]l%[0x7f]w[0xffffffc2][0xffffffe7][0xfffffffb][0xffffff90][0xffffffae][0xfffffffd]x[0x3][0xffffffd4][0xffffffb5]_[0xffffffde][0x1]p[0xffffffed][0xffffffc7][0xffffffd3][0x1][0xffffffd7]~>[0xffffffd9][0xffffffc0][0xffffffb5][0x12]E[0xffffffc0][0xffffffb5]O[0xffffff80][0x4]\+[0xffffffb1]Lv[0xffffffad][0xffffff80]3[0xffffffd5][0xffffffb5][0x2][0xffffffd1][0x17]\[0xffffffab][0xffffffe6]y[0xffffffcf][0xfffffff6][0xfffffff8][0xffffff9c][0xffffff8b][0xffffffb8][0x16][0xffffff9c][0xffffffe7][0xfffffffd][0xfffffff2][0x6][0xffffffb4]k[0xffffffa1]y[0xffffffde]/Og\[0xffffffeb]1[0xffffffcf][0xfffffffb][0x14]E[0xffffffc6][0xffffffb5][0x6][0xfffffff3][0xffffffbc]O[0xffffffb1][0xffffffcc]w-6[0xffffffcf][0xfffffffb][0x4][0xffffffd1][0x17]\[0xffffffab][0xffffffe6]y[0xffffffcf][0xffffffce]u-8[0xffffffcf][0xfffffffb][0xffffffe5][\r]h[0xffffffd7]B[0xfffffff3][0xffffffbc]_[0xffffff9e][0xffffffce][0xffffffb8][0xffffffd6]c[0xffffff9e][0xfffffff7])[0xffffff8a][0xffffff8c]k[\r][0xffffffe6]y[0xffffff9f]b[0xffffff99][0xffffffef]Zl[0xffffff9e][0xfffffff7][0x9][0xffffffa2]/[0xffffffb8]V[0xffffffcd][0xfffffff3][0xffffff9e][0xffffffa3][0xffffffe5][0xffffffdf][0xffffffe1][0xfffffff0][0xfffffff9]>[0xffffffb0]k[0xffffffd1]y[0xffffffde][0xffffffed][0x1d][0x18][0xffffffd7][0x2][0xfffffff3][0xffffffbc][0xffffffbf]~[0xffffffb2][0xffffff87]k[0xfffffff1]y[0xffffffde][0x1f][0x0][0xffffffc9][0xffffffb8][0x16][0xffffff9d][0xffffffe7]}[0x2]g[0xffffffb6]k[0xffffffaf][0xffffffcc][0xfffffff3]~[0xfffffffc][0xffffffa9][0xffffffb8][0x7]r[0xffffff9d][0xffffffab]1[0xffffffe7][0x10][0xffffffde][0xffffffdf][0x7]v-z[0xf][0xffffffe4][0xfffffff6][0xe][0xffffff8c]k[0xffffff81]{ [0x7f][0xfffffffd]d[0xf][0xffffffd7][0xffffffe2][0xfffffff7]@[0xfffffffe][0x0]H[0xffffffc6][0xffffffb5][0xffffffe8]=[0xffffff90]O[0xffffffe0][0xffffffcc]v[0xffffffed][0xffffff95]{ ?[0xfffffffe]T[0xffffffdc][0x3][0xffffffb9]ZY[0xffffffcc]9[0xffffff84][0xfffffff7][0xfffffff7][0xffffff81]][0xffffff8b][0xffffffde][0x3][0xffffffb9][0xffffffbd][0x3][0xffffffe3]Z[0xffffffe0][0x1e][0xffffffc8]_?[0xffffffd9][0xffffffc3][0xffffffb5][0xfffffff8]=[0xffffff90]?[0x0][0xffffff92]q-z[0xf][0xffffffe4][0x13]8[0xffffffb3]]{[0xffffffe5][0x1e][0xffffffc8][0xffffff8f]?U[0xffffffe7]k[0xffffffdb][0xffffff9c][0x7][0xffffffe5]Z[0xfffffff8]|[0xffffffed][0xffffffc7][0x1b][0xffffffd0][0xffffffae][0x5][0xffffffcf][0xffffffd7]~<[0xffffff9d]q[0xffffffad][0xffffffcf][0xfffffff9]Z[0xffffff89]"[0xffffffe3]Z[0xffffff93][0xfffffff3][0xffffffb5][0x12][0xffffffcb]|[0xffffffd7][0xffffffa2][0xffffffe7]k[0x5][0xffffffa2]/[0xffffffb8]v[\n]"
11:38:47.747 [main] DEBUG org.apache.hc.client5.http.wire -- http-outgoing-1 << "[0xffffffd7][0xfffffff6][0xffffffa3]W[0xffffffca][0xffffffb5][0x13]w[0xffffffed]4p[0xffffffed][0xc]Pg[0xffffffe2]<1[0xffffffd7]N'[0xffffffd7]F[0x14][0x19][0xffffffd7]* [0x19][0xffffffd7]F,[0xfffffff3]][0xffffffbb][0xffffffc3][0xffffff99][0xffffffed][0xffffffda][0x1d][0xffffffd1][0xffffffdf][0xffffffee][0xffffffda]C[0xffffffb9]v[0xffffff96]yB[0xffffffae]=p[0xffffffd7][0x1e][0x6][0xffffffae]="[0xffffffd4][0xffffff89]8[0x1f][0xffffff98]k[0xffffff8f][0x1d]d[0xffffffd2][0xffffffb5][0x2]E[0xffffffc4][0xffffffb5][0x12]H[0xffffffc4][0xffffffb5][0x2][0xffffffcb]t[0xffffffd7][0x6]8[0xffffff93]][0x1b][0x10]}[0xffffffc9][0xffffffb5][0xffffffa7][0xffffff99]k[0xffffffb1]}4_[0xffffffde][0xffffff80]w-[0xffffffb2][0xffffff8d][0xffffffe6][0xffffffcb][0xffffffd3])[0xffffffd7]:[0xffffffec][0xffffffa2]y[0xffffff8a]"[0xffffffe5]Z|[0x13][0xffffffcd]S,[0x9][0xffffffd7]B{h[0xffffff9e] [0xfffffffa][0xffffffdb]][n[0xffffffbf][0xffffff94][0xffffffe8][0xffffffda]U[0xffffffa8]s[0x8]o[0xffffffef][0xffffffc3][0xffffffba][0xfffffff6][0xfffffff1][0x6][0xffffffb0]k[0xffffffbf][0xffffffbf][0x3][0xffffffe2][0xffffffda][0xffffffc7][0xffffffd3][0x11][0xffffffd7]~{[0xffffffb2][0xffffff85]k[0x5][0xffffff8a][0xffffff88]k%[0xffffff90][0xffffff88]k[0x5][0xffffff96][0xffffffe9][0xffffffae][\r]p&[0xffffffbb]6 [0xfffffffa][0xffffff82]k[0xffffffd5],[0xffffffc3]:[0x7]5[0xffffffcb]P[0xfffffff0]Y[0xffffff86]b0[0xffffffcb]P[0xffffffe2][0xffffffa1][0xfffffff1]L[0xffffff9c][0xffffffb1]Y[0xffffff86][0xffffffb2][0x1f][0x14]G]k2[0xffffffcb] [0xffffff81]d\k0[0xffffffcb][0x10][0xffffffe0][0xffffffcc]v[0xffffffed][0xfffffff5]Y[0xffffff86][0xffffffa2]f[0x19][0xffffffd6],[0xffffffd4],C[0xffffffc1]g[0x19][0xffffff8a][0xffffffc1],C[0xffffff89][0xffffff87][0xffffffc6]3q[0xffffffc6]f[0x19][0xffffffca]~P[0x1c]u[0xffffffad][0xffffffc9],[0xffffff83][0x4][0xffffff92]q[0xffffffad][0xffffffc1],C[0xffffff80]3[0xffffffdb][0xffffffb5][0xffffffd7]g[0x19]J[0xffffff9c]e([0xffffffb7][0xffffffdb]mQ[0xfffffffb][0x10][\n]"
11:38:47.747 [main] DEBUG org.apache.hc.client5.http.wire -- http-outgoing-1 << ">[0xffffffcb]P[0xc]f[0x19]J<4[0xffffff9e][0xffffff89]36[0xffffffcb]P[0xfffffff6][0xffffff83][0xffffffe2][0xffffffa8]kMf[0x19]$[0xffffff90][0xffffff8c]k[\r]f[0x19][0x2][0xffffff9c][0xffffffd9][0xffffffae][0xffffffbd]>[0xffffffcb]P[0xffffffba]rm[0xffffffaf][0xffffff93]rm[0xffffffc7]][0xffffffdb][\r]\[0xffffffdb][0x3][0xffffffd4][0xffffff99]8w[0xffffffcc][0xffffffb5][0xffffffdd][0xffffffc9][0xffffffb5][0x11]E[0xffffffc6][0xffffffb5][\n]"
11:38:47.747 [main] DEBUG org.apache.hc.client5.http.wire -- http-outgoing-1 << "H[0xffffffc6][0xffffffb5][0x11][0xffffffcb]|[0xffffffd7][0xffffffee]pf[0xffffffbb]vG[0xfffffff4][0x5][0xffffffd7][0xffffffc6]Y[0xffffff86]7[0xffffffd7]Njn[0xffffffac][0xffffffe0][0xffffffb3][0xc][0xffffffc5]`[0xffffff96][0xffffffa1][0xffffffc4]C[0xffffffe3][0xffffff99]8c[0xffffffb3][0xc]e?([0xffffff8e][0xffffffba][0xffffffd6]d[0xffffff96]A[0x2][0xffffffc9][0xffffffb8][0xffffffd6]`[0xffffff96]![0xffffffc0][0xffffff99][0xffffffed][0xffffffda][0xffffffeb][0xffffffb3][0xc]%[0xffffff9e][0xffffffaf][0xffffffbd][0xffffffbb]vp[0xffffffdf]k[0xfffffff1][0xfffffff3][0xffffffb5][0xffffffc5][0xffffffe0]|m[0xffffff89][0x7][0x19]3q[0xffffffc6][0xffffffce][0xffffffd7][0xffffff96][0xfffffffd][0xfffffff0]"[0xffffffea]Z[0xffffff93][0xfffffff3][0xffffffb5][0x12]H[0xffffffc6][0xffffffb5][0x6][0xffffffe7]k[0x3][0xffffff9c][0xffffffd9][0xffffffae][0xffffffbd]~[0xffffffbe][0xffffffb6],[0xffffffe9]ZlF[0xfffffff7][0xffffffed]}`[0xffffffd7].[0x3][0xffffffd7][0xffffffae][0x0]u&[0xffffffce][0xb]s[0xffffffed]rrmD[0xffffff91]q[0xffffffad][0x2][0xffffff92]qm[0xffffffc4]2[0xffffffdf][0xffffffb5];[0xffffff9c][0xffffffd9][0xffffffae][0xffffffdd][0x11][0xfffffffd][0xffffffed][0xffffffae][0xffffffad][0xffffffe7]/5[0xffffffb8][0xfffffff6]X[0xffffffe3][0xffffff84]\"
11:38:47.748 [main] DEBUG org.apache.hc.client5.http.wire -- http-outgoing-1 << "[0xfffffffb][0xfffffff6]>[0xffffffac]k[0x1f]o[0x0][0xffffffbb][0xfffffff6][0xfffffffb]; [0xffffffae]}<[0x1d]q[0xffffffed][0xffffffb7]'[[0xffffffb8]V[0xffffffa0][0xffffff88][0xffffffb8]V[0x2][0xffffff89][0xffffffb8]V`[0xffffff99][0xffffffee][0xffffffda][0x0]g[0xffffffb2]k[0x3][0xffffffa2]/[0xffffffb8]V[0xfffffffd]6V[0xffffffda][0xffffffe8][0xffffff94]k[0xfffffff1][0xffffffdf][0xffffffc6][0xffffffaa][0xffffffc1]oc5[0xfffffffe][0x8][0xffffff91][0xffffff89]3[0xfffffff6][0xffffffdb]X[0xffffffdd][0x7f]x@]k[0xfffffff2][0xffffffdb][0xffffff98][0x4][0xffffff92]q[0xffffffad][0xffffffc1]oc[0x1][0xffffffce]l[0xffffffd7]^[0xffffffff]m[0xffffffac].[0xffffffe1][0xffffffda][0xffffffda]n[0xffffffd4][0xffffffee][0xffffff99][0xffffffb7][0xfffffff7][0xffffff81]][0xffffffbb][0x4][0xffffffda][0xffffffd9]P[0xffffffaf][0x0]u&[0xffffffce][0xb]s[0xffffffed]rrmD[0xffffff91]q[0xffffffad][0x2][0xffffff92]qm[0xffffffc4]2[0xffffffdf][0xffffffb5];[0xffffff9c][0xffffffd9][0xffffffae][0xffffffdd][0x11][0xfffffffd][0xffffffed][0xffffffae]=[0xffffffe3][0xffffffdd][0xffffff8e]w[0xffffffd7][0xfffffff6]N}[0xffffffaf]=[0xfffffff1][0xffffffbb][0x1d]O[0xffffff83][0xffffffbb][0x1d][0xffffffcf]x[0xffffff89]^"[0xffffffce]'v[0xffffffb7][0xffffffe3][0xffffffb9]_[0xffffff9c]G[0xffffffba]V[0xffffffa0][0xffffff88][0xffffffb8]V[0x2][0xffffff89][0xffffffb8]V`[0xffffff99][0xffffffee][0xffffffda][0x0]g[0xffffffb2]k[0x3][0xffffffa2]/[0xffffffb8]6[0xffffffde][0xffffffed]xw[0xffffffed]8[0xffffffa8][0x19][0xffffffdd][0x13][0xffffffbf][0xffffffdb][0xfffffff1]4[0xffffffb8][0xffffffdb][0xfffffff1][0xffffff8c][0xffffff97][0xffffffe8]e[0xffffffe2][0xffffff8c][0xffffffdd][0xffffffed]x[0xffffffee][0x17][0xffffffe7][0xffffffa1][0xffffffae]5[0xffffffb9][0xffffffdb]Q[0x2][0xffffffc9][0xffffffb8][0xffffffd6][0xffffffe0]n[0xffffffc7][0x0]g[0xffffffb6]k[0xffffffaf][0xffffffdf][0xffffffed]x[0xffffffc6]}[0x8]o[0xffffffae]m[0xffffffd4],[0xffffffc3][0xffffff89][0xffffffef]C8[\r][0xfffffff6]![0xffffff9c]q[0xfffffff0]<[0x13]gl[0x1f][0xffffffc2][0xffffffb9][0xf][0xffffff9b][0xffffffa3][0xffffffae]5[0xffffffd9][0xffffff87] [0xffffff81]d\k[0xffffffb0][0xf]![0xffffffc0][0xffffff99][0xffffffed][0xffffffda][0xffffffeb][0xfffffffb][0x10]N5[0xffffffa3][g[0xffffffa7][0xfffffff6]|[0xffffff9d][0xfffffff8][0xffffff8c][0xffffffee]i0[0xffffffa3]{[0xffffffc6]a[0xffffffc8]L[0xffffff9c][0xffffffb1][0x19][0xffffffdd]s[0x1f][0xffffff80]D]k2[0xffffffa3]+[0xffffff81]d\k0[0xffffffa3][0x1b][0xffffffe0][0xffffffcc]v[0xffffffed][0xfffffff5][0x19][0xffffffdd]3[0xffffffde]7V[0xffffffee][0xffffffee][0xffffffae][0xffffffd4][0xffffffdc][0xffffffd8][0xffffff89][0xffffffdf]7v[0x1a][0xffffffdc]7v[0xffffffc6][0xffffff8b][0xffffff9d]2q[0xffffffc6][0xffffffee][0x1b];[0xfffffff7][0xffffffcb][0xffffff9c]P[0xffffffd7][0xffffff9a][0xffffffdc]7&[0xffffff81]d\kp[0xffffffdf]X[0xffffff80]3[0xffffffdb][0xffffffb5][0xffffffd7][0xffffffef][0x1b][0xffffffbb][0xffffffff]i7sm[0xffffffc7]][0xffffffdb][\r]\[0xffffffdb]Q[0xffffffd7]v[0xffffffcc][0xffffffb5][0xffffffdd][0xffffffc9][0xffffffb5];[0xffffff8a][0xffffff94]k#[0xffffff90][0xffffff94]kw,[0x9][0xffffffd7]v[0xffffffd8][0xffffffb5][0xfffffffd][0xffffffba]k[0xffffff97][0xffffff99]k[0x17][0xffffffee][0xffffffda]e[0xffffffe0][0xffffffda][0xffffff85][0xffffffba]va[0xffffffae]]N[0xffffffae][0xffffffdd]Q[0xffffffa4]\[0x1b][0xffffff81][0xffffffa4]\[0xffffffbb]cI[0xffffffb8]v[0xffffffc1][0xffffffae]][0xffffffd7]][[0xe]3[0xffffffd9][0xffffff96][0x3][0xffffffb7][0xffffffed][0xfffffffd][0x15]x[0xffffffdd]~[0xffffffbc][0x4][0xffffffe5][0xffffffdb][0xfffffffb][0xffffffe3])[0xffffffe1][0xffffffbe]?[0xffffffda][0xffffffc5][0xffffffb8][0xffffff81]GJ[0xffffffb9][0xffffff82]J[0xffffffca][0xffffffb9][0xffffff81]MB[0xffffffba][0x1b][0xffffffa1][0xfffffff9][0xffffffd6][0xffffffdd]8}I[0xffffffbb][0xffffffcd][0xffffffad]q[0x1b][0x1f][0xffffffb9][0xffffffcd][0xffffffa1]r[0x1b][0xffffff9b][0xffffffb9][0xffffff8d][0xffffffeb][0xffffffdc]f[0x15][0xffffffba][0xffffff81]GJ[0xffffffbb][0xffffff82]JJ[0xffffffbb][0xffffff81]MB[0xffffffbb][0xffffff8d][0xffffff8e][0xffffffdd][0xfffffff6][0x13][0xffffffb5]{[0xffffffdc][0xffffff9a][0xffffff99]w[0xffffffef]o[0xffffff84][0xffffff8b][0xfffffff7][0xffffffed][0x1d]x[0xfffffff3]~{[0xb]J[0xffffffbd]o[0xffffffcf][0xffffffa7][0xffffffdc][0xfffffffb][0xfffffff1]l[0x17][0xfffffff9]F()[0xfffffffb]*4)[0xfffffffd]F@[0x9][0xffffffff][0xffffffee][0xffffff98][0xffffffe6][0xb]x[0xffffff87][0xfffffff5]7[0x18][0xffffffb8][0xffffffdc][0xffffffde][0xffffffff]X[0xffffffed]N8[0xffffffd7][0xffffff91][0xffffffbe];[0xffffffe1][0xffffffcb][0xfffffffb]@[0xfffffff6][0xfffffffd][0xfffffffa][0x6][0xffffff94]{[0xfffffff7]w[0xffffffc8]5[0xffffffef][0xffffffd7][0xffffffa7][0xffffffe7]zw{2k[0xffffffdd][0xffffffe7]([0xffffffe6]:[0xfffffff7]G@[0xffffffe6][0x1a][0xfffffff7]9[0xffffff96]y[0xffffffbe]}[0x6]g[0xffffff96]m[0xffffff9f]![0xfffffffa][0xffffff82]k[0xffffffd5][0xffffffae][0xffffffdb][0xffffffd6]V[0xfffffffa][0xffffffee][0xffffff84]/[0xffffffef][0x3][0xffffffbb][0xffffff96][0xffffffdc]u[0xffffffbb][0xffffffbf][0x3][0xffffffe3][0xffffffda][0xfffffffc]][0xffffffb7][0xffffffdb][0xffffff93]=\K[0xffffffef][0xffffffba][0xfffffffd][0x11][0xffffff90][0xffffff8c]k[0xffffffc9]][0xffffffb7][0xffffffcf][0xffffffe0][0xffffffcc]v[0xffffffed][0xffffff85]][0xffffffb7][0xffffffdf][0xfffffffe]t)[0xffffffd7][0xffffffce][[0xfffffffa][0xffffffdc][0xffffffc3][0xffffff97][0xfffffff7][0xffffff81]][0xffffffbb][0xc]\[0xffffffbb][0x2][0xffffffd4][0xffffff99]8/[0xffffffcc][0xffffffb5][0xffffffcb][0xffffffc9][0xffffffb5][0x11]E[0xffffffc6][0xffffffb5][\n]"
11:38:47.748 [main] DEBUG org.apache.hc.client5.http.wire -- http-outgoing-1 << "H[0xffffffc6][0xffffffb5][0x11][0xffffffcb]|[0xffffffd7][0xffffffee]pf[0xffffffbb]vG[0xfffffff4][0xffffffb7][0xffffffbb][0xffffffb6][0xffffffdd][0xffffff84]k[0xfffffffb][0xffffffd1][0xffffffd3]w'|y[0x1f][0xffffffd6][0xffffffb5][0xffffff8f]7[0xffffff80]][0xfffffffb][0xfffffffd][0x1d][0x10][0xffffffd7]>[0xffffff9e][0xffffff8e][0xffffffb8][0xfffffff6][0xffffffdb][0xffffff93]-\+PD\+[0xffffff81]D\+[0xffffffb0]Lwm[0xffffff80]3[0xffffffd9][0xffffffb5][0x1][0xffffffd1][0x17]\[0xffffffab][0xfffffff6][0xffffffd4][0xfffffff4]z[0xffffffa6][0xffffffef][0x4][0xfffffffb][0xfffffff2]>[0xffffffb0]k[0xffffffc9]=5[0xfffffffb];0[0xffffffae][0xffffffcd][0xffffffdf]S[0xffffffb3]=[0xffffffd9][0xffffffc3][0xffffffb5][0xfffffff4][0xffffff9e][0xffffff9a][0x1f][0x1][0xffffffc9][0xffffffb8][0xffffff96][0xffffffdc]S[0xfffffff3][0xc][0xffffffce]l[0xffffffd7]^[0xffffffd8]S[0xfffffff3][0xfffffff9][0xffffffa7][0xffffffc5][0xffffffcc][0xffffffb5][0x5]wm1pmA][0[0xffffffd7][0x16]'[0xffffffd7][0xffffffee](R[0xffffffae][0xffffff8d]@R[0xffffffae][0xffffffdd][0xffffffb1]$\[`[0xffffffd7][0xffffff96][0xffffffab][0xffffffae]U[0xffffffbb][0x13][0xfffffffa][0xffffff9c][0xffffffe9];[0xffffffc1][0xffffffbe][0xffffffbc][0xf][0xffffffec]Zrw[0xffffffc2][0xfffffffe][0xe][0xffffff8c]k[0xfffffff3]w'lO[0xfffffff6]p-[0xffffffbd];[0xffffffe1]G@2[0xffffffae]%w'<[0xffffff83]3[0xffffffdb][0xffffffb5][0x17]v'|[0xfffffffb]Su[0xffffffbf][0xfffffff9][0xffffffb8][0xffffffb5][0xffffff93]r-w[0xffffffbf][0xfffffff9][0xffffffd7]7[0xffffffa0]][0xffffffcb][0xffffffdc]o[0xfffffffe][0xfffffff5][0xffffffe9][0xffffff8c]k-[0xffffffee]7[0x7f][0xffffff8e]"[0xffffffe3]Z[0xfffffffe]~[0xfffffff3][0xffffffe7]X[0xffffffe6][0xffffffbb][0xffffff96][0xffffffba][0xffffffdf][0xfffffffc][0x19][0xffffffa2][0xffffffbf][0xffffffdd][0xffffffb5]]}[0xffffffaf][0xffffff9d][0xffffffc7][0xffffffa2]\[0xffffffdb][0xfffffff1][0xffffffef][0xffffffb5][0xffffffdd][0xffffffe0]{m[0xffffff8f][0x1f][0xffffffc6][0x12]q[0xffffffee][0xffffffd8][0xfffffff7][0xffffffda][0xffffffbe][0x7f][0xc]#]+PD\+[0xffffff81]D\+[0xffffffb0]Lwm[0xffffff80]3[0xffffffd9][0xffffffb5][0x1][0xffffffd1][0x17]\[[0xffffffc4][0xfffffff7][0xffffffda][0xffffffd9]:[0xfffffff5][\r][0xffffffe1][0xffffffed]}`[0xffffffd7][0x16][0xfffffffe]{[0xffffffed][0xfffffff7]w`\[[0xffffffa8][0xffffffef][0xffffffb5][0xffffffdf][0xffffff9e][0xffffffec][0xffffffe1][0xffffffda][0xffffff88]"[0xffffffe3]Z[0x5]$[0xffffffe3][0xffffffda][0xffffff88]e[0xffffffbe]kw8[0xffffffb3]][0xffffffbb]#[0xfffffffa][0xffffff82]k[0xffffffd5][0xfffffff7][0xffffffda]u[0xffffffde][0xffffffa8][0xffffffdf][0xffffffc6]:[0xfffffffe][0xffffffbd][0xffffffb6][0x1b]|[0xffffffaf][0xffffffed][0xfffffff1][0xffffffc3]X&[0xffffffce][0xffffffd8][0xfffffff7][0xffffffda][0xffffffbe][0x7f][0xc]C]k[0xfffffff2][0xffffffbd]V[0x2][0xffffffc9][0xffffffb8][0xffffffd6][0xffffffe0]{m[0xffffff80]3[0xffffffdb][0xffffffb5][0xffffffd7][0xffffffbf][0xffffffd7]v5[0xffffffa3][0xffffffbb]F[0xfffffffe][0xffffff8e][0xffffff84]/[0xffffffef][0x3][0xffffffbb][0xffffffd6]`F[0xffffffb7][0xffffffc7]a[0xffffffc8]L[0xffffff9c][0xffffffb1][0x19][0xffffffdd][0xffffffbe][0xf]@[0xffffffa2][0xffffffae]5[0xffffff99][0xffffffd1][0xffffff95]@2[0xffffffae]5[0xffffff98][0xffffffd1][\r]pf[0xffffffbb][0xfffffff6][0xfffffffa][0xffffff8c]nW[0xffffffbf][0xffffff8d][0xffffffad]y[0xffffffdc]([0xffffffd7][0xffffffe2][0xffffffbf][0xffffff8d]u[0xffffff83][0xffffffdf][0xffffffc6]z[0xfffffffc][0x11]"[0x13]g[0xffffffec][0xffffffb7][0xffffffb1][0xffffffbe][0xffffffff][0xfffffff0][0xffffff80][0xffffffba][0xffffffd6][0xffffffe4][0xffffffb7]1[0x9]$[0xffffffe3]Z[0xffffff83][0xffffffdf][0xffffffc6][0x2][0xffffff9c][0xffffffd9][0xffffffae][0xfffffffd][0xffffff89][0xffffffdf][0xffffffc6][0xffffffd4]>[0xffffff84]5[0x1f]o[0xffffff87][0xffffffb8][0x16][0xffffffdf][0xffffff87][0xffffffd0][\r][0xfffffff6]![0xfffffff4]8x[0xffffff9e][0xffffff89]3[0xffffffb6][0xf][0xffffffa1][0xffffffef][0xffffffc3][0xffffffe6][0xffffffa8]kM[0xfffffff6]!H [0x19][0xffffffd7][0x1a][0xffffffec]C[0x8]pf[0xffffffbb][0xfffffff6][0xfffffffa]>[0xffffff84][0xffffffae][0xfffffff6]![0xffffffac]u`[0xffffffdf][0x10][0xfffffff0]}[0x8][0xffffffdd]`[0x1f]B[0xffffff8f][0xffffff83][0xffffffe7][0xffffff99]8c[0xfffffffb][0x10][0xfffffffa]>l[0xffffff8e][0xffffffba][0xffffffd6]d[0x1f][0xffffff82][0x4][0xffffff92]q[0xffffffad][0xffffffc1]>[0xffffff84][0x0]g[0xffffffb6]k[0xffffffaf][0xffffffef]C[0x18]7[0xffffffe9][0xffffffda]A[0xffffffed][0xfffffff9]z{[0x1f][0xffffffd6][0xffffffb5][0xffffff8f]7[0xffffff80]][0xfffffffb][0xfffffffd][0x1d][0x10][0xffffffd7]>[0xffffff9e][0xffffff8e][0xffffffb8][0xfffffff6][0xffffffdb][0xffffff93]-\+PD\+[0xffffff81]D\+[0xffffffb0]Lwm[0xffffff80]3[0xffffffd9][0xffffffb5][0x1][0xffffffd1][0x17]\+[0xffffffce][0xffffffd7][0x1e][0xffffffb7][0xffffffa3]Q"
11:38:47.749 [main] DEBUG org.apache.hc.client5.http.wire -- http-outgoing-1 << "{[0xffffffbe][0x6]~[0xffffffbe]v[0x18][0xffffff9c][0xffffffaf][0x1d][0xfffffff1] c&[0xffffffce][0xffffffd8][0xfffffff9][0xffffffda][0xffffffb1][0x1f]^D]kr[0xffffffbe]V[0x2][0xffffffc9][0xffffffb8][0xffffffd6][0xffffffe0]|m[0xffffff80]3[0xffffffdb][0xffffffb5][0xffffffd7][0xffffffcf][0xffffffd7][0xffffff8e][0xffffffa2]\[0xffffffdb]&[0xffffffb5]+[0xfffffffc][0xffffffed]}`[0xffffffd7][0x16][0x3][0xffffffd7][0xffffff96][0x0]u&[0xffffffce][0x5]smqrmD[0xffffff91]q[0xffffffad][0x2][0xffffff92]qm[0xffffffc4]2[0xffffffdf][0xffffffb5];[0xffffff9c][0xffffffd9][0xffffffae][0xffffffdd][0x11]}[0xffffffc1][0xffffffb5]U[0xffffffb9]v`[0xffffffbb][0xffffffc2][0xffffffdf][0xffffffde][0x7]vm5pm[\r]Pg[0xffffffe2]\1[0xffffffd7]V'[0xffffffd7]F[0x14][0x19][0xffffffd7]* [0x19][0xffffffd7]F,[0xfffffff3]][0xffffffbb][0xffffffc3][0xffffff99][0xffffffed][0xffffffda][0x1d][0xffffffd1][0x17]\+f[0x19][0xffffff8e][0xffffffe3][0xffffffe4][0xffffffbe][0xffffffd7][0xffffffe2][0xffffffb3][0xc][0xffffffc3]`[0xffffff96]a[0xffffffc4]C[0xffffffe3][0xffffff99]8c[0xffffffb3][0xc]c?([0xffffff8e][0xffffffba][0xffffffd6]d[0xffffff96]A[0x2][0xffffffc9][0xffffffb8][0xffffffd6]`[0xffffff96]![0xffffffc0][0xffffff99][0xffffffed][0xffffffda][0xffffffeb][0xffffffb3][0xc]C[0xffffff9c][0xffffffaf][0xffffffbd][0xffffffff][0xffffffbf][0x1d][0xffffffd4][0xffffff8c][0xffffffee][0xffffffc0][0xffffffcf][0xffffffd7][0xe][0xffffff83][0xfffffff3][0xffffffb5]#[0x1e]d[0xffffffcc][0xffffffc4][0x19];_;[0xfffffff6][0xffffffc3][0xffffff8b][0xffffffa8]kM[0xffffffce][0xffffffd7]J [0x19][0xffffffd7][0x1a][0xffffff9c][0xffffffaf][\r]pf[0xffffffbb][0xfffffff6][0xfffffffa][0xfffffff9][0xffffffda]![0xffffffce][0xffffffd7][0x1e][0xffffffa5][0x1d]'[0xffffffe5]Z[0xfffffffc]|[0xffffffed]08_;[0xffffffe2]A[0xffffffc6]L[0xffffff9c][0xffffffb1][0xfffffff3][0xffffffb5]c?[0xffffffbc][0xffffff88][0xffffffba][0xffffffd6][0xffffffe4]|[0xffffffad][0x4][0xffffff92]q[0xffffffad][0xffffffc1][0xfffffff9][0xffffffda][0x0]g[0xffffffb6]k[0xffffffaf][0xffffff9f][0xffffffaf][0x1d][0xffffffe2]|[0xffffffed]Q[0xffffffc6][0xffffffd1]([0xffffffd7][0xffffffe2][0xffffffe7]k[0xffffff87][0xffffffc1][0xfffffff9][0xffffffda][0x11][0xf]2f[0xffffffe2][0xffffff8c][0xffffff9d][0xffffffaf][0x1d][0xfffffffb][0xffffffe1]E[0xffffffd4][0xffffffb5]&[0xffffffe7]k%[0xffffff90][0xffffff8c]k[\r][0xffffffce][0xffffffd7][0x6]8[0xffffffb3]]{[0xfffffffd]|[0xffffffed][0xffffffbc][0x9][0xffffffd7][0xffffffd6][[0xffffffa3][0xffffffee][0x1b]{{[0x1f][0xffffffd6][0xffffffb5][0xffffff8f]7[0xffffff80]][0xfffffffb][0xfffffffd][0x1d][0x10][0xffffffd7]>[0xffffff9e][0xffffff8e][0xffffffb8][0xfffffff6][0xffffffdb][0xffffff93]-\+PD\+[0xffffff81]D\+[0xffffffb0]Lwm[0xffffff80]3[0xffffffd9][0xffffffb5][0x1][0xffffffd1][0x17]\[0xffffffab][0xffffffce][0xffffffd7][0xffffffd6][0xffffffdb][0xffffffa2][0xffffffce][0xffffffd7]N[0xfffffffc]|[0xffffffed]48_;[0xffffffe3]A[0xffffffc6]L[0xffffff9c][0xffffffb1][0xfffffff3][0xffffffb5]s?[0xffffffbc][0xffffff88][0xffffffba][0xffffffd6][0xffffffe4]|[0xffffffad][0x4][0xffffff92]q[0xffffffad][0xffffffc1][0xfffffff9][0xffffffda][0x0]g[0xffffffb6]k[0xffffffaf][0xffffff9f][0xffffffaf][0xffffff9d][0xffffffea]|m=:[0xffffffe6]Z[0xfffffffc]|[0xffffffed]48_;[0xffffffe3]A[0xffffffc6]L[0xffffff9c][0xffffffb1][0xfffffff3][0xffffffb5]s?[0xffffffbc][0xffffff88][0xffffffba][0xffffffd6][0xffffffe4]|[0xffffffad][0x4][0xffffff92]q[0xffffffad][0xffffffc1][0xfffffff9][0xffffffda][0x0]g[0xffffffb6]k[0xffffffaf][0xffffff9f][0xffffffaf][0xffffff9d][0xffffffa7]rm[0xffffffe9][0xffffffd4]>[0xffffff84][0xffffffb7][0xfffffff7][0xffffff81]]{[0x1a][0xffffffb8][0xfffffff6][0xc]Pg[0xffffffe2]|b[0xffffffae]=[0xffffff9d]\[0x1b]Qd\[0xffffffab][0xffffff80]d\[0x1b][0xffffffb1][0xffffffcc]w[0xffffffed][0xe]g[0xffffffb6]kwD_p[0xffffffad][0xffffffd8]_{[0xffffffd4]91[0xffffffd7][0xffffffe2][0xfffffffb]k[0xffffffa7][0xffffffc1][0xfffffffe][0xffffffda][0x19][0x17][0xffffff85]f[0xffffffe2][0xffffff8c][0xffffffed][0xffffffaf][0xffffff9d][0xfffffffb]rP[0xffffffd4][0xffffffb5]&[0xfffffffb]k%[0xffffff90][0xffffff8c]k[\r][0xfffffff6][0xffffffd7][0x6]8[0xffffffb3]]{}[0x7f][0xffffffed]T[0xffffffe7]k[0xffffffcf][0x3];_;[0xfffffff1][0xfffffff3][0xffffffb5][0xffffffd3][0xffffffe0]|[0xffffffed][0xffffff8c][0x7][0x19]3q[0xffffffc6][0xffffffce][0xffffffd7][0xffffffce][0xfffffffd][0xfffffff0]"[0xffffffea]Z[0xffffff93][0xfffffff3][0xffffffb5][0x12]H[0xffffffc6][0xffffffb5][0x6][0xffffffe7]k[0x3][0xffffff9c][0xffffffd9][0xffffffae][0xffffffbd]~[0xffffffbe]v[0xffffffce]x[0xffffffdf][0xffffffd8]q[0xffffffb6][0xffffffc7][0xffffffdb]![0xffffffae][0xffffff9d][0xfffffff4]}c[0xffffff8f]7[0xffffffa0]];[0xffffffc3][0xffffffc5]N[0xffffff99]8O[0xffffffea][0xffffffbe][0xffffffb1]oO[0xfffffff6]pmD[0xffffff91]q[0xffffffad][0x2][0xffffff92]qm[0xffffffc4]2[0xffffffdf][0xffffffb5];[0xffffff9c][0xffffffd9][0xffffffae][0xffffffdd][0x11]}[0xffffffc1][0xffffffb5][0xffffffea]|[0xffffffed]9[0xffffffb8][0xffffffdf][0xffffffc6][0xfffffff0][0xfffffff3][0xffffffb5][0xffffffd3][0xffffffe0]|[0xffffffed][0xffffff8c][0x7][0x19]3q[0xffffffc6][0xffffffce][0xffffffd7][0xffffffce][0xfffffffd][0xfffffff0]"[0xffffffea]Z[0xffffff93][0xfffffff3][0xffffffb5][0x12]H[0xffffffc6][0xffffffb5][0x6][0xffffffe7]k[0x3][0xffffff9c][0xffffffd9][0xffffffae][0xfffffffd][0xffffff89][0xfffffff3][0xffffffb5][0xffffffeb][0xffffff97]j[0xffffffe6][0xffffffda][0xffffff8a][0xffffffbb][0xffffffb6][0x1a][0xffffffb8][0xffffffb6][0xffffffa2][0xffffffae][0xffffffad][0xffffff98]k[0xffffffab][0xffffff93]kw[0x14])[0xffffffd7]F )[0xffffffd7][0xffffffee]X[0x12][0xffffffae][0xffffffad][0xffffffb0]k[0xffffffeb]E[0xffffffd7].u[0xffffffbe][0xffffffb6]U[0xffffffec]{[0xffffffed][0xffffffc2][0xffffffcf][0xffffffd7].[0xffffff83][0xfffffff3][0xffffffb5]+[0x1e]dL[0xffffffc4]ya[0xffffffe7]k[0xffffffd7]~x[0xffffff91]t[0xffffffad]@[0x11]q[0xffffffad][0x4][0x12]q[0xffffffad][0xffffffc0]2[0xffffffdd][0xffffffb5][0x1][0xffffffce]d[0xffffffd7][0x6]D_p[0xffffffad]:_[0xffffffdb][0xf][0xffffffec][0x1c][0xffffffc2][0xffffffc2][0xffffffcf][0xffffffd7].[0xffffff83][0xfffffff3][0xffffffb5]+[0x1e]d[0xffffffcc][0xffffffc4][0x19];_[0xffffffbb][0xfffffff6][0xffffffc3][0xffffff8b][0xffffffa8]kM[0xffffffce][0xffffffd7]J [0x19][0xffffffd7][0x1a][0xffffff9c][0xffffffaf][\r]pf[0xffffffbb][0xfffffff6][0xfffffffa][0xfffffff9][0xffffffda][0xffffffa5][0xfffffff6][0xffffffd7][0xfffffff6]vP;[0x15][0x17][0xffffffbe][0xffffffbf]v[0x19][0xffffffec][0xffffffaf]]qQh&[0xffffffce][0xffffffd8][0xfffffffe][0xffffffda][0xffffffb5]/[0x7]E]k[0xffffffb2][0xffffffbf]V[0x2][0xffffffc9][0xffffffb8][0xffffffd6]`[0x7f]m[0xffffff80]3[0xffffffdb][0xffffffb5][0xffffffd7][0xfffffff7][0xffffffd7].5[0xffffffcb][0xffffffd0][0xffffffdb]8([0xffffffd7][0xffffffe2][0xffffffb3][0xc][0xffffffcb]`[0xffffff96]a[0xffffffc5]C[0xffffffe3][0xffffff99]8c[0xffffffb3][0xc]k?([0xffffff8e][0xffffffba][0xffffffd6]d[0xffffff96]A[0x2][0xffffffc9][0xffffffb8][0xffffffd6]`[0xffffff96]![0xffffffc0][0xffffff99][0xffffffed][0xffffffda][0xffffffeb][0xffffffb3][0xc]K[0xffffffed][\n]"
11:38:47.750 [main] DEBUG org.apache.hc.client5.http.wire -- http-outgoing-1 << "[0xffffffef][0x1d][0xffffffdb][0xfffffff3][0xffffffb5][0xfffffff0]][0xffffffe1][0xffffffcb]`W[0xfffffff8][0xffffff8a]K[0xffffff99]3q[0xffffffc6]v[0xffffff85][0xffffffaf]}[0x11]3[0xffffffea]Z[0xffffff93]][0xffffffe1][0x12]H[0xffffffc6][0xffffffb5][0x6][0xffffffbb][0xffffffc2][0x3][0xffffff9c][0xffffffd9][0xffffffae][0xffffffbd][0xffffffbe]+|[0xffffffa9][0xffffffb9][0xffffffb1][0xffffffde];[0xfffffff6][0xffffffdb][0x18]>7[0xffffffb6][0xc][0xffffffe6][0xffffffc6]V[0x1c][0xffffffd0][0xffffffc9][0xffffffc4][0x19][0xffffff9b][0x1b][[0xfffffffb]P[0xe][0xffffffea]Z[0xffffff93][0xffffffb9]1[0x9]$[0xffffffe3]Z[0xffffff83][0xffffffb9][0xffffffb1][0x0]g[0xffffffb6]k[0xffffffaf][0xffffffcf][0xffffff8d]-57[0xffffffd6][0xffffffc7]I[0xffffffdd][0xffffffed][0xffffffb8][0xfffffff0][0xffffffb9][0xffffffb1]e07[0xffffffb6][0xffffffe2][0xffffff80]N&[0xffffffce][0xffffffd8][0xffffffdc][0xffffffd8][0xffffffda][0xffffff87]rP[0xffffffd7][0xffffff9a][0xffffffcc][0xffffff8d]I [0x19][0xffffffd7][0x1a][0xffffffcc][0xffffff8d][0x5]8[0xffffffb3]]{}nl[0xffffffa9]{[0x19][0xfffffffa][0xffffffba]Q[0xfffffffb]k[0x17]~/[0xffffffc3]2[0xffffffb8][0xffffff97]a[0xffffffc5][0x5][0xfffffff8][0xffffff99]8c[0xfffffff7]2[0xffffffac]}[0xffffffe9]=[0xffffffea]Z[0xffffff93]{[0x19]$[0xffffff90][0xffffff8c]k[\r][0xffffffee]e[0x8]pf[0xffffffbb][0xfffffff6]7[0xffffffdc][0xffffffcb][0xfffffff0][\r][0xffffffd4][0xffffffdf][0xffffffff][0xffffffeb][0x1f][0xffffffff][0xfffffff0][0xffffffcf][0x7f][0xfffffffe][0xffffffe3][0xffffffdf][0xfffffffe][0xfffffff6][0xfffffffb][0xffffffbf][0xfffffffd][0xffffffeb][0x1f][0xffffffff][0xfffffffc]g[0xffffff82][0xffffffd8][0xffffffed][0x15][0x1c][0xffffffd0][0xffffffdd]_[0x9]gX[0xffffffbd][0x10][0x4][0xfffffff3][0xfffffffe]*[0x18][0xffffffd5][0xffffffe2]E[0xfffffffe][0x7f]SB[0xffffff8d]E[0xffffff8e][0xffffff8a][0xffffffad][0xffffffb1][[0xfffffff8]X[0xffffffe4]2[0x18][0xffffff8b]\q[0xfffffffe],[0x13]pl,r[0xffffffed]3ghJ[0xffffff98][0xffffff8c]EJ [0xffffff99][0xffffff94]0[0x18][0xffffff8b][0xc]pf[0xffffffa7][0xffffffc4]o[0x18][0xffffff8b][0xffffffc4]RB[0xffffffc8][0xffffff93]M[0x9][0xffffffe9]R6%[0xffffff84]Z[0xffffffb9][0xffffff94][0x8][0xffffffa6][0xffffffa5]R"[0xffffff88][0xfffffff7]RJ[0xffffffc4]m6lJ[0xffffffc0][0xffffffdb]l[0x1e]o[0xffffffc0][0xffffffa7][0x4][0xffffffb8][0xffffffcd][0xffffffe6][0xfffffff1]t*%|[0xffffffb6][0xffffffd9][0x8][0x14][0xffffffa9][0xffffff94]0[0xffffffd9]f#[0xffffffb0]$R[0x2][0xffffffdd]f[0x13][0x10][0xfffffff5]J[0xffffff89] O:%[0xffffff84]K[0xffffffe9][0xffffff94][0x8]j%S[0xffffffa2][0xffffffb8][0xffffffa4]D[0xfffffff9];[0xffffffa4]D3K[0xffffff89][0xffffff86][0xffffffa7]D3H[0xffffff89][0xffffff86][0xffffffa6]D[0xffffffc3]R[0xffffffa2]9[0xffffffa5][0xffffffc4][0xffffff8e]"[0xffffff95][0x12][0x11]H*%v,[0xffffff89][0xffffff94]hpJ4[0xffffffe3][0xffffff94][0x8][0xfffffff2][0xffffffa4]SB[0xffffffb8][0xffffff94]N[0xffffff89][0xffffffa0]V2%[0xffffff9a]KJ[0xffffffb4][0xffffffbf]CJ<v[0xffffffe1]8[0xffffffb5][0xffffffc4]1[0xfffffff1][0xffffff98][0xffffffb8][0xffffffbf][0x2]_[0x13][0x1f]/A[0xffffffe5][0xffffffc4]"
11:38:47.750 [main] DEBUG org.apache.hc.client5.http.wire -- http-outgoing-1 << "[0xfffffffd][0xfffffff1]TO[0xffffffbc]?[0xffffffda]%([0x2][0xffffff8f]TQ[0x8]*[0xffffffa9][0xffffffa4][0x8]l[0x12]M[0xffffffb1][0x11][0xffffff9a][0x1f][0x15][0x1b][0xffffffa7]^U[0x11]5Jg[0xffffff85][0xffffffb2]*[0xffffffdd][0x15]Q[0xffffffb2]dX[0xffffffec][0xffffffce][0xffffffe5][0xffffffca]bW[0xfffffff0][0xffffffa5][0xffffffb4](niQ[0xfffffff8][0xffffffb4]([0xe]iQ[0xffffffd8][0xffffffb4](\Z[0x14][0xffffffab][0xffffffb4][0x8]<Ri![0xffffffa8][0xffffffa4][0xffffffd2]"[0xffffffb0]I[0xffffffa4]E[0xffffffa1][0xffffffd3][0xffffffa2]8[0xffffffa7]E[0xffffffd4]([0xffffff9d][0x16][0xffffffca][0xffffffaa]tZD[0xffffffc9][0xffffff92]i[0xffffffb1];[0xffffff97]K[0xffffff8b]][0xffffffc1][0xffffff97][0xffffffd2][0xffffffa2][0xffffffba][0xfffffffd][0x2]R[0xfffffff9][0xffffff9f]@[0xffffffaa][0xffffffc3]o [0xffffff95][0xfffffffd][0x11][0xffffffa4]r[0xffffffbf][0xffffff82]T[0xffffffab][0xffffff9f]A[0x2][0xffffff8f]TZ[0x8]*[0xffffffa9][0xffffffb4][0x8]l[0x12]iQ[0xffffffe9][0xffffff9f]B[0xffffffaa][0xfffffff3]o!Q[0xffffffa3]tZ([0xffffffab][0xffffffd2]i[0x11]%K[0xffffffa6][0xffffffc5][0xffffffee]\.-v[0x5]_J[0xffffff8b][0xffffffd6][0xffffffcd][0xffffffd2][0xffffffa2]u<-[0xffffffee][0xffffffaf][0xffffffc0][0xffffffa7][0xffffffc5][0xffffffc7]KPiq[0x7f]<[0xffffff95][0x16][0xffffffef][0xffffff8f]vI[0xffffff8b][0xffffffc0]#[0xffffff95][0x16][0xffffff82]J*-[0x2][0xffffff9b]DZl[0xffffff84][0xffffffe6][0xffffffa7][0xffffffc5][0xffffffc6][0xffffffa9]WZD[0xffffff8d][0xffffffd2]i[0xffffffa1][0xffffffac]J[0xffffffa7]E[0xffffff94],[0xffffff99][0x16][0xffffffbb]s[0xffffffb9][0xffffffb4][0xffffffd8][0x15]|)-[0xffffffba][0xffffffdb][0x8]H[0xffffffe7]g@[0xffffffba][0xffffffc3][0x10]Hg[0xffffffa7]@:7[0x6][0xffffffd2][0xffffffad][0xffffffe6]@[0x2][0xffffff8f]TZ[0x8]*[0xffffffa9][0xffffffb4][0x8]l[0x12]i[0xffffffd1][0xffffffe9]Y[0xffffff90][0xffffffee]<[0xc][0x12]5J[0xffffffa7][0xffffff85][0xffffffb2]*[0xffffff9d][0x16]Q[0xffffffb2]dZ[0xffffffec][0xffffffce][0xffffffe5][0xffffffd2]bW[0xfffffff0][0xffffffa5][0xffffffb4]x\G[0xffffffe0][0xffffff94][0x16][0xffffffe3][0xffffffc0][0xffffffd3][0xffffffe2][0xfffffffe][\n]"
11:38:47.750 [main] DEBUG org.apache.hc.client5.http.wire -- http-outgoing-1 << "|Z|[0xffffffbc][0x4][0xffffff95][0x16][0xfffffff7][0xffffffc7]Si[0xfffffff1][0xfffffffe]h[0xffffff97][0xffffffb4][0x8]<Ri![0xffffffa8][0xffffffa4][0xffffffd2]"[0xffffffb0]I[0xffffffa4][0xffffffc5]Fh~Zl[0xffffff9c]z[0xffffffa5]E[0xffffffd4]([0xffffff9d][0x16][0xffffffca][0xffffffaa]tZD[0xffffffc9][0xffffff92]i[0xffffffb1];[0xffffff97]K[0xffffff8b]][0xffffffc1][0xffffff97][0xffffffd2][0xffffffe2][0xffffffb8]-[0xffffffb3][0xffffffb6][0xffffffb8][0xffffffbf][0x11][0x1e][0x17]o[0xffffffef][0xffffffc0][0xffffffd7][0xffffffc5][0xffffffb7][0xffffffb7][0xffffffa0][0xfffffff2][0xffffffe2][0xffffffed][0xfffffff9]T_|<[0xffffffdb]%0"[0xffffff94]Ta(4[0xffffffa9][0xffffffc4][0xffffff88][0xffffff80][0x12][0xffffff8d][0xffffffb1]c[0xffffff9a][0x1f][0x19];[0xffffffac]^[0xffffff95]![0xffffff84]Jg[0xffffff86][0xfffffff4]+[0xffffffdd][0x19]B[0xffffffb7]dh[0x4][0xfffffffb]r[0xffffffa5][0x11]d[0xfffffffc]Jj[0x1c]o[0xffffffff][0xffffffca]q[0xffffffbb][0xffffffa9]m[0xffffff9b]k[0xffffffae][0xfffffff4][0xffffffd0][0xfffffff8]|[0x1f]*3[0xffffffbe][0xffffffbc][0x1][0x16][0x19][0xffffffdb];$'[0xffffffc6][0xffffff97][0xffffffa7]'[0x7][0xffffffc6][0xffffffaf][0xffffff9f][0xc][0xffffffe7][0xffffffc5]S[0x14][0xffffff93][0xffffffe3][0xffffffe2][0x7]@&[0xffffffa7][0xffffffc5]S,[0x13][0xffffffc3][0xffffffe2][0x9][0xffffff9c]iY[0xfffffff1][0x4]Q[0xffffff8b][0xffffffa8]x.O()~[0xffffffe4]R(([0xffffff9e][0xffffffab][0x15][0xffffffc8][0xffffff89]g[0xffffffa6]M[0xffffff8f][0xffffff89]g[0xffffffe2][0xffffffbd][0xffffff90][0x12][0xffffff87]H[0xffffff89]y[0xffffff8c][0xfffffffc][0xffffffbb][0xffffffed]>[0xffffffdf][0x7]N[0xffffff89][0xffffffc3] %[0xffffff8e][0xffffffc8]{"[0xffffffe0][0x7][0xffffff96][0x12][0xffffff87]SJD[0x14][0xffffff99][0xffffff94]P@2)[0x11][0xffffffb1][0xffffffcc]O[0xffffff89][0x1d][0xffffffce][0xffffffec][0xffffff94][0xffffffd8][0x11]uJ[0x9]!O6%[0xffffffa4]K[0xffffffd9][0xffffff94][0x10]j[0xffffffe5]R"[0xffffff98][0xffffff96]J[0xffffff89] [0xffffffde][0xb])QTJ[0xffffffb4][0xffffff95][0x7f]u[0xffffffe3][0xffffffe7][0xfffffffb][0xffffffc0])Q[0xc]R[0xffffffa2]D[0xffffffde][0x13][0x1]/XJ[0x14][0xffffffa7][0xffffff94][0xffffff88](2)[0xffffffa1][0xffffff80]dR"b[0xffffff99][0xffffff9f][0x12];[0xffffff9c][0xffffffd9])[0xffffffb1]#[0xffffffea][0xffffff94][0x12]B[0xffffff9e]lJH[0xffffff97][0xffffffb2])![0xffffffd4][0xffffffca][0xffffffa5]D0-[0xffffff95][0x12]A[0xffffffbc][0x17]R[0xffffffa2][0xffffffaa][0xffffff94][0x18]3[0xffffffff]$[0xffffffc5][0xffffffe7][0xfffffffb][0xffffffc0])Q[\r]R[0xffffffa2]F[0xffffffde][0x13][0x1][0xffffffaf]XJT[0xffffffa7][0xffffff94][0xffffff88](2)[0xffffffa1][0xffffff80]dR"b[0xffffff99][0xffffff9f][0x12];[0xffffff9c][0xffffffd9])[0xffffffb1]#[0xffffffea][0xffffff94][0x12]B[0xffffff9e]lJH[0xffffff97][0xffffffb2])![0xffffffd4][0xffffffca][0xffffffa5]D0-[0xffffff95][0x12]A[0xffffffbc][0xffffff97]R[0xffffffa2][0xffffff9a][0xffffffa5]D[0xffffffc5]S[0xffffffa2][0x1a][0xffffffa4]DES[0xffffffa2]b)Q[0xffffff9d]RbG[0xffffff91]J[0xffffff89][0x8]$[0xffffff95][0x12];[0xffffff96]DJT8%[0xffffffaa]qJ[0x4]y[0xffffffd2])!\J[0xffffffa7]DP+[0xffffff99][0x12][0xffffffd5]%%[0xffffffea]O[0xffffffa7][0xffffffc4])[0xffffffbe]J[0xffffffac][0xffffffd2]*[0xffffff95][0x12]'[0xfffffffe]U[0xffffffe2]4[0xfffffff8]*q[0xffffffc6]tN[0x4][0xfffffffc][0xffffffc4][0xffffffbe]J[0xffffff9c]N_%"[0xffffff8a]LJ( [0xffffff99][0xffffff94][0xffffff88]X[0xffffffe6][0xffffffa7][0xffffffc4][0xe]gvJ[0xffffffec][0xffffff88]:[0xffffffa5][0xffffff84][0xffffff90]'[0xffffff9b][0x12][0xffffffd2][0xffffffa5]lJ[0x8][0xffffffb5]r)[0x11]LK[0xffffffa5]D[0x10][0xffffffef][0xffffff85][0xffffff94]h*%[0xffffffce][0xfffffff3][0xffffffa0]R[0xffffffa2][0xffffffe1])[0xffffffd1][0xc]R[0xffffffa2]E[0xffffffde][0x13][0x1]oXJ4[0xffffffa7][0xffffff94][0xffffff88](2)[0xffffffa1][0xffffff80]dR"b[0xffffff99][0xffffff9f][0x12];[0xffffff9c][0xffffffd9])[0xffffffb1]#[0xffffffea][0xffffff94][0x12]B[0xffffff9e]lJH[0xffffff97][0xffffffb2])![0xffffffd4][0xffffffca][0xffffffa5]D0-[0xffffff95][0x12]A[0xffffffbc][0xffffff97]R[0xffffffa2][0xffffff98][0xffffffa5][0x4][0xffffffb6]+[0xfffffff3][0xffffffcb][0x1b][0xfffffff0])[0xffffff81]l[0xffffffca][0xfffffffc][0xfffffff2]t*%[0x1c][0xfffffff6]d>E[0xffffff91]J[0x9]|K[0xffffffe6]S,[0xffffff89][0xffffff94][0xffffff80]vd>A[0xffffffd4]+%\6d[0xfffffffe][0xffffffc8][0xffffffa5]tJ8[0xffffffec][0xffffffc7]|fZ.%~b;[0xffffffe6][0xffffffc7][0xffffffbf][0xffffffd1][0xffffffd5]W[0xffffff89]y[0xe]*%:[0xfffffffe]U[0xffffffa2][0x1b]|[0xffffff95][0xffffffe8]1[0xffffff9d][0x13][0x1][0xffffffef][0xffffffd8]W[0xffffff89][0xffffffee][0xfffffff4]U"[0xffffffa2][0xffffffc8][0xffffffa4][0xffffff84][0x2][0xffffff92]I[0xffffff89][0xffffff88]e~J[0xffffffec]pf[0xffffffa7][0xffffffc4][0xffffff8e][0xffffffa8]SJ[0x8]y[0xffffffb2])!][0xffffffca][0xffffffa6][0xffffff84]P+[0xffffff97][0x12][0xffffffc1][0xffffffb4]TJ[0x4][0xfffffff1]^H[0xffffff89][0xffffffa1]Rb[0x1d][0xffffffd8]W[0xffffff89][0xffffff81][0xffffffa7][0xffffffc4]0H[0xffffff89][0x11]yO[0x4]|`)1[0xffffff9c]R"[0xffffffa2][0xffffffc8][0xffffffa4][0xffffff84][0x2][0xffffff92]I[0xffffff89][0xffffff88]e~J[0xffffffec]pf[0xffffffa7][0xffffffc4][0xffffff8e][0xffffffa8]SJ[0x8]y[0xffffffb2])!][0xffffffca][0xffffffa6][0xffffff84]P+[0xffffff97][0x12][0xffffffc1][0xffffffb4]TJ[0x4][0xfffffff1]^H[0xffffff89])S[0xffffffa2]c[0xffffffdb].'[0xffffff9e][0x12][0xffffffd3] %f[0xffffffe4]=[0x11][0xfffffff0][0xffffff89][0xffffffa5][0xffffffc4]tJ[0xffffff89][0xffffff88]"[0xffffff93][0x12][\n]"
11:38:47.751 [main] DEBUG org.apache.hc.client5.http.wire -- http-outgoing-1 << "H&%"[0xffffff96][0xfffffff9])[0xffffffb1][0xffffffc3][0xffffff99][0xffffff9d][0x12];[0xffffffa2]N)![0xffffffe4][0xffffffc9][0xffffffa6][0xffffff84]t)[0xffffff9b][0x12]B[0xffffffad]\J[0x4][0xffffffd3]R)[0x11][0xffffffc4]{!%VL[0xffffff89]r[0xffffffbb]q_%[0x16][0xffffff9e][0x12][0xffffffcb] %V[0xffffffe4]=[0x11][0xfffffff0][0xffffff85][0xffffffa5][0xffffffc4]rJ[0xffffff89][0xffffff88]"[0xffffff93][0x12][\n]"
11:38:47.751 [main] DEBUG org.apache.hc.client5.http.wire -- http-outgoing-1 << "H&%"[0xffffff96][0xfffffff9])[0xffffffb1][0xffffffc3][0xffffff99][0xffffff9d][0x12];[0xffffffa2]N)![0xffffffe4][0xffffffc9][0xffffffa6][0xffffff84]t)[0xffffff9b][0x12]B[0xffffffad]\J[0x4][0xffffffd3]R)[0x11][0xffffffc4][0xfffffffb]zJ[0x1c][0xffffff87]J[0xffffff89]R[0xffffffa9][0xffffffbd][0x12]o[0xffffffef][0xffffffc3][0xffffffa6][0xffffffc4][0xffffffe3][\r][0xffffffe0][0xffffff94][0xfffffff8][0xfffffffe][0xe]HJ<[0xffffff9e][0xffffff8e][0xffffffa4][0xffffffc4][0xffffffb7]'[[0xffffffa4][0xffffff84]@[0x11]I[0x9][0x9]$[0xffffff92][0x12][0x2][0xffffffcb][0xfffffff4][0xffffff94][0x8]p&[0xffffffa7]D@[0xffffffd4](%[0xffffff94]<[0xffffffd1][0xffffff94][0xffffffd0].ESB[0xffffffa9][0x15]K[0xffffff89]hZ(%[0xffffffa2]x/[0xffffffa4][0xffffff84][0xffffffd8]+Qn[0xffffffeb]vR)[0xffffff81][0xffffffef][0xffffff95]8[0xc][0xfffffff6]J[0x1c]b[0xfffffff8]9[0x11]pl[0xffffffaf][0xffffffc4][0x11][0xffffffc6][0xffffff9b][0xffffffc9]"
11:38:47.751 [main] DEBUG org.apache.hc.client5.http.wire -- http-outgoing-1 << "[0xffffff94]0[0xffffffd9]+![0xffffff81]dR[0xffffffc2]`[0xffffffaf]D[0xffffff80]3;%[0xffffff8c][0xfffffff7]J(y[0xffffffb2])[0xffffffe1][0xffffffb7]WB[0xffffffa9][0xffffff95]K[0x9][0xffffff97][0xffffffbd][0x12]Q[0xffffffbc][0x17]RB[0xc][0xffffff83][0xffffff96][0xffffffa3][0xffffffac]F[0xffffffa5][0x4]>[0xc]z[0x18][0xc][0xffffff83][0x1e]bb)[0x11]pl[0x18][0xfffffff4][0x8]3IdJ[0xffffff98][0xc][0xffffff83]J [0xffffff99][0xffffff94]0[0x18][0x6][\r]pf[0xffffffa7][0xffffff84][0xfffffff1]0[0xffffffa8][0xffffff92]'[0xffffff9b][0x12]~[0xffffffc3][0xffffffa0]J[0xffffffad]\J[0xffffffb8][0xc][0xffffff83]F[0xfffffff1]^H[0x9]uV[0xffffffa2][0xfffffff4]I[0xffffffdd][0xc]z[0xffffffe0]g%[0xe][0xffffff83][0xffffffb3][0x12][0xffffff87][0xfffffff8]A/[0x11]p[0xffffffec][0xffffffac][0xffffffc4][0x11]~[0xffffffb2]#S[0xffffffc2][0xffffffe4][0xffffffac][0xffffff84][0x4][0xffffff92]I[0x9][0xffffff83][0xffffffb3][0x12][0x1][0xffffffce][0xffffffec][0xffffff94]0>+[0xffffffa1][0xffffffe4][0xffffffc9][0xffffffa6][0xffffff84][0xffffffdf]Y[0x9][0xffffffa5]V.%\[0xffffffce]JD[0xfffffff1][0xffffffbe][0xffffff9e][0x12][0xffffffe5][0xffffffa6]Rb[0xffffffdd][0xffffffa8][0xffffffb3][0x12]o[0xffffffef][0xffffffc3][0xffffffa6]D[0xffffffb9])[0xfffffffc]sy[0xffffffff][0xfffffffe][0xe]HJ[0xffffff94][0x1b][0xffffff95][0x12][0xffffffdf][0xffffff9e]l[0xffffff91][0x12][0x2]E$%$[0xffffff90]HJ[0x8],[0xffffffd3]S"[0xffffffc0][0xffffff99][0xffffff9c][0x12][0x1]Q[0xffffffa3][0xffffff94]P[0xfffffff2]DSB[0xffffffbb][0x14]M[0x9][0xffffffa5]V,%[0xffffffa2]i[0xffffffa1][0xffffff94][0xffffff88][0xffffffe2][0xffffffbd][0xffffff90][0x12][0xffffffe2][0xffffff92][0xfffffff1]Rk[0xffffffb9]Q)[0xffffff81]_2^[0xc].[0x19]/[0xffffffe2]&[0xffffffdc]D[0xffffffc0][0xffffffb1]K[0xffffffc6]K[0xffffffb8][0xffffffeb][0xffffff96]L[0x9][0xffffff93]K[0xffffffc6]%[0xffffff90]LJ[0x18]\2[0x1e][0xffffffe0][0xffffffcc]N[0x9][0xffffffe3]K[0xffffffc6][0xffffff95]<[0xffffffd9][0xffffff94][0xfffffff0][0xffffffbb]d\[0xffffffa9][0xffffff95]K[0x9][0xffffff97]K[0xffffffc6][0xffffffa3]x/[0xffffffa4][0xffffff84][0xffffffb8]d[0xfffffffc][0xffffff9e][0x12][0xffffffd8]u^[0x5][0xffffffbf]d[0xffffffbc][0x18]\2^[0xffffffc4]M[0xffffffb8][0xffffff89][0xffffff80]c[0xffffff97][0xffffff8c][0xffffff97]p[0xffffffd7]-[0xffffff99][0x12]&[0xffffff97][0xffffff8c]K [0xffffff99][0xffffff94]0[0xffffffb8]d<[0xffffffc0][0xffffff99][0xffffff9d][0x12][0xffffffc6][0xffffff97][0xffffff8c]+y[0xffffffb2])[0xffffffe1]w[0xffffffc9][0xffffffb8]R+[0xffffff97][0x12].[0xffffff97][0xffffff8c]G[0xfffffff1]^H[0x9]5[0xffffffc1]Q[0xffffffeb][0xffffffc4][0xffffffbe]J[0xffffffe0][0x13][0x1c][0xffffffc5]`[0xffffff82][0xffffffa3][0xffffff88]c[0xffffffc6][0xffffff89][0xffffff80]c[0x13][0x1c]%[0x1c]$&S[0xffffffc2]d[0xffffff82]C[0x2][0xffffffc9][0xffffffa4][0xffffff84][0xffffffc1][0x4]G[0xffffff80]3;%[0xffffff8c]'8[0xffffff94]<[0xffffffd9][0xffffff94][0xfffffff0][0xffffff9b][0xffffffe0]Pj[0xffffffe5]R[0xffffffc2]e[0xffffff82]#[0xffffff8a][0xfffffff7]BJ[0xffffff88][0xffffff9b]AK=+u[0x7]G[0xffffffc1]o[0x6]-[0x6]7[0xffffff83][0x16]q}]"[0xffffffe0][0xffffffd8][0xffffffcd][0xffffffa0]%\PG[0xffffffa6][0xffffff84][0xffffffc9][0xffffffcd][0xffffffa0][0x12]H&%[0xc]n[0x6][\r]pf[0xffffffa7][0xffffff84][0xfffffff1][0xffffffcd][0xffffffa0]J[0xffffff9e]lJ[0xfffffff8][0xffffffdd][0xc][0xffffffaa][0xffffffd4][0xffffffca][0xffffffa5][0xffffff84][0xffffffcb][0xffffffcd][0xffffffa0]Q[0xffffffbc][0x17]RB\[0xffffffe7]Uj[[0xffffffd4][0x4]G[0xffffffc1][0xffffffaf][0xfffffff3]*[0x6][0xffffffd7]y[0x15]q[0xffffffe7]L"[0xffffffe0][0xffffffd8]u^%[0xffffffdc]*C[0xffffffa6][0xffffff84][0xffffffc9]u^[0x12]H&%[0xc][0xffffffae][0xfffffff3][\n]"
11:38:47.751 [main] DEBUG org.apache.hc.client5.http.wire -- http-outgoing-1 << "pf[0xffffffa7][0xffffff84][0xfffffff1]u^J[0xffffff9e]lJ[0xfffffff8]][0xffffffe7][0xffffffa5][0xffffffd4][0xffffffca][0xffffffa5][0xffffff84][0xffffffcb]u^Q[0xffffffbc][0x17]RB\[0xffffffe7]U[0xffffffce][[0xffffffa3][0xfffffff6]J[0x14][0xfffffffc]:[0xffffffaf]bp[0xffffff9d]W[0x11]w[0xffffffce]$[0x2][0xffffff8e]][0xffffffe7]U[0xffffffc2][0xffffffad]2dJ[0xffffff98]\[0xffffffe7]%[0xffffff81]dR[0xffffffc2][0xffffffe0]:[0xffffffaf][0x0]gvJ[0x18]_[0xffffffe7][0xffffffa5][0xffffffe4][0xffffffc9][0xffffffa6][0xffffff84][0xffffffdf]u^J[0xffffffad]\J[0xffffffb8]\[0xffffffe7][0x15][0xffffffc5]{!%[0xffffffc4]u^[0xffffffe5],[0xffffffe3][0xffffffa4]R[0x2][0xffffffbf][0xffffffce][0xffffffab][0x18]\[0xffffffe7]U[0xffffffc4][0xffffff9d]3[0xffffff89][0xffffff80]c[0xffffffd7]y[0xffffff95]p[0xffffffab][0xc][0xffffff99][0x12]&[0xffffffd7]yI [0xffffff99][0xffffff94]0[0xffffffb8][0xffffffce]+[0xffffffc0][0xffffff99][0xffffff9d][0x12][0xffffffc6][0xffffffd7]y)y[0xffffffb2])[0xffffffe1]w[0xffffff9d][0xffffff97]R+[0xffffff97][0x12].[0xffffffd7]yE[0xfffffff1]^J[0xffffff89][0xffffffb8][0xffffffed][0xffffff92]M[0x9]x[0xffffffdb][0xffffffe5][0xffffffe3][\r][0xfffffff8][0xffffff94][0x0][0xffffffb7]]]]><![CDATA[>[0xffffff9e]N[0xffffffa5][0xffffff84][0xffffffcf][0xffffffb6]K[0xffffff81]"[0xffffff95][0x12]&[0xffffffdb].[0x5][0xffffff96]DJ[0xffffffa0][0xffffffdb].[0x3][0xffffffa2]^)[0xffffffe1][0xffffffb5][0xffffffed]R[0xffffffbb][0xffffff94]N[0x9][0xffffff9f]m[0xffffff97][0xffffffd1][0xffffffb4]\J[0xfffffffc][0xfffffff4][0xffffffb6][0xffffffcb][0xffffffa2][0xffffffb6]][0xffffff9e][0xffffffe3]F[0xffffffdd][0xc]Z[0xfffffff0]m[0xffffff97][0xffffffc5]`[0xffffffdb]e[0x11]+[0xffffffd9][0x12][0x1][0xffffffc7][0xffffffb6]][0xffffff96][0xffffffb0]t[0xffffff8d]L[0x9][0xffffff93]m[0xffffff97][0x12]H&%[0xc][0xffffffb6]][0x6]8[0xffffffb3]S[0xffffffc2]x[0xffffffdb][0xffffffa5][0xffffff92]'[0xffffff9b][0x12]~[0xffffffdb].[0xffffff95]Z[0xffffffb9][0xffffff94]p[0xffffffd9]v[0x19][0xffffffc5][0xfffffffb]zJT[0xffffffb5][0xffffffed][0xfffffff2][0xffffffe4][0xffffffb6]]V|[0xffffffdb]e5[0xffffffd8]vY[0xffffffc5]J[0xffffffb6]<[0xffffffc0]+[0xffffffb6][0xffffffed][0xffffffb2][0xffffff86][0xffffffa5]k`J[0x8][0x14][0xffffff91][0xffffff94][0xffffff90]@")![0xffffffb0]LO[0xffffff89][0x0]grJ[0x4]D[0xffffff8d]RB[0xffffffc9][0x13]M[0x9][0xffffffed]R4%[0xffffff94]Z[0xffffffb1][0xffffff94][0xffffff88][0xffffffa6][0xffffff85]R"[0xffffff8a][0xfffffff7]BJ[0xffffffa8][0x15]Umvj[0x18][0xffffffb4][0xffffffe2]+[0xffffffaa][0xffffffaa][0xffffffc1][0xffffff8a][0xffffffaa]*[0xfffffff6][0xffffffa8]$[0x2][0xffffff8e][0xffffffad][0xffffffa8][0xffffffaa]aS[\n]"
11:38:47.751 [main] DEBUG org.apache.hc.client5.http.wire -- http-outgoing-1 << "[0xffffff99][0x12]&+[0xffffffaa]$[0xffffff90]LJ[0x18][0xffffffac][0xffffffa8][\n]"
11:38:47.751 [main] DEBUG org.apache.hc.client5.http.wire -- http-outgoing-1 << "pf[0xffffffa7][0xffffff84][0xfffffff1][0xffffff8a]*%O6%[0xfffffffc]VT)[0xffffffb5]r)[0xffffffe1][0xffffffb2][0xffffffa2]*[0xffffff8a][0xfffffff7]BJ[0xffffffa8][0x15]U[0xfffffffd]6[0xffffffb0][0xffffffaf][0x12][0xfffffff8][0xffffff8a][0xffffffaa]j[0xffffffb0][0xffffffa2][0xffffffaa][0xffffff8a]=*[0xffffff89][0xffffff80]c+[0xffffffaa]j[0xffffffd8][0xffffff94]B[0xffffffa6][0xffffff84][0xffffffc9][0xffffff8a]*[0x9]$[0xffffff93][0x12][0x6]+[0xffffffaa][0x2][0xffffff9c][0xffffffd9])a[0xffffffbc][0xffffffa2]J[0xffffffc9][0xffffff93]M[0x9][0xffffffbf][0x15]UJ[0xffffffad]\J[0xffffffb8][0xffffffac][0xffffffa8][0xffffff8a][0xffffffe2][0xffffffbd][0xffffff90][0x12]j[0xffffffaf]Do[0xffffffd8][0xffffff8a][0xffffffaa][0xffffff8a][0xffffffef][0xffffff95][0xffffffa8][0x6]{%[0xffffffaa][0x18]~N[0x4][0x1c][0xffffffdb]+Q[0xffffffc3]x3[0xffffff99][0x12]&{%$[0xffffff90]LJ[0x18][0xffffffec][0xffffff95][0x8]pf[0xffffffa7][0xffffff84][0xfffffff1]^[0x9]%O6%[0xfffffffc][0xfffffff6]J([0xffffffb5]r)[0xffffffe1][0xffffffb2]W"[0xffffff8a][0xfffffff7]BJ[0xffffffa8][0xffffffbd][0x12][0xffffffbd][0xffffff9f]'[0xffffff95][0x12][0xfffffff8]^[0xffffff89]j[0xffffffb0]W[0xffffffa2][0xffffff8a][0xffffffe1][0xffffffe7]D[0xffffffc0][0xffffffb1][0xffffffbd][0x12]5[0xffffff8c]7[0xffffff93])a[0xffffffb2]WB[0x2][0xffffffc9][0xffffffa4][0xffffff84][0xffffffc1]^[0xffffff89][0x0]gvJ[0x18][0xffffffef][0xffffff95]P[0xfffffff2]dS[0xffffffc2]o[0xffffffaf][0xffffff84]R+[0xffffff97][0x12].{%[0xffffffa2]x/[0xffffffa4][0xffffff84][0xffffff9a][0xffffffe0][0x18][0xffffffc7][0xffffffa4][0xffffffae][0xfffffff3][0xffffffaa][0xfffffff8][0x4]G5[0xffffff98][0xffffffe0][0xffffffa8][0xffffffe2][0xffffff98]q"[0xffffffe0][0xffffffd8][0x4]G[\r][0x7][0xffffff89][0xffffffc9][0xffffff94]0[0xffffff99][0xffffffe0][0xffffff90]@2)a0[0xffffffc1][0x11][0xffffffe0][0xffffffcc]N[0x9][0xffffffe3][0x9][0xe]%O6%[0xfffffffc]&8[0xffffff94]Z[0xffffffb9][0xffffff94]p[0xffffff99][0xffffffe0][0xffffff88][0xffffffe2]}=%N5[0xffffffc1]1j[0xffffffeb]PJ[0xffffff9c][0xfffffff8][0x4][0xffffffc7]i0[0xffffffc1]q[0xffffff8a]c[0xffffffc6]y[0xffffff80][0xffffff9f][0xffffffd8][0x4][0xffffffc7][0x19][0xe][0x12][0xffffff83])!PDRB[0x2][0xffffff89][0xffffffa4][0xffffff84][0xffffffc0]2=%[0x2][0xffffff9c][0xffffffc9])[0x11][0x10]5J[0x9]%O4%[0xffffffb4]K[0xffffffd1][0xffffff94]Pj[0xffffffc5]R"[0xffffff9a][0x16]J[0xffffff89]([0xffffffde][0xb])q[0xffffffa8][0xffffff94][0x18][0xffffff8d][0xffffffba][0xffffff83][0xffffffe3][0xffffffed]}[0xffffffe0][0xffffff94]8[0xc]R[0xffffffe2][0xffffff88][0xffffffbc]'[0x2]~`)q8[0xffffffa5]DD[0xffffff91]I[0x9][0x5]$[0xffffff93][0x12][0x11][0xffffffcb][0xfffffffc][0xffffff94][0xffffffd8][0xffffffe1][0xffffffcc]N[0xffffff89][0x1d]Q[0xffffffa7][0xffffff94][0x10][0xfffffff2]dSB[0xffffffba][0xffffff94]M[0x9][0xffffffa1]V"
11:38:47.752 [main] DEBUG org.apache.hc.client5.http.wire -- http-outgoing-1 << ".%[0xffffff82]i[0xffffffa9][0xffffff94][0x8][0xffffffe2][0xffffffbd][0xffffff90][0x12]E[0xffffffa5][0xffffffc4]j[0xffffff8b]J[0xffffff89][0xffffff82][0xffffffa7]D1H[0xffffff89][0x12]yO[0x4][0xffffffbc]`)Q[0xffffff9c]R"[0xffffffa2][0xffffffc8][0xffffffa4][0xffffff84][0x2][0xffffff92]I[0xffffff89][0xffffff88]e~J[0xffffffec]pf[0xffffffa7][0xffffffc4][0xffffff8e][0xffffffa8]SJ[0x8]y[0xffffffb2])!][0xffffffca][0xffffffa6][0xffffff84]P+[0xffffff97][0x12][0xffffffc1][0xffffffb4]TJ[0x4][0xfffffff1]^H[0x9][0xffffffb5]Wb[0xffffff96]F[\r][0xffffff83][0xffffff9e][0xfffffff8]^[0xffffff89][0xffffffd3]`[0xffffffaf][0xffffffc4])[0xffffff86][0xffffff9f][0x13][0x1][0xffffffc7][0xfffffff6]J[0xffffff9c]a[0xffffffbc][0xffffff99]L[0x9][0xffffff93][0xffffffbd][0x12][0x12]H&%[0xc][0xfffffff6]J[0x4]8[0xffffffb3]S[0xffffffc2]x[0xffffffaf][0xffffff84][0xffffff92]'[0xffffff9b][0x12]~{%[0xffffff94]Z[0xffffffb9][0xffffff94]p[0xffffffd9]+[0x11][0xffffffc5]{!%[0xffffffd4]^[0xffffff89]y[0xffffff9e][0xffffffd4][0xffffffe2][0xffffffec][0x13][0xffffffdf]+q[0x1a][0xffffffec][0xffffff95]8[0xffffffc5][0xfffffff0]s"[0xffffffe0][0xffffffd8]^[0xffffff89]3[0xffffff8c]7[0xffffff93])a[0xffffffb2]WB[0x2][0xffffffc9][0xffffffa4][0xffffff84][0xffffffc1]^[0xffffff89][0x0]gvJ[0x18][0xffffffef][0xffffff95]P[0xfffffff2]dS[0xffffffc2]o[0xffffffaf][0xffffff84]R+[0xffffff97][0x12].{%[0xffffffa2]x/[0xffffffa4]DS)[0xffffffd1]+[0xfffffff6]U[0xffffffa2][0xffffffe1])[0xffffffd1][0xc]R[0xffffffa2]E[0xffffffde][0x13][0x1]oXJ4[0xffffffa7][0xffffff94][0xffffff88](2)[0xffffffa1][0xffffff80]dR"b[0xffffff99][0xffffff9f][0x12];[0xffffff9c][0xffffffd9])[0xffffffb1]#[0xffffffea][0xffffff94][0x12]B[0xffffff9e]lJH[0xffffff97][0xffffffb2])![0xffffffd4][0xffffffca][0xffffffa5]D0-[0xffffff95][0x12]A[0xffffffbc][0x17]RB[0xffffffad][0xffffffa8][0xffffff9a]c4*%[0xfffffff0][0x15]U[0xffffffa7][0xffffffc1][0xffffff8a][0xffffffaa]S[0xffffffec]QI[0x4][0x1c][Qu[0xffffff86]M)dJ[0xffffff98][0xffffffac][0xffffffa8][0xffffff92]@2)a[0xffffffb0][0xffffffa2]*[0xffffffc0][0xffffff99][0xffffff9d][0x12][0xffffffc6]+[0xffffffaa][0xffffff94]<[0xffffffd9][0xffffff94][0xfffffff0][Q[0xffffffa5][0xffffffd4][0xffffffca][0xffffffa5][0xffffff84][0xffffffcb][0xffffff8a][0xffffffaa]([0xffffffde][0xb])[0xffffffa1]VT[0xffffffcd]u`_%[0xfffffff0][0x15]U[0xffffffa7][0xffffffc1][0xffffff8a][0xffffffaa]S[0xffffffec]QI[0x4][0x1c][Qu[0xffffff86]M)dJ[0xffffff98][0xffffffac][0xffffffa8][0xffffff92]@2)a[0xffffffb0][0xffffffa2]*[0xffffffc0][0xffffff99][0xffffff9d][0x12][0xffffffc6]+[0xffffffaa][0xffffff94]<[0xffffffd9][0xffffff94][0xfffffff0][Q[0xffffffa5][0xffffffd4][0xffffffca][0xffffffa5][0xffffff84][0xffffffcb][0xffffff8a][0xffffffaa]([0xffffffde][0xb])1eJ<^[0x13]I[0xffffff89][0xffffff89][0xffffffa7][0xffffffc4]4H[0xffffff89][0x19]yO[0x4]|b)1[0xffffff9d]R"[0xffffffa2][0xffffffc8][0xffffffa4][0xffffff84][0x2][0xffffff92]I[0xffffff89][0xffffff88]e~J[0xffffffec]pf[0xffffffa7][0xffffffc4][0xffffff8e][0xffffffa8]SJ[0x8]y[0xffffffb2])!][0xffffffca][0xffffffa6][0xffffff84]P+[0xffffff97][0x12][0xffffffc1][0xffffffb4]TJ[0x4][0xfffffff1][0xffffffbe][0xffffff9e][0x12]M[0xffffffad][0xffffffa8]Z[0xffffffb7]q[0xffffff83]R[0xffffffa2][0xffffffe1]+[0xffffffaa][0xffffff9a][0xffffffc1][0xffffff8a][0xffffffaa]&[0xfffffff6][0xffffffa8][0xffffffe4][0x1][0xffffffde][0xffffffb0][0x15]U-lJ[0x1]SB[0xffffffa0][0xffffff88][0xffffffa4][0xffffff84][0x4][0x12]I[0x9][0xffffff81]ezJ[0x4]8[0xffffff93]S" j[0xffffff94][0x12]J[0xffffff9e]hJh[0xffffff97][0xffffffa2])[0xffffffa1][0xffffffd4][0xffffff8a][0xffffffa5]D4-[0xffffff94][0x12]Q[0xffffffbc][0x17]RB[0xffffffed][0xffffff95]X[0xfffffff5]F][0xffffffe7][0xffffffd5][0xfffffff0][0xffffffbd][0x12][0xffffffcd]`[0xffffffaf]D[0x13][0xffffffc3][0xffffffcf][0xffffff89][0xffffff80]c{%Z[0x18]o&S[0xffffffc2]d[0xffffffaf][0xffffff84][0x4][0xffffff92]I[0x9][0xffffff83][0xffffffbd][0x12][0x1][0xffffffce][0xffffffec][0xffffff94]0[0xffffffde]+[0xffffffa1][0xffffffe4][0xffffffc9][0xffffffa6][0xffffff84][0xffffffdf]^[0x9][0xffffffa5]V.%\[0xfffffff6]JD[0xfffffff1]^H[0x9]5[0xc][0xffffffba][0xffffffe6][0xffffffa0][0xffffff86]A[0x1b]>[0xc][0xffffffda][0xc][0xffffff86]A[0xffffff9b][0xffffff98]XJ[0x4][0x1c][0x1b][0x6]ma&[0xffffff89]L[0x9][0xffffff93]aP[0x9]$[0xffffff93][0x12][0x6][0xffffffc3][0xffffffa0][0x1][0xffffffce][0xffffffec][0xffffff94]0[0x1e][0x6]U[0xfffffff2]dS[0xffffffc2]o[0x18]T[0xffffffa9][0xffffff95]K[0x9][0xffffff97]a[0xffffffd0]([0xffffffde][0xb])!&8[0xffffffea][0xffffffad][0xffffffdd][0xffffffb0][0xffffff94][0xffffffc0]'8[0xffffff9a][0xffffffc1][0x4]G[0x13][0xffffffc7][0xffffff8c][0x13][0x1][0xffffffc7]&8Z8HL[0xffffffa6][0xffffff84][0xffffffc9][0x4][0xffffff87][0x4][0xffffff92]I[0x9][0xffffff83][0x9][0xffffff8e][0x0]gvJ[0x18]Op(y[0xffffffb2])[0xffffffe1]7[0xffffffc1][0xffffffa1][0xffffffd4][0xffffffca][0xffffffa5][0xffffff84][0xffffffcb][0x4]G[0x14][0xffffffef][0xffffffa5][0xffffff94](f)Q[0xfffffff0][0xffffff94]([0x6])Q[0xffffffd0][0xffffff94](XJ[0x14][0xffffffa7][0xffffff94][0xffffffd8]Q[0xffffffa4]R"[0x2]I[0xffffffa5][0xffffffc4][0xffffff8e]%[0xffffff91][0x12][0x5]N[0xffffff89]b[0xffffff9c][0x12]A[0xffffff9e]tJ[0x8][0xffffff97][0xffffffd2])[0x11][0xffffffd4]J[0xffffffa6]DqI[0xffffff89][0xfffffff2][0xffffffb3])[0xffffffd1][0xffffffd5]W[0xffffff89][0xffffffd2][0x17][0xffffffb5]W[0xffffffa2][0xffffffe3]_%[0xffffffba][0xffffffc1]W[0xffffff89].[0xffffffd2]9[0xf][0xfffffff0][0xffffff8e]}[0xffffff95][0xffffffe8]![0xffffff8e][0xffffffc1][0xffffff94][0x10](")![0xffffff81]DRB`[0xffffff99][0xffffff9e][0x12][0x1][0xffffffce][0xffffffe4][0xffffff94][0x8][0xffffff88][0x1a][0xffffffa5][0xffffff84][0xffffff92]'[0xffffff9a][0x12][0xffffffda][0xffffffa5]hJ([0xffffffb5]b)[0x11]M[0xb][0xffffffa5]D[0x14][0xffffffef][0xffffff85][0xffffff94][0x10]{%j=[0xffffffb0]c[0xffffff97][0x1d][0xffffffdf]+[0xffffffd1][\r][0xfffffff6]Jt1[0xfffffffc][0xffffff9c][0x8]8[0xffffffb6]W[0xffffffa2][0xffffff87][0xfffffff1]f2%L[0xfffffff6]JH [0xffffff99][0xffffff94]0[0xffffffd8]+[0x11][0xffffffe0][0xffffffcc]N[0x9][0xffffffe3][0xffffffbd][0x12]J[0xffffff9e]lJ[0xfffffff8][0xffffffed][0xffffff95]Pj[0xffffffe5]R[0xffffffc2]e[0xffffffaf]D[0x14][0xffffffef][0xffffffa5][0xffffff94][0xffffff88]?p[0xffffffb0])[0x1][0xffffffff][0xffffffc0][0xfffffff1]x[0x3]>%[0xffffffc0][0x1f]8[0x1e]O[0xffffffa7]R[0xffffffc2][0xffffffe7][0x7][0xe][0xffffff81]"[0xffffff95][0x12]&?p[0x8],[0xffffff89][0xffffff94]@[0x7f][0xffffffe0][0x8][0xffffff88]z[0xffffffa5][0xffffff84][0xffffffd7][0xf][0x1c][0xffffffda][0xffffffa5]tJ[0xfffffff8][0xfffffffc][0xffffffc0][0x11]M[0xffffffcb][0xffffffa5][0xffffffc4][0xffffffcf][0xffffffff][0xffffffc0]1~[0xffffff99]f)1[0xfffffff1][0xffffff94][0xffffff98][0x6])1[0xffffffd1][0xffffff94][0xffffff98]XJL[0xffffffa7][0xffffff94][0xffffffd8]Q[0xffffffa4]R"[0x2]I[0xffffffa5][0xffffffc4][0xffffff8e]%[0xffffff91][0x12][0x13]N[0xffffff89]i[0xffffff9c][0x12]A[0xffffff9e]tJ[0x8][0xffffff97][0xffffffd2])[0x11][0xffffffd4]J[0xffffffa6][0xffffffc4]tI[0xffffff89][0xfffffff9]wH[0xffffff89][0xffffffa3][0xffffff9b][0xffffffb5][0xffffffc4][0xffffffd1][0xfffffff1][0xffffff98][0xffffffb8][0xffffffbf][0x2]_[0x13][0x1f]/A[0xffffffe5][0xffffffc4][0xfffffffd][0xfffffff1]TO[0xffffffbc]?[0xffffffda]%([0x2][0xffffff8f]TQ[0x8]*[0xffffffa9][0xffffffa4][0x8]l[0x12]M[0xffffffb1][0x11][0xffffff9a][0x1f][0x15][0x1b][0xffffffa7]^U[0x11]5Jg[0xffffff85][0xffffffb2]*[0xffffffdd][0x15]Q[0xffffffb2]dX[0xffffffec][0xffffffce][0xffffffe5][0xffffffca]bW[0xfffffff0][0xffffffa5][0xffffffb4]8[0xffffff87]YZ[0xffffff9c][0x3]O[0xffffff8b][0xfffffffb]+[0xfffffff0]i[0xfffffff1][0xfffffff1][0x12]TZ[0xffffffdc][0x1f]O[0xffffffa5][0xffffffc5][0xfffffffb][0xffffffa3]][0xffffffd2]"[0xfffffff0]H[0xffffffa5][0xffffff85][0xffffffa0][0xffffff92]J[0xffffff8b][0xffffffc0]&[0xffffff91][0x16][0x1b][0xffffffa1][0xfffffff9]i[0xffffffb1]q[0xffffffea][0xffffff95][0x16]Q[0xffffffa3]tZ([0xffffffab][0xffffffd2]i[0x11]%K[0xffffffa6][0xffffffc5][0xffffffee]\.-v[0x5]_J[0xffffff8b][0xffffffe6][0xffffff96][0x16][0xffffff8d]O[0xffffff8b][0xffffffe6][0xffffff90][0x16][0xffffff8d]M[0xffffff8b][0xffffffc6][0xffffffa5]E[0xffffffb3]J[0xffffff8b][0xffffffc0]#[0xffffff95][0x16][0xffffff82]J*-[0x2][0xffffff9b]DZ4:-[0xffffff9a]sZD[0xffffff8d][0xffffffd2]i[0xffffffa1][0xffffffac]J[0xffffffa7]E[0xffffff94],[0xffffff99][0x16][0xffffffbb]s[0xffffffb9][0xffffffb4][0xffffffd8][0x15]|)-f3K[0xffffff8b][0xffffffd9][0xfffffff0][0xffffffb4][0xffffffb8][0xffffffbf][0x2][0xffffff9f][0x16][0x1f]/A[0xffffffa5][0xffffffc5][0xfffffffd][0xfffffff1]TZ[0xffffffbc]?[0xffffffda]%-[0x2][0xffffff8f]TZ[0x8]*[0xffffffa9][0xffffffb4][0x8]l[0x12]i[0xffffffb1][0x11][0xffffff9a][0xffffff9f][0x16][0x1b][0xffffffa7]^i[0x11]5J[0xffffffa7][0xffffff85][0xffffffb2]*[0xffffff9d][0x16]Q[0xffffffb2]dZ[0xffffffec][0xffffffce][0xffffffe5][0xffffffd2]bW[0xfffffff0][0xffffffa5][0xffffffb4]8[0xffffffe6]i[0xffffffd6][0x16][0xfffffff7]7[0xffffffc2][0xffffffe3][0xffffffe2][0xffffffed][0x1d][0xfffffff8][0xffffffba][0xfffffff8][0xfffffff6][0x16]T^[0xffffffbc]=[0xffffff9f][0xffffffea][0xffffff8b][0xffffff8f]g[0xffffffbb][0x4]F[0xffffff84][0xffffff92]*[0xc][0xffffff85]&[0xffffff95][0x18][0x11]P[0xffffffa2]1vL[0xfffffff3]#c[0xffffff87][0xffffffd5][0xffffffab]2[0xffffff84]P"
11:38:47.753 [main] DEBUG org.apache.hc.client5.http.wire -- http-outgoing-1 << "[0xffffffe9][0xffffffcc][0xffffff90]~[0xffffffa5];C[0xffffffe8][0xffffff96][0xc][0xffffff8d]`_[0xffffffae]4[0xffffff82][0xffffff8c]_I[0xffffff8d][0xfffffff2][0xfffffffe][0xffffffaf][0xffffff88]K[0xffffffcc]k[0x1d][0xffffffb5][0xffffffa6][0xffffff87][0xffffffc6][0xffffffe7][0xfffffffb]P[0xffffff99][0xfffffff1][0xffffffe5][\r][0xffffffb0][0xffffffc8][0xffffffd8][0xffffffde]!91[0xffffffbe]<=90~[0xfffffffd]d8/[0xffffff9e][0xffffffa2][0xffffff98][0x1c][0x17]?[0x0]29-[0xffffff9e]b[0xffffff99][0x18][0x16]O[0xffffffe0]L[0xffffffcb][0xffffff8a]'[0xffffff88]ZD[0xffffffc5]syBI[0xfffffff1]#[0xffffff97]BA[0xfffffff1]\[0xffffffad]@N<3mzL<[0x13][0xffffffef][0xffffff85][0xffffff94]X*%[0xffffffd6][0xffffff91][0xffffffbf][0xffffff98][0xfffffffb][0xfffffff3]}[0xffffffe0][0xffffff94]X[0x6])[0xffffffb1]"[0xffffffef][0xffffff89][0xffffff80]/,%[0xffffff96]SJD[0x14][0xffffff99][0xffffff94]P@2)[0x11][0xffffffb1][0xffffffcc]O[0xffffff89][0x1d][0xffffffce][0xffffffec][0xffffff94][0xffffffd8][0x11]uJ[0x9]!O6%[0xffffffa4]K[0xffffffd9][0xffffff94][0x10]j[0xffffffe5]R"[0xffffff98][0xffffff96]J[0xffffff89] [0xffffffde][0xffffffd7]Sb[0xffffffdc]DJ[0xffffff9c]G[0xffffffbd]A)[0xfffffff1][0xfffffff6]>lJ<[0xffffffde][0x0]N[0xffffff89][0xffffffef][0xffffffef][0xffffff80][0xffffffa4][0xffffffc4][0xffffffe3][0xffffffe9]HJ|{[0xffffffb2]EJ[0x8][0x14][0xffffff91][0xffffff94][0xffffff90]@")![0xffffffb0]LO[0xffffff89][0x0]grJ[0x4]D[0xffffff8d]RB[0xffffffc9][0x13]M[0x9][0xffffffed]R4%[0xffffff94]Z[0xffffffb1][0xffffff94][0xffffff88][0xffffffa6][0xffffff85]R"[0xffffff8a][0xfffffff7]RJT[0xffffffb3][0xffffff94][0xffffffa8]xJT[0xffffff83][0xffffff94][0xffffffa8]hJT,%[0xffffffaa]SJ[0xffffffec](R)[0x11][0xffffff81][0xffffffa4]Rb[0xffffffc7][0xffffff92]H[0xffffff89][\n]"
11:38:47.754 [main] DEBUG org.apache.hc.client5.http.wire -- http-outgoing-1 << "[0xffffffa7]D5N[0xffffff89] O:%[0xffffff84]K[0xffffffe9][0xffffff94][0x8]j%S[0xffffffa2][0xffffffba][0xffffffa4]D[0xfffffffd];[0xffffffa4]D[0x1c][0xfffffff8]`S[0x2][0xffffff9b][0xfffffff7][0xfffffff8][0xfffffff2][0x6]|J [0xffffffd3][0x1e]_[0xffffff9e]N[0xffffffa5][0xffffff84][0xffffffc3][0xffffffac][0xffffffc7]S[0x14][0xffffffa9][0xffffff94][0xffffffc0]'=[0xffffff9e]bI[0xffffffa4][0x4]4[0xffffffe7][0xfffffff1][0x4]Q[0xffffffaf][0xffffff94]p[0xffffff99][0xfffffff2][0xfffffff8][0xffffff91]K[0xffffffe9][0xffffff94]p[0xffffff98][0xfffffff1]xfZ.%~b[0xffffffc2][0xffffffe3][0xffffffe3][0xffffffdf]8[0xffffffd4][0xf][0x1c][0xffffffe7][0xffffffc8][0xffffff9f][0xffffffef][0xfffffff8]|[0x1f]8%[0xe][0xffffff83][0x1f]8[0xffffff8e][0xfffffff8][0x15].[0x11][0xfffffff0][0x3][0xfffffffb][0xffffff81][0xffffffe3]p[0xfffffffa][0xffffff81]#[0xffffffa2][0xffffffc8][0xffffffa4][0xffffff84][0x2][0xffffff92]I[0xffffff89][0xffffff88]e~J[0xffffffec]pf[0xffffffa7][0xffffffc4][0xffffff8e][0xffffffa8]SJ[0x8]y[0xffffffb2])!][0xffffffca][0xffffffa6][0xffffff84]P+[0xffffff97][0x12][0xffffffc1][0xffffffb4]TJ[0x4][0xfffffff1]^H[0xffffff89][0xffffffa2]Rb[0x16][0xffffffec][0xffffffab]D[0xffffffc1]S[0xffffffa2][0x18][0xffffffa4]D[0xffffff89][0xffffffbc]'[0x2]^[0xffffffb0][0xffffff94](N)[0x11]QdRB[0x1][0xffffffc9][0xffffffa4]D[0xffffffc4]2?%v8[0xffffffb3]SbG[0xffffffd4])%[0xffffff84]<[0xffffffd9][0xffffff94][0xffffff90].eSB[0xffffffa8][0xffffff95]K[0xffffff89]`Z*%[0xffffff82]x/[0xffffffa4]D[0xffffff95])1&[0xffffff95][0x12][0x15]O[0xffffff89]j[0xffffff90][0x12]5[0xfffffff2][0xffffff9e][0x8]x[0xffffffc5]R[0xffffffa2]:[0xffffffa5]DD[0xffffff91]I[0x9][0x5]$[0xffffff93][0x12][0x11][0xffffffcb][0xfffffffc][0xffffff94][0xffffffd8][0xffffffe1][0xffffffcc]N[0xffffff89][0x1d]Q[0xffffffa7][0xffffff94][0x10][0xfffffff2]dSB[0xffffffba][0xffffff94]M[0x9][0xffffffa1]V.%[0xffffff82]i[0xffffffa9][0xffffff94][0x8][0xffffffe2][0xffffffbd][0xffffff90][0x12][0xffffffa7]H[0xffffff89]V[0xfffffffb][0xffffffa2]R[0xffffffe2][0xffffffc4]S[0xffffffe2]4H[0xffffff89]3[0xfffffff2][0xffffff9e][0x8][0xfffffff8][0xffffff89][0xffffffa5][0xffffffc4][0xffffffe9][0xffffff94][0x12][0x11]E&%[0x14][0xffffff90]LJD,[0xfffffff3]Sb[0xffffff87]3;%vD[0xffffff9d]RB[0xffffffc8][0xffffff93]M[0x9][0xffffffe9]R6%[0xffffff84]Z[0xffffffb9][0xffffff94][0x8][0xffffffa6][0xffffffa5]R"[0xffffff88][0xfffffff7]BJ4[0xffffff95][0x12][0xffffffe7]A[0xffffffad][0xffffffa8]z{[0x1f]8%[0xffffff9a]AJ[0xffffffb4][0xffffffc8]{"[0xffffffe0][\r]K[0xffffff89][0xffffffe6][0xffffff94][0x12][0x11]E&%[0x14][0xffffff90]LJD,[0xfffffff3]Sb[0xffffff87]3;%vD[0xffffff9d]RB[0xffffffc8][0xffffff93]M[0x9][0xffffffe9]R6%[0xffffff84]Z[0xffffffb9][0xffffff94][0x8][0xffffffa6][0xffffffa5]R"[0xffffff88][0xfffffff7]BJt[0xffffff99][0x12][0xffffffad]S)[0xffffffd1][0xfffffff1][0xffffff94][0xffffffe8][0x6])[0xffffffd1]#[0xffffffef][0xffffff89][0xffffff80]w,%[0xffffffba]SJD[0x14][0xffffff99][0xffffff94]P@2)[0x11][0xffffffb1][0xffffffcc]O[0xffffff89][0x1d][0xffffffce][0xffffffec][0xffffff94][0xffffffd8][0x11]uJ[0x9]!O6%[0xffffffa4]K[0xffffffd9][0xffffff94][0x10]j[0xffffffe5]R"[0xffffff98][0xffffff96]J[0xffffff89] [0xffffffde][0xb])1dJ,[0xffffffec][0xffffffac][0xffffffc4][0xffffffc0]Sb[0x18][0xffffffa4][0xffffffc4][0xffffff88][0xffffffbc]'[0x2]>[0xffffffb0][0xffffff94][0x18]N)[0x11]QdRB[0x1][0xffffffc9][0xffffffa4]D[0xffffffc4]2?%v8[0xffffffb3]SbG[0xffffffd4])%[0xffffff84]<[0xffffffd9][0xffffff94][0xffffff90].eSB[0xffffffa8][0xffffff95]K[0xffffff89]`Z*%[0xffffff82]x/[0xffffffa4][0xffffff84][0xffffffba][0xffffff83][0xffffffa3][0xffffffb5][0xffffff86][0xffffff9d][0xffffff95][0xffffffc0][0xffffffef][0xffffffe0][0x18][0x6]wp[0xc][0xffffffb1](>[0x11]p[0xffffffec][0xe][0xffffff8e][0x11]V[0xffffffc1][0xffffff93])ar[0x7][0xffffff87][0x4][0xffffff92]I[0x9][0xffffff83];8[0x2][0xffffff9c][0xffffffd9])a|[0x7][0xffffff87][0xffffff92]'[0xffffff9b][0x12]~wp([0xffffffb5]r)[0xffffffe1]r[0x7]G[0x14][0xffffffef][0xffffff85][0xffffff94]Pwp[0xffffffb4]q[0xffffffc3][0xffffffbe]J[0xffffffe0]wp[0xc][0xffffff83];8[0xffffff86]X[0x14][0xffffff9f][0x8]8v[0x7][0xffffffc7][0x8][0xffffffab][0xffffffe0][0xffffffc9][0xffffff94]0[0xffffffb9][0xffffff83]C[0x2][0xffffffc9][0xffffffa4][0xffffff84][0xffffffc1][0x1d][0x1c][0x1][0xffffffce][0xffffffec][0xffffff94]0[0xffffffbe][0xffffff83]C[0xffffffc9][0xffffff93]M[0x9][0xffffffbf];8[0xffffff94]Z[0xffffffb9][0xffffff94]p[0xffffffb9][0xffffff83]#[0xffffff8a][0xfffffff7]RJ[0x14][0xffffffb3][0xffffff94](xJ[0x14][0xffffff83][0xffffff94](hJ[0x14],%[0xffffff8a]SJ[0xffffffec](R)[0x11][0xffffff81][0xffffffa4]Rb[0xffffffc7][0xffffff92]H[0xffffff89][0x2][0xffffffa7]D1N[0xffffff89] O:%[0xffffff84]K[0xffffffe9][0xffffff94][0x8]j%S[0xffffffa2][0xffffffb8][0xffffffa4]D[0xfffffff9][0xffffffd9][0xffffff94][0xffffff98][0xffffffea]:[0xffffffaf]~[0xffffffdc][0xffffffa8][0x1f]8&~[0xffffff9d][0xffffffd7]4[0xffffffb8][0xffffffce]k[0xffffff8a];g[0xfffffff2][0x0][0xffffff9f][0xffffffd8]u^3[0xffffffdc]*[0x3][0xffffffa6][0xffffff84]@[0x11]I[0x9][0x9]$[0xffffff92][0x12][0x2][0xffffffcb][0xfffffff4][0xffffff94][0x8]p&[0xffffffa7]D@[0xffffffd4](%[0xffffff94]<[0xffffffd1][0xffffff94][0xffffffd0].ESB[0xffffffa9][0x15]K[0xffffff89]hZ(%[0xffffffa2]x/[0xffffffa4][0xffffff84]Z[0xffffff9c][0xffffffdd][0xffffffcb][0xffffffa4][0xffffffbe]JL|q[0xfffffff6]4X[0xffffff9c]=[0xffffffc5]v[0xffffffd7]D[0xffffffc0][0xffffffb1][0xffffffc5][0xffffffd9]3[0xffffffec]o%S[0xffffffc2]dq[0xffffffb6][0x4][0xffffff92]I[0x9][0xffffff83][0xffffffc5][0xffffffd9][0x1][0xffffffce][0xffffffec][0xffffff94]0^[0xffffff9c][0xffffffad][0xffffffe4][0xffffffc9][0xffffffa6][0xffffff84][0xffffffdf][0xffffffe2]l[0xffffffa5]V.%\[0x16]gG[0xfffffff1]^H[0xffffff89][0xffffffa2]Rb[0xffffff9c]XJ[0x14]<%[0xffffff8a]AJ[0xffffff94][0xffffffc8]{"[0xffffffe0][0x5]K[0xffffff89][0xffffffe2][0xffffff94][0x12][0x11]E&%[0x14][0xffffff90]LJD,[0xfffffff3]Sb[0xffffff87]3;%vD[0xffffff9d]RB[0xffffffc8][0xffffff93]M[0x9][0xffffffe9]R6%[0xffffff84]Z[0xffffffb9][0xffffff94][0x8][0xffffffa6][0xffffffa5]R"[0xffffff88][0xfffffff7]BJ[0xffffffa8][0xffffffc5][0xffffffd9]}[0x1d]XJ[0xffffffe0][0xffffff8b][0xffffffb3][0xffffffa7][0xffffffc1][0xffffffe2][0xffffffec])[0xffffffb6][0xffffffbb]&[0x2][0xffffff8e]-[0xffffffce][0xffffff9e]a[0x7f]+[0xffffff99][0x12]&[0xffffff8b][0xffffffb3]%[0xffffff90]LJ[0x18],[0xffffffce][0xe]pf[0xffffffa7][0xffffff84][0xfffffff1][0xffffffe2]l%O6%[0xfffffffc][0x16]g+[0xffffffb5]r)[0xffffffe1][0xffffffb2]8;[0xffffff8a][0xfffffff7]BJ[0xffffffa8][0xffffffc5][0xffffffd9][0xffffffa3][0xffffffde][0x1a][0xffffff95][0x12][0xfffffff8][0xffffffe2][0xffffffec]i[0xffffffb0]8{[0xffffff8a][0xffffffed][0xffffffae][0xffffff89][0xffffff80]c[0xffffff8b][0xffffffb3]g[0xffffffd8][0xffffffdf]J[0xffffffa6][0xffffff84][0xffffffc9][0xffffffe2]l[0x9]$[0xffffff93][0x12][0x6][0xffffff8b][0xffffffb3][0x3][0xffffff9c][0xffffffd9])a[0xffffffbc]8[[0xffffffc9][0xffffff93]M[0x9][0xffffffbf][0xffffffc5][0xffffffd9]J[0xffffffad]\J[0xffffffb8],[0xffffffce][0xffffff8e][0xffffffe2][0xffffffbd][0xffffff90][0x12]jq[0xfffffff6]"
11:38:47.755 [main] DEBUG org.apache.hc.client5.http.wire -- http-outgoing-1 << "8[0x17]v[0xffffffec][0x12]_[0xffffff9c]=[\r][0x16]gO[0xffffffb1][0xffffffdd]5[0x11]plq[0xfffffff6][0xc][0xfffffffb][[0xffffffc9][0xffffff94]0Y[0xffffff9c]-[0xffffff81]dR[0xffffffc2]`qv[0xffffff80]3;%[0xffffff8c][0x17]g+y[0xffffffb2])[0xffffffe1][0xffffffb7]8[[0xffffffa9][0xffffff95]K[0x9][0xffffff97][0xffffffc5][0xffffffd9]Q[0xffffffbc][0x17]RB-[0xffffffce][0x1e]sQ[0xffffff97][0xffffff8c]O|q[0xfffffff6]4X[0xffffff9c]=[0xffffffc5]v[0xffffffd7]D[0xffffffc0][0xffffffb1][0xffffffc5][0xffffffd9]3[0xffffffec]o%S[0xffffffc2]dq[0xffffffb6][0x4][0xffffff92]I[0x9][0xffffff83][0xffffffc5][0xffffffd9][0x1][0xffffffce][0xffffffec][0xffffff94]0^[0xffffff9c][0xffffffad][0xffffffe4][0xffffffc9][0xffffffa6][0xffffff84][0xffffffdf][0xffffffe2]l[0xffffffa5]V.%\[0x16]gG[0xfffffff1]^H[0x9][0xffffffb5]8{[0xffffffde][0xffffffb0];8&[0xffffffbe]8{[0x1a],[0xffffffce][0xffffff9e]b[0xffffffbb]k"[0xffffffe0][0xffffffd8][0xffffffe2][0xffffffec][0x19][0xfffffff6][0xffffffb7][0xffffff92])a[0xffffffb2]8[[0x2][0xffffffc9][0xffffffa4][0xffffff84][0xffffffc1][0xffffffe2][0xffffffec][0x0]gvJ[0x18]/[0xffffffce]V[0xfffffff2]dS[0xffffffc2]oq[0xffffffb6]R+[0xffffff97][0x12].[0xffffff8b][0xffffffb3][0xffffffa3]x/[0xffffffa4][0xffffff84]Z[0xffffff9c]=+[0xffffffb6]8{[0xffffffe2][0xffffff8b][0xffffffb3][0xffffffa7][0xffffffc1][0xffffffe2][0xffffffec])[0xffffffb6][0xffffffbb]&[0x2][0xffffff8e]-[0xffffffce][0xffffff9e]a[0x7f]+[0xffffff99][0x12]&[0xffffff8b][0xffffffb3]%[0xffffff90]LJ[0x18],[0xffffffce][0xe]pf[0xffffffa7][0xffffff84][0xfffffff1][0xffffffe2]l%O6%[0xfffffffc][0x16]g+[0xffffffb5]r)[0xffffffe1][0xffffffb2]8;[0xffffff8a][0xfffffff7]BJ[0xffffffa8][0xffffffc5][0xffffffd9][0xffffff93][0xffffffbb]d|[0xffffffe2][0xffffff8b][0xffffffb3][0xffffffa7][0xffffffc1][0xffffffe2][0xffffffec])[0xffffffb6][0xffffffbb]&[0x2][0xffffff8e]-[0xffffffce][0xffffff9e]a[0x7f]+[0xffffff99][0x12]&[0xffffff8b][0xffffffb3]%[0xffffff90]LJ[0x18],[0xffffffce][0xe]pf[0xffffffa7][0xffffff84][0xfffffff1][0xffffffe2]l%O6%[0xfffffffc][0x16]g+[0xffffffb5]r)[0xffffffe1][0xffffffb2]8;[0xffffff8a][0xfffffff7][0xfffffff5][0xffffff94]Xj[0xffffffdb][0xffffffe5]<+[0xfffffff5]Ub[0xffffffe1][0xffffffdb].[0xffffff97][0xffffffc1][0xffffffb6][0xffffffcb]%V[0xffffffb2][0xffffffe5][0x1][0xffffffbe][0xffffffb0]m[0xffffff97]+,][0x3]SB[0xffffffa0][0xffffff88][0xffffffa4][0xffffff84][0x4][0x12]I[0x9][0xffffff81]ezJ[0x4]8[0xffffff93]S" j[0xffffff94][0x12]J[0xffffff9e]hJh[0xffffff97][0xffffffa2])[0xffffffa1][0xffffffd4][0xffffff8a][0xffffffa5]D4-[0xffffff94][0x12]Q[0xffffffbc][0x17]R[0xffffffa2][0xffffffc8][0xffffff94]X[0x7][0xffffff95][0x12][0x5]O[0xffffff89]b[0xffffff90][0x12]%[0xfffffff2][0xffffff9e][0x8]x[0xffffffc1]R[0xffffffa2]8[0xffffffa5]DD[0xffffff91]I[0x9][0x5]$[0xffffff93][0x12][0x11][0xffffffcb][0xfffffffc][0xffffff94][0xffffffd8][0xffffffe1][0xffffffcc]N[0xffffff89][0x1d]Q[0xffffffa7][0xffffff94][0x10][0xfffffff2]dSB[0xffffffba][0xffffff94]M[0x9][0xffffffa1]V.%[0xffffff82]i[0xffffffa9][0xffffff94][0x8][0xffffffe2][0xffffffbd][0xffffff90][0x12]jE[0xffffffd5]l[0xffffff93][0xfffffffa][0xffffff81]c[0xffffffe1]+[0xffffffaa][0xffffff96][0xffffffc1][0xffffff8a][0xffffffaa]%[0xfffffff6][0xffffffa8]$[0x2][0xffffff8e][0xffffffad][0xffffffa8]ZaS[\n]"
11:38:47.755 [main] DEBUG org.apache.hc.client5.http.wire -- http-outgoing-1 << "[0xffffff99][0x12]&+[0xffffffaa]$[0xffffff90]LJ[0x18][0xffffffac][0xffffffa8][\n]"
11:38:47.755 [main] DEBUG org.apache.hc.client5.http.wire -- http-outgoing-1 << "pf[0xffffffa7][0xffffff84][0xfffffff1][0xffffff8a]*%O6%[0xfffffffc]VT)[0xffffffb5]r)[0xffffffe1][0xffffffb2][0xffffffa2]*[0xffffff8a][0xfffffff7]BJ[0xffffffa8][0x15]Us[0x1d][0xffffffd4][0x4][0xffffffc7][0xffffffc2]WT-[0xffffff83][0x15]UK[0xffffffec]QI[0x4][0x1c][Q[0xffffffb5][0xffffffc2][0xffffffa6][0x14]2%LVTI [0xffffff99][0xffffff94]0XQ[0x15][0xffffffe0][0xffffffcc]N[0x9][0xffffffe3][0x15]UJ[0xffffff9e]lJ[0xfffffff8][0xffffffad][0xffffffa8]Rj[0xffffffe5]R[0xffffffc2]eEU[0x14][0xffffffef][0xffffff85][0xffffff94]P+[0xffffffaa][0xffffffd6][0xffffff81]-[0xffffffce]^[0xfffffff8][0xffffff8a][0xffffffaa]e[0xffffffb0][0xffffffa2]j[0xffffff89]=*[0xffffff89][0xffffff80]c+[0xffffffaa]V[0xffffffd8][0xffffff94]B[0xffffffa6][0xffffff84][0xffffffc9][0xffffff8a]*[0x9]$[0xffffff93][0x12][0x6]+[0xffffffaa][0x2][0xffffff9c][0xffffffd9])a[0xffffffbc][0xffffffa2]J[0xffffffc9][0xffffff93]M[0x9][0xffffffbf][0x15]UJ[0xffffffad]\J[0xffffffb8][0xffffffac][0xffffffa8][0xffffff8a][0xffffffe2][0xffffffbd][0xffffff94][0x12][0xffffffc5],%[\n]"
11:38:47.755 [main] DEBUG org.apache.hc.client5.http.wire -- http-outgoing-1 << "[0xffffff9e][0x12][0xffffffc5] %[\n]"
11:38:47.755 [main] DEBUG org.apache.hc.client5.http.wire -- http-outgoing-1 << "[0xffffff9a][0x12][0x5]K[0xffffff89][0xffffffe2][0xffffff94][0x12];[0xffffff8a]TJD [0xffffffa9][0xffffff94][0xffffffd8][0xffffffb1]$R[0xffffffa2][0xffffffc0])Q[0xffffff8c]S"[0xffffffc8][0xffffff93]N[0x9][0xffffffe1]R:%[0xffffff82]Z[0xffffffc9][0xffffff94](.)Q~:%[0xffffffd4][0xffffffb6][0xffffffcb][0xffffffd5][0xffffff8e]A[0xffffffa5][0x4][0xffffffbe][0xffffffed]r[0x19]l[0xffffffbb]\b%["[0xffffffe0][0xffffffd8][0xffffffb6][0xffffffcb][0x15][0xffffff96][0xffffffae][0xffffff91])a[0xffffffb2][0xffffffed]R[0x2][0xffffffc9][0xffffffa4][0xffffff84][0xffffffc1][0xffffffb6][0xffffffcb][0x0]gvJ[0x18]o[0xffffffbb]T[0xfffffff2]dS[0xffffffc2]o[0xffffffdb][0xffffffa5]R+[0xffffff97][0x12].[0xffffffdb].[0xffffffa3]x/[0xffffffa4][0xffffff84][0xffffffda]v[0xffffffb9][0xfffffffa][0xffffff89]Mp[0xffffffe0][0xffffffdb].[0xffffff97][0xffffffc1][0xffffffb6][0xffffffcb]%V[0xffffffb2]%[0x2][0xffffff8e]m[0xffffffbb]\a[0xffffffe9][0x1a][0xffffff99][0x12]&[0xffffffdb].%[0xffffff90]LJ[0x18]l[0xffffffbb][0xc]pf[0xffffffa7][0xffffff84][0xfffffff1][0xffffffb6]K%O6%[0xfffffffc][0xffffffb6]]*[0xffffffb5]r)[0xffffffe1][0xffffffb2][0xffffffed]2[0xffffff8a][0xfffffff7]BJ[0xffffff88][0x15]U[0xffffffe7][0xffffffed][0xffffffb8][0xffffff9d]TJ[0xffffffe0]+[0xffffffaa][0xffffff96][0xffffffc1][0xffffff8a][0xffffffaa]%[0xfffffff6][0xffffffa8]$[0x2][0xffffff8e][0xffffffad][0xffffffa8]ZaS[\n]"
11:38:47.755 [main] DEBUG org.apache.hc.client5.http.wire -- http-outgoing-1 << "[0xffffff99][0x12]&+[0xffffffaa]$[0xffffff90]LJ[0x18][0xffffffac][0xffffffa8][\n]"
11:38:47.755 [main] DEBUG org.apache.hc.client5.http.wire -- http-outgoing-1 << "pf[0xffffffa7][0xffffff84][0xfffffff1][0xffffff8a]*%O6%[0xfffffffc]VT)[0xffffffb5]r)[0xffffffe1][0xffffffb2][0xffffffa2]*[0xffffff8a][0xfffffff7][0xffffffe5][0xffffff94](7[0xffffffb1][0xffffffa2][0xffffffea][0xffffffbc][0xffffff9d][0x5][0xfffffffa][0xffffff81][0xffffffe3][0xfffffff1]>hJ[0xffffffbc][0xffffffbf][0x1][0xffffff9b][0x12][0xffffff9f][0xffffffef]@[0xffffffa4][0xffffffc4][0xfffffffb][0xffffffd3][0xffffff89][0xffffff94][0xfffffff8][0xfffffffe]d[0xffffff87][0xffffff94]P([0x12])[0xffffffa1][0xffffff81]$RBa[0xffffff99][0xffffff9d][0x12][0x11][0xffffffce][0xffffffdc][0xffffff94][0xffffff88][0xffffff88][0xfffffffa][0xffffffa4][0xffffff84][0xffffff94]'[0xffffff99][0x12]O\J[0xffffffa6][0xffffff84]T+[0xffffff95][0x12][0xffffffc2][0xffffffb4]LJ[0x8][0xfffffff1]^H[0xffffff89]C[0xffffffa5]D[0xffffffeb][0xffffffd0][0xf][0x1c][0xffffff8f][0xfffffff7][0xffffff81]S[0xffffffe2]0H[0xffffff89]#[0xfffffff2][0xffffff9e][0x8][0xfffffff8][0xffffff81][0xffffffa5][0xffffffc4][0xffffffe1][0xffffff94][0x12][0x11]E&%[0x14][0xffffff90]LJD,[0xfffffff3]Sb[0xffffff87]3;%vD[0xffffff9d]RB[0xffffffc8][0xffffff93]M[0x9][0xffffffe9]R6%[0xffffff84]Z[0xffffffb9][0xffffff94][0x8][0xffffffa6][0xffffffa5]R"[0xffffff88][0xfffffff7]BJ[0x14][0xffffff95][0x12][0xffffffbd]A+[0xffffffaa][0x1e][0xffffffef][0x3][0xffffffa7]D1H[0xffffff89][0x12]yO[0x4][0xffffffbc]`)Q[0xffffff9c]R"[0xffffffa2][0xffffffc8][0xffffffa4][0xffffff84][0x2][0xffffff92]I[0xffffff89][0xffffff88]e~J[0xffffffec]pf[0xffffffa7][0xffffffc4][0xffffff8e][0xffffffa8]SJ[0x8]y[0xffffffb2])!][0xffffffca][0xffffffa6][0xffffff84]P+[0xffffff97][0x12][0xffffffc1][0xffffffb4]TJ[0x4][0xfffffff1]^H[0x9][0xffffffb1][0xffffffed][0xfffffff2][0xffffffbc][0xffffff8d][0xffffffdb][0xffffff8d]J[0x9]z[0xffffffdb][0xffffffe5][0xfffffffb][0x1b][0xffffffd0])An[0xffffffbb]|[0x7f]:[0xffffff93][0x12]F[0xffffffdb].[0x15][0xffffff8a]LJ[0xffffffb8]l[0xffffffbb]TX[0xffffffe6][0xffffffa7][0x4][0xffffffbb][0xffffffed]2"[0xffffffea][0xffffff94][0x12]f[0xffffffdb].[0xffffff9f][0xffffffb8][0xffffff94]M[0x9][0xffffffa3]m[0xffffff97][0xffffffc2][0xffffffb4]TJ[0xfffffffc][0xfffffffc][0xffffffb6][0xffffffcb]r[0x13][0xffffffdb].[0xffffffef])AMp<[0xffffffde][0x7]N[0x9]~[0xffffffdb][0xffffffe5][0xffffffe7];0)Am[0xffffffbb][0xfffffffc][0xfffffffe]d[0xffffff8f][0xffffff94][0xfffffff0][0xffffffd8]v[0xffffffa9][0xffffff81]dR[0xffffff82][0xffffffdf]v[0x19][0xffffffe1][0xffffffcc]N[0x9][0xffffffdf]m[0xffffff97]R[0xffffff9e]lJ[0xffffffd8]m[0xffffffbb][0xffffff94]j[0xffffffe5]R[0xffffffc2]d[0xffffffdb][0xffffffa5][0x10][0xffffffef][0xffffff85][0xffffff94][0x10]{%[0xffffffce][0xffffffdb][0xffffffac][0xffffffd8][0xf][0x1c][0xfffffff4]^[0xffffff89][0xfffffff7]7[0xffffffa0]S[0xffffff82][0xffffffdc]+[0xfffffff1][0xfffffffe]t&%[0xffffff8c][0xfffffff6]J([0x14][0xffffff99][0xffffff94]p[0xffffffd9]+[0xffffffa1][0xffffffb0][0xffffffcc]O[0x9]v[0xffffffaf]DD[0xffffffd4])%[0xffffffcc][0xfffffff6]J<q)[0xffffff9b][0x12]F{%[0xffffff84]i[0xffffffa9][0xffffff94][0xfffffff8][0xfffffff9][0xffffffbd][0x12][0xffffffe5]&[0xfffffff6]J[0xffffffdc]SbB[0xffffff97][0xffffff8c]?[0xffffffde][0x7]N[0x9]~[0xffffffaf][0xffffffc4][0xffffffe7];0)A[0xffffffed][0xffffff95][0xfffffff8][0xfffffffe]d[0xffffff8f][0xffffff94][0xfffffff0][0xffffffd8]+[0xffffffa1][0xffffff81]dR[0xffffff82][0xffffffdf]+[0x11][0xffffffe1][0xffffffcc]N[0x9][0xffffffdf][0xffffffbd][0x12]R"
11:38:47.756 [main] DEBUG org.apache.hc.client5.http.wire -- http-outgoing-1 << "[0xffffff9e]lJ[0xffffffd8][0xffffffed][0xffffff95][0xffffff90]j[0xffffffe5]R[0xffffffc2]d[0xffffffaf][0xffffff84][0x10][0xffffffef][0xffffff85][0xffffff94][0xffffff98]*%[0xffffffd6][0xffffff89][0xffffff9d][0xffffff95][0xffffff98]xJL[0xffffff83][0xffffff94][0xffffff98][0xffffff91][0xfffffff7]D[0xffffffc0]'[0xffffff96][0x12][0xffffffd3])%"[0xffffff8a]LJ( [0xffffff99][0xffffff94][0xffffff88]X[0xffffffe6][0xffffffa7][0xffffffc4][0xe]gvJ[0xffffffec][0xffffff88]:[0xffffffa5][0xffffff84][0xffffff90]'[0xffffff9b][0x12][0xffffffd2][0xffffffa5]lJ[0x8][0xffffffb5]r)[0x11]LK[0xffffffa5]D[0x10][0xffffffef][0xffffff85][0xffffff94][0xffffff90]+[0xffffffaa][0xffffffd6]:[0xffffffa9][0xffffff94][0xffffffa0]WT[0xffffffbd][0xffffffbf][0x1][0xffffff9d][0x12][0xffffffe4][0xffffff8a][0xffffffaa][0xfffffff7][0xffffffa7]3)a[0xffffffb4][0xffffffa2]J[0xffffffa1][0xffffffc8][0xffffffa4][0xffffff84][0xffffffcb][0xffffff8a]*[0xffffff85]e~J[0xffffffb0]+[0xffffffaa]"[0xffffffa2]N)a[0xffffffb6][0xffffffa2][0xffffffea][0xffffff89]K[0xffffffd9][0xffffff94]0ZQ%LK[0xffffffa5][0xffffffc4][0xffffffdf]aE[0xffffffd5][0xffffffa1]VT[0x1d]7[0xffffffec][0x7][0xffffff8e][0x3]_Qu[0x18][0xffffffac][0xffffffa8]:[0xffffffc4][0x1e][0xffffff95]<[0xffffffc0][0xf]lE[0xffffffd5][0x11]6[0xffffffa5][0xffffff80])!PDRB[0x2][0xffffff89][0xffffffa4][0xffffff84][0xffffffc0]2=%[0x2][0xffffff9c][0xffffffc9])[0x11][0x10]5J[0x9]%O4%[0xffffffb4]K[0xffffffd1][0xffffff94]Pj[0xffffffc5]R"[0xffffff9a][0x16]J[0xffffff89]([0xffffffde][0xb])[0xffffffa1]VT[0x1d][0x7][0xffffffb6]W[0xffffffe2][0xffffffc0]WT[0x1d][0x6]+[0xffffffaa][0xe][0xffffffb1]G%[0x11]plE[0xffffffd5][0x11]6[0xffffffa5][0xffffff90])a[0xffffffb2][0xffffffa2]J[0x2][0xffffffc9][0xffffffa4][0xffffff84][0xffffffc1][0xffffff8a][0xffffffaa][0x0]gvJ[0x18][0xffffffaf][0xffffffa8]R[0xfffffff2]dS[0xffffffc2]oE[0xffffff95]R+[0xffffff97][0x12].+[0xffffffaa][0xffffffa2]x/[0xffffffa4]DQ)Q[0x16]uV[0xffffffe2][0xffffffed]}[0xffffffe0][0xffffff94]([0x6])Q"[0xffffffef][0xffffff89][0xffffff80][0x17],%[0xffffff8a]SJD[0x14][0xffffff99][0xffffff94]P@2)[0x11][0xffffffb1][0xffffffcc]O[0xffffff89][0x1d][0xffffffce][0xffffffec][0xffffff94][0xffffffd8][0x11]uJ[0x9]!O6%[0xffffffa4]K[0xffffffd9][0xffffff94][0x10]j[0xffffffe5]R"[0xffffff98][0xffffff96]J[0xffffff89] [0xffffffde][0xb])[0xffffffa1][0xfffffff6]J[0x1c]g[0xffffffa5][0xffffffee][0xffffffe0]8[0xfffffff0][0xffffffbd][0x12][0xffffff87][0xffffffc1]^[0xffffff89]C[0xc]?'[0x2][0xffffff8e][0xffffffed][0xffffff95]8[0xffffffc2]x3[0xffffff99][0x12]&{%$[0xffffff90]LJ[0x18][0xffffffec][0xffffff95][0x8]pf[0xffffffa7][0xffffff84][0xfffffff1]^[0x9]%O6%[0xfffffffc][0xfffffff6]J([0xffffffb5]r)[0xffffffe1][0xffffffb2]W"[0xffffff8a][0xfffffff7]BJ4[0xffffff95][0x12][0xffffffed][0xffffff86][0xffffff9d][0xffffff95]hxJ4[0xffffff83][0xffffff94]h[0xffffff91][0xfffffff7]D[0xffffffc0][0x1b][0xffffff96][0x12][0xffffffcd])%"[0xffffff8a]LJ( [0xffffff99][0xffffff94][0xffffff88]X[0xffffffe6][0xffffffa7][0xffffffc4][0xe]gvJ[0xffffffec][0xffffff88]:[0xffffffa5][0xffffff84][0xffffff90]'[0xffffff9b][0x12][0xffffffd2][0xffffffa5]lJ[0x8][0xffffffb5]r)[0x11]LK[0xffffffa5]D[0x10][0xffffffef][0xffffff85][0xffffff94]P+[0xffffffaa][0xffffff8e][0xffffffd6];[0xffffff95][0x12][0xfffffff8][0xffffff8a][0xffffffaa][0xffffffc3]`E[0xffffffd5]![0xfffffff6][0xffffffa8]$[0x2][0xffffff8e][0xffffffad][0xffffffa8]:[0xffffffc2][0xffffffa6][0x14]2%LVTI [0xffffff99][0xffffff94]0XQ[0x15][0xffffffe0][0xffffffcc]N[0x9][0xffffffe3][0x15]UJ[0xffffff9e]lJ[0xfffffff8][0xffffffad][0xffffffa8]Rj[0xffffffe5]R[0xffffffc2]eEU[0x14][0xffffffef][0xffffff85][0xffffff94]P+[0xffffffaa][0xffffff8e][0xffffffb6][\n]"
11:38:47.756 [main] DEBUG org.apache.hc.client5.http.wire -- http-outgoing-1 << "[0xffffff95][0x12][0xfffffff8][0xffffff8a][0xffffffaa][0xffffffc3]`E[0xffffffd5]![0xfffffff6][0xffffffa8]$[0x2][0xffffff8e][0xffffffad][0xffffffa8]:[0xffffffc2][0xffffffa6][0x14]2%LVTI [0xffffff99][0xffffff94]0XQ[0x15][0xffffffe0][0xffffffcc]N[0x9][0xffffffe3][0x15]UJ[0xffffff9e]lJ[0xfffffff8][0xffffffad][0xffffffa8]Rj[0xffffffe5]R[0xffffffc2]eEU[0x14][0xffffffef][0xffffff85][0xffffff94]P+[0xffffffaa][0xffffff8e]^'[0xffffff95][0x12][0xfffffff8][0xffffff8a][0xffffffaa][0xffffffc3]`E[0xffffffd5]![0xfffffff6][0xffffffa8]$[0x2][0xffffff8e][0xffffffad][0xffffffa8]:[0xffffffc2][0xffffffa6][0x14]2%LVTI [0xffffff99][0xffffff94]0XQ[0x15][0xffffffe0][0xffffffcc]N[0x9][0xffffffe3][0x15]UJ[0xffffff9e]lJ[0xfffffff8][0xffffffad][0xffffffa8]Rj[0xffffffe5]R[0xffffffc2]eEU[0x14][0xffffffef][0xffffffeb])Q[0xffffffd4][0xffffffcd][0xffffffa0][0xffffffc7][0xffffff9c]TJ[0x14][0xfffffffc]f[0xffffffd0]bp3h[0x11][0xffffffd7][0xffffffd7][0xffffffe5][0x1]^[0xffffffb0][0xffffff9b]AK[0xffffffb8][0xffffffa0][0xe]L[0x9][0xffffff81]"[0xffffff92][0x12][0x12]H$%[0x4][0xffffff96][0xffffffe9])[0x11][0xffffffe0]LN[0xffffff89][0xffffff80][0xffffffa8]QJ(y[0xffffffa2])[0xffffffa1]][0xffffff8a][0xffffffa6][0xffffff84]R+[0xffffff96][0x12][0xffffffd1][0xffffffb4]PJD[0xfffffff1]^H[0x9]5[0xffffffc1]q[0xffffffff][0xffffff97][0xffffffa9]c[0xffffff97][0x5][0xffffff9f][0xffffffe0]([0x6][0x13][0x1c]E[0x1c]3N[0x4][0x1c][0xffffff9b][0xffffffe0]([0xffffffe1] 1[0xffffff99][0x12]&[0x13][0x1c][0x12]H&%[0xc]&8[0x2][0xffffff9c][0xffffffd9])a<[0xffffffc1][0xffffffa1][0xffffffe4][0xffffffc9][0xffffffa6][0xffffff84][0xffffffdf][0x4][0xffffff87]R+[0xffffff97][0x12].[0x13][0x1c]Q[0xffffffbc][0x17]RBMp[0xffffffbc][0xfffffffd][0xffffffc4]A[0xffffffa5][0x4]>[0xffffffc1]Q[0xc]&8[0xffffff8a]8f[0xffffff9c][0x8]86[0xffffffc1]Q[0xffffffc2]Ab2%L&8$[0xffffff90]LJ[0x18]Lp[0x4]8[0xffffffb3]S[0xffffffc2]x[0xffffff82]C[0xffffffc9][0xffffff93]M[0x9][0xffffffbf][0x9][0xe][0xffffffa5]V.%\&8[0xffffffa2]x/[0xffffffa4][0xffffff84][0xffffff9a][0xffffffe0]([0xffffffa3][0x1f]TJ[0xffffffe0][0x13][0x1c][0xffffffc5]`[0xffffff82][0xffffffa3][0xffffff88]c[0xffffffc6][0xffffff89][0xffffff80]c[0x13][0x1c]%[0x1c]$&S[0xffffffc2]d[0xffffff82]C[0x2][0xffffffc9][0xffffffa4][0xffffff84][0xffffffc1][0x4]G[0xffffff80]3;%[0xffffff8c]'8[0xffffff94]<[0xffffffd9][0xffffff94][0xfffffff0][0xffffff9b][0xffffffe0]Pj[0xffffffe5]R[0xffffffc2]e[0xffffff82]#[0xffffff8a][0xfffffff7]RJ[0x14][0xffffffb3][0xffffff94](xJ[0x14][0xffffff83][0xffffff94](hJ[0x14],%[0xffffff8a]SJ[0xffffffec](R)[0x11][0xffffff81][0xffffffa4]Rb[0xffffffc7][0xffffff92]H[0xffffff89][0x2][0xffffffa7]D1N[0xffffff89] O:%[0xffffff84]K[0xffffffe9][0xffffff94][0x8]j%S[0xffffffa2][0xffffffb8][0xffffffa4]D[0xfffffff9][0xffffffe9][0xffffff94][0x18][0xffffffbf][0xffffffd4][0xffffff98][0x12][0x13][[0xffffff9c][0xfffffffd][0xfffffff6]>pJ[0xffffffbc][0xffffffbd][0x1][0xffffff9d][0x12][0xffffffdf][0xffffffde][0xffffff81]I[0xffffff89][0xffffffb7][0xffffffa7]3)[0xfffffff1][0xfffffff1]d[0xffffff8f][0xffffff94][0xffffff88](2)[0xffffffa1][0xffffff80]dR"b[0xffffff99][0xffffff9f][0x12];[0xffffff9c][0xffffffd9])[0xffffffb1]#[0xffffffea][0xffffff94][0x12]B[0xffffff9e]lJH[0xffffff97][0xffffffb2])![0xffffffd4][0xffffffca][0xffffffa5]D0-[0xffffff95][0x12]A[0xffffffbc][0x17]RB[\r][0xffffff83][0xffffffd6][0xffffffd2][0xffffffb0][0xffffff94][0xffffffc0][0xffffff87]A[0xffffff8b][0xffffffc1]0h[0x11][0x13]K[0xffffff89][0xffffff80]c[0xffffffc3][0xffffffa0]%[0xffffffcc]$[0xffffff91])a2[0xc]*[0xffffff81]dR[0xffffffc2]`[0x18]4[0xffffffc0][0xffffff99][0xffffff9d][0x12][0xffffffc6][0xffffffc3][0xffffffa0]J[0xffffff9e]lJ[0xfffffff8][\r][0xffffff83]*[0xffffffb5]r)[0xffffffe1]2[0xc][0x1a][0xffffffc5]{!%[0xffffff96]J[0xffffff89][0xffffffb3]P+[0xffffffaa][0xffffffde][0xffffffde][0x7]N[0xffffff89][0xffffffa5][0xfffffff0]O[0xffffffe6]}E[0xffffffde][0x13][0x1]_XJ,[0xffffffa7][0xffffff94][0xffffff88](2)[0xffffffa1][0xffffff80]dR"b[0xffffff99][0xffffff9f][0x12];[0xffffff9c][0xffffffd9])[0xffffffb1]#[0xffffffea][0xffffff94][0x12]B[0xffffff9e]lJH[0xffffff97][0xffffffb2])![0xffffffd4][0xffffffca][0xffffffa5]D0-[0xffffff95][0x12]A[0xffffffbc][0xffffffaf][0xffffffa7]DU[0xffffff97][0xffffff8c][0xffffffd7][0xffffffd1][0xffffffa8][0xffffff94][0xffffffa8][0xfffffff8]%[0xffffffe3][0xffffffd5][0xffffffe0][0xffffff92][0xfffffff1]*n[0xffffffc2][0xffffffcd][0x3][0xffffffbc]b[0xffffff97][0xffffff8c][0xffffffd7]p[0xffffffd7]-[0xffffff98][0x12][0x2]E$%$[0xffffff90]HJ[0x8],[0xffffffd3]S"[0xffffffc0][0xffffff99][0xffffff9c][0x12][0x1]Q[0xffffffa3][0xffffff94]P[0xfffffff2]DSB[0xffffffbb][0x14]M[0x9][0xffffffa5]V,%[0xffffffa2]i[0xffffffa1][0xffffff94][0xffffff88][0xffffffe2][0xffffffbd][0xffffff90][0x12]jEU[0xffffff9d][0xffffffb5]R)[0xffffff81][0xffffffaf][0xffffffa8][0xffffffaa][0x6]+[0xffffffaa][0xffffffaa][0xffffffd8][0xffffffa3][0xffffff92][0x8]8[0xffffffb6][0xffffffa2][0xffffffaa][0xffffff86]M)dJ[0xffffff98][0xffffffac][0xffffffa8][0xffffff92]@2)a[0xffffffb0][0xffffffa2]*[0xffffffc0][0xffffff99][0xffffff9d][0x12][0xffffffc6]+[0xffffffaa][0xffffff94]<[0xffffffd9][0xffffff94][0xfffffff0][Q[0xffffffa5][0xffffffd4][0xffffffca][0xffffffa5][0xffffff84][0xffffffcb][0xffffff8a][0xffffffaa]([0xffffffde][0xb])[0xffffffa1]VT[0xffffffd5]9[0xffffffb0][0xffffff94][0xffffffc0]WTU[0xffffff83][0x15]UU[0xffffffec]"
11:38:47.756 [main] DEBUG org.apache.hc.client5.http.wire -- http-outgoing-1 << "QI[0x4][0x1c][QU[0xffffffc3][0xffffffa6][0x14]2%LVTI [0xffffff99][0xffffff94]0XQ[0x15][0xffffffe0][0xffffffcc]N[0x9][0xffffffe3][0x15]UJ[0xffffff9e]lJ[0xfffffff8][0xffffffad][0xffffffa8]Rj[0xffffffe5]R[0xffffffc2]eEU[0x14][0xffffffef][0xffffff85][0xffffff94]P+[0xffffffaa][0xffffffce][9[0xffffffa9][0xffffff94][0xffffffc0]WTU[0xffffff83][0x15]UU[0xffffffec]QI[0x4][0x1c][QU[0xffffffc3][0xffffffa6][0x14]2%LVTI [0xffffff99][0xffffff94]0XQ[0x15][0xffffffe0][0xffffffcc]N[0x9][0xffffffe3][0x15]UJ[0xffffff9e]lJ[0xfffffff8][0xffffffad][0xffffffa8]Rj[0xffffffe5]R[0xffffffc2]eEU[0x14][0xffffffef][0xffffffa5][0xffffff94][0xffffff88][0xffffffc3][0xffffffa0]lJ[0xffffffc0][0xffffffc3][0xffffffa0][0xffffff8f]7[0xffffffe0]S[0x2][0x1c][0x6]}<[0xffffff9d]J[0x9][0xffffff9f]aP[0xffffff81]"[0xffffff95][0x12]&[0xffffffc3][0xffffffa0][0x2]K"%[0xffffffd0]a[0xffffffd0][0xffffff80][0xffffffa8]WJx[\r][0xffffff83]j[0xffffff97][0xffffffd2])[0xffffffe1]3[0xc][0x1a]M[0xffffffcb][0xffffffa5][0xffffffc4]O[0xf][0xffffff83]V[0xffffffb5][0xffffffa2][0xffffffea],[0xffffffdc][0xf][0x1c][0xfffffff8][0xffffff8a][0xffffffaa]j[0xffffffb0][0xffffffa2][0xffffffaa][0xffffff8a]=*[0xffffff89][0xffffff80]c+[0xffffffaa]j[0xffffffd8][0xffffff94]B[0xffffffa6][0xffffff84][0xffffffc9][0xffffff8a]*[0x9]$[0xffffff93][0x12][0x6]+[0xffffffaa][0x2][0xffffff9c][0xffffffd9])a[0xffffffbc][0xffffffa2]J[0xffffffc9][0xffffff93]M[0x9][0xffffffbf][0x15]UJ[0xffffffad]\J[0xffffffb8][0xffffffac][0xffffffa8][0xffffff8a][0xffffffe2][0xffffffbd][0xffffff90][0x12]C[0xfffffffd][0xffffffc0][0xffffffd1][0xffffffb0]K[0xffffffc6][0xffffffdf][0xffffffde][0x7]N[0xffffff89][0xffffffa1]>[0xffffffca]%[0xfffffff3]>[0xffffffe2]W[0xffffffb8]D[0xffffffc0][0x7][0xfffffff6][0x3][0xffffffc7]p[0xfffffffa][0xffffff81]#[0xffffffa2][0xffffffc8][0xffffffa4][0xffffff84][0x2][0xffffff92]I[0xffffff89][0xffffff88]e~J[0xffffffec]pf[0xffffffa7][0xffffffc4][0xffffff8e][0xffffffa8]SJ[0x8]y[0xffffffb2])!][0xffffffca][0xffffffa6][0xffffff84]P+[0xffffff97][0x12][0xffffffc1][0xffffffb4]TJ[0x4][0xfffffff1]^H[0xffffff89][0xffffffa9][0xffffffbe]J[0xffffffcc][0xffffffd5][0xffffffa8][0xffffff94][0xffffff98][0xfffffff8]W[0xffffff89]i[0xfffffff0]Ub[0xffffffc6]tN[0x4]|b_%[0xffffffa6][0xffffffd3]W[0xffffff89][0xffffff88]"[0xffffff93][0x12][\n]"
11:38:47.757 [main] DEBUG org.apache.hc.client5.http.wire -- http-outgoing-1 << "H&%"[0xffffff96][0xfffffff9])[0xffffffb1][0xffffffc3][0xffffff99][0xffffff9d][0x12];[0xffffffa2]N)![0xffffffe4][0xffffffc9][0xffffffa6][0xffffff84]t)[0xffffff9b][0x12]B[0xffffffad]\J[0x4][0xffffffd3]R)[0x11][0xffffffc4]{!%[0xffffffd4][0xffffff8a][0xffffffaa]Vn[0xffffffd4][0xffffffcd][0xffffffa0][0x15]_QU[\r]VTU[0xffffffb1]G%[0x11]plEU[\r][0xffffff9b]R[0xffffffc8][0xffffff94]0YQ%[0xffffff81]dR[0xffffffc2]`EU[0xffffff80]3;%[0xffffff8c]WT)y[0xffffffb2])[0xffffffe1][0xffffffb7][0xffffffa2]J[0xffffffa9][0xffffff95]K[0x9][0xffffff97][0x15]UQ[0xffffffbc][0xffffff97]R"~[0xffffff95]`S[0xffffff82][0xfffffffe]*[0xffffffb1][0xc][0xffffffbe]J[0xffffffac][0xffffff98][0xffffffce][0xffffffa9][0xffffff80]S_%[0xffffff96][0xffffffd3]W[0xffffff89][0xffffff88]"[0xffffff95][0x12]._%"[0xffffff96]DJ[0xffffffb0]_%vD[0xffffffbd]R[0xffffffc2][0xffffffec][0xffffffab][0xffffff84]t)[0xffffff9d][0x12]F_%[0xffffff82]i[0xffffffb9][0xffffff94][0xfffffff8][0xffffffe9][0xffffffaf][0x12][0xffffffe7]M}[0xffffff95]h[0xffffffeb][0xffffff84]R[0xffffffe2][0xffffffed]}[0xffffffd8][0xffffff94]x[0xffffffbc][0x1][0xffffff9c][0x12][0xffffffdf][0xffffffdf][0x1]I[0xffffff89][0xffffffc7][0xffffffd3][0xffffff91][0xffffff94][0xfffffff8][0xfffffff6]d[0xffffff8b][0xffffff94][0x10](")![0xffffff81]DRB`[0xffffff99][0xffffff9e][0x12][0x1][0xffffffce][0xffffffe4][0xffffff94][0x8][0xffffff88][0x1a][0xffffffa5][0xffffff84][0xffffff92]'[0xffffff9a][0x12][0xffffffda][0xffffffa5]hJ([0xffffffb5]b)[0x11]M[0xb][0xffffffa5]D[0x14][0xffffffef][0xffffff85][0xffffff94]P[0xffffff8b][0xffffffb3][0x1b][0xffffffb7][0xffffffed][0xfffffff2][0xffffffc4][0x17]g[0xffffff9f][0x6][0xffffff8b][0xffffffb3]O[0xffffffb1][0xffffffdd]5[0x11]plq[0xfffffff6][0x19][0xfffffff6][0xffffffb7][0xffffff92])a[0xffffffb2]8[[0x2][0xffffffc9][0xffffffa4][0xffffff84][0xffffffc1][0xffffffe2][0xffffffec][0x0]gvJ[0x18]/[0xffffffce]V[0xfffffff2]dS[0xffffffc2]oq[0xffffffb6]R+[0xffffff97][0x12].[0xffffff8b][0xffffffb3][0xffffffa3]x/[0xffffffa5]D[0xffffffdc]+[0xffffffc1][0xffffffa6][0x4][0xffffffbc]W[0xffffffe2][0xfffffff1][0x6]|J[0xffffff80]{%[0x1e]O[0xffffffa7]R[0xffffffc2]g[0xffffffaf][0xffffff84]@[0xffffff91]J[0x9][0xffffff93][0xffffffbd][0x12][0x2]K"%[0xffffffd0][0xffffffbd][0x12][0x1]Q[0xffffffaf][0xffffff94][0xfffffff0][0xffffffda]+[0xffffffa1]]J[0xffffffa7][0xffffff84][0xffffffcf]^[0xffffff89]hZ.%~z[0xffffffaf][0xffffffc4][0xfffffffd][0xffffffdf]8[0xffffffcd]R[0xffffffe2][0xffffffc4]S[0xffffffe2]4H[0xffffff89][0x13]M[0xffffff89][0x13]K[0xffffff89][0xffffffd3])%v[0x14][0xffffffa9][0xffffff94][0xffffff88]@R)[0xffffffb1]cI[0xffffffa4][0xffffffc4][0x9][0xffffffa7][0xffffffc4]i[0xffffff9c][0x12]A[0xffffff9e]tJ[0x8][0xffffff97][0xffffffd2])[0x11][0xffffffd4]J[0xffffffa6][0xffffffc4][0xffffffe9][0xffffff92][0x12][0xffffffe7][0xffffffdf]!%[0xffffff9a]YJ4<%[0xffffff9a]AJ44%[0x1a][0xffffff96][0x12][0xffffffcd])%v[0x14][0xffffffa9][0xffffff94][0xffffff88]@R)[0xffffffb1]cI[0xffffffa4]D[0xffffff83]S[0xffffffa2][0x19][0xffffffa7]D[0xffffff90]'[0xffffff9d][0x12][0xffffffc2][0xffffffa5]tJ[0x4][0xffffffb5][0xffffff92])[0xffffffd1]\R[0xffffffa2][0xfffffffd]tJ[0xffffffa8][0xffffffeb][0xffffffbc]z/[0xffffffd4][0x4][0xffffffc7][0xffffff89]_[0xffffffe7]u[0x1a]\[0xffffffe7]u[0xffffff8a];g[0x12][0x1][0xffffffc7][0xffffffae][0xfffffff3]:[0xffffffc3][0xffffffad]2dJ[0xffffff98]\[0xffffffe7]%[0xffffff81]dR[0xffffffc2][0xffffffe0]:[0xffffffaf][0x0]gvJ[0x18]_[0xffffffe7][0xffffffa5][0xffffffe4][0xffffffc9][0xffffffa6][0xffffff84][0xffffffdf]u^J[0xffffffad]\J[0xffffffb8]\[0xffffffe7][0x15][0xffffffc5]{!%[0xffffffd4]u^},j[0xffffffdb][0xffffffe5][0xffffff89]_[0xffffffe7]u[0x1a]\[0xffffffe7]u[0xffffff8a];g[0x12][0x1][0xffffffc7][0xffffffae][0xfffffff3]:[0xffffffc3][0xffffffad]2dJ[0xffffff98]\[0xffffffe7]%[0xffffff81]dR[0xffffffc2][0xffffffe0]:[0xffffffaf][0x0]gvJ[0x18]_[0xffffffe7][0xffffffa5][0xffffffe4][0xffffffc9][0xffffffa6][0xffffff84][0xffffffdf]u^J[0xffffffad]\J[0xffffffb8]\[0xffffffe7][0x15][0xffffffc5]{!%[0xffffffba]J[0xffffff89][0xffffffd9][0xffffffb1][0xffffffaf][0x12][0x1d]O[0xffffff89]n[0xffffff90][0x12]=[0xfffffff2][0xffffff9e][0x8]x[0xffffffc7]R[0xffffffa2];[0xffffffa5]DD[0xffffff91]I[0x9][0x5]$[0xffffff93][0x12][0x11][0xffffffcb][0xfffffffc][0xffffff94][0xffffffd8][0xffffffe1][0xffffffcc]N[0xffffff89][0x1d]Q[0xffffffa7][0xffffff94][0x10][0xfffffff2]dSB[0xffffffba][0xffffff94]M[0x9][0xffffffa1]V.%[0xffffff82]i[0xffffffa9][0xffffff94][0x8][0xffffffe2][0xffffffbd][0xffffff90][0x12]S[0xffffffa5][0xffffffc4][0xffffffaa]XJL<%[0xffffffa6]AJ[0xffffffcc][0xffffffc8]{"[0xffffffe0][0x13]K[0xffffff89][0xffffffe9][0xffffff94][0x12][0x11]E&%[0x14][0xffffff90]LJD,[0xfffffff3]Sb[0xffffff87]3;%vD[0xffffff9d]RB[0xffffffc8][0xffffff93]M[0x9][0xffffffe9]R6%[0xffffff84]Z[0xffffffb9][0xffffff94][0x8][0xffffffa6][0xffffffa5]R"[0xffffff88][0xfffffff7]BJ[0xffffffa8][0xffffffc5][0xffffffd9]}[0xffffffad]A[0xffffffa5][0x4][0xffffffbe]8[0xfffffffb]4X[0xffffff9c]}[0xffffff8a][0xffffffed][0xffffffae][0xffffff89][0xffffff80]c[0xffffff8b][0xffffffb3][0xffffffcf][0xffffffb0][0xffffffbf][0xffffff95]L[0x9][0xffffff93][0xffffffc5][0xffffffd9][0x12]H&%[0xc][0x16]g[0x7]8[0xffffffb3]S[0xffffffc2]xq[0xffffffb6][0xffffff92]'[0xffffff9b][0x12]~[0xffffff8b][0xffffffb3][0xffffff95]Z[0xffffffb9][0xffffff94]pY[0xffffff9c][0x1d][0xffffffc5][0xfffffffb]zJ4[0xffffffb5][0xffffffa2]j[0xffffffd4][0xffffff93][0xffffffba][0xffffffce][0xffffffab][0xffffffe1]+[0xffffffaa][0xffffff9a][0xffffffc1][0xffffff8a][0xffffffaa]&[0xfffffff6][0xffffffa8][0xffffffe4][0x1][0xffffffde][0xffffffb0][0x15]U-lJ[0x1]SB[0xffffffa0][0xffffff88][0xffffffa4][0xffffff84][0x4][0x12]I[0x9][0xffffff81]ezJ[0x4]8[0xffffff93]S" j[0xffffff94][0x12]J[0xffffff9e]hJh[0xffffff97][0xffffffa2])[0xffffffa1][0xffffffd4][0xffffff8a][0xffffffa5]D4-[0xffffff94][0x12]Q[0xffffffbc][0x17]R[0xffffffa2][0xffffff88][0xffffffbd][0x12][0xffffffe3]<[0xb][0xffffff95][0x12][0xffffff85][0xffffffde]+[0xfffffff1]x[0x3]:%J[0x1c]~N[0x4][0xffffffbc]P{%[0xffffffbe]=[0xffffffd9]#%"[0xffffff8a]LJ( [0xffffff99][0xffffff94][0xffffff88]X[0xffffffe6][0xffffffa7][0xffffffc4][0xe]gvJ[0xffffffec][0xffffff88]:[0xffffffa5][0xffffff84][0xffffff90]'[0xffffff9b][0x12][0xffffffd2][0xffffffa5]lJ[0x8][0xffffffb5]r)[0x11]LK[0xffffffa5]D[0x10][0xffffffef][0xffffff85][0xffffff94][0xffffffa8][0xffffffea][0xffffffab][0xffffffc4]\[0xffffffd4]^[0xffffff89][0xffffffb7][0xfffffff7][0xffffff81]S[0xffffffa2][0x1a]|[0xffffff95][0xffffffa8]1[0xffffff9d][0x13][0x1][0xffffffaf][0xffffffd8]W[0xffffff89][0xffffffea][0xfffffff4]U"[0xffffffa2][0xffffffc8][0xffffffa4][0xffffff84][0x2][0xffffff92]I[0xffffff89][0xffffff88]e~J[0xffffffec]pf[0xffffffa7][0xffffffc4][0xffffff8e][0xffffffa8]SJ[0x8]y[0xffffffb2])!][0xffffffca][0xffffffa6][0xffffff84]P+[0xffffff97][0x12][0xffffffc1][0xffffffb4]TJ[0x4]"
11:38:47.757 [main] DEBUG org.apache.hc.client5.http.wire -- http-outgoing-1 << "[0xfffffff1]^J[0xffffff89][0xffffffb8]8[0xffffff9b]M[0x9]xq[0xfffffff6][0xffffffe3][\r][0xfffffff8][0xffffff94][0x0][0x17]g?[0xffffff9e]N[0xffffffa5][0xffffff84][0xffffffcf][0xffffffe2]l[0xffffff81]"[0xffffff95][0x12]&[0xffffff8b][0xffffffb3][0x5][0xffffff96]DJ[0xffffffa0][0xffffff8b][0xffffffb3][0x3][0xffffffa2]^)[0xffffffe1][0xffffffb5]8[[0xffffffbb][0xffffff94]N[0x9][0xffffff9f][0xffffffc5][0xffffffd9][0xffffffd1][0xffffffb4]\J[0xfffffffc][0xfffffff4][0xffffffe2][0xffffffec][0xffffffa6]VT[0xffffffcd][0xffffffe3]F[0x1d][0xffffffbb]l[0xfffffff8][0xffffff8a][0xffffffaa]f[0xffffffb0][0xffffffa2][0xffffffaa][0xffffff89]=*[0xffffff89][0xffffff80]c+[0xffffffaa]Z[0xffffffd8][0xffffff94]B[0xffffffa6][0xffffff84][0xffffffc9][0xffffff8a]*[0x9]$[0xffffff93][0x12][0x6]+[0xffffffaa][0x2][0xffffff9c][0xffffffd9])a[0xffffffbc][0xffffffa2]J[0xffffffc9][0xffffff93]M[0x9][0xffffffbf][0x15]UJ[0xffffffad]\J[0xffffffb8][0xffffffac][0xffffffa8][0xffffff8a][0xffffffe2][0xffffffbd][0xffffff90][0x12]jE[0xffffffd5]l'[0xfffffff6]U[0x2]_Q[0xffffffd5][0xc]VT5[0xffffffb1]G%[0x11]plEU[0xb][0xffffff9b]R[0xffffffc8][0xffffff94]0YQ%[0xffffff81]dR[0xffffffc2]`EU[0xffffff80]3;%[0xffffff8c]WT)y[0xffffffb2])[0xffffffe1][0xffffffb7][0xffffffa2]J[0xffffffa9][0xffffff95]K[0x9][0xffffff97][0x15]UQ[0xffffffbc][0x17]R[0xffffffa2][0xffffffff]RbJ[0xffffff8c]zP)q[0x7f][0x1f]8%[0xffffffde][0xffffffde][0xffffff80]N[0xffffff89]o[0xffffffef][0xffffffc0][0xffffffa4][0xffffffc4][0xffffffdb][0xffffffd3][0xffffff99][0xffffff94][0xfffffff8]x[0xffffffb2]GJD[0x14][0xffffff99][0xffffff94]P@2)[0x11][0xffffffb1][0xffffffcc]O[0xffffff89][0x1d][0xffffffce][0xffffffec][0xffffff94][0xffffffd8][0x11]uJ[0x9]!O6%[0xffffffa4]K[0xffffffd9][0xffffff94][0x10]j[0xffffffe5]R"[0xffffff98][0xffffff96]J[0xffffff89] [0xffffffde][0xb])1[0xffffffc4]W[0xffffff89]u`[0xffffff8b][0xffffffb3][0xffffffdf][0xffffffde][0x7]N[0xffffff89]a[0xfffffff0]Ub[0xffffffc4]tN[0x4]|`_%[0xffffff86][0xffffffd3]W[0xffffff89][0xffffff88]"[0xffffff93][0x12][\n]"
11:38:47.757 [main] DEBUG org.apache.hc.client5.http.wire -- http-outgoing-1 << "H&%"[0xffffff96][0xfffffff9])[0xffffffb1][0xffffffc3][0xffffff99][0xffffff9d][0x12];[0xffffffa2]N)![0xffffffe4][0xffffffc9][0xffffffa6][0xffffff84]t)[0xffffff9b][0x12]B[0xffffffad]\J[0x4][0xffffffd3]R)[0x11][0xffffffc4]{!%[0xffffffd4][0xffffffb6][0xffffffcb]U[0xffffffb9]aP|[0xffffffdb]e3[0xffffffd8]v[0xffffffd9][0xffffffc4]J[0xffffffb6]D[0xffffffc0][0xffffffb1]m[0xffffff97]-,]#S[0xffffffc2]d[0xffffffdb][0xffffffa5][0x4][0xffffff92]I[0x9][0xffffff83]m[0xffffff97][0x1][0xffffffce][0xffffffec][0xffffff94]0[0xffffffde]v[0xffffffa9][0xffffffe4][0xffffffc9][0xffffffa6][0xffffff84][0xffffffdf][0xffffffb6]K[0xffffffa5]V.%\[0xffffffb6]]F[0xfffffff1]^H[0x9][0xffffffb5][0xffffffed]r[0xffffffb5][0xffffff86][0x1d][0xffffffbb][0xffffffc4][0xffffffb7]]6[0xffffff83]m[0xffffff97]M[0xffffffac]dK[0x4][0x1c][0xffffffdb]v[0xffffffd9][0xffffffc2][0xffffffd2]52%L[0xffffffb6]]J [0xffffff99][0xffffff94]0[0xffffffd8]v[0x19][0xffffffe0][0xffffffcc]N[0x9][0xffffffe3]m[0xffffff97]J[0xffffff9e]lJ[0xfffffff8]m[0xffffffbb]Tj[0xffffffe5]R[0xffffffc2]e[0xffffffdb]e[0x14][0xffffffef][0xffffffeb])[0xffffffd1]o1%[0xffffffda][0xffffffed]V[0xffffffa9]m[0xffffff97]o[0xffffffef][0xffffffc3][0xffffffa6][0xffffffc4][0xffffffe3][\r][0xffffffe0][0xffffff94][0xfffffff8][0xfffffffe][0xe]HJ<[0xffffff9e][0xffffff8e][0xffffffa4][0xffffffc4][0xffffffb7]'[[0xffffffa4][0xffffff84]@[0x11]I[0x9][0x9]$[0xffffff92][0x12][0x2][0xffffffcb][0xfffffff4][0xffffff94][0x8]p&[0xffffffa7]D@[0xffffffd4](%[0xffffff94]<[0xffffffd1][0xffffff94][0xffffffd0].ESB[0xffffffa9][0x15]K[0xffffff89]hZ(%[0xffffffa2]x/[0xffffffa4][0xffffff84]X[0xffffff9c][0xffffffdd]nm[0xffffffde][0xffffffa8][0xffffff94][0xffffffc0][0x17]gw[0xffffff83][0xffffffc5][0xffffffd9]]lwM[0x4][0x1c][[0xffffff9c][0xffffffdd][0xffffffc3][0xfffffffe]V2%L[0x16]gK [0xffffff99][0xffffff94]0X[0xffffff9c][0x1d][0xffffffe0][0xffffffcc]N[0x9][0xffffffe3][0xffffffc5][0xffffffd9]J[0xffffff9e]lJ[0xfffffff8]-[0xffffffce]Vj[0xffffffe5]R[0xffffffc2]eqv[0x14][0xffffffef][0xffffffa5][0xffffff94][0x8]+[0xffffffaa][0xffffffe0][0xffffff94][0xffffff80]WT=[0xffffffde][0xffffff80]O[0x9]pE[0xffffffd5][0xffffffe3][0xffffffe9]TJ[0xfffffff8][0xffffffac][0xffffffa8][0x12](R)a[0xffffffb2][0xffffffa2]J`I[0xffffffa4][0x4][0xffffffba][0xffffffa2]* [0xffffffea][0xffffff95][0x12]^+[0xffffffaa][0xffffffb4]K[0xffffffe9][0xffffff94][0xfffffff0]YQ[0x15]M[0xffffffcb][0xffffffa5][0xffffffc4]O[0xffffffaf][0xffffffa8][0xffffffba][0xffffffff][0x1b][0xffffffdd],%:[0xffffff9e][0x12][0xffffffdd] %:[0xffffff9a][0x12][0x1d]K[0xffffff89][0xffffffee][0xffffff94][0x12];[0xffffff8a]TJD [0xffffffa9][0xffffff94][0xffffffd8][0xffffffb1]$R[0xffffffa2][0xffffffc3])[0xffffffd1][0xffffff8d]S"[0xffffffc8][0xffffff93]N[0x9][0xffffffe1]R:%[0xffffff82]Z[0xffffffc9][0xffffff94][0xffffffe8].)[0xffffffd1][0xffffffff][0xe])qL[0xffffffb3][0xffffff96]8&[0x1e][0x13][0xfffffff7]W[0xffffffe0]k[0xffffffe2][0xffffffe3]%[0xffffffa8][0xffffff9c][0xffffffb8]?[0xffffff9e][0xffffffea][0xffffff89][0xfffffff7]G[0xffffffbb][0x4]E[0xffffffe0][0xffffff91]*[\n]"
11:38:47.757 [main] DEBUG org.apache.hc.client5.http.wire -- http-outgoing-1 << "A%[0xffffff95][0x14][0xffffff81]M[0xffffffa2])6B[0xfffffff3][0xffffffa3]b[0xffffffe3][0xffffffd4][0xffffffab]*[0xffffffa2]F[0xffffffe9][0xffffffac]PV[0xffffffa5][0xffffffbb]"J[0xffffff96][0xc][0xffffff8b][0xffffffdd][0xffffffb9]\Y[0xffffffec][\n]"
11:38:47.757 [main] DEBUG org.apache.hc.client5.http.wire -- http-outgoing-1 << "[0xffffffbe][0xffffff94][0x16]e[0xffffff99][0xffffffa5]EYxZ[0xffffffdc]_[0xffffff81]O[0xffffff8b][0xffffff8f][0xffffff97][0xffffffa0][0xffffffd2][0xffffffe2][0xfffffffe]x*-[0xffffffde][0x1f][0xffffffed][0xffffff92][0x16][0xffffff81]G*-[0x4][0xffffff95]TZ[0x4]6[0xffffff89][0xffffffb4][0xffffffd8][0x8][0xffffffcd]O[0xffffff8b][0xffffff8d]S[0xffffffaf][0xffffffb4][0xffffff88][0x1a][0xffffffa5][0xffffffd3]BY[0xffffff95]N[0xffffff8b](Y2-v[0xffffffe7]ri[0xffffffb1]+[0xfffffff8]RZT[0xffffffb7][0xffffffb4][0xffffffa8]|ZT[0xffffff87][0xffffffb4][0xffffffa8]lZT.-[0xffffffaa]UZ[0x4][0x1e][0xffffffa9][0xffffffb4][0x10]TRi[0x11][0xffffffd8]$[0xffffffd2][0xffffffa2][0xffffffd2]iQ[0xffffff9d][0xffffffd3]"j[0xffffff94]N[0xb]eU:-[0xffffffa2]d[0xffffffc9][0xffffffb4][0xffffffd8][0xffffff9d][0xffffffcb][0xffffffa5][0xffffffc5][0xffffffae][0xffffffe0]Ki[0xfffffff1][0xffffffd8]9[0xffffffe1][0xffffff94][0x16]m[0xffffffe0]iq[0x7f][0x5]>->^[0xffffff82]J[0xffffff8b][0xfffffffb][0xffffffe3][0xffffffa9][0xffffffb4]x[0x7f][0xffffffb4]KZ[0x4][0x1e][0xffffffa9][0xffffffb4][0x10]TRi[0x11][0xffffffd8]$[0xffffffd2]b#4?-6N[0xffffffbd][0xffffffd2]"j[0xffffff94]N[0xb]eU:-[0xffffffa2]d[0xffffffc9][0xffffffb4][0xffffffd8][0xffffff9d][0xffffffcb][0xffffffa5][0xffffffc5][0xffffffae][0xffffffe0]Ki[0xffffffd1][0xffffffdd][0xffffffbe]Zt[0xfffffffe][0xffffffab]Ew[0xfffffff8]j[0xffffffd1][0xffffffd9][0xffffffaf][0x16][0xffffff9d][0xfffffffb]j[0xffffffd1][0xffffffad][0xffffffbe]Z[0x4][0x1e][0xffffffa9][0xffffffb4][0x10]TRi[0x11][0xffffffd8]$[0xffffffd2][0xffffffa2][0xffffffd3]_-[0xffffffba][0xfffffff3]W[0xffffff8b][0xffffffa8]Q:-[0xffffff94]U[0xffffffe9][0xffffffb4][0xffffff88][0xffffff92]%[0xffffffd3]bw.[0xffffff97][0x16][0xffffffbb][0xffffff82]_I[0xffffff8b][0xfffffffa][0xfffffffe][0xffffff8f][0x14][0xffffffb1][0xffffffa7][0xffffffe2]8V[0xfffffffe]M[0xffffffa3][0xffffff9f][0xffffffef]C[0xffffff85][0xffffffc5][0xffffff97]7[0xffffffc0][0xffffffba]b{[0xffffff87][0xffffffe4][0xffffffac][0xfffffff8][0xfffffff2][0xfffffff4][0xffffffe4][0xffffffaa][0xfffffff8][0xfffffff5][0xffffff93][0xffffffe1][0xffffffa8]x[0xffffff8a]brS[0xfffffffc][0x0][0xffffffc8][0xffffffe4][0xffffffa4]x[0xffffff8a]ebQ<[0xffffff81]3-([0xffffff9e] j[0xffffffd1][0x13][0xffffffcf][0xffffffe5][0x9][0xffffffe5][0xffffffc4][0xffffff8f]\[\n]"
11:38:47.758 [main] DEBUG org.apache.hc.client5.http.wire -- http-outgoing-1 << "[0xffffffd5][0xffffffc4]s[0xffffffb5][0x2]1[0xfffffff1][0xffffffcc][0xffffffb4][0xffffffe9]-[0xfffffff1]L[0xffffffbc][0xffffff97]R[0xffffffa2][0xffffff99][0xffffffa5]D[0xffffffc3]S[0xffffffa2][0x19][0xffffffa4]DCS[0xffffffa2]a)[0xffffffd1][0xffffff9c]RbG[0xffffff91]J[0xffffff89][0x8]$[0xffffff95][0x12];[0xffffff96]DJ48%[0xffffff9a]qJ[0x4]y[0xffffffd2])!\J[0xffffffa7]DP+[0xffffff99][0x12][0xffffffcd]%%[0xffffffda]O[0xffffffa7]DU_%[0xffffffea],TJT[0xfffffffc][0xffffffab]D5[0xfffffff8]*Qc:'[0x2]^[0xffffffb1][0xffffffaf][0x12][0xffffffd5][0xffffffe9][0xffffffab]DD[0xffffff91]I[0x9][0x5]$[0xffffff93][0x12][0x11][0xffffffcb][0xfffffffc][0xffffff94][0xffffffd8][0xffffffe1][0xffffffcc]N[0xffffff89][0x1d]Q[0xffffffa7][0xffffff94][0x10][0xfffffff2]dSB[0xffffffba][0xffffff94]M[0x9][0xffffffa1]V.%[0xffffff82]i[0xffffffa9][0xffffff94][0x8][0xffffffe2][0xffffffbd][0xffffff90][0x12]M[0xffffffa4]D[0xffffffb9][0xffffff95]N[0xffffffa5]D[0xffffffc3]S[0xffffffa2][0x19][0xffffffa4]D[0xffffff8b][0xffffffbc]'[0x2][0xffffffde][0xffffffb0][0xffffff94]hN)[0x11]QdRB[0x1][0xffffffc9][0xffffffa4]D[0xffffffc4]2?%v8[0xffffffb3]SbG[0xffffffd4])%[0xffffff84]<[0xffffffd9][0xffffff94][0xffffff90].eSB[0xffffffa8][0xffffff95]K[0xffffff89]`Z*%[0xffffff82]x/[0xffffffa4][0xffffff84][0xffffffb8][0xffffffb4][0xffffffbc][0xffffff95][0xffffffd5][0xf]*%[0xffffffc0]K[0xffffffcb][0xffffffbf][0xffffffbc][0x1][0xffffff9d][0x12][0xffffffd0][0xffffffa5][0xffffffe5]_[0xffffff9e][0xffffffce][0xffffffa4][0xffffff84][0xffffffc7][0xffffffa5][0xffffffe5]OQd"
11:38:47.758 [main] DEBUG org.apache.hc.client5.http.wire -- http-outgoing-1 << "R[0xffffffc2][0xffffffe0][0xffffffd2][0xfffffff2][0xffffffa7]X[0xffffffe6][0xffffffa7][0x4]vi[0xfffffff9][0x13]D[0xffffff9d]R[0xffffffc2][0xffffffe7][0xffffffd2][0xfffffff2][0x1f][0xffffffb9][0xffffff94]M[0x9][0xffffff8f]K[0xffffffcb][0xffffff9f][0xffffff99][0xffffff96]J[0xffffff89][0xffffff9f][0xffffffba][0xffffffb4][0xfffffffc][0xffffffe3][0xffffffdf][0x10][0xffffff97][0xffffff96][0xffffffb7]Z[0xffffffda][0xffffffa2]R[0x2][0xffffffbc][0xffffffb4][0xfffffffc][0xffffffcb][0x1b][0xffffffd0])[0x1]]Z[0xfffffffe][0xffffffe5][0xffffffe9]LJx\Z[0xfffffffe][0x14]E&%[0xc].-[0x7f][0xffffff8a]e~J`[0xffffff97][0xffffff96]?A[0xffffffd4])%|.-[0xffffffff][0xffffff91]K[0xffffffd9][0xffffff94][0xfffffff0][0xffffffb8][0xffffffb4][0xfffffffc][0xffffff99]i[0xffffffa9][0xffffff94][0xfffffff8][0xffffffa9]K[0xffffffcb][0xffffffbf][0xffffffff][0x1b][0xffffffc5],%[\n]"
11:38:47.758 [main] DEBUG org.apache.hc.client5.http.wire -- http-outgoing-1 << "[0xffffff9e][0x12][0xffffffc5] %[\n]"
11:38:47.758 [main] DEBUG org.apache.hc.client5.http.wire -- http-outgoing-1 << "[0xffffff9a][0x12][0x5]K[0xffffff89][0xffffffe2][0xffffff94][0x12];[0xffffff8a]TJD [0xffffffa9][0xffffff94][0xffffffd8][0xffffffb1]$R[0xffffffa2][0xffffffc0])Q[0xffffff8c]S"[0xffffffc8][0xffffff93]N[0x9][0xffffffe1]R:%[0xffffff82]Z[0xffffffc9][0xffffff94](.)Q~6%[0xffffffc6]M}[0xffffff95][0xffffffe8][0xffffffd8][0xffffffb1][0xffffffcb][0xffffffb7][0xfffffff7]aS[0xffffffe2][0xfffffff1][0x6]pJ|[0x7f][0x7]$%[0x1e]OGR[0xffffffe2][0xffffffdb][0xffffff93]-RB[0xffffffa0][0xffffff88][0xffffffa4][0xffffff84][0x4][0x12]I[0x9][0xffffff81]ezJ[0x4]8[0xffffff93]S" j[0xffffff94][0x12]J[0xffffff9e]hJh[0xffffff97][0xffffffa2])[0xffffffa1][0xffffffd4][0xffffff8a][0xffffffa5]D4-[0xffffff94][0x12]Q[0xffffffbc][0x17]R[0xffffffe2]P)1[0xffffffc7]I[0xffffffa5][0xffffffc4][0xffffff81][0xffffffa7][0xffffffc4]a[0xffffff90][0x12]G[0xffffffe4]=[0x11][0xfffffff0][0x3]K[0xffffff89][0xffffffc3])%"[0xffffff8a]LJ( [0xffffff99][0xffffff94][0xffffff88]X[0xffffffe6][0xffffffa7][0xffffffc4][0xe]gvJ[0xffffffec][0xffffff88]:[0xffffffa5][0xffffff84][0xffffff90]'[0xffffff9b][0x12][0xffffffd2][0xffffffa5]lJ[0x8][0xffffffb5]r)[0x11]LK[0xffffffa5]D[0x10][0xffffffef][0xffffff85][0xffffff94]P+[0xffffffaa][0xffffffce]z[0xffffffa3]~[0xffffffe0][0x18][0xfffffff8][0xffffff8a][0xffffffaa]a[0xffffffb0][0xffffffa2]j[0xffffff88]=*[0xffffff89][0xffffff80]c+[0xffffffaa]F[0xffffffd8][0xffffff94]B[0xffffffa6][0xffffff84][0xffffffc9][0xffffff8a]*[0x9]$[0xffffff93][0x12][0x6]+[0xffffffaa][0x2][0xffffff9c][0xffffffd9])a[0xffffffbc][0xffffffa2]J[0xffffffc9][0xffffff93]M[0x9][0xffffffbf][0x15]UJ[0xffffffad]\J[0xffffffb8][0xffffffac][0xffffffa8][0xffffff8a][0xffffffe2][0xffffffbd][0xffffff94][0x12][0xfffffff1][0xffffffac][0x4][0xffffff9b][0x12][0xfffffff0]Y[0xffffff89][0xffffffc7][0x1b][0xfffffff0])[0x1][0xffffff9e][0xffffff95]x<[0xffffff9d]J[0x9][0xffffff9f][0xffffffb3][0x12][0x2]E*%L[0xffffffce]J[0x8],[0xffffff89][0xffffff94]@[0xffffffcf]J[0x4]D[0xffffffbd]R[0xffffffc2][0xffffffeb][0xffffffac][0xffffff84]v)[0xffffff9d][0x12]>g%[0xffffffa2]i[0xffffffb9][0xffffff94][0xfffffff8][0xfffffff9][0xffffffb3][0x12]U}[0xffffff95]8G[0xffffffa3]R[0xffffffa2][0xffffffe2]_%[0xffffffaa][0xffffffc1]W[0xffffff89][0x1a][0xffffffd3]9[0x11][0xfffffff0][0xffffff8a]}[0xffffff95][0xffffffa8]N_%"[0xffffff8a]LJ( [0xffffff99][0xffffff94][0xffffff88]X[0xffffffe6][0xffffffa7][0xffffffc4][0xe]gvJ[0xffffffec][0xffffff88]:[0xffffffa5][0xffffff84][0xffffff90]'[0xffffff9b][0x12][0xffffffd2][0xffffffa5]lJ[0x8][0xffffffb5]r)[0x11]LK[0xffffffa5]D[0x10][0xffffffef][0xffffff85][0xffffff94]8UJ[0xffffffcc]yR)q[0xffffffe2])q[0x1a][0xffffffa4][0xffffffc4][0x19]yO[0x4][0xfffffffc][0xffffffc4]R[0xffffffe2]tJ[0xffffff89][0xffffff88]"[0xffffff93][0x12][\n]"
11:38:47.758 [main] DEBUG org.apache.hc.client5.http.wire -- http-outgoing-1 << "H&%"[0xffffff96][0xfffffff9])[0xffffffb1][0xffffffc3][0xffffff99][0xffffff9d][0x12];[0xffffffa2]N)![0xffffffe4][0xffffffc9][0xffffffa6][0xffffff84]t)[0xffffff9b][0x12]B[0xffffffad]\J[0x4][0xffffffd3]R)[0x11][0xffffffc4]{!%[0xffffffd4][0xffffffb6][0xffffffcb]v+[0xfffffff9][0x17][0xffffff85]~[0xffffffbe][0xf][0xffffff9c][0x12][0x6][0xffffffdb].[0xffffff87]X[0xffffffc9][0xffffff96][0x8]8[0xffffffb6][0xffffffed]r[0xffffff84][0xffffffa5]kdJ[0xffffff98]l[0xffffffbb][0xffffff94]@2)a[0xffffffb0][0xffffffed]2[0xffffffc0][0xffffff99][0xffffff9d][0x12][0xffffffc6][0xffffffdb].[0xffffff95]<[0xffffffd9][0xffffff94][0xfffffff0][0xffffffdb]v[0xffffffa9][0xffffffd4][0xffffffca][0xffffffa5][0xffffff84][0xffffffcb][0xffffffb6][0xffffffcb]([0xffffffde][0xb])[0xffffffd1]UJ[0xffffff9c][0x7][0xffffffb5]8[0xfffffffb][0xffffffed]}[0xffffffe0][0xffffff94][0xffffffe8][0x6])[0xffffffd1]#[0xffffffef][0xffffff89][0xffffff80]w,%[0xffffffba]SJD[0x14][0xffffff99][0xffffff94]P@2)[0x11][0xffffffb1][0xffffffcc]O[0xffffff89][0x1d][0xffffffce][0xffffffec][0xffffff94][0xffffffd8][0x11]uJ[0x9]!O6%[0xffffffa4]K[0xffffffd9][0xffffff94][0x10]j[0xffffffe5]R"[0xffffff98][0xffffff96]J[0xffffff89] [0xffffffde][0xb])1TJ4lE[0xffffffd5][0xffffffdb][0xfffffffb][0xffffffc0])1[0xc]RbD[0xffffffde][0x13][0x1][0x1f]XJ[0xc][0xffffffa7][0xffffff94][0xffffff88](2)[0xffffffa1][0xffffff80]dR"b[0xffffff99][0xffffff9f][0x12];[0xffffff9c][0xffffffd9])[0xffffffb1]#[0xffffffea][0xffffff94][0x12]B[0xffffff9e]lJH[0xffffff97][0xffffffb2])![0xffffffd4][0xffffffca][0xffffffa5]D0-[0xffffff95][0x12]A[0xffffffbc][0x17]RB[0xffffffdd][0xffffffc1][0xffffffd1][0xffffffe6][0xffffffa4][0xffffffee][0xffffffe0][0x18][0xfffffff8][0x1d][0x1c][0xffffffc3][0xffffffe0][0xe][0xffffff8e]![0x16][0xffffffc5]'[0x2][0xffffff8e][0xffffffdd][0xffffffc1]1[0xffffffc2]*x2%L[0xffffffee][0xffffffe0][0xffffff90]@2)ap[0x7]G[0xffffff80]3;%[0xffffff8c][0xffffffef][0xffffffe0]P[0xfffffff2]dS[0xffffffc2][0xffffffef][0xe][0xe][0xffffffa5]V.%\[0xffffffee][0xffffffe0][0xffffff88][0xffffffe2][0xffffffbd][0xffffff90][0x12][0xffffffea][0xe][0xffffff8e][0xffffffb6]*[0xffffffb6][0xffffffed][0x12][0xffffffbf][0xffffff83]c[0x18][0xffffffdc][0xffffffc1]1[0xffffffc4][0xffffffa2][0xfffffff8]D[0xffffffc0][0xffffffb1];8FX[0x5]O[0xffffffa6][0xffffff84][0xffffffc9][0x1d][0x1c][0x12]H&%[0xc][0xffffffee][0xffffffe0][0x8]pf[0xffffffa7][0xffffff84][0xfffffff1][0x1d][0x1c]J[0xffffff9e]lJ[0xfffffff8][0xffffffdd][0xffffffc1][0xffffffa1][0xffffffd4][0xffffffca][0xffffffa5][0xffffff84][0xffffffcb][0x1d][0x1c]Q[0xffffffbc][0xffffffaf][0xffffffa7][0xffffffc4]T[0xffffff8b][0xffffffb3][0xffffffdb][0xffffffea][0xffffffd4]Y[0xffffff89][0xffffff89]/[0xffffffce][0xffffff9e][0x6][0xffffff8b][0xffffffb3][0xffffffa7][0xffffffd8][0xffffffee][0xffffff9a][0x7][0xfffffff8][0xffffffc4][0x16]g[0xffffffcf][0xffffffb0][0xffffffbf][0x15]L[0x9][0xffffff81]"[0xffffff92][0x12][0x12]H$%[0x4][0xffffff96][0xffffffe9])[0x11][0xffffffe0]LN[0xffffff89][0xffffff80][0xffffffa8]QJ(y[0xffffffa2])[0xffffffa1]][0xffffff8a][0xffffffa6][0xffffff84]R+[0xffffff96][0x12][0xffffffd1][0xffffffb4]PJD[0xfffffff1]^H[0x9][0xffffffb5]8[0xffffffbb][0xffffffad]E[0xffffffed][0xffffff95][0xffffff98][0xfffffff8][0xffffffe2][0xffffffec]i[0xffffffb0]8{[0xffffff8a][0xffffffed][0xffffffae][0xffffff89][0xffffff80]c[0xffffff8b][0xffffffb3]g[0xffffffd8][0xffffffdf]J[0xffffffa6][0xffffff84][0xffffffc9][0xffffffe2]l[0x9]$[0xffffff93][0x12][0x6][0xffffff8b][0xffffffb3][0x3][0xffffff9c][0xffffffd9])a[0xffffffbc]8[[0xffffffc9][0xffffff93]M[0x9][0xffffffbf][0xffffffc5][0xffffffd9]J[0xffffffad]\J[0xffffffb8],[0xffffffce][0xffffff8e][0xffffffe2][0xffffffbd][0xffffff90][0x12]U[0xffffffa4]D?V[0xffffffa5]R[0xffffffa2][0xffffffe2])Q[\r]R[0xffffffa2]F[0xffffffde][0x13][0x1][0xffffffaf]XJT[0xffffffa7][0xffffff94][0xffffff88](2)[0xffffffa1][0xffffff80]dR"b[0xffffff99][0xffffff9f][0x12];[0xffffff9c][0xffffffd9])[0xffffffb1]#[0xffffffea][0xffffff94][0x12]B[0xffffff9e]lJH[0xffffff97][0xffffffb2])![0xffffffd4][0xffffffca][0xffffffa5]D0-[0xffffff95][0x12]A[0xffffffbc][0x17]RB[0xffffffad][0xffffffa8][0xffffffea][0xffffffad]O*%[0xfffffff0][0x15]U[0xffffffd3]`E[0xffffffd5][0x14]{T[0x12][0x1][0xffffffc7]VT[0xffffffcd][0xffffffb0])[0xffffff85]L[0x9][0xffffff93][0x15]U[0x12]H&%[0xc]VT[0x5]8[0xffffffb3]S[0xffffffc2]xE[0xffffff95][0xffffff92]'[0xffffff9b][0x12]~+[0xffffffaa][0xffffff94]Z[0xffffffb9][0xffffff94]pYQ[0x15][0xffffffc5]{!%[0xffffffd4][0xffffff8a][0xffffffaa]>[\n]"
11:38:47.758 [main] DEBUG org.apache.hc.client5.http.wire -- http-outgoing-1 << "[0xffffff96][0x12][0xfffffff8][0xffffff8a][0xffffffaa]i[0xffffffb0][0xffffffa2]j[0xffffff8a]=*[0xffffff89][0xffffff80]c+[0xffffffaa]f[0xffffffd8][0xffffff94]B[0xffffffa6][0xffffff84][0xffffffc9][0xffffff8a]*[0x9]$[0xffffff93][0x12][0x6]+[0xffffffaa][0x2][0xffffff9c][0xffffffd9])a[0xffffffbc][0xffffffa2]J[0xffffffc9][0xffffff93]M[0x9][0xffffffbf][0x15]UJ[0xffffffad]\J[0xffffffb8][0xffffffac][0xffffffa8][0xffffff8a][0xffffffe2][0xffffffbd][0xffffff90][0x12]jE[0xffffffd5]8N[0xffffffec][0x7][0xe]|E[0xffffffd5]4XQ5[0xffffffc5][0x1e][0xffffff95]D[0xffffffc0][0xffffffb1][0x15]U3lJ!S[0xffffffc2]dE[0xffffff95][0x4][0xffffff92]I[0x9][0xffffff83][0x15]U[0x1][0xffffffce][0xffffffec][0xffffff94]0^Q[0xffffffa5][0xffffffe4][0xffffffc9][0xffffffa6][0xffffff84][0xffffffdf][0xffffff8a]*[0xffffffa5]V.%\VTE[0xfffffff1]^H[0x9][0xffffffb5][0xffffffa2]j[0xffffffd4][0x3]K[0x9]|E[0xffffffd5]4XQ5[0xffffffc5][0x1e][0xffffff95]D[0xffffffc0][0xffffffb1][0x15]U3lJ!S[0xffffffc2]dE[0xffffff95][0x4][0xffffff92]I[0x9][0xffffff83][0x15]U[0x1][0xffffffce][0xffffffec][0xffffff94]0^Q[0xffffffa5][0xffffffe4][0xffffffc9][0xffffffa6][0xffffff84][0xffffffdf][0xffffff8a]*[0xffffffa5]V.%\VTE[0xfffffff1]"
11:38:47.759 [main] DEBUG org.apache.hc.client5.http.wire -- http-outgoing-1 << "^H[0x9][0xffffffb5][0xffffffa2]j[0xc]lq[0xfffffff6][0xffffffc4]WTM[0xffffff83][0x15]US[0xffffffec]QI[0x4][0x1c][Q5[0xffffffc3][0xffffffa6][0x14]2%LVTI [0xffffff99][0xffffff94]0XQ[0x15][0xffffffe0][0xffffffcc]N[0x9][0xffffffe3][0x15]UJ[0xffffff9e]lJ[0xfffffff8][0xffffffad][0xffffffa8]Rj[0xffffffe5]R[0xffffffc2]eEU[0x14][0xffffffef][0xffffff85][0xffffff94]P+[0xffffffaa][0xffffffc6][0xffffffba]a)[0xffffff81][0xffffffaf][0xffffffa8][0xffffff9a][0x6]+[0xffffffaa][0xffffffa6][0xffffffd8][0xffffffa3][0xffffff92][0x8]8[0xffffffb6][0xffffffa2]j[0xffffff86]M)dJ[0xffffff98][0xffffffac][0xffffffa8][0xffffff92]@2)a[0xffffffb0][0xffffffa2]*[0xffffffc0][0xffffff99][0xffffff9d][0x12][0xffffffc6]+[0xffffffaa][0xffffff94]<[0xffffffd9][0xffffff94][0xfffffff0][Q[0xffffffa5][0xffffffd4][0xffffffca][0xffffffa5][0xffffff84][0xffffffcb][0xffffff8a][0xffffffaa]([0xffffffde][0xffffffd7]Sb[0xffffffa9][0x15]U[0xffffffb3][0x1e]'[0xffffff94][0x12][0xb]_Q[0xffffffb5][0xc]VT-[0xffffffb1]G%[0xf][0xfffffff0][0xffffff85][0xffffffad][0xffffffa8]ZaS[\n]"
11:38:47.759 [main] DEBUG org.apache.hc.client5.http.wire -- http-outgoing-1 << "[0xffffff98][0x12][0x2]E$%$[0xffffff90]HJ[0x8],[0xffffffd3]S"[0xffffffc0][0xffffff99][0xffffff9c][0x12][0x1]Q[0xffffffa3][0xffffff94]P[0xfffffff2]DSB[0xffffffbb][0x14]M[0x9][0xffffffa5]V,%[0xffffffa2]i[0xffffffa1][0xffffff94][0xffffff88][0xffffffe2][0xffffffbd][0xffffff90][0x12]jE[0xffffffd5]<[0xb]uVb[0xffffffe1]+[0xffffffaa][0xffffff96][0xffffffc1][0xffffff8a][0xffffffaa]%[0xfffffff6][0xffffffa8]$[0x2][0xffffff8e][0xffffffad][0xffffffa8]ZaS[\n]"
11:38:47.759 [main] DEBUG org.apache.hc.client5.http.wire -- http-outgoing-1 << "[0xffffff99][0x12]&+[0xffffffaa]$[0xffffff90]LJ[0x18][0xffffffac][0xffffffa8][\n]"
11:38:47.759 [main] DEBUG org.apache.hc.client5.http.wire -- http-outgoing-1 << "pf[0xffffffa7][0xffffff84][0xfffffff1][0xffffff8a]*%O6%[0xfffffffc]VT)[0xffffffb5]r)[0xffffffe1][0xffffffb2][0xffffffa2]*[0xffffff8a][0xfffffff7]BJ[0x14][0xffffff95][0x12][0xfffffff3][0xffffffa4]~[0xffffffe0]x{[0x1f]8%[0xffffff8a]AJ[0xffffff94][0xffffffc8]{"[0xffffffe0][0x5]K[0xffffff89][0xffffffe2][0xffffff94][0x12][0x11]E&%[0x14][0xffffff90]LJD,[0xfffffff3]Sb[0xffffff87]3;%vD[0xffffff9d]RB[0xffffffc8][0xffffff93]M[0x9][0xffffffe9]R6%[0xffffff84]Z[0xffffffb9][0xffffff94][0x8][0xffffffa6][0xffffffa5]R"[0xffffff88][0xfffffff7]BJT[0xffffff99][0x12][0x13]K[0xffffff89][0xffffff8a][0xffffffa7]D5H[0xffffff89][0x1a]yO[0x4][0xffffffbc]b)Q[0xffffff9d]R"[0xffffffa2][0xffffffc8][0xffffffa4][0xffffff84][0x2][0xffffff92]I[0xffffff89][0xffffff88]e~J[0xffffffec]pf[0xffffffa7][0xffffffc4][0xffffff8e][0xffffffa8]SJ[0x8]y[0xffffffb2])!][0xffffffca][0xffffffa6][0xffffff84]P+[0xffffff97][0x12][0xffffffc1][0xffffffb4]TJ[0x4][0xfffffff1]^H[0x9][0xffffffb5][0xffffffed]r[0xffffffae]R[0xffffffa8][0xffffff94][0xffffffc0][0xffffffb7]].[0xffffff83]m[0xffffff97]K[0xffffffac]dK[0x4][0x1c][0xffffffdb]v[0xffffffb9][0xffffffc2][0xffffffd2]52%L[0xffffffb6]]J [0xffffff99][0xffffff94]0[0xffffffd8]v[0x19][0xffffffe0][0xffffffcc]N[0x9][0xffffffe3]m[0xffffff97]J[0xffffff9e]lJ[0xfffffff8]m[0xffffffbb]Tj[0xffffffe5]R[0xffffffc2]e[0xffffffdb]e[0x14][0xffffffef][0xffffff85][0xffffff94]P[0xffffffdb].[0xffffffe7]j[0x7][0xffffff95][0x12][0xfffffff8][0xffffffb6][0xffffffcb]e[0xffffffb0][0xffffffed]r[0xffffff89][0xffffff95]l[0xffffff89][0xffffff80]c[0xffffffdb].WX[0xffffffba]F[0xffffffa6][0xffffff84][0xffffffc9][0xffffffb6]K[0x9]$[0xffffff93][0x12][0x6][0xffffffdb].[0x3][0xffffff9c][0xffffffd9])a[0xffffffbc][0xffffffed]R[0xffffffc9][0xffffff93]M[0x9][0xffffffbf]m[0xffffff97]J[0xffffffad]\J[0xffffffb8]l[0xffffffbb][0xffffff8c][0xffffffe2][0xffffffbd][0xffffff90][0x12]j[0xffffffdb][0xffffffe5][0xffffffba][0xffffffdd][0x6][0xffffff95][0x12][0xfffffff8][0xffffffb6][0xffffffcb]e[0xffffffb0][0xffffffed]r[0xffffff89][0xffffff95]l[0xffffff89][0xffffff80]c[0xffffffdb].WX[0xffffffba]F[0xffffffa6][0xffffff84][0xffffffc9][0xffffffb6]K[0x9]$[0xffffff93][0x12][0x6][0xffffffdb].[0x3][0xffffff9c][0xffffffd9])a[0xffffffbc][0xffffffed]R[0xffffffc9][0xffffff93]M[0x9][0xffffffbf]m[0xffffff97]J[0xffffffad]\J[0xffffffb8]l[0xffffffbb][0xffffff8c][0xffffffe2][0xffffffbd][0xffffff90][0x12]j[0xffffffdb][0xffffffe5]:[0x1a]u[0x7][0xffffffc7][0xffffffc2][0xffffffb7]].[0xffffff83]m[0xffffff97]K[0xffffffac]dK[0x4][0x1c][0xffffffdb]v[0xffffffb9][0xffffffc2][0xffffffd2]52%L[0xffffffb6]]J [0xffffff99][0xffffff94]0[0xffffffd8]v[0x19][0xffffffe0][0xffffffcc]N[0x9][0xffffffe3]m[0xffffff97]J[0xffffff9e]lJ[0xfffffff8]m[0xffffffbb]Tj[0xffffffe5]R[0xffffffc2]e[0xffffffdb]e[0x14][0xffffffef][0xffffffa5][0xffffff94](f)Q[0xfffffff0][0xffffff94]([0x6])Q[0xffffffd0][0xffffff94](XJ[0x14][0xffffffa7][0xffffff94][0xffffffd8]Q[0xffffffa4]R"[0x2]I[0xffffffa5][0xffffffc4][0xffffff8e]%[0xffffff91][0x12][0x5]N[0xffffff89]b[0xffffff9c][0x12]A[0xffffff9e]tJ[0x8][0xffffff97][0xffffffd2])[0x11][0xffffffd4]J[0xffffffa6]DqI[0xffffff89][0xfffffff2][0xffffffd3])[0xffffffa1][0x16]g[0xffffffaf]^[0xffffffb1][0xffffffbd][0x12][0xfffffff8][0xffffffe2][0xffffffec]e[0xffffffb0]8{[0xffffff89][0xffffffed][0xffffffae][0xffffff89][0xffffff80]c[0xffffff8b][0xffffffb3]W[0xffffffd8][0xffffffdf]J[0xffffffa6][0xffffff84][0xffffffc9][0xffffffe2]l[0x9]$[0xffffff93][0x12][0x6][0xffffff8b][0xffffffb3][0x3][0xffffff9c][0xffffffd9])a[0xffffffbc]8[[0xffffffc9][0xffffff93]M[0x9][0xffffffbf][0xffffffc5][0xffffffd9]J[0xffffffad]\J[0xffffffb8],[0xffffffce][0xffffff8e][0xffffffe2][0xffffffbd][0xffffff90][0x12]jq[0xfffffff6][0xffffff9a][0x7]vV[0x2]_[0xffffff9c][0xffffffbd][0xc][0x16]g/[0xffffffb1][0xffffffdd]5[0x11]plq[0xfffffff6][\n]"
11:38:47.759 [main] DEBUG org.apache.hc.client5.http.wire -- http-outgoing-1 << "[0xfffffffb][[0xffffffc9][0xffffff94]0Y[0xffffff9c]-[0xffffff81]dR[0xffffffc2]`qv[0xffffff80]3;%[0xffffff8c][0x17]g+y[0xffffffb2])[0xffffffe1][0xffffffb7]8[[0xffffffa9][0xffffff95]K[0x9][0xffffff97][0xffffffc5][0xffffffd9]Q[0xffffffbc]/[0xffffffa7]D[0xffffffbd][0xffffffdd][0xffffffe2][0xf][0x1c][0xfffffffd]v[0xffffffa3][0xffffffb6]]]]><![CDATA[>[0xffffffde][0x7]M[0xffffff89][0xfffffff7]7`S[0xffffffe2][0xfffffff3][0x1d][0xffffff88][0xffffff94]x[0x7f]:[0xffffff91][0x12][0xffffffdf][0xffffff9f][0xffffffec][0xffffff90][0x12][\n]"
11:38:47.759 [main] DEBUG org.apache.hc.client5.http.wire -- http-outgoing-1 << "E"%4[0xffffff90]DJ(,[0xffffffb3]S"[0xffffffc2][0xffffff99][0xffffff9b][0x12][0x11]Q[0xffffff9f][0xffffff94][0xffffff90][0xfffffff2]$S[0xffffffe2][0xffffff89]K[0xffffffc9][0xffffff94][0xffffff90]j[0xffffffa5]RB[0xffffff98][0xffffff96]I[0x9]![0xffffffde]K)Q[0xffffffcd]R[0xffffffa2][0xffffffe2])Q[\r]R[0xffffffa2][0xffffffa2])Q[0xffffffb1][0xffffff94][0xffffffa8]N)[0xffffffb1][0xffffffa3]H[0xffffffa5]D[0x4][0xffffff92]J[0xffffff89][0x1d]K"%*[0xffffff9c][0x12][0xffffffd5]8%[0xffffff82]<[0xffffffe9][0xffffff94][0x10].[0xffffffa5]S"[0xffffffa8][0xffffff95]L[0xffffff89][0xffffffea][0xffffff92][0x12][0xfffffff5][0xffffffa7]SB[0xffffffdc][0xffffffc1][0xffffffd1]o'u[0xffffff9d][0xffffffd7][0xffffffe3]}[0xffffffe0][0xffffff94][0xffffffe0][0xffffffef][0xffffffe0][0xfffffff8]|[0x7]&%[0xffffffa8];8[0xffffffbe]?[0xffffffd9]#%<[0xffffffee][0xffffffe0][0xffffffd0]@2)[0xffffffc1][0xffffffdf][0xffffffc1][0x11][0xffffffe1][0xffffffcc]N[0x9][0xffffffdf];8[0xffffffa4]<[0xffffffd9][0xffffff94][0xffffffb0][0xffffffbb][0xffffff83]C[0xffffffaa][0xffffff95]K[0x9][0xffffff93];8[0xffffff84]x/[0xffffffa5][0xffffff84][0xfffffff8][0xffffff81][0x3]M[0x9][0xfffffffa][0x7][0xffffff8e][0xffffffc3][0xffffffe0][0x7][0xffffff8e]#~[0xffffff85]K[0x5][0xffffff9c][0xfffffffa][0xffffff81][0xffffffe3]p[0xfffffffa][0xffffff81]#[0xffffffa2]H[0xffffffa5][0xffffff84][0xffffffcb][0xf][0x1c][0x11]K"%[0xffffffd8][0x1f]8vD[0xffffffbd]R[0xffffffc2][0xffffffec][0x7][0xe][0xffffffe9]R:%[0xffffff8c]~[0xffffffe0][0x8][0xffffffa6][0xffffffe5]R[0xffffffe2][0xffffffe7][0x7f][0xffffffe0][0x10]+[0xffffffaa][0xfffffffa][0xffffffb1][0x16]t[0x7][0xffffffc7][0xffffffe3]}[0xffffffe0][0xffffff94][0xffffffe0]WT}[0xffffffbe][0x3][0xffffff93][0x12][0xffffffd4][0xffffff8a][0xffffffaa][0xffffffef]O[0xfffffff6]H[0x9][0xffffff8f][0x15]U[0x1a]H&%[0xfffffff8][0x15]U[0x11][0xffffffce][0xffffffec][0xffffff94][0xfffffff0]]Q%[0xffffffe5][0xffffffc9][0xffffffa6][0xffffff84][0xffffffdd][0xffffff8a]*[0xffffffa9]V.%LVT[0x9][0xfffffff1]^J[0xffffff89][0xfffffff8]U[0xffffff82]M[0x9][0xfffffffa][0xffffffab]D7[0xfffffff8]*[0xffffffd1]c:[0xffffffa7][0x2]N}[0xffffff95][0xffffffe8]N_%"[0xffffff8a]TJ[0xffffffb8]|[0xffffff95][0xffffff88]X[0x12])[0xffffffc1]~[0xffffff95][0xffffffd8][0x11][0xfffffff5]J[0x9][0xffffffb3][0xffffffaf][0x12][0xffffffd2][0xffffffa5]tJ[0x18]}[0xffffff95][0x8][0xffffffa6][0xffffffe5]R[0xffffffe2][0xffffffe7][0xffffffbf]J[0xffffff88]m[0xffffff97][0xffffffbd][0xffffffdc][0xffffffe6]I[0xffffffa5][0x4][0xffffffbd][0xffffffed][0xfffffff2][0xfffffffd][\r][0xffffffe8][0xffffff94] [0xffffffb7]][0xffffffbe]?[0xffffff9d]I[0x9][0xffffffa3]m[0xffffff97][\n]"
11:38:47.759 [main] DEBUG org.apache.hc.client5.http.wire -- http-outgoing-1 << "E&%\[0xffffffb6]]*,[0xfffffff3]S[0xffffff82][0xffffffdd]v[0x19][0x11]uJ[0x9][0xffffffb3]m[0xffffff97]O\[0xffffffca][0xffffffa6][0xffffff84][0xffffffd1][0xffffffb6]KaZ*%~~[0xffffffdb]e[0xffffffbd][0xffffff89][0x15]U[0xffffffbd][0xffffffdc][0xffffffff][0xf][0xffffff95][0x12][0xfffffff4][0xffffff8a][0xffffffaa][0xfffffff7]7[0xffffffa0]S[0xffffff82]\Q[0xfffffff5][0xfffffffe]t&%[0xffffff8c]VT)[0x14][0xffffff99][0xffffff94]pYQ[0xffffffa5][0xffffffb0][0xffffffcc]O[0x9]vEUD[0xffffffd4])%[0xffffffcc]VT=q)[0xffffff9b][0x12]F+[0xffffffaa][0xffffff84]i[0xffffffa9][0xffffff94][0xfffffff8][0xfffffff9][0x15]U"
11:38:47.760 [main] DEBUG org.apache.hc.client5.http.wire -- http-outgoing-1 << "[0xfffffff5]&VT[0xffffffdd]S[0xffffffa2]C7[0xffffff83]>[0xffffffde][0x7]N[0x9]~E[0xffffffd5][0xffffffe7];0)A[0xffffffad][0xffffffa8][0xfffffffa][0xfffffffe]d[0xffffff8f][0xffffff94][0xfffffff0]XQ[0xffffffa5][0xffffff81]dR[0xffffff82]_Q[0x15][0xffffffe1][0xffffffcc]N[0x9][0xffffffdf][0x15]UR[0xffffff9e]lJ[0xffffffd8][0xffffffad][0xffffffa8][0xffffff92]j[0xffffffe5]R[0xffffffc2]dE[0xffffff95][0x10][0xffffffef][0xffffffeb])q[0xffffffdc]dJ[0xffffffac][0x5][0xffffffa5][0xffffffc4][0xffffffdb][0xfffffffb][0xffffffb0])[0xfffffff1]x[0x3]8%[0xffffffbe][0xffffffbf][0x3][0xffffff92][0x12][0xffffff8f][0xffffffa7]#)[0xfffffff1][0xffffffed][0xffffffc9][0x16])!PDRB[0x2][0xffffff89][0xffffffa4][0xffffff84][0xffffffc0]2=%[0x2][0xffffff9c][0xffffffc9])[0x11][0x10]5J[0x9]%O4%[0xffffffb4]K[0xffffffd1][0xffffff94]Pj[0xffffffc5]R"[0xffffff9a][0x16]J[0xffffff89]([0xffffffde][0xb])[0xffffffa1][0xfffffff6]J[0xffffff94]:[0xffffffa8][0xffffffaf][0x12][0x7][0xffffffbe]W[0xffffffe2]0[0xffffffd8]+q[0xffffff88][0xffffffe1][0xffffffe7]D[0xffffffc0][0xffffffb1][0xffffffbd][0x12]G[0x18]o&S[0xffffffc2]d[0xffffffaf][0xffffff84][0x4][0xffffff92]I[0x9][0xffffff83][0xffffffbd][0x12][0x1][0xffffffce][0xffffffec][0xffffff94]0[0xffffffde]+[0xffffffa1][0xffffffe4][0xffffffc9][0xffffffa6][0xffffff84][0xffffffdf]^[0x9][0xffffffa5]V.%\[0xfffffff6]JD[0xfffffff1]^H[0xffffff89][0xffffffa2]R[0xffffffa2][0xffffffdd][0xffffffa8][0xffffffb3][0x12]o[0xffffffef][0x3][0xffffffa7]D1H[0xffffff89][0x12]yO[0x4][0xffffffbc]`)Q[0xffffff9c]R"[0xffffffa2][0xffffffc8][0xffffffa4][0xffffff84][0x2][0xffffff92]I[0xffffff89][0xffffff88]e~J[0xffffffec]pf[0xffffffa7][0xffffffc4][0xffffff8e][0xffffffa8]SJ[0x8]y[0xffffffb2])!][0xffffffca][0xffffffa6][0xffffff84]P+[0xffffff97][0x12][0xffffffc1][0xffffffb4]TJ[0x4][0xfffffff1]^J[0xffffff89]8[0xc][0xffffffca][0xffffffa6][0x4]<[0xc][0xfffffffa]x[0x3]>%[0xffffffc0]a[0xffffffd0][0xffffffc7][0xffffffd3][0xffffffa9][0xffffff94][0xfffffff0][0x19][0x6][0x15](R)a2[0xc]*[0xffffffb0]$R[0x2][0x1d][0x6][\r][0xffffff88]z[0xffffffa5][0xffffff84][0xffffffd7]0[0xffffffa8]v)[0xffffff9d][0x12]>[0xffffffc3][0xffffffa0][0xffffffd1][0xffffffb4]\J[0xfffffffc][0xfffffff4]0[0xffffffe8][0xfffffffd][0xffffffdf]8[0xffffffcd]R[0xffffffe2][0xffffffc4]S[0xffffffe2]4H[0xffffff89][0x13]M[0xffffff89][0x13]K[0xffffff89][0xffffffd3])%v[0x14][0xffffffa9][0xffffff94][0xffffff88]@R)[0xffffffb1]cI[0xffffffa4][0xffffffc4][0x9][0xffffffa7][0xffffffc4]i[0xffffff9c][0x12]A[0xffffff9e]tJ[0x8][0xffffff97][0xffffffd2])[0x11][0xffffffd4]J[0xffffffa6][0xffffffc4][0xffffffe9][0xffffff92][0x12][0xffffffe7][0xffffffdf]!%[0xe][0xffffffb7]_8[0xe][0xfffffffe]'[0xffffff8e][0xfffffffb]+[0xfffffff0]5[0xfffffff1][0xfffffff1][0x12]TN[0x1c][0xffffffdc][0xffffffaf][0x1c][0xffffff87][0xffffffd5][0xffffffcf][0x1c][0xffffff81]G[0xffffffaa]([0x4][0xffffff95]TR[0x4]6[0xffffff89][0xffffffa6]8[0xffffffe8][0xffffff9f]:[0xe][0xffffffe7][0xffffffdf]:[0xffffffa2]F[0xffffffe9][0xffffffac]PV[0xffffffa5][0xffffffbb]"J[0xffffff96][0xc][0xffffff8b][0xffffffdd][0xffffffb9]\Y[0xffffffec][\n]"
11:38:47.760 [main] DEBUG org.apache.hc.client5.http.wire -- http-outgoing-1 << "[0xfffffffe]aZ[0xfffffffc][0xffffffd7][0xffffffff][0xfffffff5][0xffffffbf][0xfffffffd][0x7f][0x4][0x14][0xffffffd4][\r][0xffffffd8][0xffffff95][\r][0x0]"
11:38:47.864 [main] DEBUG org.apache.hc.client5.http.impl.classic.InternalHttpClient -- ep-0000000002 releasing valid endpoint
11:38:47.864 [main] DEBUG org.apache.hc.client5.http.impl.io.PoolingHttpClientConnectionManager -- ep-0000000002 releasing endpoint
11:38:47.864 [main] DEBUG org.apache.hc.client5.http.impl.io.PoolingHttpClientConnectionManager -- ep-0000000002 connection http-outgoing-1 can be kept alive for 3 MINUTES
11:38:47.864 [main] DEBUG org.apache.hc.client5.http.impl.io.PoolingHttpClientConnectionManager -- ep-0000000002 connection released [route: {s}->https://googlechromelabs.github.io:443][total available: 2; route allocated: 1 of 5; total allocated: 2 of 25]
11:38:47.865 [main] INFO io.github.bonigarcia.wdm.WebDriverManager -- Using chromedriver 121.0.6167.184 (resolved driver for Chrome 121)
11:38:47.867 [main] DEBUG io.github.bonigarcia.wdm.cache.ResolutionCache -- Storing resolution chrome=121 in cache (valid until 12:38:47 26/02/2024 ART)
11:38:47.875 [main] DEBUG io.github.bonigarcia.wdm.cache.ResolutionCache -- Storing resolution chrome121=121.0.6167.184 in cache (valid until 11:38:47 27/02/2024 ART)
11:38:47.932 [main] DEBUG io.github.bonigarcia.wdm.WebDriverManager -- Driver chromedriver 121.0.6167.184 found in cache
11:38:47.932 [main] INFO io.github.bonigarcia.wdm.WebDriverManager -- Exporting webdriver.chrome.driver as C:\Users\maximiliano.nabarro\.cache\selenium\chromedriver\win64\121.0.6167.184\chromedriver.exe
Driver initialized successfully for: chrome
¡Inicio de sesión exitoso!
Estamos en la página principal (message-home).
]]></system-out>
    <system-err><![CDATA[feb 26, 2024 11:38:50 A. M. org.openqa.selenium.devtools.CdpVersionFinder findNearestMatch
WARNING: Unable to find an exact match for CDP version 121, returning the closest version; found: 120; Please update to a Selenium version that supports CDP version 121
]]></system-err>
  </testcase>
  <testcase name="ingresa en nuevo envío individual" classname="Carga de nuevo envío individual" time="4.078">
    <system-out><![CDATA[  Given el usuario consumidor final está logueado y en la page home # stepsDefinitions.NuevoEnvioIndividualSteps.login()
¡Ingresamos a la sección de envíos exitosamente!
]]></system-out>
  </testcase>
  <testcase name="llena los campos de origen destino y paquete" classname="Carga de nuevo envío individual" time="20.769">
    <system-out><![CDATA[  When ingresa en nuevo envío individual                            # stepsDefinitions.NuevoEnvioIndividualSteps.newPackageSingle()
Formulario de datos del Destino completo!
Formulario de datos del Paquete completo!
]]></system-out>
  </testcase>
  <testcase name="presiona en agregar envío" classname="Carga de nuevo envío individual" time="2.104">
    <system-out><![CDATA[  And llena los campos de origen destino y paquete                  # stepsDefinitions.NuevoEnvioIndividualSteps.fillHomePackageForms()
]]></system-out>
  </testcase>
  <testcase name="el envío se muestra en la grilla de envíos pendientes" classname="Carga de nuevo envío individual" time="0.29">
    <system-out><![CDATA[  And presiona en agregar envío                                     # stepsDefinitions.NuevoEnvioIndividualSteps.addNewPackage()
El campo 'Integración' está correctamente llenado: MiCorreo
El campo 'Origen' está correctamente llenado: CAPITAL FEDERAL
El campo 'Destino' está correctamente llenado: CORDOBA - Raul Mesa
El campo 'Admisión' está correctamente llenado: Sucursal
El campo 'Entrega' está correctamente llenado: Domicilio
El campo 'Peso' está correctamente llenado: 10,000
El campo 'Largo' está correctamente llenado: 25
El campo 'Ancho' está correctamente llenado: 25
El campo 'Altura' está correctamente llenado: 30
El campo 'Estado' está correctamente llenado: OK
El campo 'Comentario' está correctamente llenado: VALIDADO
¡Los campos se llenaron correctamente!
]]></system-out>
  </testcase>
  <testcase name="presiona en cotizar" classname="Carga de nuevo envío individual" time="4.127">
    <system-out><![CDATA[  And el envío se muestra en la grilla de envíos pendientes         # stepsDefinitions.NuevoEnvioIndividualSteps.newPackageAddCheck()
]]></system-out>
  </testcase>
  <testcase name="se muestra la grilla de checkout" classname="Carga de nuevo envío individual" time="0.192">
    <system-out><![CDATA[  And presiona en cotizar                                           # stepsDefinitions.NuevoEnvioIndividualSteps.presiona_en_cotizar()
El campo 'Integración' está correctamente llenado: MiCorreo
El campo 'Origen' está correctamente llenado: CAPITAL FEDERAL
El campo 'Destino' está correctamente llenado: CORDOBA - Raul Mesa
El campo 'Peso Declarado' está correctamente llenado: 10,000
El campo 'Peso Volumetrico' está correctamente llenado: 3,125
El campo 'Largo' está correctamente llenado: 25,000
El campo 'Ancho' está correctamente llenado: 25,000
El campo 'Altura' está correctamente llenado: 30,000
El campo 'Precio Unitario' está correctamente llenado: $4662,71
¡Checkout correcto!
]]></system-out>
  </testcase>
  <testcase name="realiza el pago del envío" classname="Carga de nuevo envío individual" time="15.705">
    <system-out><![CDATA[  And se muestra la grilla de checkout                              # stepsDefinitions.NuevoEnvioIndividualSteps.se_muestra_la_grilla_de_checkout()
Estamos en la seccion de datos de la tarjeta
Todos los campos del formulario de tarjetas están presentes y son editables.
]]></system-out>
  </testcase>
  <testcase name="se confirma que el pago se ha realizado con éxito" classname="Carga de nuevo envío individual" time="3.188">
    <system-out><![CDATA[  Then realiza el pago del envío                                    # stepsDefinitions.NuevoEnvioIndividualSteps.realiza_el_pago_del_envío()
¡El pago del envio se realizó exitosamente!
El código TN del envío es: 00005512320383PIX31C301
]]></system-out>
  </testcase>
</testsuite>